[ 2016-09-23T14:19:12+08:00 ] 172.30.2.160 /fuzhong/Admin/Student/set.html
INFO: [ route_check ] --START--
INFO: CheckRoute Behavior ::run [ RunTime:0.001724s ]
INFO: [ route_check ] --END-- [ RunTime:0.001873s ]
INFO: [ app_begin ] --START--
INFO: ReadHtmlCache Behavior ::run [ RunTime:0.001086s ]
INFO: [ app_begin ] --END-- [ RunTime:0.001212s ]
INFO: [ view_parse ] --START--
INFO: ParseTemplate Behavior ::run [ RunTime:0.013906s ]
INFO: [ view_parse ] --END-- [ RunTime:0.014052s ]
INFO: [ view_filter ] --START--
INFO: ContentReplace Behavior ::run [ RunTime:0.000765s ]
INFO: TokenBuild Behavior ::run [ RunTime:0.000791s ]
INFO: WriteHtmlCache Behavior ::run [ RunTime:0.000593s ]
INFO: ShowRuntime Behavior ::run [ RunTime:0.000967s ]
INFO: [ view_filter ] --END-- [ RunTime:0.003434s ]
INFO: [ view_end ] --START--
INFO: ShowPageTrace Behavior ::run [ RunTime:0.001211s ]
INFO: [ view_end ] --END-- [ RunTime:0.001323s ]

[ 2016-09-23T14:19:13+08:00 ] 172.30.2.160 /fuzhong/Admin/Student/index.html
INFO: [ route_check ] --START--
INFO: CheckRoute Behavior ::run [ RunTime:0.001422s ]
INFO: [ route_check ] --END-- [ RunTime:0.001557s ]
INFO: [ app_begin ] --START--
INFO: ReadHtmlCache Behavior ::run [ RunTime:0.000951s ]
INFO: [ app_begin ] --END-- [ RunTime:0.001072s ]
SQL: SHOW COLUMNS FROM `student` [ RunTime:0.005598s ]
SQL: SELECT COUNT(*) AS tp_count FROM `student` LIMIT 1   [ RunTime:0.000429s ]
SQL: SHOW COLUMNS FROM `student` [ RunTime:0.004715s ]
SQL: SELECT * FROM `student` ORDER BY xuehao DESC LIMIT 0,10   [ RunTime:0.000868s ]
SQL: SHOW COLUMNS FROM `banji` [ RunTime:0.005217s ]
SQL: SELECT `ruxuenian`,`banji` FROM `banji` WHERE ( 1=1 AND id='54' ) LIMIT 1   [ RunTime:0.000648s ]
SQL: SHOW COLUMNS FROM `chengji` [ RunTime:0.005048s ]
SQL: SELECT `xuekeid`,`fenshu` FROM `chengji` WHERE ( 1=1 AND xueshengid='2736' )  [ RunTime:0.000402s ]
SQL: SHOW COLUMNS FROM `enrollment_content` [ RunTime:0.005184s ]
NOTIC: [8] Undefined index: mapping_order E:\wamp\www\fuzhong\ThinkPHP\Extend\Model\RelationModel.class.php 第 188 行.
NOTIC: [8] Undefined index: mapping_limit E:\wamp\www\fuzhong\ThinkPHP\Extend\Model\RelationModel.class.php 第 189 行.
SQL: SELECT b.* FROM enrollment_list AS a, enrollment_content AS b WHERE a.cid = b.id AND a. sid='2736' [ RunTime:0.002389s ]
SQL: SHOW COLUMNS FROM `jiangcheng` [ RunTime:0.004881s ]
SQL: SELECT * FROM `jiangcheng` WHERE ( status=0 AND xuesheng_id='2736' )  [ RunTime:0.000645s ]
SQL: SELECT `ruxuenian`,`banji` FROM `banji` WHERE ( 1=1 AND id='54' ) LIMIT 1   [ RunTime:0.000463s ]
SQL: SELECT `xuekeid`,`fenshu` FROM `chengji` WHERE ( 1=1 AND xueshengid='2735' )  [ RunTime:0.000294s ]
NOTIC: [8] Undefined index: mapping_order E:\wamp\www\fuzhong\ThinkPHP\Extend\Model\RelationModel.class.php 第 188 行.
NOTIC: [8] Undefined index: mapping_limit E:\wamp\www\fuzhong\ThinkPHP\Extend\Model\RelationModel.class.php 第 189 行.
SQL: SELECT b.* FROM enrollment_list AS a, enrollment_content AS b WHERE a.cid = b.id AND a. sid='2735' [ RunTime:0.002020s ]
SQL: SELECT * FROM `jiangcheng` WHERE ( status=0 AND xuesheng_id='2735' )  [ RunTime:0.000449s ]
SQL: SELECT `ruxuenian`,`banji` FROM `banji` WHERE ( 1=1 AND id='54' ) LIMIT 1   [ RunTime:0.000448s ]
SQL: SELECT `xuekeid`,`fenshu` FROM `chengji` WHERE ( 1=1 AND xueshengid='2734' )  [ RunTime:0.000362s ]
NOTIC: [8] Undefined index: mapping_order E:\wamp\www\fuzhong\ThinkPHP\Extend\Model\RelationModel.class.php 第 188 行.
NOTIC: [8] Undefined index: mapping_limit E:\wamp\www\fuzhong\ThinkPHP\Extend\Model\RelationModel.class.php 第 189 行.
SQL: SELECT b.* FROM enrollment_list AS a, enrollment_content AS b WHERE a.cid = b.id AND a. sid='2734' [ RunTime:0.002112s ]
SQL: SELECT * FROM `jiangcheng` WHERE ( status=0 AND xuesheng_id='2734' )  [ RunTime:0.000573s ]
SQL: SELECT `ruxuenian`,`banji` FROM `banji` WHERE ( 1=1 AND id='54' ) LIMIT 1   [ RunTime:0.000424s ]
SQL: SELECT `xuekeid`,`fenshu` FROM `chengji` WHERE ( 1=1 AND xueshengid='2733' )  [ RunTime:0.000362s ]
NOTIC: [8] Undefined index: mapping_order E:\wamp\www\fuzhong\ThinkPHP\Extend\Model\RelationModel.class.php 第 188 行.
NOTIC: [8] Undefined index: mapping_limit E:\wamp\www\fuzhong\ThinkPHP\Extend\Model\RelationModel.class.php 第 189 行.
SQL: SELECT b.* FROM enrollment_list AS a, enrollment_content AS b WHERE a.cid = b.id AND a. sid='2733' [ RunTime:0.002182s ]
SQL: SELECT * FROM `jiangcheng` WHERE ( status=0 AND xuesheng_id='2733' )  [ RunTime:0.000587s ]
SQL: SELECT `ruxuenian`,`banji` FROM `banji` WHERE ( 1=1 AND id='54' ) LIMIT 1   [ RunTime:0.000513s ]
SQL: SELECT `xuekeid`,`fenshu` FROM `chengji` WHERE ( 1=1 AND xueshengid='2732' )  [ RunTime:0.000464s ]
NOTIC: [8] Undefined index: mapping_order E:\wamp\www\fuzhong\ThinkPHP\Extend\Model\RelationModel.class.php 第 188 行.
NOTIC: [8] Undefined index: mapping_limit E:\wamp\www\fuzhong\ThinkPHP\Extend\Model\RelationModel.class.php 第 189 行.
SQL: SELECT b.* FROM enrollment_list AS a, enrollment_content AS b WHERE a.cid = b.id AND a. sid='2732' [ RunTime:0.002131s ]
SQL: SELECT * FROM `jiangcheng` WHERE ( status=0 AND xuesheng_id='2732' )  [ RunTime:0.000573s ]
SQL: SELECT `ruxuenian`,`banji` FROM `banji` WHERE ( 1=1 AND id='54' ) LIMIT 1   [ RunTime:0.000413s ]
SQL: SELECT `xuekeid`,`fenshu` FROM `chengji` WHERE ( 1=1 AND xueshengid='2731' )  [ RunTime:0.000361s ]
NOTIC: [8] Undefined index: mapping_order E:\wamp\www\fuzhong\ThinkPHP\Extend\Model\RelationModel.class.php 第 188 行.
NOTIC: [8] Undefined index: mapping_limit E:\wamp\www\fuzhong\ThinkPHP\Extend\Model\RelationModel.class.php 第 189 行.
SQL: SELECT b.* FROM enrollment_list AS a, enrollment_content AS b WHERE a.cid = b.id AND a. sid='2731' [ RunTime:0.002113s ]
SQL: SELECT * FROM `jiangcheng` WHERE ( status=0 AND xuesheng_id='2731' )  [ RunTime:0.000575s ]
SQL: SELECT `ruxuenian`,`banji` FROM `banji` WHERE ( 1=1 AND id='54' ) LIMIT 1   [ RunTime:0.000420s ]
SQL: SELECT `xuekeid`,`fenshu` FROM `chengji` WHERE ( 1=1 AND xueshengid='2730' )  [ RunTime:0.000365s ]
NOTIC: [8] Undefined index: mapping_order E:\wamp\www\fuzhong\ThinkPHP\Extend\Model\RelationModel.class.php 第 188 行.
NOTIC: [8] Undefined index: mapping_limit E:\wamp\www\fuzhong\ThinkPHP\Extend\Model\RelationModel.class.php 第 189 行.
SQL: SELECT b.* FROM enrollment_list AS a, enrollment_content AS b WHERE a.cid = b.id AND a. sid='2730' [ RunTime:0.002146s ]
SQL: SELECT * FROM `jiangcheng` WHERE ( status=0 AND xuesheng_id='2730' )  [ RunTime:0.000585s ]
SQL: SELECT `ruxuenian`,`banji` FROM `banji` WHERE ( 1=1 AND id='54' ) LIMIT 1   [ RunTime:0.000421s ]
SQL: SELECT `xuekeid`,`fenshu` FROM `chengji` WHERE ( 1=1 AND xueshengid='2729' )  [ RunTime:0.000364s ]
NOTIC: [8] Undefined index: mapping_order E:\wamp\www\fuzhong\ThinkPHP\Extend\Model\RelationModel.class.php 第 188 行.
NOTIC: [8] Undefined index: mapping_limit E:\wamp\www\fuzhong\ThinkPHP\Extend\Model\RelationModel.class.php 第 189 行.
SQL: SELECT b.* FROM enrollment_list AS a, enrollment_content AS b WHERE a.cid = b.id AND a. sid='2729' [ RunTime:0.002135s ]
SQL: SELECT * FROM `jiangcheng` WHERE ( status=0 AND xuesheng_id='2729' )  [ RunTime:0.000534s ]
SQL: SELECT `ruxuenian`,`banji` FROM `banji` WHERE ( 1=1 AND id='54' ) LIMIT 1   [ RunTime:0.000445s ]
SQL: SELECT `xuekeid`,`fenshu` FROM `chengji` WHERE ( 1=1 AND xueshengid='2728' )  [ RunTime:0.000360s ]
NOTIC: [8] Undefined index: mapping_order E:\wamp\www\fuzhong\ThinkPHP\Extend\Model\RelationModel.class.php 第 188 行.
NOTIC: [8] Undefined index: mapping_limit E:\wamp\www\fuzhong\ThinkPHP\Extend\Model\RelationModel.class.php 第 189 行.
SQL: SELECT b.* FROM enrollment_list AS a, enrollment_content AS b WHERE a.cid = b.id AND a. sid='2728' [ RunTime:0.002141s ]
SQL: SELECT * FROM `jiangcheng` WHERE ( status=0 AND xuesheng_id='2728' )  [ RunTime:0.000581s ]
SQL: SELECT `ruxuenian`,`banji` FROM `banji` WHERE ( 1=1 AND id='54' ) LIMIT 1   [ RunTime:0.000425s ]
SQL: SELECT `xuekeid`,`fenshu` FROM `chengji` WHERE ( 1=1 AND xueshengid='2727' )  [ RunTime:0.000363s ]
NOTIC: [8] Undefined index: mapping_order E:\wamp\www\fuzhong\ThinkPHP\Extend\Model\RelationModel.class.php 第 188 行.
NOTIC: [8] Undefined index: mapping_limit E:\wamp\www\fuzhong\ThinkPHP\Extend\Model\RelationModel.class.php 第 189 行.
SQL: SELECT b.* FROM enrollment_list AS a, enrollment_content AS b WHERE a.cid = b.id AND a. sid='2727' [ RunTime:0.002141s ]
SQL: SELECT * FROM `jiangcheng` WHERE ( status=0 AND xuesheng_id='2727' )  [ RunTime:0.000572s ]
SQL: SHOW COLUMNS FROM `nianji` [ RunTime:0.004857s ]
SQL: SELECT * FROM `nianji`  [ RunTime:0.000568s ]
INFO: [ view_parse ] --START--
INFO: ParseTemplate Behavior ::run [ RunTime:0.020684s ]
INFO: [ view_parse ] --END-- [ RunTime:0.020817s ]
INFO: [ view_filter ] --START--
INFO: ContentReplace Behavior ::run [ RunTime:0.000714s ]
INFO: TokenBuild Behavior ::run [ RunTime:0.000657s ]
INFO: WriteHtmlCache Behavior ::run [ RunTime:0.000452s ]
INFO: ShowRuntime Behavior ::run [ RunTime:0.000804s ]
INFO: [ view_filter ] --END-- [ RunTime:0.002937s ]
INFO: [ view_end ] --START--
INFO: ShowPageTrace Behavior ::run [ RunTime:0.001047s ]
INFO: [ view_end ] --END-- [ RunTime:0.001155s ]

[ 2016-09-23T14:19:15+08:00 ] 172.30.2.160 /fuzhong/Admin/Student/export.html
INFO: [ route_check ] --START--
INFO: CheckRoute Behavior ::run [ RunTime:0.001424s ]
INFO: [ route_check ] --END-- [ RunTime:0.001560s ]
INFO: [ app_begin ] --START--
INFO: ReadHtmlCache Behavior ::run [ RunTime:0.000949s ]
INFO: [ app_begin ] --END-- [ RunTime:0.001071s ]
SQL: SHOW COLUMNS FROM `nianji` [ RunTime:0.004361s ]
SQL: SELECT * FROM `nianji`  [ RunTime:0.000444s ]
INFO: [ view_parse ] --START--
INFO: ParseTemplate Behavior ::run [ RunTime:0.014539s ]
INFO: [ view_parse ] --END-- [ RunTime:0.014667s ]
INFO: [ view_filter ] --START--
INFO: ContentReplace Behavior ::run [ RunTime:0.000628s ]
INFO: TokenBuild Behavior ::run [ RunTime:0.000657s ]
INFO: WriteHtmlCache Behavior ::run [ RunTime:0.000460s ]
INFO: ShowRuntime Behavior ::run [ RunTime:0.000802s ]
INFO: [ view_filter ] --END-- [ RunTime:0.002852s ]
INFO: [ view_end ] --START--
INFO: ShowPageTrace Behavior ::run [ RunTime:0.001105s ]
INFO: [ view_end ] --END-- [ RunTime:0.001211s ]

[ 2016-09-23T14:19:16+08:00 ] 172.30.2.160 /fuzhong/Admin/Student/add.html
INFO: [ route_check ] --START--
INFO: CheckRoute Behavior ::run [ RunTime:0.001426s ]
INFO: [ route_check ] --END-- [ RunTime:0.001562s ]
INFO: [ app_begin ] --START--
INFO: ReadHtmlCache Behavior ::run [ RunTime:0.000945s ]
INFO: [ app_begin ] --END-- [ RunTime:0.001068s ]
SQL: SHOW COLUMNS FROM `nianji` [ RunTime:0.004313s ]
SQL: SELECT `ruxuenian` FROM `nianji`  [ RunTime:0.000423s ]
SQL: SHOW COLUMNS FROM `banji` [ RunTime:0.004727s ]
SQL: SELECT * FROM `banji` WHERE ( `ruxuenian` IN ('2016','2015','2014') ) ORDER BY id ASC  [ RunTime:0.001226s ]
INFO: [ view_parse ] --START--
INFO: ParseTemplate Behavior ::run [ RunTime:0.015112s ]
INFO: [ view_parse ] --END-- [ RunTime:0.015257s ]
INFO: [ view_filter ] --START--
INFO: ContentReplace Behavior ::run [ RunTime:0.000660s ]
INFO: TokenBuild Behavior ::run [ RunTime:0.000654s ]
INFO: WriteHtmlCache Behavior ::run [ RunTime:0.000572s ]
INFO: ShowRuntime Behavior ::run [ RunTime:0.000805s ]
INFO: [ view_filter ] --END-- [ RunTime:0.003005s ]
INFO: [ view_end ] --START--
INFO: ShowPageTrace Behavior ::run [ RunTime:0.001071s ]
INFO: [ view_end ] --END-- [ RunTime:0.001179s ]

