[ 2016-08-31T10:26:26+08:00 ] 172.30.164.111 /fuzhong/
INFO: [ app_begin ] --START--
INFO: ReadHtmlCache Behavior ::run [ RunTime:0.001281s ]
INFO: [ app_begin ] --END-- [ RunTime:0.001428s ]
SQL: SHOW COLUMNS FROM `term` [ RunTime:0.016029s ]
SQL: SELECT * FROM `term` WHERE ( `status` = 1 ) LIMIT 1   [ RunTime:0.000613s ]
INFO: [ view_parse ] --START--
INFO: ParseTemplate Behavior ::run [ RunTime:0.018164s ]
INFO: [ view_parse ] --END-- [ RunTime:0.018297s ]
INFO: [ view_filter ] --START--
INFO: ContentReplace Behavior ::run [ RunTime:0.000793s ]
INFO: TokenBuild Behavior ::run [ RunTime:0.000812s ]
INFO: WriteHtmlCache Behavior ::run [ RunTime:0.000599s ]
INFO: ShowRuntime Behavior ::run [ RunTime:0.000948s ]
INFO: [ view_filter ] --END-- [ RunTime:0.003466s ]
INFO: [ view_end ] --START--
INFO: ShowPageTrace Behavior ::run [ RunTime:0.001219s ]
INFO: [ view_end ] --END-- [ RunTime:0.001327s ]

[ 2016-08-31T14:59:21+08:00 ] 172.30.164.201 /fuzhong/Home/Login/index.html
INFO: [ route_check ] --START--
INFO: CheckRoute Behavior ::run [ RunTime:0.001797s ]
INFO: [ route_check ] --END-- [ RunTime:0.001951s ]
INFO: [ app_begin ] --START--
INFO: ReadHtmlCache Behavior ::run [ RunTime:0.001095s ]
INFO: [ app_begin ] --END-- [ RunTime:0.001218s ]
SQL: SHOW COLUMNS FROM `term` [ RunTime:0.016005s ]
SQL: SELECT * FROM `term` WHERE ( `status` = 1 ) LIMIT 1   [ RunTime:0.000511s ]
INFO: [ view_parse ] --START--
INFO: ParseTemplate Behavior ::run [ RunTime:0.018120s ]
INFO: [ view_parse ] --END-- [ RunTime:0.018253s ]
INFO: [ view_filter ] --START--
INFO: ContentReplace Behavior ::run [ RunTime:0.000787s ]
INFO: TokenBuild Behavior ::run [ RunTime:0.000803s ]
INFO: WriteHtmlCache Behavior ::run [ RunTime:0.000598s ]
INFO: ShowRuntime Behavior ::run [ RunTime:0.000951s ]
INFO: [ view_filter ] --END-- [ RunTime:0.003482s ]
INFO: [ view_end ] --START--
INFO: ShowPageTrace Behavior ::run [ RunTime:0.001222s ]
INFO: [ view_end ] --END-- [ RunTime:0.001333s ]

[ 2016-08-31T16:44:29+08:00 ] 172.30.164.179 /fuzhong/
INFO: [ app_begin ] --START--
INFO: ReadHtmlCache Behavior ::run [ RunTime:0.001247s ]
INFO: [ app_begin ] --END-- [ RunTime:0.001396s ]
SQL: SHOW COLUMNS FROM `term` [ RunTime:0.016002s ]
SQL: SELECT * FROM `term` WHERE ( `status` = 1 ) LIMIT 1   [ RunTime:0.000508s ]
INFO: [ view_parse ] --START--
INFO: ParseTemplate Behavior ::run [ RunTime:0.018104s ]
INFO: [ view_parse ] --END-- [ RunTime:0.018239s ]
INFO: [ view_filter ] --START--
INFO: ContentReplace Behavior ::run [ RunTime:0.000792s ]
INFO: TokenBuild Behavior ::run [ RunTime:0.000815s ]
INFO: WriteHtmlCache Behavior ::run [ RunTime:0.000597s ]
INFO: ShowRuntime Behavior ::run [ RunTime:0.000952s ]
INFO: [ view_filter ] --END-- [ RunTime:0.003470s ]
INFO: [ view_end ] --START--
INFO: ShowPageTrace Behavior ::run [ RunTime:0.001220s ]
INFO: [ view_end ] --END-- [ RunTime:0.001329s ]

