[ 2016-08-29T20:43:12+08:00 ] 172.30.2.160 /fuzhong/Admin/Enrollment/chakan/type/1/id/8.html
INFO: [ route_check ] --START--
INFO: CheckRoute Behavior ::run [ RunTime:0.001463s ]
INFO: [ route_check ] --END-- [ RunTime:0.001611s ]
INFO: [ app_begin ] --START--
INFO: ReadHtmlCache Behavior ::run [ RunTime:0.000960s ]
INFO: [ app_begin ] --END-- [ RunTime:0.001080s ]
INFO: [ view_parse ] --START--
INFO: ParseTemplate Behavior ::run [ RunTime:0.014661s ]
INFO: [ view_parse ] --END-- [ RunTime:0.014816s ]
INFO: [ view_filter ] --START--
INFO: ContentReplace Behavior ::run [ RunTime:0.000851s ]
INFO: TokenBuild Behavior ::run [ RunTime:0.000914s ]
INFO: WriteHtmlCache Behavior ::run [ RunTime:0.000682s ]
INFO: ShowRuntime Behavior ::run [ RunTime:0.001122s ]
INFO: [ view_filter ] --END-- [ RunTime:0.003882s ]
INFO: [ view_end ] --START--
INFO: ShowPageTrace Behavior ::run [ RunTime:0.001338s ]
INFO: [ view_end ] --END-- [ RunTime:0.001449s ]

[ 2016-08-29T20:43:13+08:00 ] 172.30.2.160 /fuzhong/Admin/Login/index.html
INFO: [ route_check ] --START--
INFO: CheckRoute Behavior ::run [ RunTime:0.001750s ]
INFO: [ route_check ] --END-- [ RunTime:0.001896s ]
INFO: [ app_begin ] --START--
INFO: ReadHtmlCache Behavior ::run [ RunTime:0.001079s ]
INFO: [ app_begin ] --END-- [ RunTime:0.001200s ]
INFO: [ view_parse ] --START--
INFO: ParseTemplate Behavior ::run [ RunTime:0.014219s ]
INFO: [ view_parse ] --END-- [ RunTime:0.014368s ]
INFO: [ view_filter ] --START--
INFO: ContentReplace Behavior ::run [ RunTime:0.000790s ]
INFO: TokenBuild Behavior ::run [ RunTime:0.000797s ]
INFO: WriteHtmlCache Behavior ::run [ RunTime:0.000593s ]
INFO: ShowRuntime Behavior ::run [ RunTime:0.000940s ]
INFO: [ view_filter ] --END-- [ RunTime:0.003430s ]
INFO: [ view_end ] --START--
INFO: ShowPageTrace Behavior ::run [ RunTime:0.001245s ]
INFO: [ view_end ] --END-- [ RunTime:0.001354s ]

[ 2016-08-29T20:43:13+08:00 ] 172.30.2.160 /fuzhong/Admin/Login/verify.html
INFO: [ route_check ] --START--
INFO: CheckRoute Behavior ::run [ RunTime:0.001435s ]
INFO: [ route_check ] --END-- [ RunTime:0.001571s ]
INFO: [ app_begin ] --START--
INFO: ReadHtmlCache Behavior ::run [ RunTime:0.000941s ]
INFO: [ app_begin ] --END-- [ RunTime:0.001058s ]

[ 2016-08-29T20:43:16+08:00 ] 172.30.2.160 /fuzhong/Admin/Login/checkusername.html
INFO: [ route_check ] --START--
INFO: CheckRoute Behavior ::run [ RunTime:0.001452s ]
INFO: [ route_check ] --END-- [ RunTime:0.001588s ]
INFO: [ app_begin ] --START--
INFO: ReadHtmlCache Behavior ::run [ RunTime:0.000957s ]
INFO: [ app_begin ] --END-- [ RunTime:0.001063s ]
ERR: 非法操作:checkusername

[ 2016-08-29T20:43:17+08:00 ] 172.30.2.160 /fuzhong/Admin/Login/checkpassword.html
INFO: [ route_check ] --START--
INFO: CheckRoute Behavior ::run [ RunTime:0.001439s ]
INFO: [ route_check ] --END-- [ RunTime:0.001576s ]
INFO: [ app_begin ] --START--
INFO: ReadHtmlCache Behavior ::run [ RunTime:0.000965s ]
INFO: [ app_begin ] --END-- [ RunTime:0.001076s ]
ERR: 非法操作:checkpassword

[ 2016-08-29T20:43:22+08:00 ] 172.30.2.160 /fuzhong/Admin/Login/login.html
INFO: [ route_check ] --START--
INFO: CheckRoute Behavior ::run [ RunTime:0.001432s ]
INFO: [ route_check ] --END-- [ RunTime:0.001568s ]
INFO: [ app_begin ] --START--
INFO: ReadHtmlCache Behavior ::run [ RunTime:0.000995s ]
INFO: [ app_begin ] --END-- [ RunTime:0.001114s ]
SQL: SHOW COLUMNS FROM `admin` [ RunTime:0.003424s ]
SQL: SELECT * FROM `admin` WHERE ( `username` = 'admin' ) LIMIT 1   [ RunTime:0.000456s ]

[ 2016-08-29T20:43:22+08:00 ] 172.30.2.160 /fuzhong/Admin/Index/index.html
INFO: [ route_check ] --START--
INFO: CheckRoute Behavior ::run [ RunTime:0.001444s ]
INFO: [ route_check ] --END-- [ RunTime:0.001579s ]
INFO: [ app_begin ] --START--
INFO: ReadHtmlCache Behavior ::run [ RunTime:0.000958s ]
INFO: [ app_begin ] --END-- [ RunTime:0.001076s ]
INFO: [ view_parse ] --START--
INFO: ParseTemplate Behavior ::run [ RunTime:0.021423s ]
INFO: [ view_parse ] --END-- [ RunTime:0.021572s ]
INFO: [ view_filter ] --START--
INFO: ContentReplace Behavior ::run [ RunTime:0.000677s ]
INFO: TokenBuild Behavior ::run [ RunTime:0.000669s ]
INFO: WriteHtmlCache Behavior ::run [ RunTime:0.000465s ]
INFO: ShowRuntime Behavior ::run [ RunTime:0.000808s ]
INFO: [ view_filter ] --END-- [ RunTime:0.002926s ]
INFO: [ view_end ] --START--
INFO: ShowPageTrace Behavior ::run [ RunTime:0.001062s ]
INFO: [ view_end ] --END-- [ RunTime:0.001170s ]

[ 2016-08-29T20:43:22+08:00 ] 172.30.2.160 /fuzhong/Admin/System/index.html
INFO: [ route_check ] --START--
INFO: CheckRoute Behavior ::run [ RunTime:0.001454s ]
INFO: [ route_check ] --END-- [ RunTime:0.001592s ]
INFO: [ app_begin ] --START--
INFO: ReadHtmlCache Behavior ::run [ RunTime:0.000974s ]
INFO: [ app_begin ] --END-- [ RunTime:0.001094s ]
INFO: [ view_parse ] --START--
INFO: ParseTemplate Behavior ::run [ RunTime:0.015597s ]
INFO: [ view_parse ] --END-- [ RunTime:0.015743s ]
INFO: [ view_filter ] --START--
INFO: ContentReplace Behavior ::run [ RunTime:0.000678s ]
INFO: TokenBuild Behavior ::run [ RunTime:0.000685s ]
INFO: WriteHtmlCache Behavior ::run [ RunTime:0.000485s ]
INFO: ShowRuntime Behavior ::run [ RunTime:0.000822s ]
INFO: [ view_filter ] --END-- [ RunTime:0.003011s ]
INFO: [ view_end ] --START--
INFO: ShowPageTrace Behavior ::run [ RunTime:0.001100s ]
INFO: [ view_end ] --END-- [ RunTime:0.001211s ]

[ 2016-08-29T20:43:22+08:00 ] 172.30.2.160 /fuzhong/Admin/System/
INFO: [ route_check ] --START--
INFO: CheckRoute Behavior ::run [ RunTime:0.001454s ]
INFO: [ route_check ] --END-- [ RunTime:0.001589s ]
INFO: [ app_begin ] --START--
INFO: ReadHtmlCache Behavior ::run [ RunTime:0.001008s ]
INFO: [ app_begin ] --END-- [ RunTime:0.001126s ]
INFO: [ view_parse ] --START--
INFO: ParseTemplate Behavior ::run [ RunTime:0.015384s ]
INFO: [ view_parse ] --END-- [ RunTime:0.015530s ]
INFO: [ view_filter ] --START--
INFO: ContentReplace Behavior ::run [ RunTime:0.000683s ]
INFO: TokenBuild Behavior ::run [ RunTime:0.000676s ]
INFO: WriteHtmlCache Behavior ::run [ RunTime:0.000470s ]
INFO: ShowRuntime Behavior ::run [ RunTime:0.000819s ]
INFO: [ view_filter ] --END-- [ RunTime:0.002989s ]
INFO: [ view_end ] --START--
INFO: ShowPageTrace Behavior ::run [ RunTime:0.001102s ]
INFO: [ view_end ] --END-- [ RunTime:0.001213s ]

[ 2016-08-29T20:43:26+08:00 ] 172.30.2.160 /fuzhong/Admin/Enrollment/index.html
INFO: [ route_check ] --START--
INFO: CheckRoute Behavior ::run [ RunTime:0.001451s ]
INFO: [ route_check ] --END-- [ RunTime:0.001589s ]
INFO: [ app_begin ] --START--
INFO: ReadHtmlCache Behavior ::run [ RunTime:0.000958s ]
INFO: [ app_begin ] --END-- [ RunTime:0.001077s ]
SQL: SHOW COLUMNS FROM `enrollment` [ RunTime:0.003386s ]
SQL: SELECT COUNT(*) AS tp_count FROM `enrollment` LIMIT 1   [ RunTime:0.000565s ]
SQL: SHOW COLUMNS FROM `enrollment` [ RunTime:0.003506s ]
SQL: SELECT * FROM `enrollment` WHERE ( 1=1 ) ORDER BY id DESC LIMIT 0,10   [ RunTime:0.000634s ]
INFO: [ view_parse ] --START--
INFO: ParseTemplate Behavior ::run [ RunTime:0.021735s ]
INFO: [ view_parse ] --END-- [ RunTime:0.021889s ]
INFO: [ view_filter ] --START--
INFO: ContentReplace Behavior ::run [ RunTime:0.000680s ]
INFO: TokenBuild Behavior ::run [ RunTime:0.000652s ]
INFO: WriteHtmlCache Behavior ::run [ RunTime:0.000449s ]
INFO: ShowRuntime Behavior ::run [ RunTime:0.000803s ]
INFO: [ view_filter ] --END-- [ RunTime:0.002884s ]
INFO: [ view_end ] --START--
INFO: ShowPageTrace Behavior ::run [ RunTime:0.001054s ]
INFO: [ view_end ] --END-- [ RunTime:0.001161s ]

[ 2016-08-29T20:43:28+08:00 ] 172.30.2.160 /fuzhong/Admin/Enrollment/chakanType/id/8.html
INFO: [ route_check ] --START--
INFO: CheckRoute Behavior ::run [ RunTime:0.001439s ]
INFO: [ route_check ] --END-- [ RunTime:0.001575s ]
INFO: [ app_begin ] --START--
INFO: ReadHtmlCache Behavior ::run [ RunTime:0.000951s ]
INFO: [ app_begin ] --END-- [ RunTime:0.001071s ]
INFO: [ view_parse ] --START--
INFO: ParseTemplate Behavior ::run [ RunTime:0.014533s ]
INFO: [ view_parse ] --END-- [ RunTime:0.014679s ]
INFO: [ view_filter ] --START--
INFO: ContentReplace Behavior ::run [ RunTime:0.000623s ]
INFO: TokenBuild Behavior ::run [ RunTime:0.000663s ]
INFO: WriteHtmlCache Behavior ::run [ RunTime:0.000472s ]
INFO: ShowRuntime Behavior ::run [ RunTime:0.000802s ]
INFO: [ view_filter ] --END-- [ RunTime:0.002898s ]
INFO: [ view_end ] --START--
INFO: ShowPageTrace Behavior ::run [ RunTime:0.001085s ]
INFO: [ view_end ] --END-- [ RunTime:0.001196s ]

[ 2016-08-29T20:59:12+08:00 ] 172.30.2.160 /fuzhong/Admin/Enrollment/index.html
INFO: [ route_check ] --START--
INFO: CheckRoute Behavior ::run [ RunTime:0.001779s ]
INFO: [ route_check ] --END-- [ RunTime:0.001930s ]
INFO: [ app_begin ] --START--
INFO: ReadHtmlCache Behavior ::run [ RunTime:0.001089s ]
INFO: [ app_begin ] --END-- [ RunTime:0.001209s ]
SQL: SHOW COLUMNS FROM `enrollment` [ RunTime:0.003933s ]
SQL: SELECT COUNT(*) AS tp_count FROM `enrollment` LIMIT 1   [ RunTime:0.000597s ]
SQL: SHOW COLUMNS FROM `enrollment` [ RunTime:0.003823s ]
SQL: SELECT * FROM `enrollment` WHERE ( 1=1 ) ORDER BY id DESC LIMIT 0,10   [ RunTime:0.000668s ]
INFO: [ view_parse ] --START--
INFO: ParseTemplate Behavior ::run [ RunTime:0.022319s ]
INFO: [ view_parse ] --END-- [ RunTime:0.022474s ]
INFO: [ view_filter ] --START--
INFO: ContentReplace Behavior ::run [ RunTime:0.000847s ]
INFO: TokenBuild Behavior ::run [ RunTime:0.000807s ]
INFO: WriteHtmlCache Behavior ::run [ RunTime:0.000575s ]
INFO: ShowRuntime Behavior ::run [ RunTime:0.000961s ]
INFO: [ view_filter ] --END-- [ RunTime:0.003504s ]
INFO: [ view_end ] --START--
INFO: ShowPageTrace Behavior ::run [ RunTime:0.001172s ]
INFO: [ view_end ] --END-- [ RunTime:0.001280s ]

[ 2016-08-29T20:59:14+08:00 ] 172.30.2.160 /fuzhong/Admin/Enrollment/chakanType/id/8.html
INFO: [ route_check ] --START--
INFO: CheckRoute Behavior ::run [ RunTime:0.001452s ]
INFO: [ route_check ] --END-- [ RunTime:0.001589s ]
INFO: [ app_begin ] --START--
INFO: ReadHtmlCache Behavior ::run [ RunTime:0.000959s ]
INFO: [ app_begin ] --END-- [ RunTime:0.001078s ]
INFO: [ view_parse ] --START--
INFO: ParseTemplate Behavior ::run [ RunTime:0.014189s ]
INFO: [ view_parse ] --END-- [ RunTime:0.014334s ]
INFO: [ view_filter ] --START--
INFO: ContentReplace Behavior ::run [ RunTime:0.000635s ]
INFO: TokenBuild Behavior ::run [ RunTime:0.000688s ]
INFO: WriteHtmlCache Behavior ::run [ RunTime:0.000482s ]
INFO: ShowRuntime Behavior ::run [ RunTime:0.000818s ]
INFO: [ view_filter ] --END-- [ RunTime:0.002930s ]
INFO: [ view_end ] --START--
INFO: ShowPageTrace Behavior ::run [ RunTime:0.001107s ]
INFO: [ view_end ] --END-- [ RunTime:0.001216s ]

[ 2016-08-29T20:59:15+08:00 ] 172.30.2.160 /fuzhong/Admin/Enrollment/chakan/type/1/id/8.html
INFO: [ route_check ] --START--
INFO: CheckRoute Behavior ::run [ RunTime:0.001472s ]
INFO: [ route_check ] --END-- [ RunTime:0.001611s ]
INFO: [ app_begin ] --START--
INFO: ReadHtmlCache Behavior ::run [ RunTime:0.000957s ]
INFO: [ app_begin ] --END-- [ RunTime:0.001077s ]
SQL: SHOW COLUMNS FROM `term` [ RunTime:0.003453s ]
SQL: SELECT `id` FROM `term` WHERE ( `status` = 1 ) LIMIT 1   [ RunTime:0.000561s ]
SQL: SHOW COLUMNS FROM `enrollment` [ RunTime:0.003476s ]
SQL: SELECT * FROM `enrollment` WHERE ( `id` = 8 ) LIMIT 1   [ RunTime:0.000608s ]
SQL: SHOW COLUMNS FROM `nianji` [ RunTime:0.003643s ]
NOTIC: [8] Undefined index: mapping_order E:\wamp\www\fuzhong\ThinkPHP\Extend\Model\RelationModel.class.php 第 188 行.
NOTIC: [8] Undefined index: mapping_limit E:\wamp\www\fuzhong\ThinkPHP\Extend\Model\RelationModel.class.php 第 189 行.
SQL: SELECT b.* FROM enrollment_nianji AS a, nianji AS b WHERE a.nianji_id = b.id AND a. enrollment_id='8' [ RunTime:0.000786s ]
SQL: SHOW COLUMNS FROM `enrollment_content` [ RunTime:0.003984s ]
SQL: SELECT * FROM `enrollment_content` WHERE ( status=1 AND eid='8' )  [ RunTime:0.000727s ]
SQL: SHOW COLUMNS FROM `enrollment_hebing` [ RunTime:0.003485s ]
SQL: SELECT * FROM `enrollment_hebing` WHERE ( 1=1 AND eid='8' )  [ RunTime:0.000466s ]
SQL: SHOW COLUMNS FROM `banji` [ RunTime:0.003595s ]
SQL: SELECT `id` FROM `banji` WHERE ( `ruxuenian` = 2015 )  [ RunTime:0.000700s ]
SQL: SHOW COLUMNS FROM `enrollment_list` [ RunTime:0.003525s ]
SQL: SELECT `sid` FROM `enrollment_list` WHERE ( `bid` IN ('19','20','21','22','23','24','25','26','27','28','29','30','31','32','33','34','35','36') ) AND ( `cid` = 2 ) AND ( `eid` = 8 ) AND ( `tid` = 6 )  [ RunTime:0.000879s ]
SQL: SHOW COLUMNS FROM `student` [ RunTime:0.003784s ]
SQL: SELECT * FROM `student` WHERE ( `id` IN ('33','34','37','185','186','187','211','212','213','458','459','460','488','491','499','599','600','602','631','633','636','644','645','647','674','673','677','692','695','698','717','720','723','740','768','770','773','783','784','785','814','816','818') )  [ RunTime:0.001330s ]
SQL: SELECT `sid` FROM `enrollment_list` WHERE ( `bid` IN ('19','20','21','22','23','24','25','26','27','28','29','30','31','32','33','34','35','36') ) AND ( `cid` = 3 ) AND ( `eid` = 8 ) AND ( `tid` = 6 )  [ RunTime:0.000871s ]
SQL: SELECT * FROM `student` WHERE ( `id` IN ('1','2','3','38','40','42','190','192','195','212','214','217','458','460','461','490','492','495','612','613','616','634','636','639','646','648','651','674','676','678','693','695','697','719','722','725','738','740','743','769','771','774','784','787','790','816','818','820') )  [ RunTime:0.001331s ]
SQL: SELECT `sid` FROM `enrollment_list` WHERE ( `bid` IN ('19','20','21','22','23','24','25','26','27','28','29','30','31','32','33','34','35','36') ) AND ( `cid` = 4 ) AND ( `eid` = 8 ) AND ( `tid` = 6 )  [ RunTime:0.000877s ]
SQL: SELECT * FROM `student` WHERE ( `id` IN ('11','10','9','33','36','42','189','191','193','214','216','218','466','471','475','493','495','497','621','622','623','632','634','633','646','650','654','675','677','681','709','707','706','722','724','727','739','741','744','770','772','774','786','788','791','819','821','823') )  [ RunTime:0.001338s ]
SQL: SELECT `sid` FROM `enrollment_list` WHERE ( `bid` IN ('19','20','21','22','23','24','25','26','27','28','29','30','31','32','33','34','35','36') ) AND ( `cid` = 5 ) AND ( `eid` = 8 ) AND ( `tid` = 6 )  [ RunTime:0.000872s ]
SQL: SELECT * FROM `student` WHERE ( `id` IN ('6','7','9','38','36','34','206','205','204','215','217','220','475','477','478','499','496','501','602','604','607','631','638','640','650','652','655','681','683','686','698','699','702','721','723','725','738','744','746','769','771','777','783','789','791','824','825','827') )  [ RunTime:0.001314s ]
SQL: SELECT `id` FROM `banji` WHERE ( `ruxuenian` = 2014 )  [ RunTime:0.000650s ]
SQL: SELECT `sid` FROM `enrollment_list` WHERE ( `bid` IN ('1','2','3','4','5','6','7','8','9','10','11','12','13','14','15','16','17','18') ) AND ( `cid` = 2 ) AND ( `eid` = 8 ) AND ( `tid` = 6 )  [ RunTime:0.000779s ]
NOTIC: [2] implode() [<a href='function.implode'>function.implode</a>]: Invalid arguments passed E:\wamp\www\fuzhong\ThinkPHP\Lib\Core\Db.class.php 第 497 行.
SQL: SELECT * FROM `student` WHERE ( `id` IN () )  [ RunTime:0.000276s ]
ERR: 1064:You have an error in your SQL syntax; check the manual that corresponds to your MySQL server version for the right syntax to use near ') )' at line 1
 [ SQL语句 ] : SELECT * FROM `student` WHERE ( `id` IN () ) 
SQL: SELECT `sid` FROM `enrollment_list` WHERE ( `bid` IN ('1','2','3','4','5','6','7','8','9','10','11','12','13','14','15','16','17','18') ) AND ( `cid` = 3 ) AND ( `eid` = 8 ) AND ( `tid` = 6 )  [ RunTime:0.000765s ]
NOTIC: [2] implode() [<a href='function.implode'>function.implode</a>]: Invalid arguments passed E:\wamp\www\fuzhong\ThinkPHP\Lib\Core\Db.class.php 第 497 行.
SQL: SELECT * FROM `student` WHERE ( `id` IN () )  [ RunTime:0.000336s ]
ERR: 1064:You have an error in your SQL syntax; check the manual that corresponds to your MySQL server version for the right syntax to use near ') )' at line 1
 [ SQL语句 ] : SELECT * FROM `student` WHERE ( `id` IN () ) 
SQL: SELECT `sid` FROM `enrollment_list` WHERE ( `bid` IN ('1','2','3','4','5','6','7','8','9','10','11','12','13','14','15','16','17','18') ) AND ( `cid` = 4 ) AND ( `eid` = 8 ) AND ( `tid` = 6 )  [ RunTime:0.000730s ]
NOTIC: [2] implode() [<a href='function.implode'>function.implode</a>]: Invalid arguments passed E:\wamp\www\fuzhong\ThinkPHP\Lib\Core\Db.class.php 第 497 行.
SQL: SELECT * FROM `student` WHERE ( `id` IN () )  [ RunTime:0.000289s ]
ERR: 1064:You have an error in your SQL syntax; check the manual that corresponds to your MySQL server version for the right syntax to use near ') )' at line 1
 [ SQL语句 ] : SELECT * FROM `student` WHERE ( `id` IN () ) 
SQL: SELECT `sid` FROM `enrollment_list` WHERE ( `bid` IN ('1','2','3','4','5','6','7','8','9','10','11','12','13','14','15','16','17','18') ) AND ( `cid` = 5 ) AND ( `eid` = 8 ) AND ( `tid` = 6 )  [ RunTime:0.000737s ]
NOTIC: [2] implode() [<a href='function.implode'>function.implode</a>]: Invalid arguments passed E:\wamp\www\fuzhong\ThinkPHP\Lib\Core\Db.class.php 第 497 行.
SQL: SELECT * FROM `student` WHERE ( `id` IN () )  [ RunTime:0.000276s ]
ERR: 1064:You have an error in your SQL syntax; check the manual that corresponds to your MySQL server version for the right syntax to use near ') )' at line 1
 [ SQL语句 ] : SELECT * FROM `student` WHERE ( `id` IN () ) 
NOTIC: [8] Undefined variable: hebing E:\wamp\www\fuzhong\App\Application\Admin\Action\EnrollmentAction.class.php 第 273 行.
NOTIC: [8] Uninitialized string offset: 0 E:\wamp\www\fuzhong\App\Application\Admin\Action\EnrollmentAction.class.php 第 273 行.
NOTIC: [8] Undefined variable: hebing E:\wamp\www\fuzhong\App\Application\Admin\Action\EnrollmentAction.class.php 第 273 行.
NOTIC: [8] Uninitialized string offset: 0 E:\wamp\www\fuzhong\App\Application\Admin\Action\EnrollmentAction.class.php 第 273 行.
NOTIC: [8] Uninitialized string offset: 0 E:\wamp\www\fuzhong\App\Application\Admin\Action\EnrollmentAction.class.php 第 280 行.
NOTIC: [8] Uninitialized string offset: 0 E:\wamp\www\fuzhong\App\Application\Admin\Action\EnrollmentAction.class.php 第 280 行.
NOTIC: [8] Use of undefined constant i - assumed 'i' E:\wamp\www\fuzhong\App\Application\Admin\Action\EnrollmentAction.class.php 第 986 行.
NOTIC: [8] Uninitialized string offset: 0 E:\wamp\www\fuzhong\App\Application\Admin\Action\EnrollmentAction.class.php 第 592 行.
NOTIC: [8] Uninitialized string offset: 0 E:\wamp\www\fuzhong\App\Application\Admin\Action\EnrollmentAction.class.php 第 594 行.
NOTIC: [8] Uninitialized string offset: 0 E:\wamp\www\fuzhong\App\Application\Admin\Action\EnrollmentAction.class.php 第 592 行.
NOTIC: [8] Uninitialized string offset: 0 E:\wamp\www\fuzhong\App\Application\Admin\Action\EnrollmentAction.class.php 第 594 行.
NOTIC: [8] Uninitialized string offset: 0 E:\wamp\www\fuzhong\App\Application\Admin\Action\EnrollmentAction.class.php 第 592 行.
NOTIC: [8] Uninitialized string offset: 0 E:\wamp\www\fuzhong\App\Application\Admin\Action\EnrollmentAction.class.php 第 594 行.
NOTIC: [8] Uninitialized string offset: 0 E:\wamp\www\fuzhong\App\Application\Admin\Action\EnrollmentAction.class.php 第 592 行.
NOTIC: [8] Uninitialized string offset: 0 E:\wamp\www\fuzhong\App\Application\Admin\Action\EnrollmentAction.class.php 第 594 行.
NOTIC: [8] Uninitialized string offset: 0 E:\wamp\www\fuzhong\App\Application\Admin\Action\EnrollmentAction.class.php 第 592 行.
NOTIC: [8] Uninitialized string offset: 0 E:\wamp\www\fuzhong\App\Application\Admin\Action\EnrollmentAction.class.php 第 594 行.
NOTIC: [8] Uninitialized string offset: 0 E:\wamp\www\fuzhong\App\Application\Admin\Action\EnrollmentAction.class.php 第 538 行.
NOTIC: [8] Uninitialized string offset: 0 E:\wamp\www\fuzhong\App\Application\Admin\Action\EnrollmentAction.class.php 第 540 行.
NOTIC: [8] Uninitialized string offset: 0 E:\wamp\www\fuzhong\App\Application\Admin\Action\EnrollmentAction.class.php 第 646 行.
NOTIC: [2] Invalid argument supplied for foreach() E:\wamp\www\fuzhong\App\Application\Admin\Action\EnrollmentAction.class.php 第 547 行.
NOTIC: [2] Invalid argument supplied for foreach() E:\wamp\www\fuzhong\App\Application\Admin\Action\EnrollmentAction.class.php 第 547 行.
NOTIC: [2] Invalid argument supplied for foreach() E:\wamp\www\fuzhong\App\Application\Admin\Action\EnrollmentAction.class.php 第 547 行.
NOTIC: [2] Invalid argument supplied for foreach() E:\wamp\www\fuzhong\App\Application\Admin\Action\EnrollmentAction.class.php 第 651 行.
NOTIC: [8] Uninitialized string offset: 0 E:\wamp\www\fuzhong\App\Application\Admin\Action\EnrollmentAction.class.php 第 538 行.
NOTIC: [8] Uninitialized string offset: 0 E:\wamp\www\fuzhong\App\Application\Admin\Action\EnrollmentAction.class.php 第 540 行.
NOTIC: [8] Uninitialized string offset: 0 E:\wamp\www\fuzhong\App\Application\Admin\Action\EnrollmentAction.class.php 第 646 行.
INFO: [ view_parse ] --START--
NOTIC: [8] Undefined variable: pageName E:\wamp\www\fuzhong\App\Runtime\Cache\Admin\18055a5e5f0337bb14a3ccb14622b8cc.php 第 5 行.
NOTIC: [8] Use of undefined constant i - assumed 'i' E:\wamp\www\fuzhong\App\Runtime\Cache\Admin\18055a5e5f0337bb14a3ccb14622b8cc.php 第 49 行.
NOTIC: [8] Uninitialized string offset: 0 E:\wamp\www\fuzhong\App\Runtime\Cache\Admin\18055a5e5f0337bb14a3ccb14622b8cc.php 第 56 行.
NOTIC: [8] Uninitialized string offset: 0 E:\wamp\www\fuzhong\App\Runtime\Cache\Admin\18055a5e5f0337bb14a3ccb14622b8cc.php 第 56 行.
NOTIC: [8] Uninitialized string offset: 0 E:\wamp\www\fuzhong\App\Runtime\Cache\Admin\18055a5e5f0337bb14a3ccb14622b8cc.php 第 56 行.
NOTIC: [8] Uninitialized string offset: 0 E:\wamp\www\fuzhong\App\Runtime\Cache\Admin\18055a5e5f0337bb14a3ccb14622b8cc.php 第 56 行.
NOTIC: [8] Uninitialized string offset: 0 E:\wamp\www\fuzhong\App\Runtime\Cache\Admin\18055a5e5f0337bb14a3ccb14622b8cc.php 第 56 行.
NOTIC: [8] Uninitialized string offset: 0 E:\wamp\www\fuzhong\App\Runtime\Cache\Admin\18055a5e5f0337bb14a3ccb14622b8cc.php 第 56 行.
NOTIC: [8] Undefined offset: 22 E:\wamp\www\fuzhong\App\Runtime\Cache\Admin\18055a5e5f0337bb14a3ccb14622b8cc.php 第 56 行.
NOTIC: [8] Undefined offset: 22 E:\wamp\www\fuzhong\App\Runtime\Cache\Admin\18055a5e5f0337bb14a3ccb14622b8cc.php 第 56 行.
NOTIC: [8] Undefined offset: 23 E:\wamp\www\fuzhong\App\Runtime\Cache\Admin\18055a5e5f0337bb14a3ccb14622b8cc.php 第 56 行.
NOTIC: [8] Undefined offset: 23 E:\wamp\www\fuzhong\App\Runtime\Cache\Admin\18055a5e5f0337bb14a3ccb14622b8cc.php 第 56 行.
NOTIC: [8] Use of undefined constant i - assumed 'i' E:\wamp\www\fuzhong\App\Runtime\Cache\Admin\18055a5e5f0337bb14a3ccb14622b8cc.php 第 85 行.
NOTIC: [8] Use of undefined constant i - assumed 'i' E:\wamp\www\fuzhong\App\Runtime\Cache\Admin\18055a5e5f0337bb14a3ccb14622b8cc.php 第 85 行.
NOTIC: [8] Use of undefined constant i - assumed 'i' E:\wamp\www\fuzhong\App\Runtime\Cache\Admin\18055a5e5f0337bb14a3ccb14622b8cc.php 第 85 行.
NOTIC: [8] Uninitialized string offset: 0 E:\wamp\www\fuzhong\App\Runtime\Cache\Admin\18055a5e5f0337bb14a3ccb14622b8cc.php 第 92 行.
NOTIC: [8] Uninitialized string offset: 0 E:\wamp\www\fuzhong\App\Runtime\Cache\Admin\18055a5e5f0337bb14a3ccb14622b8cc.php 第 92 行.
NOTIC: [8] Uninitialized string offset: 0 E:\wamp\www\fuzhong\App\Runtime\Cache\Admin\18055a5e5f0337bb14a3ccb14622b8cc.php 第 92 行.
NOTIC: [8] Uninitialized string offset: 0 E:\wamp\www\fuzhong\App\Runtime\Cache\Admin\18055a5e5f0337bb14a3ccb14622b8cc.php 第 92 行.
NOTIC: [8] Uninitialized string offset: 0 E:\wamp\www\fuzhong\App\Runtime\Cache\Admin\18055a5e5f0337bb14a3ccb14622b8cc.php 第 92 行.
NOTIC: [8] Uninitialized string offset: 0 E:\wamp\www\fuzhong\App\Runtime\Cache\Admin\18055a5e5f0337bb14a3ccb14622b8cc.php 第 92 行.
NOTIC: [8] Uninitialized string offset: 0 E:\wamp\www\fuzhong\App\Runtime\Cache\Admin\18055a5e5f0337bb14a3ccb14622b8cc.php 第 92 行.
NOTIC: [8] Uninitialized string offset: 0 E:\wamp\www\fuzhong\App\Runtime\Cache\Admin\18055a5e5f0337bb14a3ccb14622b8cc.php 第 92 行.
NOTIC: [8] Uninitialized string offset: 0 E:\wamp\www\fuzhong\App\Runtime\Cache\Admin\18055a5e5f0337bb14a3ccb14622b8cc.php 第 92 行.
NOTIC: [8] Uninitialized string offset: 0 E:\wamp\www\fuzhong\App\Runtime\Cache\Admin\18055a5e5f0337bb14a3ccb14622b8cc.php 第 92 行.
NOTIC: [8] Use of undefined constant i - assumed 'i' E:\wamp\www\fuzhong\App\Runtime\Cache\Admin\18055a5e5f0337bb14a3ccb14622b8cc.php 第 49 行.
NOTIC: [8] Use of undefined constant i - assumed 'i' E:\wamp\www\fuzhong\App\Runtime\Cache\Admin\18055a5e5f0337bb14a3ccb14622b8cc.php 第 49 行.
NOTIC: [8] Use of undefined constant i - assumed 'i' E:\wamp\www\fuzhong\App\Runtime\Cache\Admin\18055a5e5f0337bb14a3ccb14622b8cc.php 第 49 行.
NOTIC: [8] Uninitialized string offset: 0 E:\wamp\www\fuzhong\App\Runtime\Cache\Admin\18055a5e5f0337bb14a3ccb14622b8cc.php 第 56 行.
NOTIC: [8] Uninitialized string offset: 0 E:\wamp\www\fuzhong\App\Runtime\Cache\Admin\18055a5e5f0337bb14a3ccb14622b8cc.php 第 56 行.
NOTIC: [8] Uninitialized string offset: 0 E:\wamp\www\fuzhong\App\Runtime\Cache\Admin\18055a5e5f0337bb14a3ccb14622b8cc.php 第 56 行.
NOTIC: [8] Uninitialized string offset: 0 E:\wamp\www\fuzhong\App\Runtime\Cache\Admin\18055a5e5f0337bb14a3ccb14622b8cc.php 第 56 行.
NOTIC: [8] Uninitialized string offset: 0 E:\wamp\www\fuzhong\App\Runtime\Cache\Admin\18055a5e5f0337bb14a3ccb14622b8cc.php 第 56 行.
NOTIC: [8] Uninitialized string offset: 0 E:\wamp\www\fuzhong\App\Runtime\Cache\Admin\18055a5e5f0337bb14a3ccb14622b8cc.php 第 56 行.
NOTIC: [8] Uninitialized string offset: 0 E:\wamp\www\fuzhong\App\Runtime\Cache\Admin\18055a5e5f0337bb14a3ccb14622b8cc.php 第 56 行.
NOTIC: [8] Uninitialized string offset: 0 E:\wamp\www\fuzhong\App\Runtime\Cache\Admin\18055a5e5f0337bb14a3ccb14622b8cc.php 第 56 行.
NOTIC: [8] Uninitialized string offset: 0 E:\wamp\www\fuzhong\App\Runtime\Cache\Admin\18055a5e5f0337bb14a3ccb14622b8cc.php 第 56 行.
NOTIC: [8] Uninitialized string offset: 0 E:\wamp\www\fuzhong\App\Runtime\Cache\Admin\18055a5e5f0337bb14a3ccb14622b8cc.php 第 56 行.
NOTIC: [8] Use of undefined constant i - assumed 'i' E:\wamp\www\fuzhong\App\Runtime\Cache\Admin\18055a5e5f0337bb14a3ccb14622b8cc.php 第 85 行.
NOTIC: [8] Use of undefined constant i - assumed 'i' E:\wamp\www\fuzhong\App\Runtime\Cache\Admin\18055a5e5f0337bb14a3ccb14622b8cc.php 第 85 行.
NOTIC: [8] Use of undefined constant i - assumed 'i' E:\wamp\www\fuzhong\App\Runtime\Cache\Admin\18055a5e5f0337bb14a3ccb14622b8cc.php 第 85 行.
NOTIC: [8] Uninitialized string offset: 0 E:\wamp\www\fuzhong\App\Runtime\Cache\Admin\18055a5e5f0337bb14a3ccb14622b8cc.php 第 92 行.
NOTIC: [8] Uninitialized string offset: 0 E:\wamp\www\fuzhong\App\Runtime\Cache\Admin\18055a5e5f0337bb14a3ccb14622b8cc.php 第 92 行.
NOTIC: [8] Uninitialized string offset: 0 E:\wamp\www\fuzhong\App\Runtime\Cache\Admin\18055a5e5f0337bb14a3ccb14622b8cc.php 第 92 行.
NOTIC: [8] Uninitialized string offset: 0 E:\wamp\www\fuzhong\App\Runtime\Cache\Admin\18055a5e5f0337bb14a3ccb14622b8cc.php 第 92 行.
NOTIC: [8] Uninitialized string offset: 0 E:\wamp\www\fuzhong\App\Runtime\Cache\Admin\18055a5e5f0337bb14a3ccb14622b8cc.php 第 92 行.
NOTIC: [8] Uninitialized string offset: 0 E:\wamp\www\fuzhong\App\Runtime\Cache\Admin\18055a5e5f0337bb14a3ccb14622b8cc.php 第 92 行.
NOTIC: [8] Uninitialized string offset: 0 E:\wamp\www\fuzhong\App\Runtime\Cache\Admin\18055a5e5f0337bb14a3ccb14622b8cc.php 第 92 行.
NOTIC: [8] Uninitialized string offset: 0 E:\wamp\www\fuzhong\App\Runtime\Cache\Admin\18055a5e5f0337bb14a3ccb14622b8cc.php 第 92 行.
NOTIC: [8] Uninitialized string offset: 0 E:\wamp\www\fuzhong\App\Runtime\Cache\Admin\18055a5e5f0337bb14a3ccb14622b8cc.php 第 92 行.
NOTIC: [8] Uninitialized string offset: 0 E:\wamp\www\fuzhong\App\Runtime\Cache\Admin\18055a5e5f0337bb14a3ccb14622b8cc.php 第 92 行.
NOTIC: [8] Use of undefined constant i - assumed 'i' E:\wamp\www\fuzhong\App\Runtime\Cache\Admin\18055a5e5f0337bb14a3ccb14622b8cc.php 第 49 行.
NOTIC: [8] Use of undefined constant i - assumed 'i' E:\wamp\www\fuzhong\App\Runtime\Cache\Admin\18055a5e5f0337bb14a3ccb14622b8cc.php 第 49 行.
NOTIC: [8] Use of undefined constant i - assumed 'i' E:\wamp\www\fuzhong\App\Runtime\Cache\Admin\18055a5e5f0337bb14a3ccb14622b8cc.php 第 49 行.
NOTIC: [8] Uninitialized string offset: 0 E:\wamp\www\fuzhong\App\Runtime\Cache\Admin\18055a5e5f0337bb14a3ccb14622b8cc.php 第 56 行.
NOTIC: [8] Uninitialized string offset: 0 E:\wamp\www\fuzhong\App\Runtime\Cache\Admin\18055a5e5f0337bb14a3ccb14622b8cc.php 第 56 行.
NOTIC: [8] Uninitialized string offset: 0 E:\wamp\www\fuzhong\App\Runtime\Cache\Admin\18055a5e5f0337bb14a3ccb14622b8cc.php 第 56 行.
NOTIC: [8] Uninitialized string offset: 0 E:\wamp\www\fuzhong\App\Runtime\Cache\Admin\18055a5e5f0337bb14a3ccb14622b8cc.php 第 56 行.
NOTIC: [8] Uninitialized string offset: 0 E:\wamp\www\fuzhong\App\Runtime\Cache\Admin\18055a5e5f0337bb14a3ccb14622b8cc.php 第 56 行.
NOTIC: [8] Uninitialized string offset: 0 E:\wamp\www\fuzhong\App\Runtime\Cache\Admin\18055a5e5f0337bb14a3ccb14622b8cc.php 第 56 行.
NOTIC: [8] Uninitialized string offset: 0 E:\wamp\www\fuzhong\App\Runtime\Cache\Admin\18055a5e5f0337bb14a3ccb14622b8cc.php 第 56 行.
NOTIC: [8] Uninitialized string offset: 0 E:\wamp\www\fuzhong\App\Runtime\Cache\Admin\18055a5e5f0337bb14a3ccb14622b8cc.php 第 56 行.
NOTIC: [8] Uninitialized string offset: 0 E:\wamp\www\fuzhong\App\Runtime\Cache\Admin\18055a5e5f0337bb14a3ccb14622b8cc.php 第 56 行.
NOTIC: [8] Uninitialized string offset: 0 E:\wamp\www\fuzhong\App\Runtime\Cache\Admin\18055a5e5f0337bb14a3ccb14622b8cc.php 第 56 行.
NOTIC: [8] Use of undefined constant i - assumed 'i' E:\wamp\www\fuzhong\App\Runtime\Cache\Admin\18055a5e5f0337bb14a3ccb14622b8cc.php 第 85 行.
NOTIC: [8] Use of undefined constant i - assumed 'i' E:\wamp\www\fuzhong\App\Runtime\Cache\Admin\18055a5e5f0337bb14a3ccb14622b8cc.php 第 85 行.
NOTIC: [8] Use of undefined constant i - assumed 'i' E:\wamp\www\fuzhong\App\Runtime\Cache\Admin\18055a5e5f0337bb14a3ccb14622b8cc.php 第 85 行.
NOTIC: [8] Uninitialized string offset: 0 E:\wamp\www\fuzhong\App\Runtime\Cache\Admin\18055a5e5f0337bb14a3ccb14622b8cc.php 第 92 行.
NOTIC: [8] Uninitialized string offset: 0 E:\wamp\www\fuzhong\App\Runtime\Cache\Admin\18055a5e5f0337bb14a3ccb14622b8cc.php 第 92 行.
NOTIC: [8] Uninitialized string offset: 0 E:\wamp\www\fuzhong\App\Runtime\Cache\Admin\18055a5e5f0337bb14a3ccb14622b8cc.php 第 92 行.
NOTIC: [8] Uninitialized string offset: 0 E:\wamp\www\fuzhong\App\Runtime\Cache\Admin\18055a5e5f0337bb14a3ccb14622b8cc.php 第 92 行.
NOTIC: [8] Uninitialized string offset: 0 E:\wamp\www\fuzhong\App\Runtime\Cache\Admin\18055a5e5f0337bb14a3ccb14622b8cc.php 第 92 行.
NOTIC: [8] Uninitialized string offset: 0 E:\wamp\www\fuzhong\App\Runtime\Cache\Admin\18055a5e5f0337bb14a3ccb14622b8cc.php 第 92 行.
NOTIC: [8] Uninitialized string offset: 0 E:\wamp\www\fuzhong\App\Runtime\Cache\Admin\18055a5e5f0337bb14a3ccb14622b8cc.php 第 92 行.
NOTIC: [8] Uninitialized string offset: 0 E:\wamp\www\fuzhong\App\Runtime\Cache\Admin\18055a5e5f0337bb14a3ccb14622b8cc.php 第 92 行.
NOTIC: [8] Uninitialized string offset: 0 E:\wamp\www\fuzhong\App\Runtime\Cache\Admin\18055a5e5f0337bb14a3ccb14622b8cc.php 第 92 行.
NOTIC: [8] Uninitialized string offset: 0 E:\wamp\www\fuzhong\App\Runtime\Cache\Admin\18055a5e5f0337bb14a3ccb14622b8cc.php 第 92 行.
NOTIC: [8] Uninitialized string offset: 0 E:\wamp\www\fuzhong\App\Runtime\Cache\Admin\18055a5e5f0337bb14a3ccb14622b8cc.php 第 25 行.
NOTIC: [2] Invalid argument supplied for foreach() E:\wamp\www\fuzhong\App\Runtime\Cache\Admin\18055a5e5f0337bb14a3ccb14622b8cc.php 第 27 行.
NOTIC: [8] Use of undefined constant i - assumed 'i' E:\wamp\www\fuzhong\App\Runtime\Cache\Admin\18055a5e5f0337bb14a3ccb14622b8cc.php 第 49 行.
NOTIC: [8] Use of undefined constant i - assumed 'i' E:\wamp\www\fuzhong\App\Runtime\Cache\Admin\18055a5e5f0337bb14a3ccb14622b8cc.php 第 49 行.
NOTIC: [8] Use of undefined constant i - assumed 'i' E:\wamp\www\fuzhong\App\Runtime\Cache\Admin\18055a5e5f0337bb14a3ccb14622b8cc.php 第 49 行.
NOTIC: [8] Use of undefined constant i - assumed 'i' E:\wamp\www\fuzhong\App\Runtime\Cache\Admin\18055a5e5f0337bb14a3ccb14622b8cc.php 第 85 行.
NOTIC: [8] Use of undefined constant i - assumed 'i' E:\wamp\www\fuzhong\App\Runtime\Cache\Admin\18055a5e5f0337bb14a3ccb14622b8cc.php 第 85 行.
NOTIC: [8] Use of undefined constant i - assumed 'i' E:\wamp\www\fuzhong\App\Runtime\Cache\Admin\18055a5e5f0337bb14a3ccb14622b8cc.php 第 85 行.
NOTIC: [2] Invalid argument supplied for foreach() E:\wamp\www\fuzhong\App\Runtime\Cache\Admin\18055a5e5f0337bb14a3ccb14622b8cc.php 第 27 行.
NOTIC: [8] Use of undefined constant i - assumed 'i' E:\wamp\www\fuzhong\App\Runtime\Cache\Admin\18055a5e5f0337bb14a3ccb14622b8cc.php 第 49 行.
NOTIC: [8] Use of undefined constant i - assumed 'i' E:\wamp\www\fuzhong\App\Runtime\Cache\Admin\18055a5e5f0337bb14a3ccb14622b8cc.php 第 49 行.
NOTIC: [8] Use of undefined constant i - assumed 'i' E:\wamp\www\fuzhong\App\Runtime\Cache\Admin\18055a5e5f0337bb14a3ccb14622b8cc.php 第 49 行.
NOTIC: [8] Use of undefined constant i - assumed 'i' E:\wamp\www\fuzhong\App\Runtime\Cache\Admin\18055a5e5f0337bb14a3ccb14622b8cc.php 第 85 行.
NOTIC: [8] Use of undefined constant i - assumed 'i' E:\wamp\www\fuzhong\App\Runtime\Cache\Admin\18055a5e5f0337bb14a3ccb14622b8cc.php 第 85 行.
NOTIC: [8] Use of undefined constant i - assumed 'i' E:\wamp\www\fuzhong\App\Runtime\Cache\Admin\18055a5e5f0337bb14a3ccb14622b8cc.php 第 85 行.
NOTIC: [2] Invalid argument supplied for foreach() E:\wamp\www\fuzhong\App\Runtime\Cache\Admin\18055a5e5f0337bb14a3ccb14622b8cc.php 第 27 行.
NOTIC: [8] Use of undefined constant i - assumed 'i' E:\wamp\www\fuzhong\App\Runtime\Cache\Admin\18055a5e5f0337bb14a3ccb14622b8cc.php 第 49 行.
NOTIC: [8] Use of undefined constant i - assumed 'i' E:\wamp\www\fuzhong\App\Runtime\Cache\Admin\18055a5e5f0337bb14a3ccb14622b8cc.php 第 49 行.
NOTIC: [8] Use of undefined constant i - assumed 'i' E:\wamp\www\fuzhong\App\Runtime\Cache\Admin\18055a5e5f0337bb14a3ccb14622b8cc.php 第 49 行.
NOTIC: [8] Use of undefined constant i - assumed 'i' E:\wamp\www\fuzhong\App\Runtime\Cache\Admin\18055a5e5f0337bb14a3ccb14622b8cc.php 第 85 行.
NOTIC: [8] Use of undefined constant i - assumed 'i' E:\wamp\www\fuzhong\App\Runtime\Cache\Admin\18055a5e5f0337bb14a3ccb14622b8cc.php 第 85 行.
NOTIC: [8] Use of undefined constant i - assumed 'i' E:\wamp\www\fuzhong\App\Runtime\Cache\Admin\18055a5e5f0337bb14a3ccb14622b8cc.php 第 85 行.
NOTIC: [2] Invalid argument supplied for foreach() E:\wamp\www\fuzhong\App\Runtime\Cache\Admin\18055a5e5f0337bb14a3ccb14622b8cc.php 第 27 行.
NOTIC: [8] Uninitialized string offset: 0 E:\wamp\www\fuzhong\App\Runtime\Cache\Admin\18055a5e5f0337bb14a3ccb14622b8cc.php 第 25 行.
INFO: ParseTemplate Behavior ::run [ RunTime:0.041369s ]
INFO: [ view_parse ] --END-- [ RunTime:0.041493s ]
INFO: [ view_filter ] --START--
INFO: ContentReplace Behavior ::run [ RunTime:0.000894s ]
INFO: TokenBuild Behavior ::run [ RunTime:0.000692s ]
INFO: WriteHtmlCache Behavior ::run [ RunTime:0.000451s ]
INFO: ShowRuntime Behavior ::run [ RunTime:0.000841s ]
INFO: [ view_filter ] --END-- [ RunTime:0.003220s ]
INFO: [ view_end ] --START--
INFO: ShowPageTrace Behavior ::run [ RunTime:0.001040s ]
INFO: [ view_end ] --END-- [ RunTime:0.001144s ]

