[ 2016-06-14T09:23:32+08:00 ] 172.30.2.168 /fuzhong/
INFO: [ app_begin ] --START--
INFO: ReadHtmlCache Behavior ::run [ RunTime:0.001218s ]
INFO: [ app_begin ] --END-- [ RunTime:0.001365s ]
SQL: SHOW COLUMNS FROM `term` [ RunTime:0.007456s ]
SQL: SELECT * FROM `term` WHERE ( `status` = 1 ) LIMIT 1   [ RunTime:0.000619s ]
INFO: [ view_parse ] --START--
INFO: ParseTemplate Behavior ::run [ RunTime:0.015100s ]
INFO: [ view_parse ] --END-- [ RunTime:0.015234s ]
INFO: [ view_filter ] --START--
INFO: ContentReplace Behavior ::run [ RunTime:0.000776s ]
INFO: TokenBuild Behavior ::run [ RunTime:0.000800s ]
INFO: WriteHtmlCache Behavior ::run [ RunTime:0.000590s ]
INFO: ShowRuntime Behavior ::run [ RunTime:0.000942s ]
INFO: [ view_filter ] --END-- [ RunTime:0.003419s ]
INFO: [ view_end ] --START--
INFO: ShowPageTrace Behavior ::run [ RunTime:0.001210s ]
INFO: [ view_end ] --END-- [ RunTime:0.001318s ]

[ 2016-06-14T09:23:40+08:00 ] 172.30.2.168 /fuzhong/Admin
INFO: [ route_check ] --START--
INFO: CheckRoute Behavior ::run [ RunTime:0.001586s ]
INFO: [ route_check ] --END-- [ RunTime:0.001725s ]
INFO: [ app_begin ] --START--
INFO: ReadHtmlCache Behavior ::run [ RunTime:0.000960s ]
INFO: [ app_begin ] --END-- [ RunTime:0.001079s ]
INFO: [ view_parse ] --START--
INFO: ParseTemplate Behavior ::run [ RunTime:0.012836s ]
INFO: [ view_parse ] --END-- [ RunTime:0.012988s ]
INFO: [ view_filter ] --START--
INFO: ContentReplace Behavior ::run [ RunTime:0.000614s ]
INFO: TokenBuild Behavior ::run [ RunTime:0.000659s ]
INFO: WriteHtmlCache Behavior ::run [ RunTime:0.000455s ]
INFO: ShowRuntime Behavior ::run [ RunTime:0.000802s ]
INFO: [ view_filter ] --END-- [ RunTime:0.002838s ]
INFO: [ view_end ] --START--
INFO: ShowPageTrace Behavior ::run [ RunTime:0.001106s ]
INFO: [ view_end ] --END-- [ RunTime:0.001216s ]

[ 2016-06-14T09:23:43+08:00 ] 172.30.2.168 /fuzhong/Admin/Login/index.html
INFO: [ route_check ] --START--
INFO: CheckRoute Behavior ::run [ RunTime:0.001455s ]
INFO: [ route_check ] --END-- [ RunTime:0.001592s ]
INFO: [ app_begin ] --START--
INFO: ReadHtmlCache Behavior ::run [ RunTime:0.000956s ]
INFO: [ app_begin ] --END-- [ RunTime:0.001075s ]
INFO: [ view_parse ] --START--
INFO: ParseTemplate Behavior ::run [ RunTime:0.013466s ]
INFO: [ view_parse ] --END-- [ RunTime:0.013611s ]
INFO: [ view_filter ] --START--
INFO: ContentReplace Behavior ::run [ RunTime:0.000641s ]
INFO: TokenBuild Behavior ::run [ RunTime:0.000663s ]
INFO: WriteHtmlCache Behavior ::run [ RunTime:0.000457s ]
INFO: ShowRuntime Behavior ::run [ RunTime:0.000800s ]
INFO: [ view_filter ] --END-- [ RunTime:0.002864s ]
INFO: [ view_end ] --START--
INFO: ShowPageTrace Behavior ::run [ RunTime:0.001107s ]
INFO: [ view_end ] --END-- [ RunTime:0.001216s ]

[ 2016-06-14T09:23:43+08:00 ] 172.30.2.168 /fuzhong/Admin/Login/verify.html
INFO: [ route_check ] --START--
INFO: CheckRoute Behavior ::run [ RunTime:0.001480s ]
INFO: [ route_check ] --END-- [ RunTime:0.001616s ]
INFO: [ app_begin ] --START--
INFO: ReadHtmlCache Behavior ::run [ RunTime:0.000957s ]
INFO: [ app_begin ] --END-- [ RunTime:0.001075s ]

[ 2016-06-14T09:23:46+08:00 ] 172.30.2.168 /fuzhong/Admin/Login/checkusername.html
INFO: [ route_check ] --START--
INFO: CheckRoute Behavior ::run [ RunTime:0.001444s ]
INFO: [ route_check ] --END-- [ RunTime:0.001581s ]
INFO: [ app_begin ] --START--
INFO: ReadHtmlCache Behavior ::run [ RunTime:0.000960s ]
INFO: [ app_begin ] --END-- [ RunTime:0.001066s ]
ERR: 非法操作:checkusername

[ 2016-06-14T09:23:47+08:00 ] 172.30.2.168 /fuzhong/Admin/Login/checkpassword.html
INFO: [ route_check ] --START--
INFO: CheckRoute Behavior ::run [ RunTime:0.001452s ]
INFO: [ route_check ] --END-- [ RunTime:0.001587s ]
INFO: [ app_begin ] --START--
INFO: ReadHtmlCache Behavior ::run [ RunTime:0.000954s ]
INFO: [ app_begin ] --END-- [ RunTime:0.001062s ]
ERR: 非法操作:checkpassword

[ 2016-06-14T09:23:49+08:00 ] 172.30.2.168 /fuzhong/Admin/Login/login.html
INFO: [ route_check ] --START--
INFO: CheckRoute Behavior ::run [ RunTime:0.001467s ]
INFO: [ route_check ] --END-- [ RunTime:0.001606s ]
INFO: [ app_begin ] --START--
INFO: ReadHtmlCache Behavior ::run [ RunTime:0.000960s ]
INFO: [ app_begin ] --END-- [ RunTime:0.001078s ]
SQL: SHOW COLUMNS FROM `admin` [ RunTime:0.006591s ]
SQL: SELECT * FROM `admin` WHERE ( `username` = 'admin' ) LIMIT 1   [ RunTime:0.000615s ]

[ 2016-06-14T09:23:49+08:00 ] 172.30.2.168 /fuzhong/Admin/Index/index.html
INFO: [ route_check ] --START--
INFO: CheckRoute Behavior ::run [ RunTime:0.001448s ]
INFO: [ route_check ] --END-- [ RunTime:0.001584s ]
INFO: [ app_begin ] --START--
INFO: ReadHtmlCache Behavior ::run [ RunTime:0.000952s ]
INFO: [ app_begin ] --END-- [ RunTime:0.001071s ]
INFO: [ view_parse ] --START--
INFO: ParseTemplate Behavior ::run [ RunTime:0.021611s ]
INFO: [ view_parse ] --END-- [ RunTime:0.021761s ]
INFO: [ view_filter ] --START--
INFO: ContentReplace Behavior ::run [ RunTime:0.000667s ]
INFO: TokenBuild Behavior ::run [ RunTime:0.000667s ]
INFO: WriteHtmlCache Behavior ::run [ RunTime:0.000461s ]
INFO: ShowRuntime Behavior ::run [ RunTime:0.000803s ]
INFO: [ view_filter ] --END-- [ RunTime:0.002905s ]
INFO: [ view_end ] --START--
INFO: ShowPageTrace Behavior ::run [ RunTime:0.001081s ]
INFO: [ view_end ] --END-- [ RunTime:0.001190s ]

[ 2016-06-14T09:23:49+08:00 ] 172.30.2.168 /fuzhong/Admin/System/index.html
INFO: [ route_check ] --START--
INFO: CheckRoute Behavior ::run [ RunTime:0.001521s ]
INFO: [ route_check ] --END-- [ RunTime:0.001657s ]
INFO: [ app_begin ] --START--
INFO: ReadHtmlCache Behavior ::run [ RunTime:0.000958s ]
INFO: [ app_begin ] --END-- [ RunTime:0.001075s ]
INFO: [ view_parse ] --START--
INFO: ParseTemplate Behavior ::run [ RunTime:0.016269s ]
INFO: [ view_parse ] --END-- [ RunTime:0.016416s ]
INFO: [ view_filter ] --START--
INFO: ContentReplace Behavior ::run [ RunTime:0.000672s ]
INFO: TokenBuild Behavior ::run [ RunTime:0.000671s ]
INFO: WriteHtmlCache Behavior ::run [ RunTime:0.000462s ]
INFO: ShowRuntime Behavior ::run [ RunTime:0.000810s ]
INFO: [ view_filter ] --END-- [ RunTime:0.002947s ]
INFO: [ view_end ] --START--
INFO: ShowPageTrace Behavior ::run [ RunTime:0.001096s ]
INFO: [ view_end ] --END-- [ RunTime:0.001207s ]

[ 2016-06-14T09:23:49+08:00 ] 172.30.2.168 /fuzhong/Admin/System/
INFO: [ route_check ] --START--
INFO: CheckRoute Behavior ::run [ RunTime:0.001448s ]
INFO: [ route_check ] --END-- [ RunTime:0.001585s ]
INFO: [ app_begin ] --START--
INFO: ReadHtmlCache Behavior ::run [ RunTime:0.000954s ]
INFO: [ app_begin ] --END-- [ RunTime:0.001072s ]
INFO: [ view_parse ] --START--
INFO: ParseTemplate Behavior ::run [ RunTime:0.015422s ]
INFO: [ view_parse ] --END-- [ RunTime:0.015565s ]
INFO: [ view_filter ] --START--
INFO: ContentReplace Behavior ::run [ RunTime:0.000672s ]
INFO: TokenBuild Behavior ::run [ RunTime:0.000664s ]
INFO: WriteHtmlCache Behavior ::run [ RunTime:0.000460s ]
INFO: ShowRuntime Behavior ::run [ RunTime:0.000820s ]
INFO: [ view_filter ] --END-- [ RunTime:0.002999s ]
INFO: [ view_end ] --START--
INFO: ShowPageTrace Behavior ::run [ RunTime:0.001103s ]
INFO: [ view_end ] --END-- [ RunTime:0.001218s ]

[ 2016-06-14T09:23:55+08:00 ] 172.30.2.168 /fuzhong/Admin/Sanhao/index.html
INFO: [ route_check ] --START--
INFO: CheckRoute Behavior ::run [ RunTime:0.001451s ]
INFO: [ route_check ] --END-- [ RunTime:0.001588s ]
INFO: [ app_begin ] --START--
INFO: ReadHtmlCache Behavior ::run [ RunTime:0.000952s ]
INFO: [ app_begin ] --END-- [ RunTime:0.001069s ]
SQL: SHOW COLUMNS FROM `sanhaoguize` [ RunTime:0.007142s ]
SQL: SELECT COUNT(*) AS tp_count FROM `sanhaoguize` LIMIT 1   [ RunTime:0.000389s ]
SQL: SHOW COLUMNS FROM `sanhaoguize` [ RunTime:0.006801s ]
SQL: SHOW COLUMNS FROM `sanhaoguize` [ RunTime:0.006896s ]
SQL: SELECT * FROM `sanhaoguize` LIMIT 0,3   [ RunTime:0.000630s ]
SQL: SHOW COLUMNS FROM `nianji` [ RunTime:0.006863s ]
SQL: SELECT `ruxuenian`,`mingcheng` FROM `nianji` WHERE ( 1=1 AND id='1' ) LIMIT 1   [ RunTime:0.000600s ]
SQL: SELECT `ruxuenian`,`mingcheng` FROM `nianji` WHERE ( 1=1 AND id='1' ) LIMIT 1   [ RunTime:0.000474s ]
SQL: SELECT `ruxuenian`,`mingcheng` FROM `nianji` WHERE ( 1=1 AND id='1' ) LIMIT 1   [ RunTime:0.000502s ]
INFO: [ view_parse ] --START--
INFO: ParseTemplate Behavior ::run [ RunTime:0.019986s ]
INFO: [ view_parse ] --END-- [ RunTime:0.020147s ]
INFO: [ view_filter ] --START--
INFO: ContentReplace Behavior ::run [ RunTime:0.000658s ]
INFO: TokenBuild Behavior ::run [ RunTime:0.000672s ]
INFO: WriteHtmlCache Behavior ::run [ RunTime:0.000470s ]
INFO: ShowRuntime Behavior ::run [ RunTime:0.000812s ]
INFO: [ view_filter ] --END-- [ RunTime:0.002930s ]
INFO: [ view_end ] --START--
INFO: ShowPageTrace Behavior ::run [ RunTime:0.001081s ]
INFO: [ view_end ] --END-- [ RunTime:0.001188s ]

[ 2016-06-14T09:23:57+08:00 ] 172.30.2.168 /fuzhong/Admin/Sanhao/termList.html
INFO: [ route_check ] --START--
INFO: CheckRoute Behavior ::run [ RunTime:0.001457s ]
INFO: [ route_check ] --END-- [ RunTime:0.001594s ]
INFO: [ app_begin ] --START--
INFO: ReadHtmlCache Behavior ::run [ RunTime:0.000978s ]
INFO: [ app_begin ] --END-- [ RunTime:0.001097s ]
SQL: SHOW COLUMNS FROM `term` [ RunTime:0.006188s ]
SQL: SELECT * FROM `term` WHERE ( `status` = 1 ) LIMIT 1   [ RunTime:0.000482s ]
SQL: SHOW COLUMNS FROM `nianji` [ RunTime:0.006531s ]
SQL: SELECT * FROM `nianji`  [ RunTime:0.000475s ]
INFO: [ view_parse ] --START--
INFO: ParseTemplate Behavior ::run [ RunTime:0.016311s ]
INFO: [ view_parse ] --END-- [ RunTime:0.016477s ]
INFO: [ view_filter ] --START--
INFO: ContentReplace Behavior ::run [ RunTime:0.000631s ]
INFO: TokenBuild Behavior ::run [ RunTime:0.000661s ]
INFO: WriteHtmlCache Behavior ::run [ RunTime:0.000457s ]
INFO: ShowRuntime Behavior ::run [ RunTime:0.000812s ]
INFO: [ view_filter ] --END-- [ RunTime:0.002875s ]
INFO: [ view_end ] --START--
INFO: ShowPageTrace Behavior ::run [ RunTime:0.001083s ]
INFO: [ view_end ] --END-- [ RunTime:0.001193s ]

[ 2016-06-14T09:23:58+08:00 ] 172.30.2.168 /fuzhong/Admin/Sanhao/result/nianji/1/type/0.html
INFO: [ route_check ] --START--
INFO: CheckRoute Behavior ::run [ RunTime:0.001449s ]
INFO: [ route_check ] --END-- [ RunTime:0.001585s ]
INFO: [ app_begin ] --START--
INFO: ReadHtmlCache Behavior ::run [ RunTime:0.001009s ]
INFO: [ app_begin ] --END-- [ RunTime:0.001128s ]
SQL: SHOW COLUMNS FROM `term` [ RunTime:0.005450s ]
SQL: SELECT * FROM `term` WHERE ( `status` = 1 ) LIMIT 1   [ RunTime:0.000481s ]
SQL: SHOW COLUMNS FROM `nianji` [ RunTime:0.006228s ]
SQL: SELECT * FROM `nianji` WHERE ( `id` = 1 ) LIMIT 1   [ RunTime:0.000457s ]
SQL: SHOW COLUMNS FROM `banji` [ RunTime:0.006582s ]
SQL: SELECT * FROM `banji` WHERE ( `ruxuenian` = 2015 )  [ RunTime:0.000860s ]
SQL: SHOW COLUMNS FROM `sanhaoguize` [ RunTime:0.006450s ]
SQL: SELECT * FROM `sanhaoguize` WHERE ( `nianji` = 1 )  [ RunTime:0.000680s ]
SQL: SHOW COLUMNS FROM `sanhaojieguo` [ RunTime:0.006847s ]
SQL: SELECT * FROM `sanhaojieguo` WHERE ( `banjiid` = 19 ) AND ( `termid` = 6 )  [ RunTime:0.000410s ]
SQL: SELECT * FROM `sanhaojieguo` WHERE ( `banjiid` = 20 ) AND ( `termid` = 6 )  [ RunTime:0.000399s ]
SQL: SELECT * FROM `sanhaojieguo` WHERE ( `banjiid` = 21 ) AND ( `termid` = 6 )  [ RunTime:0.000405s ]
SQL: SELECT * FROM `sanhaojieguo` WHERE ( `banjiid` = 22 ) AND ( `termid` = 6 )  [ RunTime:0.000442s ]
SQL: SELECT * FROM `sanhaojieguo` WHERE ( `banjiid` = 23 ) AND ( `termid` = 6 )  [ RunTime:0.000390s ]
SQL: SELECT * FROM `sanhaojieguo` WHERE ( `banjiid` = 24 ) AND ( `termid` = 6 )  [ RunTime:0.000385s ]
SQL: SELECT * FROM `sanhaojieguo` WHERE ( `banjiid` = 25 ) AND ( `termid` = 6 )  [ RunTime:0.000393s ]
SQL: SELECT * FROM `sanhaojieguo` WHERE ( `banjiid` = 26 ) AND ( `termid` = 6 )  [ RunTime:0.000388s ]
SQL: SELECT * FROM `sanhaojieguo` WHERE ( `banjiid` = 27 ) AND ( `termid` = 6 )  [ RunTime:0.000391s ]
SQL: SELECT * FROM `sanhaojieguo` WHERE ( `banjiid` = 28 ) AND ( `termid` = 6 )  [ RunTime:0.000396s ]
SQL: SELECT * FROM `sanhaojieguo` WHERE ( `banjiid` = 29 ) AND ( `termid` = 6 )  [ RunTime:0.000395s ]
SQL: SELECT * FROM `sanhaojieguo` WHERE ( `banjiid` = 30 ) AND ( `termid` = 6 )  [ RunTime:0.000384s ]
SQL: SELECT * FROM `sanhaojieguo` WHERE ( `banjiid` = 31 ) AND ( `termid` = 6 )  [ RunTime:0.000383s ]
SQL: SELECT * FROM `sanhaojieguo` WHERE ( `banjiid` = 32 ) AND ( `termid` = 6 )  [ RunTime:0.000384s ]
SQL: SELECT * FROM `sanhaojieguo` WHERE ( `banjiid` = 33 ) AND ( `termid` = 6 )  [ RunTime:0.000392s ]
SQL: SELECT * FROM `sanhaojieguo` WHERE ( `banjiid` = 34 ) AND ( `termid` = 6 )  [ RunTime:0.000384s ]
SQL: SELECT * FROM `sanhaojieguo` WHERE ( `banjiid` = 35 ) AND ( `termid` = 6 )  [ RunTime:0.000390s ]
SQL: SELECT * FROM `sanhaojieguo` WHERE ( `banjiid` = 36 ) AND ( `termid` = 6 )  [ RunTime:0.000374s ]
NOTIC: [2] Invalid argument supplied for foreach() E:\wamp\www\fuzhong\App\Application\Admin\Action\SanhaoAction.class.php 第 329 行.
NOTIC: [2] Invalid argument supplied for foreach() E:\wamp\www\fuzhong\App\Application\Admin\Action\SanhaoAction.class.php 第 329 行.
NOTIC: [2] Invalid argument supplied for foreach() E:\wamp\www\fuzhong\App\Application\Admin\Action\SanhaoAction.class.php 第 329 行.
NOTIC: [2] Invalid argument supplied for foreach() E:\wamp\www\fuzhong\App\Application\Admin\Action\SanhaoAction.class.php 第 329 行.
NOTIC: [2] Invalid argument supplied for foreach() E:\wamp\www\fuzhong\App\Application\Admin\Action\SanhaoAction.class.php 第 329 行.
NOTIC: [2] Invalid argument supplied for foreach() E:\wamp\www\fuzhong\App\Application\Admin\Action\SanhaoAction.class.php 第 329 行.
NOTIC: [2] Invalid argument supplied for foreach() E:\wamp\www\fuzhong\App\Application\Admin\Action\SanhaoAction.class.php 第 329 行.
NOTIC: [2] Invalid argument supplied for foreach() E:\wamp\www\fuzhong\App\Application\Admin\Action\SanhaoAction.class.php 第 329 行.
NOTIC: [2] Invalid argument supplied for foreach() E:\wamp\www\fuzhong\App\Application\Admin\Action\SanhaoAction.class.php 第 329 行.
NOTIC: [2] Invalid argument supplied for foreach() E:\wamp\www\fuzhong\App\Application\Admin\Action\SanhaoAction.class.php 第 329 行.
NOTIC: [2] Invalid argument supplied for foreach() E:\wamp\www\fuzhong\App\Application\Admin\Action\SanhaoAction.class.php 第 329 行.
NOTIC: [2] Invalid argument supplied for foreach() E:\wamp\www\fuzhong\App\Application\Admin\Action\SanhaoAction.class.php 第 329 行.
NOTIC: [2] Invalid argument supplied for foreach() E:\wamp\www\fuzhong\App\Application\Admin\Action\SanhaoAction.class.php 第 329 行.
NOTIC: [2] Invalid argument supplied for foreach() E:\wamp\www\fuzhong\App\Application\Admin\Action\SanhaoAction.class.php 第 329 行.
NOTIC: [2] Invalid argument supplied for foreach() E:\wamp\www\fuzhong\App\Application\Admin\Action\SanhaoAction.class.php 第 329 行.
NOTIC: [2] Invalid argument supplied for foreach() E:\wamp\www\fuzhong\App\Application\Admin\Action\SanhaoAction.class.php 第 329 行.
NOTIC: [2] Invalid argument supplied for foreach() E:\wamp\www\fuzhong\App\Application\Admin\Action\SanhaoAction.class.php 第 329 行.
NOTIC: [2] Invalid argument supplied for foreach() E:\wamp\www\fuzhong\App\Application\Admin\Action\SanhaoAction.class.php 第 329 行.
INFO: [ view_parse ] --START--
NOTIC: [8] Undefined index: student E:\wamp\www\fuzhong\App\Runtime\Cache\Admin\0765d8ada66ded3d69b54a9fad98492d.php 第 17 行.
NOTIC: [8] Undefined index: student E:\wamp\www\fuzhong\App\Runtime\Cache\Admin\0765d8ada66ded3d69b54a9fad98492d.php 第 17 行.
NOTIC: [8] Undefined index: student E:\wamp\www\fuzhong\App\Runtime\Cache\Admin\0765d8ada66ded3d69b54a9fad98492d.php 第 17 行.
NOTIC: [8] Undefined index: student E:\wamp\www\fuzhong\App\Runtime\Cache\Admin\0765d8ada66ded3d69b54a9fad98492d.php 第 17 行.
NOTIC: [8] Undefined index: student E:\wamp\www\fuzhong\App\Runtime\Cache\Admin\0765d8ada66ded3d69b54a9fad98492d.php 第 17 行.
NOTIC: [8] Undefined index: student E:\wamp\www\fuzhong\App\Runtime\Cache\Admin\0765d8ada66ded3d69b54a9fad98492d.php 第 17 行.
NOTIC: [8] Undefined index: student E:\wamp\www\fuzhong\App\Runtime\Cache\Admin\0765d8ada66ded3d69b54a9fad98492d.php 第 17 行.
NOTIC: [8] Undefined index: student E:\wamp\www\fuzhong\App\Runtime\Cache\Admin\0765d8ada66ded3d69b54a9fad98492d.php 第 17 行.
NOTIC: [8] Undefined index: student E:\wamp\www\fuzhong\App\Runtime\Cache\Admin\0765d8ada66ded3d69b54a9fad98492d.php 第 17 行.
NOTIC: [8] Undefined index: student E:\wamp\www\fuzhong\App\Runtime\Cache\Admin\0765d8ada66ded3d69b54a9fad98492d.php 第 17 行.
NOTIC: [8] Undefined index: student E:\wamp\www\fuzhong\App\Runtime\Cache\Admin\0765d8ada66ded3d69b54a9fad98492d.php 第 17 行.
NOTIC: [8] Undefined index: student E:\wamp\www\fuzhong\App\Runtime\Cache\Admin\0765d8ada66ded3d69b54a9fad98492d.php 第 17 行.
NOTIC: [8] Undefined index: student E:\wamp\www\fuzhong\App\Runtime\Cache\Admin\0765d8ada66ded3d69b54a9fad98492d.php 第 17 行.
NOTIC: [8] Undefined index: student E:\wamp\www\fuzhong\App\Runtime\Cache\Admin\0765d8ada66ded3d69b54a9fad98492d.php 第 17 行.
NOTIC: [8] Undefined index: student E:\wamp\www\fuzhong\App\Runtime\Cache\Admin\0765d8ada66ded3d69b54a9fad98492d.php 第 17 行.
NOTIC: [8] Undefined index: student E:\wamp\www\fuzhong\App\Runtime\Cache\Admin\0765d8ada66ded3d69b54a9fad98492d.php 第 17 行.
NOTIC: [8] Undefined index: student E:\wamp\www\fuzhong\App\Runtime\Cache\Admin\0765d8ada66ded3d69b54a9fad98492d.php 第 17 行.
NOTIC: [8] Undefined index: student E:\wamp\www\fuzhong\App\Runtime\Cache\Admin\0765d8ada66ded3d69b54a9fad98492d.php 第 17 行.
NOTIC: [8] Undefined index: student E:\wamp\www\fuzhong\App\Runtime\Cache\Admin\0765d8ada66ded3d69b54a9fad98492d.php 第 17 行.
NOTIC: [8] Undefined index: student E:\wamp\www\fuzhong\App\Runtime\Cache\Admin\0765d8ada66ded3d69b54a9fad98492d.php 第 17 行.
NOTIC: [8] Undefined index: student E:\wamp\www\fuzhong\App\Runtime\Cache\Admin\0765d8ada66ded3d69b54a9fad98492d.php 第 17 行.
NOTIC: [8] Undefined index: student E:\wamp\www\fuzhong\App\Runtime\Cache\Admin\0765d8ada66ded3d69b54a9fad98492d.php 第 17 行.
NOTIC: [8] Undefined index: student E:\wamp\www\fuzhong\App\Runtime\Cache\Admin\0765d8ada66ded3d69b54a9fad98492d.php 第 17 行.
NOTIC: [8] Undefined index: student E:\wamp\www\fuzhong\App\Runtime\Cache\Admin\0765d8ada66ded3d69b54a9fad98492d.php 第 17 行.
NOTIC: [8] Undefined index: student E:\wamp\www\fuzhong\App\Runtime\Cache\Admin\0765d8ada66ded3d69b54a9fad98492d.php 第 17 行.
NOTIC: [8] Undefined index: student E:\wamp\www\fuzhong\App\Runtime\Cache\Admin\0765d8ada66ded3d69b54a9fad98492d.php 第 17 行.
NOTIC: [8] Undefined index: student E:\wamp\www\fuzhong\App\Runtime\Cache\Admin\0765d8ada66ded3d69b54a9fad98492d.php 第 17 行.
NOTIC: [8] Undefined index: student E:\wamp\www\fuzhong\App\Runtime\Cache\Admin\0765d8ada66ded3d69b54a9fad98492d.php 第 17 行.
NOTIC: [8] Undefined index: student E:\wamp\www\fuzhong\App\Runtime\Cache\Admin\0765d8ada66ded3d69b54a9fad98492d.php 第 17 行.
NOTIC: [8] Undefined index: student E:\wamp\www\fuzhong\App\Runtime\Cache\Admin\0765d8ada66ded3d69b54a9fad98492d.php 第 17 行.
NOTIC: [8] Undefined index: student E:\wamp\www\fuzhong\App\Runtime\Cache\Admin\0765d8ada66ded3d69b54a9fad98492d.php 第 17 行.
NOTIC: [8] Undefined index: student E:\wamp\www\fuzhong\App\Runtime\Cache\Admin\0765d8ada66ded3d69b54a9fad98492d.php 第 17 行.
NOTIC: [8] Undefined index: student E:\wamp\www\fuzhong\App\Runtime\Cache\Admin\0765d8ada66ded3d69b54a9fad98492d.php 第 17 行.
NOTIC: [8] Undefined index: student E:\wamp\www\fuzhong\App\Runtime\Cache\Admin\0765d8ada66ded3d69b54a9fad98492d.php 第 17 行.
NOTIC: [8] Undefined index: student E:\wamp\www\fuzhong\App\Runtime\Cache\Admin\0765d8ada66ded3d69b54a9fad98492d.php 第 17 行.
NOTIC: [8] Undefined index: student E:\wamp\www\fuzhong\App\Runtime\Cache\Admin\0765d8ada66ded3d69b54a9fad98492d.php 第 17 行.
NOTIC: [8] Undefined index: student E:\wamp\www\fuzhong\App\Runtime\Cache\Admin\0765d8ada66ded3d69b54a9fad98492d.php 第 17 行.
NOTIC: [8] Undefined index: student E:\wamp\www\fuzhong\App\Runtime\Cache\Admin\0765d8ada66ded3d69b54a9fad98492d.php 第 17 行.
NOTIC: [8] Undefined index: student E:\wamp\www\fuzhong\App\Runtime\Cache\Admin\0765d8ada66ded3d69b54a9fad98492d.php 第 17 行.
NOTIC: [8] Undefined index: student E:\wamp\www\fuzhong\App\Runtime\Cache\Admin\0765d8ada66ded3d69b54a9fad98492d.php 第 17 行.
NOTIC: [8] Undefined index: student E:\wamp\www\fuzhong\App\Runtime\Cache\Admin\0765d8ada66ded3d69b54a9fad98492d.php 第 17 行.
NOTIC: [8] Undefined index: student E:\wamp\www\fuzhong\App\Runtime\Cache\Admin\0765d8ada66ded3d69b54a9fad98492d.php 第 17 行.
NOTIC: [8] Undefined index: student E:\wamp\www\fuzhong\App\Runtime\Cache\Admin\0765d8ada66ded3d69b54a9fad98492d.php 第 17 行.
NOTIC: [8] Undefined index: student E:\wamp\www\fuzhong\App\Runtime\Cache\Admin\0765d8ada66ded3d69b54a9fad98492d.php 第 17 行.
NOTIC: [8] Undefined index: student E:\wamp\www\fuzhong\App\Runtime\Cache\Admin\0765d8ada66ded3d69b54a9fad98492d.php 第 17 行.
NOTIC: [8] Undefined index: student E:\wamp\www\fuzhong\App\Runtime\Cache\Admin\0765d8ada66ded3d69b54a9fad98492d.php 第 17 行.
NOTIC: [8] Undefined index: student E:\wamp\www\fuzhong\App\Runtime\Cache\Admin\0765d8ada66ded3d69b54a9fad98492d.php 第 17 行.
NOTIC: [8] Undefined index: student E:\wamp\www\fuzhong\App\Runtime\Cache\Admin\0765d8ada66ded3d69b54a9fad98492d.php 第 17 行.
NOTIC: [8] Undefined index: student E:\wamp\www\fuzhong\App\Runtime\Cache\Admin\0765d8ada66ded3d69b54a9fad98492d.php 第 17 行.
NOTIC: [8] Undefined index: student E:\wamp\www\fuzhong\App\Runtime\Cache\Admin\0765d8ada66ded3d69b54a9fad98492d.php 第 17 行.
NOTIC: [8] Undefined index: student E:\wamp\www\fuzhong\App\Runtime\Cache\Admin\0765d8ada66ded3d69b54a9fad98492d.php 第 17 行.
NOTIC: [8] Undefined index: student E:\wamp\www\fuzhong\App\Runtime\Cache\Admin\0765d8ada66ded3d69b54a9fad98492d.php 第 17 行.
NOTIC: [8] Undefined index: student E:\wamp\www\fuzhong\App\Runtime\Cache\Admin\0765d8ada66ded3d69b54a9fad98492d.php 第 17 行.
NOTIC: [8] Undefined index: student E:\wamp\www\fuzhong\App\Runtime\Cache\Admin\0765d8ada66ded3d69b54a9fad98492d.php 第 17 行.
INFO: ParseTemplate Behavior ::run [ RunTime:0.021379s ]
INFO: [ view_parse ] --END-- [ RunTime:0.021497s ]
INFO: [ view_filter ] --START--
INFO: ContentReplace Behavior ::run [ RunTime:0.000680s ]
INFO: TokenBuild Behavior ::run [ RunTime:0.000655s ]
INFO: WriteHtmlCache Behavior ::run [ RunTime:0.000450s ]
INFO: ShowRuntime Behavior ::run [ RunTime:0.000810s ]
INFO: [ view_filter ] --END-- [ RunTime:0.002905s ]
INFO: [ view_end ] --START--
INFO: ShowPageTrace Behavior ::run [ RunTime:0.001076s ]
INFO: [ view_end ] --END-- [ RunTime:0.001187s ]

[ 2016-06-14T09:24:08+08:00 ] 172.30.2.168 /fuzhong/Admin/Renke/renke.html
INFO: [ route_check ] --START--
INFO: CheckRoute Behavior ::run [ RunTime:0.001456s ]
INFO: [ route_check ] --END-- [ RunTime:0.001594s ]
INFO: [ app_begin ] --START--
INFO: ReadHtmlCache Behavior ::run [ RunTime:0.000960s ]
INFO: [ app_begin ] --END-- [ RunTime:0.001079s ]
SQL: SHOW COLUMNS FROM `nianji` [ RunTime:0.005526s ]
SQL: SELECT * FROM `nianji` ORDER BY ruxuenian desc  [ RunTime:0.000557s ]
SQL: SHOW COLUMNS FROM `banji` [ RunTime:0.005868s ]
SQL: SELECT * FROM `banji` WHERE ( `ruxuenian` = 2015 ) ORDER BY banji asc  [ RunTime:0.000756s ]
SQL: SELECT * FROM `banji` WHERE ( `ruxuenian` = 2014 ) ORDER BY banji asc  [ RunTime:0.000730s ]
SQL: SELECT * FROM `banji` WHERE ( `ruxuenian` = 2013 ) ORDER BY banji asc  [ RunTime:0.000467s ]
SQL: SHOW COLUMNS FROM `teacher` [ RunTime:0.006720s ]
SQL: SELECT * FROM `teacher` ORDER BY xid ASC  [ RunTime:0.000389s ]
SQL: SHOW COLUMNS FROM `term` [ RunTime:0.006961s ]
SQL: SELECT * FROM `term` WHERE ( status = 1 ) LIMIT 1   [ RunTime:0.000446s ]
INFO: [ view_parse ] --START--
NOTIC: [8] Undefined variable: bname E:\wamp\www\fuzhong\App\Runtime\Cache\Admin\8125fb37cc00aded84905d570b76ef23.php 第 99 行.
NOTIC: [8] Undefined variable: bid E:\wamp\www\fuzhong\App\Runtime\Cache\Admin\8125fb37cc00aded84905d570b76ef23.php 第 99 行.
NOTIC: [8] Undefined variable: renke E:\wamp\www\fuzhong\App\Runtime\Cache\Admin\8125fb37cc00aded84905d570b76ef23.php 第 115 行.
INFO: ParseTemplate Behavior ::run [ RunTime:0.025594s ]
INFO: [ view_parse ] --END-- [ RunTime:0.025712s ]
INFO: [ view_filter ] --START--
INFO: ContentReplace Behavior ::run [ RunTime:0.000698s ]
INFO: TokenBuild Behavior ::run [ RunTime:0.000662s ]
INFO: WriteHtmlCache Behavior ::run [ RunTime:0.000451s ]
INFO: ShowRuntime Behavior ::run [ RunTime:0.000822s ]
INFO: [ view_filter ] --END-- [ RunTime:0.002934s ]
INFO: [ view_end ] --START--
INFO: ShowPageTrace Behavior ::run [ RunTime:0.001109s ]
INFO: [ view_end ] --END-- [ RunTime:0.001216s ]

