[ 2016-09-01T10:37:49+08:00 ] 172.129.4.69 /fuzhong/
INFO: [ app_begin ] --START--
INFO: ReadHtmlCache Behavior ::run [ RunTime:0.001244s ]
INFO: [ app_begin ] --END-- [ RunTime:0.001393s ]
SQL: SHOW COLUMNS FROM `term` [ RunTime:0.015941s ]
SQL: SELECT * FROM `term` WHERE ( `status` = 1 ) LIMIT 1   [ RunTime:0.000587s ]
INFO: [ view_parse ] --START--
INFO: ParseTemplate Behavior ::run [ RunTime:0.018096s ]
INFO: [ view_parse ] --END-- [ RunTime:0.018231s ]
INFO: [ view_filter ] --START--
INFO: ContentReplace Behavior ::run [ RunTime:0.000771s ]
INFO: TokenBuild Behavior ::run [ RunTime:0.000796s ]
INFO: WriteHtmlCache Behavior ::run [ RunTime:0.000586s ]
INFO: ShowRuntime Behavior ::run [ RunTime:0.000930s ]
INFO: [ view_filter ] --END-- [ RunTime:0.003397s ]
INFO: [ view_end ] --START--
INFO: ShowPageTrace Behavior ::run [ RunTime:0.001197s ]
INFO: [ view_end ] --END-- [ RunTime:0.001306s ]

[ 2016-09-01T10:37:53+08:00 ] 172.129.4.69 /fuzhong/Admin
INFO: [ route_check ] --START--
INFO: CheckRoute Behavior ::run [ RunTime:0.001717s ]
INFO: [ route_check ] --END-- [ RunTime:0.001855s ]
INFO: [ app_begin ] --START--
INFO: ReadHtmlCache Behavior ::run [ RunTime:0.001080s ]
INFO: [ app_begin ] --END-- [ RunTime:0.001205s ]
INFO: [ view_parse ] --START--
INFO: ParseTemplate Behavior ::run [ RunTime:0.017030s ]
INFO: [ view_parse ] --END-- [ RunTime:0.017184s ]
INFO: [ view_filter ] --START--
INFO: ContentReplace Behavior ::run [ RunTime:0.000755s ]
INFO: TokenBuild Behavior ::run [ RunTime:0.000830s ]
INFO: WriteHtmlCache Behavior ::run [ RunTime:0.000589s ]
INFO: ShowRuntime Behavior ::run [ RunTime:0.000932s ]
INFO: [ view_filter ] --END-- [ RunTime:0.003419s ]
INFO: [ view_end ] --START--
INFO: ShowPageTrace Behavior ::run [ RunTime:0.001239s ]
INFO: [ view_end ] --END-- [ RunTime:0.001351s ]

[ 2016-09-01T10:37:55+08:00 ] 172.129.4.69 /fuzhong/Admin/Login/index.html
INFO: [ route_check ] --START--
INFO: CheckRoute Behavior ::run [ RunTime:0.001442s ]
INFO: [ route_check ] --END-- [ RunTime:0.001582s ]
INFO: [ app_begin ] --START--
INFO: ReadHtmlCache Behavior ::run [ RunTime:0.000954s ]
INFO: [ app_begin ] --END-- [ RunTime:0.001075s ]
INFO: [ view_parse ] --START--
INFO: ParseTemplate Behavior ::run [ RunTime:0.016842s ]
INFO: [ view_parse ] --END-- [ RunTime:0.016993s ]
INFO: [ view_filter ] --START--
INFO: ContentReplace Behavior ::run [ RunTime:0.000643s ]
INFO: TokenBuild Behavior ::run [ RunTime:0.000667s ]
INFO: WriteHtmlCache Behavior ::run [ RunTime:0.000463s ]
INFO: ShowRuntime Behavior ::run [ RunTime:0.000808s ]
INFO: [ view_filter ] --END-- [ RunTime:0.002888s ]
INFO: [ view_end ] --START--
INFO: ShowPageTrace Behavior ::run [ RunTime:0.001159s ]
INFO: [ view_end ] --END-- [ RunTime:0.001270s ]

[ 2016-09-01T10:37:55+08:00 ] 172.129.4.69 /fuzhong/Admin/Login/verify.html
INFO: [ route_check ] --START--
INFO: CheckRoute Behavior ::run [ RunTime:0.001608s ]
INFO: [ route_check ] --END-- [ RunTime:0.001747s ]
INFO: [ app_begin ] --START--
INFO: ReadHtmlCache Behavior ::run [ RunTime:0.000978s ]
INFO: [ app_begin ] --END-- [ RunTime:0.001096s ]

[ 2016-09-01T10:37:57+08:00 ] 172.129.4.69 /fuzhong/Admin/Login/checkusername.html
INFO: [ route_check ] --START--
INFO: CheckRoute Behavior ::run [ RunTime:0.001442s ]
INFO: [ route_check ] --END-- [ RunTime:0.001581s ]
INFO: [ app_begin ] --START--
INFO: ReadHtmlCache Behavior ::run [ RunTime:0.000958s ]
INFO: [ app_begin ] --END-- [ RunTime:0.001065s ]
ERR: 非法操作:checkusername

[ 2016-09-01T10:37:57+08:00 ] 172.129.4.69 /fuzhong/Admin/Login/checkpassword.html
INFO: [ route_check ] --START--
INFO: CheckRoute Behavior ::run [ RunTime:0.001431s ]
INFO: [ route_check ] --END-- [ RunTime:0.001568s ]
INFO: [ app_begin ] --START--
INFO: ReadHtmlCache Behavior ::run [ RunTime:0.000959s ]
INFO: [ app_begin ] --END-- [ RunTime:0.001066s ]
ERR: 非法操作:checkpassword

[ 2016-09-01T10:38:00+08:00 ] 172.129.4.69 /fuzhong/Admin/Login/checkusername.html
INFO: [ route_check ] --START--
INFO: CheckRoute Behavior ::run [ RunTime:0.001481s ]
INFO: [ route_check ] --END-- [ RunTime:0.001625s ]
INFO: [ app_begin ] --START--
INFO: ReadHtmlCache Behavior ::run [ RunTime:0.001010s ]
INFO: [ app_begin ] --END-- [ RunTime:0.001118s ]
ERR: 非法操作:checkusername

[ 2016-09-01T10:38:00+08:00 ] 172.129.4.69 /fuzhong/Admin/Login/checkpassword.html
INFO: [ route_check ] --START--
INFO: CheckRoute Behavior ::run [ RunTime:0.001814s ]
INFO: [ route_check ] --END-- [ RunTime:0.001962s ]
INFO: [ app_begin ] --START--
INFO: ReadHtmlCache Behavior ::run [ RunTime:0.001125s ]
INFO: [ app_begin ] --END-- [ RunTime:0.001240s ]
ERR: 非法操作:checkpassword

[ 2016-09-01T10:38:00+08:00 ] 172.129.4.69 /fuzhong/Admin/Login/login.html
INFO: [ route_check ] --START--
INFO: CheckRoute Behavior ::run [ RunTime:0.001619s ]
INFO: [ route_check ] --END-- [ RunTime:0.001770s ]
INFO: [ app_begin ] --START--
INFO: ReadHtmlCache Behavior ::run [ RunTime:0.001025s ]
INFO: [ app_begin ] --END-- [ RunTime:0.001146s ]
SQL: SHOW COLUMNS FROM `admin` [ RunTime:0.015715s ]
SQL: SELECT * FROM `admin` WHERE ( `username` = 'admin' ) LIMIT 1   [ RunTime:0.000588s ]

[ 2016-09-01T10:38:00+08:00 ] 172.129.4.69 /fuzhong/Admin/Index/index.html
INFO: [ route_check ] --START--
INFO: CheckRoute Behavior ::run [ RunTime:0.001429s ]
INFO: [ route_check ] --END-- [ RunTime:0.001562s ]
INFO: [ app_begin ] --START--
INFO: ReadHtmlCache Behavior ::run [ RunTime:0.000952s ]
INFO: [ app_begin ] --END-- [ RunTime:0.001069s ]
INFO: [ view_parse ] --START--
INFO: ParseTemplate Behavior ::run [ RunTime:0.024835s ]
INFO: [ view_parse ] --END-- [ RunTime:0.024982s ]
INFO: [ view_filter ] --START--
INFO: ContentReplace Behavior ::run [ RunTime:0.000660s ]
INFO: TokenBuild Behavior ::run [ RunTime:0.000647s ]
INFO: WriteHtmlCache Behavior ::run [ RunTime:0.000451s ]
INFO: ShowRuntime Behavior ::run [ RunTime:0.000785s ]
INFO: [ view_filter ] --END-- [ RunTime:0.002845s ]
INFO: [ view_end ] --START--
INFO: ShowPageTrace Behavior ::run [ RunTime:0.001048s ]
INFO: [ view_end ] --END-- [ RunTime:0.001155s ]

[ 2016-09-01T10:38:00+08:00 ] 172.129.4.69 /fuzhong/Admin/System/index.html
INFO: [ route_check ] --START--
INFO: CheckRoute Behavior ::run [ RunTime:0.001436s ]
INFO: [ route_check ] --END-- [ RunTime:0.001573s ]
INFO: [ app_begin ] --START--
INFO: ReadHtmlCache Behavior ::run [ RunTime:0.001061s ]
INFO: [ app_begin ] --END-- [ RunTime:0.001215s ]
INFO: [ view_parse ] --START--
INFO: ParseTemplate Behavior ::run [ RunTime:0.019220s ]
INFO: [ view_parse ] --END-- [ RunTime:0.019365s ]
INFO: [ view_filter ] --START--
INFO: ContentReplace Behavior ::run [ RunTime:0.000674s ]
INFO: TokenBuild Behavior ::run [ RunTime:0.000676s ]
INFO: WriteHtmlCache Behavior ::run [ RunTime:0.000479s ]
INFO: ShowRuntime Behavior ::run [ RunTime:0.000807s ]
INFO: [ view_filter ] --END-- [ RunTime:0.002974s ]
INFO: [ view_end ] --START--
INFO: ShowPageTrace Behavior ::run [ RunTime:0.001092s ]
INFO: [ view_end ] --END-- [ RunTime:0.001207s ]

[ 2016-09-01T10:38:01+08:00 ] 172.129.4.69 /fuzhong/Admin/System/
INFO: [ route_check ] --START--
INFO: CheckRoute Behavior ::run [ RunTime:0.001445s ]
INFO: [ route_check ] --END-- [ RunTime:0.001582s ]
INFO: [ app_begin ] --START--
INFO: ReadHtmlCache Behavior ::run [ RunTime:0.000964s ]
INFO: [ app_begin ] --END-- [ RunTime:0.001084s ]
INFO: [ view_parse ] --START--
INFO: ParseTemplate Behavior ::run [ RunTime:0.020001s ]
INFO: [ view_parse ] --END-- [ RunTime:0.020149s ]
INFO: [ view_filter ] --START--
INFO: ContentReplace Behavior ::run [ RunTime:0.000813s ]
INFO: TokenBuild Behavior ::run [ RunTime:0.000800s ]
INFO: WriteHtmlCache Behavior ::run [ RunTime:0.000596s ]
INFO: ShowRuntime Behavior ::run [ RunTime:0.000985s ]
INFO: [ view_filter ] --END-- [ RunTime:0.003556s ]
INFO: [ view_end ] --START--
INFO: ShowPageTrace Behavior ::run [ RunTime:0.001233s ]
INFO: [ view_end ] --END-- [ RunTime:0.001345s ]

[ 2016-09-01T10:38:06+08:00 ] 172.129.4.69 /fuzhong/Admin/Enrollment/index.html
INFO: [ route_check ] --START--
INFO: CheckRoute Behavior ::run [ RunTime:0.001450s ]
INFO: [ route_check ] --END-- [ RunTime:0.001611s ]
INFO: [ app_begin ] --START--
INFO: ReadHtmlCache Behavior ::run [ RunTime:0.001005s ]
INFO: [ app_begin ] --END-- [ RunTime:0.001123s ]
SQL: SHOW COLUMNS FROM `enrollment` [ RunTime:0.015676s ]
SQL: SELECT COUNT(*) AS tp_count FROM `enrollment` LIMIT 1   [ RunTime:0.000599s ]
SQL: SHOW COLUMNS FROM `enrollment` [ RunTime:0.015562s ]
SQL: SELECT * FROM `enrollment` WHERE ( 1=1 ) ORDER BY id DESC LIMIT 0,10   [ RunTime:0.000603s ]
INFO: [ view_parse ] --START--
INFO: ParseTemplate Behavior ::run [ RunTime:0.025084s ]
INFO: [ view_parse ] --END-- [ RunTime:0.025218s ]
INFO: [ view_filter ] --START--
INFO: ContentReplace Behavior ::run [ RunTime:0.000696s ]
INFO: TokenBuild Behavior ::run [ RunTime:0.000663s ]
INFO: WriteHtmlCache Behavior ::run [ RunTime:0.000458s ]
INFO: ShowRuntime Behavior ::run [ RunTime:0.000814s ]
INFO: [ view_filter ] --END-- [ RunTime:0.002939s ]
INFO: [ view_end ] --START--
INFO: ShowPageTrace Behavior ::run [ RunTime:0.001072s ]
INFO: [ view_end ] --END-- [ RunTime:0.001183s ]

[ 2016-09-01T10:38:09+08:00 ] 172.129.4.69 /fuzhong/Admin/Enrollment/chakanType/id/8.html
INFO: [ route_check ] --START--
INFO: CheckRoute Behavior ::run [ RunTime:0.001441s ]
INFO: [ route_check ] --END-- [ RunTime:0.001578s ]
INFO: [ app_begin ] --START--
INFO: ReadHtmlCache Behavior ::run [ RunTime:0.000954s ]
INFO: [ app_begin ] --END-- [ RunTime:0.001073s ]
INFO: [ view_parse ] --START--
INFO: ParseTemplate Behavior ::run [ RunTime:0.017740s ]
INFO: [ view_parse ] --END-- [ RunTime:0.017888s ]
INFO: [ view_filter ] --START--
INFO: ContentReplace Behavior ::run [ RunTime:0.000620s ]
INFO: TokenBuild Behavior ::run [ RunTime:0.000668s ]
INFO: WriteHtmlCache Behavior ::run [ RunTime:0.000465s ]
INFO: ShowRuntime Behavior ::run [ RunTime:0.000810s ]
INFO: [ view_filter ] --END-- [ RunTime:0.002881s ]
INFO: [ view_end ] --START--
INFO: ShowPageTrace Behavior ::run [ RunTime:0.001085s ]
INFO: [ view_end ] --END-- [ RunTime:0.001195s ]

[ 2016-09-01T10:38:11+08:00 ] 172.129.4.69 /fuzhong/Admin/Enrollment/chakan/type/1/id/8.html
INFO: [ route_check ] --START--
INFO: CheckRoute Behavior ::run [ RunTime:0.001446s ]
INFO: [ route_check ] --END-- [ RunTime:0.001582s ]
INFO: [ app_begin ] --START--
INFO: ReadHtmlCache Behavior ::run [ RunTime:0.000955s ]
INFO: [ app_begin ] --END-- [ RunTime:0.001076s ]
SQL: SHOW COLUMNS FROM `term` [ RunTime:0.015644s ]
SQL: SELECT `id` FROM `term` WHERE ( `status` = 1 ) LIMIT 1   [ RunTime:0.000513s ]
SQL: SHOW COLUMNS FROM `enrollment` [ RunTime:0.015511s ]
SQL: SELECT * FROM `enrollment` WHERE ( `id` = 8 ) LIMIT 1   [ RunTime:0.000560s ]
SQL: SHOW COLUMNS FROM `nianji` [ RunTime:0.015679s ]
NOTIC: [8] Undefined index: mapping_order E:\wamp\www\fuzhong\ThinkPHP\Extend\Model\RelationModel.class.php 第 188 行.
NOTIC: [8] Undefined index: mapping_limit E:\wamp\www\fuzhong\ThinkPHP\Extend\Model\RelationModel.class.php 第 189 行.
SQL: SELECT b.* FROM enrollment_nianji AS a, nianji AS b WHERE a.nianji_id = b.id AND a. enrollment_id='8' [ RunTime:0.000793s ]
SQL: SHOW COLUMNS FROM `enrollment_content` [ RunTime:0.015956s ]
SQL: SELECT * FROM `enrollment_content` WHERE ( status=1 AND eid='8' )  [ RunTime:0.000732s ]
SQL: SHOW COLUMNS FROM `enrollment_hebing` [ RunTime:0.015708s ]
SQL: SELECT * FROM `enrollment_hebing` WHERE ( 1=1 AND eid='8' )  [ RunTime:0.000485s ]
SQL: SHOW COLUMNS FROM `banji` [ RunTime:0.015446s ]
SQL: SELECT `id` FROM `banji` WHERE ( `ruxuenian` = 2015 )  [ RunTime:0.000653s ]
SQL: SHOW COLUMNS FROM `enrollment_list` [ RunTime:0.015424s ]
SQL: SELECT `sid` FROM `enrollment_list` WHERE ( `bid` IN ('19','20','21','22','23','24','25','26','27','28','29','30','31','32','33','34','35','36') ) AND ( `cid` = 2 ) AND ( `eid` = 8 ) AND ( `tid` = 6 )  [ RunTime:0.001023s ]
SQL: SHOW COLUMNS FROM `student` [ RunTime:0.016039s ]
SQL: SELECT * FROM `student` WHERE ( `id` IN ('33','34','37','185','186','187','211','212','213','458','459','460','488','491','499','599','600','602','631','633','636','644','645','647','674','673','677','692','695','698','717','720','723','740','768','770','773','783','784','785','814','816','818','735','736','1','2','3','47','48','49') )  [ RunTime:0.001402s ]
SQL: SELECT `sid` FROM `enrollment_list` WHERE ( `bid` IN ('19','20','21','22','23','24','25','26','27','28','29','30','31','32','33','34','35','36') ) AND ( `cid` = 3 ) AND ( `eid` = 8 ) AND ( `tid` = 6 )  [ RunTime:0.000817s ]
SQL: SELECT * FROM `student` WHERE ( `id` IN ('1','2','3','38','40','42','190','192','195','212','214','217','458','460','461','490','492','495','612','613','616','634','636','639','646','648','651','674','676','678','693','695','697','719','722','725','738','740','743','769','771','774','784','787','790','816','818','820') )  [ RunTime:0.001241s ]
SQL: SELECT `sid` FROM `enrollment_list` WHERE ( `bid` IN ('19','20','21','22','23','24','25','26','27','28','29','30','31','32','33','34','35','36') ) AND ( `cid` = 4 ) AND ( `eid` = 8 ) AND ( `tid` = 6 )  [ RunTime:0.000797s ]
SQL: SELECT * FROM `student` WHERE ( `id` IN ('11','10','9','33','36','42','189','191','193','214','216','218','466','471','475','493','495','497','621','622','623','632','634','633','646','650','654','675','677','681','709','707','706','722','724','727','739','741','744','770','772','774','786','788','791','819','821','823') )  [ RunTime:0.001216s ]
SQL: SELECT `sid` FROM `enrollment_list` WHERE ( `bid` IN ('19','20','21','22','23','24','25','26','27','28','29','30','31','32','33','34','35','36') ) AND ( `cid` = 5 ) AND ( `eid` = 8 ) AND ( `tid` = 6 )  [ RunTime:0.000783s ]
SQL: SELECT * FROM `student` WHERE ( `id` IN ('6','7','9','38','36','34','206','205','204','215','217','220','475','477','478','499','496','501','602','604','607','631','638','640','650','652','655','681','683','686','698','699','702','721','723','725','738','744','746','769','771','777','783','789','791','824','825','827') )  [ RunTime:0.001222s ]
SQL: SELECT `id` FROM `banji` WHERE ( `ruxuenian` = 2014 )  [ RunTime:0.000471s ]
SQL: SELECT `sid` FROM `enrollment_list` WHERE ( `bid` IN ('1','2','3','4','5','6','7','8','9','10','11','12','13','14','15','16','17','18') ) AND ( `cid` = 2 ) AND ( `eid` = 8 ) AND ( `tid` = 6 )  [ RunTime:0.000615s ]
NOTIC: [2] implode() [<a href='function.implode'>function.implode</a>]: Invalid arguments passed E:\wamp\www\fuzhong\ThinkPHP\Lib\Core\Db.class.php 第 497 行.
SQL: SELECT * FROM `student` WHERE ( `id` IN () )  [ RunTime:0.000202s ]
ERR: 1064:You have an error in your SQL syntax; check the manual that corresponds to your MySQL server version for the right syntax to use near ') )' at line 1
 [ SQL语句 ] : SELECT * FROM `student` WHERE ( `id` IN () ) 
SQL: SELECT `sid` FROM `enrollment_list` WHERE ( `bid` IN ('1','2','3','4','5','6','7','8','9','10','11','12','13','14','15','16','17','18') ) AND ( `cid` = 3 ) AND ( `eid` = 8 ) AND ( `tid` = 6 )  [ RunTime:0.000620s ]
NOTIC: [2] implode() [<a href='function.implode'>function.implode</a>]: Invalid arguments passed E:\wamp\www\fuzhong\ThinkPHP\Lib\Core\Db.class.php 第 497 行.
SQL: SELECT * FROM `student` WHERE ( `id` IN () )  [ RunTime:0.000195s ]
ERR: 1064:You have an error in your SQL syntax; check the manual that corresponds to your MySQL server version for the right syntax to use near ') )' at line 1
 [ SQL语句 ] : SELECT * FROM `student` WHERE ( `id` IN () ) 
SQL: SELECT `sid` FROM `enrollment_list` WHERE ( `bid` IN ('1','2','3','4','5','6','7','8','9','10','11','12','13','14','15','16','17','18') ) AND ( `cid` = 4 ) AND ( `eid` = 8 ) AND ( `tid` = 6 )  [ RunTime:0.000594s ]
NOTIC: [2] implode() [<a href='function.implode'>function.implode</a>]: Invalid arguments passed E:\wamp\www\fuzhong\ThinkPHP\Lib\Core\Db.class.php 第 497 行.
SQL: SELECT * FROM `student` WHERE ( `id` IN () )  [ RunTime:0.000194s ]
ERR: 1064:You have an error in your SQL syntax; check the manual that corresponds to your MySQL server version for the right syntax to use near ') )' at line 1
 [ SQL语句 ] : SELECT * FROM `student` WHERE ( `id` IN () ) 
SQL: SELECT `sid` FROM `enrollment_list` WHERE ( `bid` IN ('1','2','3','4','5','6','7','8','9','10','11','12','13','14','15','16','17','18') ) AND ( `cid` = 5 ) AND ( `eid` = 8 ) AND ( `tid` = 6 )  [ RunTime:0.000608s ]
NOTIC: [2] implode() [<a href='function.implode'>function.implode</a>]: Invalid arguments passed E:\wamp\www\fuzhong\ThinkPHP\Lib\Core\Db.class.php 第 497 行.
SQL: SELECT * FROM `student` WHERE ( `id` IN () )  [ RunTime:0.000197s ]
ERR: 1064:You have an error in your SQL syntax; check the manual that corresponds to your MySQL server version for the right syntax to use near ') )' at line 1
 [ SQL语句 ] : SELECT * FROM `student` WHERE ( `id` IN () ) 
NOTIC: [8] Undefined variable: hebing E:\wamp\www\fuzhong\App\Application\Admin\Action\EnrollmentAction.class.php 第 273 行.
NOTIC: [8] Uninitialized string offset: 0 E:\wamp\www\fuzhong\App\Application\Admin\Action\EnrollmentAction.class.php 第 273 行.
NOTIC: [8] Undefined variable: hebing E:\wamp\www\fuzhong\App\Application\Admin\Action\EnrollmentAction.class.php 第 273 行.
NOTIC: [8] Uninitialized string offset: 0 E:\wamp\www\fuzhong\App\Application\Admin\Action\EnrollmentAction.class.php 第 273 行.
NOTIC: [8] Uninitialized string offset: 0 E:\wamp\www\fuzhong\App\Application\Admin\Action\EnrollmentAction.class.php 第 280 行.
NOTIC: [8] Uninitialized string offset: 0 E:\wamp\www\fuzhong\App\Application\Admin\Action\EnrollmentAction.class.php 第 280 行.
NOTIC: [8] Undefined offset: 27 E:\wamp\www\fuzhong\App\Application\Admin\Action\EnrollmentAction.class.php 第 1131 行.
NOTIC: [8] Undefined offset: 28 E:\wamp\www\fuzhong\App\Application\Admin\Action\EnrollmentAction.class.php 第 1131 行.
NOTIC: [8] Undefined offset: 29 E:\wamp\www\fuzhong\App\Application\Admin\Action\EnrollmentAction.class.php 第 1131 行.
NOTIC: [8] Undefined offset: 30 E:\wamp\www\fuzhong\App\Application\Admin\Action\EnrollmentAction.class.php 第 1131 行.
NOTIC: [8] Undefined offset: 31 E:\wamp\www\fuzhong\App\Application\Admin\Action\EnrollmentAction.class.php 第 1131 行.
NOTIC: [8] Uninitialized string offset: 0 E:\wamp\www\fuzhong\App\Application\Admin\Action\EnrollmentAction.class.php 第 544 行.
NOTIC: [8] Uninitialized string offset: 0 E:\wamp\www\fuzhong\App\Application\Admin\Action\EnrollmentAction.class.php 第 546 行.
NOTIC: [8] Uninitialized string offset: 0 E:\wamp\www\fuzhong\App\Application\Admin\Action\EnrollmentAction.class.php 第 662 行.
NOTIC: [2] Invalid argument supplied for foreach() E:\wamp\www\fuzhong\App\Application\Admin\Action\EnrollmentAction.class.php 第 553 行.
NOTIC: [2] Invalid argument supplied for foreach() E:\wamp\www\fuzhong\App\Application\Admin\Action\EnrollmentAction.class.php 第 553 行.
NOTIC: [2] Invalid argument supplied for foreach() E:\wamp\www\fuzhong\App\Application\Admin\Action\EnrollmentAction.class.php 第 553 行.
NOTIC: [2] Invalid argument supplied for foreach() E:\wamp\www\fuzhong\App\Application\Admin\Action\EnrollmentAction.class.php 第 667 行.
NOTIC: [8] Uninitialized string offset: 0 E:\wamp\www\fuzhong\App\Application\Admin\Action\EnrollmentAction.class.php 第 544 行.
NOTIC: [8] Uninitialized string offset: 0 E:\wamp\www\fuzhong\App\Application\Admin\Action\EnrollmentAction.class.php 第 546 行.
NOTIC: [8] Uninitialized string offset: 0 E:\wamp\www\fuzhong\App\Application\Admin\Action\EnrollmentAction.class.php 第 662 行.
INFO: [ view_parse ] --START--
NOTIC: [8] Undefined variable: pageName E:\wamp\www\fuzhong\App\Runtime\Cache\Admin\18055a5e5f0337bb14a3ccb14622b8cc.php 第 5 行.
NOTIC: [8] Use of undefined constant i - assumed 'i' E:\wamp\www\fuzhong\App\Runtime\Cache\Admin\18055a5e5f0337bb14a3ccb14622b8cc.php 第 58 行.
NOTIC: [8] Uninitialized string offset: 0 E:\wamp\www\fuzhong\App\Runtime\Cache\Admin\18055a5e5f0337bb14a3ccb14622b8cc.php 第 65 行.
NOTIC: [8] Uninitialized string offset: 0 E:\wamp\www\fuzhong\App\Runtime\Cache\Admin\18055a5e5f0337bb14a3ccb14622b8cc.php 第 65 行.
NOTIC: [8] Uninitialized string offset: 0 E:\wamp\www\fuzhong\App\Runtime\Cache\Admin\18055a5e5f0337bb14a3ccb14622b8cc.php 第 65 行.
NOTIC: [8] Uninitialized string offset: 0 E:\wamp\www\fuzhong\App\Runtime\Cache\Admin\18055a5e5f0337bb14a3ccb14622b8cc.php 第 65 行.
NOTIC: [8] Uninitialized string offset: 0 E:\wamp\www\fuzhong\App\Runtime\Cache\Admin\18055a5e5f0337bb14a3ccb14622b8cc.php 第 65 行.
NOTIC: [8] Uninitialized string offset: 0 E:\wamp\www\fuzhong\App\Runtime\Cache\Admin\18055a5e5f0337bb14a3ccb14622b8cc.php 第 65 行.
NOTIC: [8] Undefined offset: 30 E:\wamp\www\fuzhong\App\Runtime\Cache\Admin\18055a5e5f0337bb14a3ccb14622b8cc.php 第 65 行.
NOTIC: [8] Undefined offset: 30 E:\wamp\www\fuzhong\App\Runtime\Cache\Admin\18055a5e5f0337bb14a3ccb14622b8cc.php 第 65 行.
NOTIC: [8] Undefined offset: 31 E:\wamp\www\fuzhong\App\Runtime\Cache\Admin\18055a5e5f0337bb14a3ccb14622b8cc.php 第 65 行.
NOTIC: [8] Undefined offset: 31 E:\wamp\www\fuzhong\App\Runtime\Cache\Admin\18055a5e5f0337bb14a3ccb14622b8cc.php 第 65 行.
NOTIC: [8] Use of undefined constant i - assumed 'i' E:\wamp\www\fuzhong\App\Runtime\Cache\Admin\18055a5e5f0337bb14a3ccb14622b8cc.php 第 94 行.
NOTIC: [8] Use of undefined constant i - assumed 'i' E:\wamp\www\fuzhong\App\Runtime\Cache\Admin\18055a5e5f0337bb14a3ccb14622b8cc.php 第 94 行.
NOTIC: [8] Use of undefined constant i - assumed 'i' E:\wamp\www\fuzhong\App\Runtime\Cache\Admin\18055a5e5f0337bb14a3ccb14622b8cc.php 第 94 行.
NOTIC: [8] Uninitialized string offset: 0 E:\wamp\www\fuzhong\App\Runtime\Cache\Admin\18055a5e5f0337bb14a3ccb14622b8cc.php 第 101 行.
NOTIC: [8] Uninitialized string offset: 0 E:\wamp\www\fuzhong\App\Runtime\Cache\Admin\18055a5e5f0337bb14a3ccb14622b8cc.php 第 101 行.
NOTIC: [8] Uninitialized string offset: 0 E:\wamp\www\fuzhong\App\Runtime\Cache\Admin\18055a5e5f0337bb14a3ccb14622b8cc.php 第 101 行.
NOTIC: [8] Uninitialized string offset: 0 E:\wamp\www\fuzhong\App\Runtime\Cache\Admin\18055a5e5f0337bb14a3ccb14622b8cc.php 第 101 行.
NOTIC: [8] Uninitialized string offset: 0 E:\wamp\www\fuzhong\App\Runtime\Cache\Admin\18055a5e5f0337bb14a3ccb14622b8cc.php 第 101 行.
NOTIC: [8] Uninitialized string offset: 0 E:\wamp\www\fuzhong\App\Runtime\Cache\Admin\18055a5e5f0337bb14a3ccb14622b8cc.php 第 101 行.
NOTIC: [8] Uninitialized string offset: 0 E:\wamp\www\fuzhong\App\Runtime\Cache\Admin\18055a5e5f0337bb14a3ccb14622b8cc.php 第 101 行.
NOTIC: [8] Uninitialized string offset: 0 E:\wamp\www\fuzhong\App\Runtime\Cache\Admin\18055a5e5f0337bb14a3ccb14622b8cc.php 第 101 行.
NOTIC: [8] Uninitialized string offset: 0 E:\wamp\www\fuzhong\App\Runtime\Cache\Admin\18055a5e5f0337bb14a3ccb14622b8cc.php 第 101 行.
NOTIC: [8] Uninitialized string offset: 0 E:\wamp\www\fuzhong\App\Runtime\Cache\Admin\18055a5e5f0337bb14a3ccb14622b8cc.php 第 101 行.
NOTIC: [8] Use of undefined constant i - assumed 'i' E:\wamp\www\fuzhong\App\Runtime\Cache\Admin\18055a5e5f0337bb14a3ccb14622b8cc.php 第 58 行.
NOTIC: [8] Use of undefined constant i - assumed 'i' E:\wamp\www\fuzhong\App\Runtime\Cache\Admin\18055a5e5f0337bb14a3ccb14622b8cc.php 第 58 行.
NOTIC: [8] Use of undefined constant i - assumed 'i' E:\wamp\www\fuzhong\App\Runtime\Cache\Admin\18055a5e5f0337bb14a3ccb14622b8cc.php 第 58 行.
NOTIC: [8] Uninitialized string offset: 0 E:\wamp\www\fuzhong\App\Runtime\Cache\Admin\18055a5e5f0337bb14a3ccb14622b8cc.php 第 65 行.
NOTIC: [8] Uninitialized string offset: 0 E:\wamp\www\fuzhong\App\Runtime\Cache\Admin\18055a5e5f0337bb14a3ccb14622b8cc.php 第 65 行.
NOTIC: [8] Uninitialized string offset: 0 E:\wamp\www\fuzhong\App\Runtime\Cache\Admin\18055a5e5f0337bb14a3ccb14622b8cc.php 第 65 行.
NOTIC: [8] Uninitialized string offset: 0 E:\wamp\www\fuzhong\App\Runtime\Cache\Admin\18055a5e5f0337bb14a3ccb14622b8cc.php 第 65 行.
NOTIC: [8] Uninitialized string offset: 0 E:\wamp\www\fuzhong\App\Runtime\Cache\Admin\18055a5e5f0337bb14a3ccb14622b8cc.php 第 65 行.
NOTIC: [8] Uninitialized string offset: 0 E:\wamp\www\fuzhong\App\Runtime\Cache\Admin\18055a5e5f0337bb14a3ccb14622b8cc.php 第 65 行.
NOTIC: [8] Uninitialized string offset: 0 E:\wamp\www\fuzhong\App\Runtime\Cache\Admin\18055a5e5f0337bb14a3ccb14622b8cc.php 第 65 行.
NOTIC: [8] Uninitialized string offset: 0 E:\wamp\www\fuzhong\App\Runtime\Cache\Admin\18055a5e5f0337bb14a3ccb14622b8cc.php 第 65 行.
NOTIC: [8] Uninitialized string offset: 0 E:\wamp\www\fuzhong\App\Runtime\Cache\Admin\18055a5e5f0337bb14a3ccb14622b8cc.php 第 65 行.
NOTIC: [8] Uninitialized string offset: 0 E:\wamp\www\fuzhong\App\Runtime\Cache\Admin\18055a5e5f0337bb14a3ccb14622b8cc.php 第 65 行.
NOTIC: [8] Use of undefined constant i - assumed 'i' E:\wamp\www\fuzhong\App\Runtime\Cache\Admin\18055a5e5f0337bb14a3ccb14622b8cc.php 第 94 行.
NOTIC: [8] Use of undefined constant i - assumed 'i' E:\wamp\www\fuzhong\App\Runtime\Cache\Admin\18055a5e5f0337bb14a3ccb14622b8cc.php 第 94 行.
NOTIC: [8] Use of undefined constant i - assumed 'i' E:\wamp\www\fuzhong\App\Runtime\Cache\Admin\18055a5e5f0337bb14a3ccb14622b8cc.php 第 94 行.
NOTIC: [8] Uninitialized string offset: 0 E:\wamp\www\fuzhong\App\Runtime\Cache\Admin\18055a5e5f0337bb14a3ccb14622b8cc.php 第 101 行.
NOTIC: [8] Uninitialized string offset: 0 E:\wamp\www\fuzhong\App\Runtime\Cache\Admin\18055a5e5f0337bb14a3ccb14622b8cc.php 第 101 行.
NOTIC: [8] Uninitialized string offset: 0 E:\wamp\www\fuzhong\App\Runtime\Cache\Admin\18055a5e5f0337bb14a3ccb14622b8cc.php 第 101 行.
NOTIC: [8] Uninitialized string offset: 0 E:\wamp\www\fuzhong\App\Runtime\Cache\Admin\18055a5e5f0337bb14a3ccb14622b8cc.php 第 101 行.
NOTIC: [8] Uninitialized string offset: 0 E:\wamp\www\fuzhong\App\Runtime\Cache\Admin\18055a5e5f0337bb14a3ccb14622b8cc.php 第 101 行.
NOTIC: [8] Uninitialized string offset: 0 E:\wamp\www\fuzhong\App\Runtime\Cache\Admin\18055a5e5f0337bb14a3ccb14622b8cc.php 第 101 行.
NOTIC: [8] Uninitialized string offset: 0 E:\wamp\www\fuzhong\App\Runtime\Cache\Admin\18055a5e5f0337bb14a3ccb14622b8cc.php 第 101 行.
NOTIC: [8] Uninitialized string offset: 0 E:\wamp\www\fuzhong\App\Runtime\Cache\Admin\18055a5e5f0337bb14a3ccb14622b8cc.php 第 101 行.
NOTIC: [8] Uninitialized string offset: 0 E:\wamp\www\fuzhong\App\Runtime\Cache\Admin\18055a5e5f0337bb14a3ccb14622b8cc.php 第 101 行.
NOTIC: [8] Uninitialized string offset: 0 E:\wamp\www\fuzhong\App\Runtime\Cache\Admin\18055a5e5f0337bb14a3ccb14622b8cc.php 第 101 行.
NOTIC: [8] Use of undefined constant i - assumed 'i' E:\wamp\www\fuzhong\App\Runtime\Cache\Admin\18055a5e5f0337bb14a3ccb14622b8cc.php 第 58 行.
NOTIC: [8] Use of undefined constant i - assumed 'i' E:\wamp\www\fuzhong\App\Runtime\Cache\Admin\18055a5e5f0337bb14a3ccb14622b8cc.php 第 58 行.
NOTIC: [8] Use of undefined constant i - assumed 'i' E:\wamp\www\fuzhong\App\Runtime\Cache\Admin\18055a5e5f0337bb14a3ccb14622b8cc.php 第 58 行.
NOTIC: [8] Uninitialized string offset: 0 E:\wamp\www\fuzhong\App\Runtime\Cache\Admin\18055a5e5f0337bb14a3ccb14622b8cc.php 第 65 行.
NOTIC: [8] Uninitialized string offset: 0 E:\wamp\www\fuzhong\App\Runtime\Cache\Admin\18055a5e5f0337bb14a3ccb14622b8cc.php 第 65 行.
NOTIC: [8] Uninitialized string offset: 0 E:\wamp\www\fuzhong\App\Runtime\Cache\Admin\18055a5e5f0337bb14a3ccb14622b8cc.php 第 65 行.
NOTIC: [8] Uninitialized string offset: 0 E:\wamp\www\fuzhong\App\Runtime\Cache\Admin\18055a5e5f0337bb14a3ccb14622b8cc.php 第 65 行.
NOTIC: [8] Uninitialized string offset: 0 E:\wamp\www\fuzhong\App\Runtime\Cache\Admin\18055a5e5f0337bb14a3ccb14622b8cc.php 第 65 行.
NOTIC: [8] Uninitialized string offset: 0 E:\wamp\www\fuzhong\App\Runtime\Cache\Admin\18055a5e5f0337bb14a3ccb14622b8cc.php 第 65 行.
NOTIC: [8] Uninitialized string offset: 0 E:\wamp\www\fuzhong\App\Runtime\Cache\Admin\18055a5e5f0337bb14a3ccb14622b8cc.php 第 65 行.
NOTIC: [8] Uninitialized string offset: 0 E:\wamp\www\fuzhong\App\Runtime\Cache\Admin\18055a5e5f0337bb14a3ccb14622b8cc.php 第 65 行.
NOTIC: [8] Uninitialized string offset: 0 E:\wamp\www\fuzhong\App\Runtime\Cache\Admin\18055a5e5f0337bb14a3ccb14622b8cc.php 第 65 行.
NOTIC: [8] Uninitialized string offset: 0 E:\wamp\www\fuzhong\App\Runtime\Cache\Admin\18055a5e5f0337bb14a3ccb14622b8cc.php 第 65 行.
NOTIC: [8] Use of undefined constant i - assumed 'i' E:\wamp\www\fuzhong\App\Runtime\Cache\Admin\18055a5e5f0337bb14a3ccb14622b8cc.php 第 94 行.
NOTIC: [8] Use of undefined constant i - assumed 'i' E:\wamp\www\fuzhong\App\Runtime\Cache\Admin\18055a5e5f0337bb14a3ccb14622b8cc.php 第 94 行.
NOTIC: [8] Use of undefined constant i - assumed 'i' E:\wamp\www\fuzhong\App\Runtime\Cache\Admin\18055a5e5f0337bb14a3ccb14622b8cc.php 第 94 行.
NOTIC: [8] Uninitialized string offset: 0 E:\wamp\www\fuzhong\App\Runtime\Cache\Admin\18055a5e5f0337bb14a3ccb14622b8cc.php 第 101 行.
NOTIC: [8] Uninitialized string offset: 0 E:\wamp\www\fuzhong\App\Runtime\Cache\Admin\18055a5e5f0337bb14a3ccb14622b8cc.php 第 101 行.
NOTIC: [8] Uninitialized string offset: 0 E:\wamp\www\fuzhong\App\Runtime\Cache\Admin\18055a5e5f0337bb14a3ccb14622b8cc.php 第 101 行.
NOTIC: [8] Uninitialized string offset: 0 E:\wamp\www\fuzhong\App\Runtime\Cache\Admin\18055a5e5f0337bb14a3ccb14622b8cc.php 第 101 行.
NOTIC: [8] Uninitialized string offset: 0 E:\wamp\www\fuzhong\App\Runtime\Cache\Admin\18055a5e5f0337bb14a3ccb14622b8cc.php 第 101 行.
NOTIC: [8] Uninitialized string offset: 0 E:\wamp\www\fuzhong\App\Runtime\Cache\Admin\18055a5e5f0337bb14a3ccb14622b8cc.php 第 101 行.
NOTIC: [8] Uninitialized string offset: 0 E:\wamp\www\fuzhong\App\Runtime\Cache\Admin\18055a5e5f0337bb14a3ccb14622b8cc.php 第 101 行.
NOTIC: [8] Uninitialized string offset: 0 E:\wamp\www\fuzhong\App\Runtime\Cache\Admin\18055a5e5f0337bb14a3ccb14622b8cc.php 第 101 行.
NOTIC: [8] Uninitialized string offset: 0 E:\wamp\www\fuzhong\App\Runtime\Cache\Admin\18055a5e5f0337bb14a3ccb14622b8cc.php 第 101 行.
NOTIC: [8] Uninitialized string offset: 0 E:\wamp\www\fuzhong\App\Runtime\Cache\Admin\18055a5e5f0337bb14a3ccb14622b8cc.php 第 101 行.
NOTIC: [8] Uninitialized string offset: 0 E:\wamp\www\fuzhong\App\Runtime\Cache\Admin\18055a5e5f0337bb14a3ccb14622b8cc.php 第 34 行.
NOTIC: [2] Invalid argument supplied for foreach() E:\wamp\www\fuzhong\App\Runtime\Cache\Admin\18055a5e5f0337bb14a3ccb14622b8cc.php 第 36 行.
NOTIC: [8] Use of undefined constant i - assumed 'i' E:\wamp\www\fuzhong\App\Runtime\Cache\Admin\18055a5e5f0337bb14a3ccb14622b8cc.php 第 58 行.
NOTIC: [8] Use of undefined constant i - assumed 'i' E:\wamp\www\fuzhong\App\Runtime\Cache\Admin\18055a5e5f0337bb14a3ccb14622b8cc.php 第 58 行.
NOTIC: [8] Use of undefined constant i - assumed 'i' E:\wamp\www\fuzhong\App\Runtime\Cache\Admin\18055a5e5f0337bb14a3ccb14622b8cc.php 第 58 行.
NOTIC: [8] Use of undefined constant i - assumed 'i' E:\wamp\www\fuzhong\App\Runtime\Cache\Admin\18055a5e5f0337bb14a3ccb14622b8cc.php 第 94 行.
NOTIC: [8] Use of undefined constant i - assumed 'i' E:\wamp\www\fuzhong\App\Runtime\Cache\Admin\18055a5e5f0337bb14a3ccb14622b8cc.php 第 94 行.
NOTIC: [8] Use of undefined constant i - assumed 'i' E:\wamp\www\fuzhong\App\Runtime\Cache\Admin\18055a5e5f0337bb14a3ccb14622b8cc.php 第 94 行.
NOTIC: [2] Invalid argument supplied for foreach() E:\wamp\www\fuzhong\App\Runtime\Cache\Admin\18055a5e5f0337bb14a3ccb14622b8cc.php 第 36 行.
NOTIC: [8] Use of undefined constant i - assumed 'i' E:\wamp\www\fuzhong\App\Runtime\Cache\Admin\18055a5e5f0337bb14a3ccb14622b8cc.php 第 58 行.
NOTIC: [8] Use of undefined constant i - assumed 'i' E:\wamp\www\fuzhong\App\Runtime\Cache\Admin\18055a5e5f0337bb14a3ccb14622b8cc.php 第 58 行.
NOTIC: [8] Use of undefined constant i - assumed 'i' E:\wamp\www\fuzhong\App\Runtime\Cache\Admin\18055a5e5f0337bb14a3ccb14622b8cc.php 第 58 行.
NOTIC: [8] Use of undefined constant i - assumed 'i' E:\wamp\www\fuzhong\App\Runtime\Cache\Admin\18055a5e5f0337bb14a3ccb14622b8cc.php 第 94 行.
NOTIC: [8] Use of undefined constant i - assumed 'i' E:\wamp\www\fuzhong\App\Runtime\Cache\Admin\18055a5e5f0337bb14a3ccb14622b8cc.php 第 94 行.
NOTIC: [8] Use of undefined constant i - assumed 'i' E:\wamp\www\fuzhong\App\Runtime\Cache\Admin\18055a5e5f0337bb14a3ccb14622b8cc.php 第 94 行.
NOTIC: [2] Invalid argument supplied for foreach() E:\wamp\www\fuzhong\App\Runtime\Cache\Admin\18055a5e5f0337bb14a3ccb14622b8cc.php 第 36 行.
NOTIC: [8] Use of undefined constant i - assumed 'i' E:\wamp\www\fuzhong\App\Runtime\Cache\Admin\18055a5e5f0337bb14a3ccb14622b8cc.php 第 58 行.
NOTIC: [8] Use of undefined constant i - assumed 'i' E:\wamp\www\fuzhong\App\Runtime\Cache\Admin\18055a5e5f0337bb14a3ccb14622b8cc.php 第 58 行.
NOTIC: [8] Use of undefined constant i - assumed 'i' E:\wamp\www\fuzhong\App\Runtime\Cache\Admin\18055a5e5f0337bb14a3ccb14622b8cc.php 第 58 行.
NOTIC: [8] Use of undefined constant i - assumed 'i' E:\wamp\www\fuzhong\App\Runtime\Cache\Admin\18055a5e5f0337bb14a3ccb14622b8cc.php 第 94 行.
NOTIC: [8] Use of undefined constant i - assumed 'i' E:\wamp\www\fuzhong\App\Runtime\Cache\Admin\18055a5e5f0337bb14a3ccb14622b8cc.php 第 94 行.
NOTIC: [8] Use of undefined constant i - assumed 'i' E:\wamp\www\fuzhong\App\Runtime\Cache\Admin\18055a5e5f0337bb14a3ccb14622b8cc.php 第 94 行.
NOTIC: [2] Invalid argument supplied for foreach() E:\wamp\www\fuzhong\App\Runtime\Cache\Admin\18055a5e5f0337bb14a3ccb14622b8cc.php 第 36 行.
NOTIC: [8] Uninitialized string offset: 0 E:\wamp\www\fuzhong\App\Runtime\Cache\Admin\18055a5e5f0337bb14a3ccb14622b8cc.php 第 34 行.
INFO: ParseTemplate Behavior ::run [ RunTime:0.072703s ]
INFO: [ view_parse ] --END-- [ RunTime:0.072844s ]
INFO: [ view_filter ] --START--
INFO: ContentReplace Behavior ::run [ RunTime:0.000925s ]
INFO: TokenBuild Behavior ::run [ RunTime:0.000709s ]
INFO: WriteHtmlCache Behavior ::run [ RunTime:0.000471s ]
INFO: ShowRuntime Behavior ::run [ RunTime:0.000880s ]
INFO: [ view_filter ] --END-- [ RunTime:0.003307s ]
INFO: [ view_end ] --START--
INFO: ShowPageTrace Behavior ::run [ RunTime:0.001100s ]
INFO: [ view_end ] --END-- [ RunTime:0.001220s ]

[ 2016-09-01T10:40:01+08:00 ] 172.129.4.69 /fuzhong/
INFO: [ app_begin ] --START--
INFO: ReadHtmlCache Behavior ::run [ RunTime:0.001243s ]
INFO: [ app_begin ] --END-- [ RunTime:0.001386s ]
SQL: SHOW COLUMNS FROM `term` [ RunTime:0.015944s ]
SQL: SELECT * FROM `term` WHERE ( `status` = 1 ) LIMIT 1   [ RunTime:0.000489s ]
INFO: [ view_parse ] --START--
INFO: ParseTemplate Behavior ::run [ RunTime:0.018021s ]
INFO: [ view_parse ] --END-- [ RunTime:0.018157s ]
INFO: [ view_filter ] --START--
INFO: ContentReplace Behavior ::run [ RunTime:0.000788s ]
INFO: TokenBuild Behavior ::run [ RunTime:0.000809s ]
INFO: WriteHtmlCache Behavior ::run [ RunTime:0.000594s ]
INFO: ShowRuntime Behavior ::run [ RunTime:0.000941s ]
INFO: [ view_filter ] --END-- [ RunTime:0.003447s ]
INFO: [ view_end ] --START--
INFO: ShowPageTrace Behavior ::run [ RunTime:0.001218s ]
INFO: [ view_end ] --END-- [ RunTime:0.001326s ]

[ 2016-09-01T15:29:02+08:00 ] 172.30.2.161 /fuzhong/Admin
INFO: [ route_check ] --START--
INFO: CheckRoute Behavior ::run [ RunTime:0.001845s ]
INFO: [ route_check ] --END-- [ RunTime:0.001995s ]
INFO: [ app_begin ] --START--
INFO: ReadHtmlCache Behavior ::run [ RunTime:0.001096s ]
INFO: [ app_begin ] --END-- [ RunTime:0.001219s ]
INFO: [ view_parse ] --START--
INFO: ParseTemplate Behavior ::run [ RunTime:0.017124s ]
INFO: [ view_parse ] --END-- [ RunTime:0.017279s ]
INFO: [ view_filter ] --START--
INFO: ContentReplace Behavior ::run [ RunTime:0.000781s ]
INFO: TokenBuild Behavior ::run [ RunTime:0.000810s ]
INFO: WriteHtmlCache Behavior ::run [ RunTime:0.000629s ]
INFO: ShowRuntime Behavior ::run [ RunTime:0.000943s ]
INFO: [ view_filter ] --END-- [ RunTime:0.003480s ]
INFO: [ view_end ] --START--
INFO: ShowPageTrace Behavior ::run [ RunTime:0.001265s ]
INFO: [ view_end ] --END-- [ RunTime:0.001375s ]

[ 2016-09-01T15:29:05+08:00 ] 172.30.2.161 /fuzhong/Admin/Login/index.html
INFO: [ route_check ] --START--
INFO: CheckRoute Behavior ::run [ RunTime:0.001448s ]
INFO: [ route_check ] --END-- [ RunTime:0.001588s ]
INFO: [ app_begin ] --START--
INFO: ReadHtmlCache Behavior ::run [ RunTime:0.000967s ]
INFO: [ app_begin ] --END-- [ RunTime:0.001089s ]
INFO: [ view_parse ] --START--
INFO: ParseTemplate Behavior ::run [ RunTime:0.016975s ]
INFO: [ view_parse ] --END-- [ RunTime:0.017123s ]
INFO: [ view_filter ] --START--
INFO: ContentReplace Behavior ::run [ RunTime:0.000675s ]
INFO: TokenBuild Behavior ::run [ RunTime:0.000679s ]
INFO: WriteHtmlCache Behavior ::run [ RunTime:0.000478s ]
INFO: ShowRuntime Behavior ::run [ RunTime:0.000880s ]
INFO: [ view_filter ] --END-- [ RunTime:0.003022s ]
INFO: [ view_end ] --START--
INFO: ShowPageTrace Behavior ::run [ RunTime:0.001118s ]
INFO: [ view_end ] --END-- [ RunTime:0.001229s ]

[ 2016-09-01T15:29:05+08:00 ] 172.30.2.161 /fuzhong/Admin/Login/verify.html
INFO: [ route_check ] --START--
INFO: CheckRoute Behavior ::run [ RunTime:0.001723s ]
INFO: [ route_check ] --END-- [ RunTime:0.001861s ]
INFO: [ app_begin ] --START--
INFO: ReadHtmlCache Behavior ::run [ RunTime:0.001093s ]
INFO: [ app_begin ] --END-- [ RunTime:0.001215s ]

[ 2016-09-01T15:29:07+08:00 ] 172.30.2.161 /fuzhong/Admin/Login/checkusername.html
INFO: [ route_check ] --START--
INFO: CheckRoute Behavior ::run [ RunTime:0.001884s ]
INFO: [ route_check ] --END-- [ RunTime:0.002025s ]
INFO: [ app_begin ] --START--
INFO: ReadHtmlCache Behavior ::run [ RunTime:0.001083s ]
INFO: [ app_begin ] --END-- [ RunTime:0.001194s ]
ERR: 非法操作:checkusername

[ 2016-09-01T15:29:09+08:00 ] 172.30.2.161 /fuzhong/Admin/Login/checkpassword.html
INFO: [ route_check ] --START--
INFO: CheckRoute Behavior ::run [ RunTime:0.001440s ]
INFO: [ route_check ] --END-- [ RunTime:0.001577s ]
INFO: [ app_begin ] --START--
INFO: ReadHtmlCache Behavior ::run [ RunTime:0.000958s ]
INFO: [ app_begin ] --END-- [ RunTime:0.001064s ]
ERR: 非法操作:checkpassword

[ 2016-09-01T15:29:15+08:00 ] 172.30.2.161 /fuzhong/Admin/Login/checkusername.html
INFO: [ route_check ] --START--
INFO: CheckRoute Behavior ::run [ RunTime:0.001486s ]
INFO: [ route_check ] --END-- [ RunTime:0.001623s ]
INFO: [ app_begin ] --START--
INFO: ReadHtmlCache Behavior ::run [ RunTime:0.000979s ]
INFO: [ app_begin ] --END-- [ RunTime:0.001086s ]
ERR: 非法操作:checkusername

[ 2016-09-01T15:29:15+08:00 ] 172.30.2.161 /fuzhong/Admin/Login/checkpassword.html
INFO: [ route_check ] --START--
INFO: CheckRoute Behavior ::run [ RunTime:0.001474s ]
INFO: [ route_check ] --END-- [ RunTime:0.001617s ]
INFO: [ app_begin ] --START--
INFO: ReadHtmlCache Behavior ::run [ RunTime:0.001045s ]
INFO: [ app_begin ] --END-- [ RunTime:0.001153s ]
ERR: 非法操作:checkpassword

[ 2016-09-01T15:29:15+08:00 ] 172.30.2.161 /fuzhong/Admin/Login/login.html
INFO: [ route_check ] --START--
INFO: CheckRoute Behavior ::run [ RunTime:0.001442s ]
INFO: [ route_check ] --END-- [ RunTime:0.001579s ]
INFO: [ app_begin ] --START--
INFO: ReadHtmlCache Behavior ::run [ RunTime:0.000960s ]
INFO: [ app_begin ] --END-- [ RunTime:0.001079s ]
SQL: SHOW COLUMNS FROM `admin` [ RunTime:0.015910s ]
SQL: SELECT * FROM `admin` WHERE ( `username` = 'admin' ) LIMIT 1   [ RunTime:0.000537s ]

[ 2016-09-01T15:29:15+08:00 ] 172.30.2.161 /fuzhong/Admin/Index/index.html
INFO: [ route_check ] --START--
INFO: CheckRoute Behavior ::run [ RunTime:0.001448s ]
INFO: [ route_check ] --END-- [ RunTime:0.001589s ]
INFO: [ app_begin ] --START--
INFO: ReadHtmlCache Behavior ::run [ RunTime:0.000951s ]
INFO: [ app_begin ] --END-- [ RunTime:0.001070s ]
INFO: [ view_parse ] --START--
INFO: ParseTemplate Behavior ::run [ RunTime:0.025778s ]
INFO: [ view_parse ] --END-- [ RunTime:0.025926s ]
INFO: [ view_filter ] --START--
INFO: ContentReplace Behavior ::run [ RunTime:0.000815s ]
INFO: TokenBuild Behavior ::run [ RunTime:0.000803s ]
INFO: WriteHtmlCache Behavior ::run [ RunTime:0.000609s ]
INFO: ShowRuntime Behavior ::run [ RunTime:0.000957s ]
INFO: [ view_filter ] --END-- [ RunTime:0.003498s ]
INFO: [ view_end ] --START--
INFO: ShowPageTrace Behavior ::run [ RunTime:0.001206s ]
INFO: [ view_end ] --END-- [ RunTime:0.001317s ]

[ 2016-09-01T15:29:16+08:00 ] 172.30.2.161 /fuzhong/Admin/System/index.html
INFO: [ route_check ] --START--
INFO: CheckRoute Behavior ::run [ RunTime:0.001437s ]
INFO: [ route_check ] --END-- [ RunTime:0.001572s ]
INFO: [ app_begin ] --START--
INFO: ReadHtmlCache Behavior ::run [ RunTime:0.000956s ]
INFO: [ app_begin ] --END-- [ RunTime:0.001078s ]
INFO: [ view_parse ] --START--
INFO: ParseTemplate Behavior ::run [ RunTime:0.019916s ]
INFO: [ view_parse ] --END-- [ RunTime:0.020062s ]
INFO: [ view_filter ] --START--
INFO: ContentReplace Behavior ::run [ RunTime:0.000815s ]
INFO: TokenBuild Behavior ::run [ RunTime:0.000799s ]
INFO: WriteHtmlCache Behavior ::run [ RunTime:0.000597s ]
INFO: ShowRuntime Behavior ::run [ RunTime:0.000937s ]
INFO: [ view_filter ] --END-- [ RunTime:0.003493s ]
INFO: [ view_end ] --START--
INFO: ShowPageTrace Behavior ::run [ RunTime:0.001286s ]
INFO: [ view_end ] --END-- [ RunTime:0.001401s ]

[ 2016-09-01T15:29:17+08:00 ] 172.30.2.161 /fuzhong/Admin/System/
INFO: [ route_check ] --START--
INFO: CheckRoute Behavior ::run [ RunTime:0.001431s ]
INFO: [ route_check ] --END-- [ RunTime:0.001566s ]
INFO: [ app_begin ] --START--
INFO: ReadHtmlCache Behavior ::run [ RunTime:0.000955s ]
INFO: [ app_begin ] --END-- [ RunTime:0.001073s ]
INFO: [ view_parse ] --START--
INFO: ParseTemplate Behavior ::run [ RunTime:0.019228s ]
INFO: [ view_parse ] --END-- [ RunTime:0.019374s ]
INFO: [ view_filter ] --START--
INFO: ContentReplace Behavior ::run [ RunTime:0.000677s ]
INFO: TokenBuild Behavior ::run [ RunTime:0.000699s ]
INFO: WriteHtmlCache Behavior ::run [ RunTime:0.000474s ]
INFO: ShowRuntime Behavior ::run [ RunTime:0.000796s ]
INFO: [ view_filter ] --END-- [ RunTime:0.002975s ]
INFO: [ view_end ] --START--
INFO: ShowPageTrace Behavior ::run [ RunTime:0.001085s ]
INFO: [ view_end ] --END-- [ RunTime:0.001196s ]

[ 2016-09-01T15:29:35+08:00 ] 172.30.2.161 /fuzhong/Admin/Enrollment/add.html
INFO: [ route_check ] --START--
INFO: CheckRoute Behavior ::run [ RunTime:0.001457s ]
INFO: [ route_check ] --END-- [ RunTime:0.001597s ]
INFO: [ app_begin ] --START--
INFO: ReadHtmlCache Behavior ::run [ RunTime:0.000964s ]
INFO: [ app_begin ] --END-- [ RunTime:0.001083s ]
SQL: SHOW COLUMNS FROM `nianji` [ RunTime:0.016404s ]
SQL: SELECT * FROM `nianji`  [ RunTime:0.000575s ]
INFO: [ view_parse ] --START--
INFO: ParseTemplate Behavior ::run [ RunTime:0.019875s ]
INFO: [ view_parse ] --END-- [ RunTime:0.020009s ]
INFO: [ view_filter ] --START--
INFO: ContentReplace Behavior ::run [ RunTime:0.000655s ]
INFO: TokenBuild Behavior ::run [ RunTime:0.000651s ]
INFO: WriteHtmlCache Behavior ::run [ RunTime:0.000454s ]
INFO: ShowRuntime Behavior ::run [ RunTime:0.000808s ]
INFO: [ view_filter ] --END-- [ RunTime:0.002890s ]
INFO: [ view_end ] --START--
INFO: ShowPageTrace Behavior ::run [ RunTime:0.001166s ]
INFO: [ view_end ] --END-- [ RunTime:0.001277s ]

[ 2016-09-01T15:29:35+08:00 ] 172.30.2.161 /fuzhong/Admin/Enrollment/index.html
INFO: [ route_check ] --START--
INFO: CheckRoute Behavior ::run [ RunTime:0.001456s ]
INFO: [ route_check ] --END-- [ RunTime:0.001593s ]
INFO: [ app_begin ] --START--
INFO: ReadHtmlCache Behavior ::run [ RunTime:0.000962s ]
INFO: [ app_begin ] --END-- [ RunTime:0.001081s ]
SQL: SHOW COLUMNS FROM `enrollment` [ RunTime:0.015707s ]
SQL: SELECT COUNT(*) AS tp_count FROM `enrollment` LIMIT 1   [ RunTime:0.000608s ]
SQL: SHOW COLUMNS FROM `enrollment` [ RunTime:0.015673s ]
SQL: SELECT * FROM `enrollment` WHERE ( 1=1 ) ORDER BY id DESC LIMIT 0,10   [ RunTime:0.000663s ]
INFO: [ view_parse ] --START--
INFO: ParseTemplate Behavior ::run [ RunTime:0.025346s ]
INFO: [ view_parse ] --END-- [ RunTime:0.025479s ]
INFO: [ view_filter ] --START--
INFO: ContentReplace Behavior ::run [ RunTime:0.000698s ]
INFO: TokenBuild Behavior ::run [ RunTime:0.000675s ]
INFO: WriteHtmlCache Behavior ::run [ RunTime:0.000462s ]
INFO: ShowRuntime Behavior ::run [ RunTime:0.000817s ]
INFO: [ view_filter ] --END-- [ RunTime:0.002959s ]
INFO: [ view_end ] --START--
INFO: ShowPageTrace Behavior ::run [ RunTime:0.001065s ]
INFO: [ view_end ] --END-- [ RunTime:0.001173s ]

[ 2016-09-01T15:29:41+08:00 ] 172.30.2.161 /fuzhong/Admin/Enrollment/chakanType/id/8.html
INFO: [ route_check ] --START--
INFO: CheckRoute Behavior ::run [ RunTime:0.001451s ]
INFO: [ route_check ] --END-- [ RunTime:0.001589s ]
INFO: [ app_begin ] --START--
INFO: ReadHtmlCache Behavior ::run [ RunTime:0.000966s ]
INFO: [ app_begin ] --END-- [ RunTime:0.001085s ]
INFO: [ view_parse ] --START--
INFO: ParseTemplate Behavior ::run [ RunTime:0.017812s ]
INFO: [ view_parse ] --END-- [ RunTime:0.017960s ]
INFO: [ view_filter ] --START--
INFO: ContentReplace Behavior ::run [ RunTime:0.000617s ]
INFO: TokenBuild Behavior ::run [ RunTime:0.000671s ]
INFO: WriteHtmlCache Behavior ::run [ RunTime:0.000483s ]
INFO: ShowRuntime Behavior ::run [ RunTime:0.000812s ]
INFO: [ view_filter ] --END-- [ RunTime:0.002897s ]
INFO: [ view_end ] --START--
INFO: ShowPageTrace Behavior ::run [ RunTime:0.001083s ]
INFO: [ view_end ] --END-- [ RunTime:0.001191s ]

[ 2016-09-01T15:29:43+08:00 ] 172.30.2.161 /fuzhong/Admin/Enrollment/chakan/type/1/id/8.html
INFO: [ route_check ] --START--
INFO: CheckRoute Behavior ::run [ RunTime:0.001449s ]
INFO: [ route_check ] --END-- [ RunTime:0.001589s ]
INFO: [ app_begin ] --START--
INFO: ReadHtmlCache Behavior ::run [ RunTime:0.001059s ]
INFO: [ app_begin ] --END-- [ RunTime:0.001180s ]
SQL: SHOW COLUMNS FROM `term` [ RunTime:0.015621s ]
SQL: SELECT `id` FROM `term` WHERE ( `status` = 1 ) LIMIT 1   [ RunTime:0.000573s ]
SQL: SHOW COLUMNS FROM `enrollment` [ RunTime:0.015876s ]
SQL: SELECT * FROM `enrollment` WHERE ( `id` = 8 ) LIMIT 1   [ RunTime:0.000605s ]
SQL: SHOW COLUMNS FROM `nianji` [ RunTime:0.015579s ]
NOTIC: [8] Undefined index: mapping_order E:\wamp\www\fuzhong\ThinkPHP\Extend\Model\RelationModel.class.php 第 188 行.
NOTIC: [8] Undefined index: mapping_limit E:\wamp\www\fuzhong\ThinkPHP\Extend\Model\RelationModel.class.php 第 189 行.
SQL: SELECT b.* FROM enrollment_nianji AS a, nianji AS b WHERE a.nianji_id = b.id AND a. enrollment_id='8' [ RunTime:0.000805s ]
SQL: SHOW COLUMNS FROM `enrollment_content` [ RunTime:0.015953s ]
SQL: SELECT * FROM `enrollment_content` WHERE ( status=1 AND eid='8' )  [ RunTime:0.000653s ]
SQL: SHOW COLUMNS FROM `enrollment_hebing` [ RunTime:0.015211s ]
SQL: SELECT * FROM `enrollment_hebing` WHERE ( 1=1 AND eid='8' )  [ RunTime:0.000378s ]
SQL: SHOW COLUMNS FROM `banji` [ RunTime:0.015476s ]
SQL: SELECT `id` FROM `banji` WHERE ( `ruxuenian` = 2015 )  [ RunTime:0.000629s ]
SQL: SHOW COLUMNS FROM `enrollment_list` [ RunTime:0.015981s ]
SQL: SELECT `sid` FROM `enrollment_list` WHERE ( `bid` IN ('19','20','21','22','23','24','25','26','27','28','29','30','31','32','33','34','35','36') ) AND ( `cid` = 2 ) AND ( `eid` = 8 ) AND ( `tid` = 6 )  [ RunTime:0.000846s ]
SQL: SHOW COLUMNS FROM `student` [ RunTime:0.015552s ]
SQL: SELECT * FROM `student` WHERE ( `id` IN ('33','34','37','185','186','187','211','212','213','458','459','460','488','491','499','599','600','602','631','633','636','644','645','647','674','673','677','692','695','698','717','720','723','740','768','770','773','783','784','785','814','816','818','735','736','1','2','3','47','48','49') )  [ RunTime:0.001401s ]
SQL: SELECT `sid` FROM `enrollment_list` WHERE ( `bid` IN ('19','20','21','22','23','24','25','26','27','28','29','30','31','32','33','34','35','36') ) AND ( `cid` = 3 ) AND ( `eid` = 8 ) AND ( `tid` = 6 )  [ RunTime:0.000807s ]
SQL: SELECT * FROM `student` WHERE ( `id` IN ('1','2','3','38','40','42','190','192','195','212','214','217','458','460','461','490','492','495','612','613','616','634','636','639','646','648','651','674','676','678','693','695','697','719','722','725','738','740','743','769','771','774','784','787','790','816','818','820') )  [ RunTime:0.001231s ]
SQL: SELECT `sid` FROM `enrollment_list` WHERE ( `bid` IN ('19','20','21','22','23','24','25','26','27','28','29','30','31','32','33','34','35','36') ) AND ( `cid` = 4 ) AND ( `eid` = 8 ) AND ( `tid` = 6 )  [ RunTime:0.000792s ]
SQL: SELECT * FROM `student` WHERE ( `id` IN ('11','10','9','33','36','42','189','191','193','214','216','218','466','471','475','493','495','497','621','622','623','632','634','633','646','650','654','675','677','681','709','707','706','722','724','727','739','741','744','770','772','774','786','788','791','819','821','823') )  [ RunTime:0.001216s ]
SQL: SELECT `sid` FROM `enrollment_list` WHERE ( `bid` IN ('19','20','21','22','23','24','25','26','27','28','29','30','31','32','33','34','35','36') ) AND ( `cid` = 5 ) AND ( `eid` = 8 ) AND ( `tid` = 6 )  [ RunTime:0.000783s ]
SQL: SELECT * FROM `student` WHERE ( `id` IN ('6','7','9','38','36','34','206','205','204','215','217','220','475','477','478','499','496','501','602','604','607','631','638','640','650','652','655','681','683','686','698','699','702','721','723','725','738','744','746','769','771','777','783','789','791','824','825','827') )  [ RunTime:0.001288s ]
SQL: SELECT `id` FROM `banji` WHERE ( `ruxuenian` = 2014 )  [ RunTime:0.000470s ]
SQL: SELECT `sid` FROM `enrollment_list` WHERE ( `bid` IN ('1','2','3','4','5','6','7','8','9','10','11','12','13','14','15','16','17','18') ) AND ( `cid` = 2 ) AND ( `eid` = 8 ) AND ( `tid` = 6 )  [ RunTime:0.000602s ]
NOTIC: [2] implode() [<a href='function.implode'>function.implode</a>]: Invalid arguments passed E:\wamp\www\fuzhong\ThinkPHP\Lib\Core\Db.class.php 第 497 行.
SQL: SELECT * FROM `student` WHERE ( `id` IN () )  [ RunTime:0.000203s ]
ERR: 1064:You have an error in your SQL syntax; check the manual that corresponds to your MySQL server version for the right syntax to use near ') )' at line 1
 [ SQL语句 ] : SELECT * FROM `student` WHERE ( `id` IN () ) 
SQL: SELECT `sid` FROM `enrollment_list` WHERE ( `bid` IN ('1','2','3','4','5','6','7','8','9','10','11','12','13','14','15','16','17','18') ) AND ( `cid` = 3 ) AND ( `eid` = 8 ) AND ( `tid` = 6 )  [ RunTime:0.000610s ]
NOTIC: [2] implode() [<a href='function.implode'>function.implode</a>]: Invalid arguments passed E:\wamp\www\fuzhong\ThinkPHP\Lib\Core\Db.class.php 第 497 行.
SQL: SELECT * FROM `student` WHERE ( `id` IN () )  [ RunTime:0.000193s ]
ERR: 1064:You have an error in your SQL syntax; check the manual that corresponds to your MySQL server version for the right syntax to use near ') )' at line 1
 [ SQL语句 ] : SELECT * FROM `student` WHERE ( `id` IN () ) 
SQL: SELECT `sid` FROM `enrollment_list` WHERE ( `bid` IN ('1','2','3','4','5','6','7','8','9','10','11','12','13','14','15','16','17','18') ) AND ( `cid` = 4 ) AND ( `eid` = 8 ) AND ( `tid` = 6 )  [ RunTime:0.000590s ]
NOTIC: [2] implode() [<a href='function.implode'>function.implode</a>]: Invalid arguments passed E:\wamp\www\fuzhong\ThinkPHP\Lib\Core\Db.class.php 第 497 行.
SQL: SELECT * FROM `student` WHERE ( `id` IN () )  [ RunTime:0.000197s ]
ERR: 1064:You have an error in your SQL syntax; check the manual that corresponds to your MySQL server version for the right syntax to use near ') )' at line 1
 [ SQL语句 ] : SELECT * FROM `student` WHERE ( `id` IN () ) 
SQL: SELECT `sid` FROM `enrollment_list` WHERE ( `bid` IN ('1','2','3','4','5','6','7','8','9','10','11','12','13','14','15','16','17','18') ) AND ( `cid` = 5 ) AND ( `eid` = 8 ) AND ( `tid` = 6 )  [ RunTime:0.000604s ]
NOTIC: [2] implode() [<a href='function.implode'>function.implode</a>]: Invalid arguments passed E:\wamp\www\fuzhong\ThinkPHP\Lib\Core\Db.class.php 第 497 行.
SQL: SELECT * FROM `student` WHERE ( `id` IN () )  [ RunTime:0.000196s ]
ERR: 1064:You have an error in your SQL syntax; check the manual that corresponds to your MySQL server version for the right syntax to use near ') )' at line 1
 [ SQL语句 ] : SELECT * FROM `student` WHERE ( `id` IN () ) 
NOTIC: [8] Undefined variable: hebing E:\wamp\www\fuzhong\App\Application\Admin\Action\EnrollmentAction.class.php 第 273 行.
NOTIC: [8] Uninitialized string offset: 0 E:\wamp\www\fuzhong\App\Application\Admin\Action\EnrollmentAction.class.php 第 273 行.
NOTIC: [8] Undefined variable: hebing E:\wamp\www\fuzhong\App\Application\Admin\Action\EnrollmentAction.class.php 第 273 行.
NOTIC: [8] Uninitialized string offset: 0 E:\wamp\www\fuzhong\App\Application\Admin\Action\EnrollmentAction.class.php 第 273 行.
NOTIC: [8] Uninitialized string offset: 0 E:\wamp\www\fuzhong\App\Application\Admin\Action\EnrollmentAction.class.php 第 280 行.
NOTIC: [8] Uninitialized string offset: 0 E:\wamp\www\fuzhong\App\Application\Admin\Action\EnrollmentAction.class.php 第 280 行.
NOTIC: [8] Undefined offset: 27 E:\wamp\www\fuzhong\App\Application\Admin\Action\EnrollmentAction.class.php 第 1131 行.
NOTIC: [8] Undefined offset: 28 E:\wamp\www\fuzhong\App\Application\Admin\Action\EnrollmentAction.class.php 第 1131 行.
NOTIC: [8] Undefined offset: 29 E:\wamp\www\fuzhong\App\Application\Admin\Action\EnrollmentAction.class.php 第 1131 行.
NOTIC: [8] Undefined offset: 30 E:\wamp\www\fuzhong\App\Application\Admin\Action\EnrollmentAction.class.php 第 1131 行.
NOTIC: [8] Undefined offset: 31 E:\wamp\www\fuzhong\App\Application\Admin\Action\EnrollmentAction.class.php 第 1131 行.
NOTIC: [8] Uninitialized string offset: 0 E:\wamp\www\fuzhong\App\Application\Admin\Action\EnrollmentAction.class.php 第 544 行.
NOTIC: [8] Uninitialized string offset: 0 E:\wamp\www\fuzhong\App\Application\Admin\Action\EnrollmentAction.class.php 第 546 行.
NOTIC: [8] Uninitialized string offset: 0 E:\wamp\www\fuzhong\App\Application\Admin\Action\EnrollmentAction.class.php 第 662 行.
NOTIC: [2] Invalid argument supplied for foreach() E:\wamp\www\fuzhong\App\Application\Admin\Action\EnrollmentAction.class.php 第 553 行.
NOTIC: [2] Invalid argument supplied for foreach() E:\wamp\www\fuzhong\App\Application\Admin\Action\EnrollmentAction.class.php 第 553 行.
NOTIC: [2] Invalid argument supplied for foreach() E:\wamp\www\fuzhong\App\Application\Admin\Action\EnrollmentAction.class.php 第 553 行.
NOTIC: [2] Invalid argument supplied for foreach() E:\wamp\www\fuzhong\App\Application\Admin\Action\EnrollmentAction.class.php 第 667 行.
NOTIC: [8] Uninitialized string offset: 0 E:\wamp\www\fuzhong\App\Application\Admin\Action\EnrollmentAction.class.php 第 544 行.
NOTIC: [8] Uninitialized string offset: 0 E:\wamp\www\fuzhong\App\Application\Admin\Action\EnrollmentAction.class.php 第 546 行.
NOTIC: [8] Uninitialized string offset: 0 E:\wamp\www\fuzhong\App\Application\Admin\Action\EnrollmentAction.class.php 第 662 行.
INFO: [ view_parse ] --START--
NOTIC: [8] Undefined variable: pageName E:\wamp\www\fuzhong\App\Runtime\Cache\Admin\18055a5e5f0337bb14a3ccb14622b8cc.php 第 5 行.
NOTIC: [8] Use of undefined constant i - assumed 'i' E:\wamp\www\fuzhong\App\Runtime\Cache\Admin\18055a5e5f0337bb14a3ccb14622b8cc.php 第 58 行.
NOTIC: [8] Uninitialized string offset: 0 E:\wamp\www\fuzhong\App\Runtime\Cache\Admin\18055a5e5f0337bb14a3ccb14622b8cc.php 第 65 行.
NOTIC: [8] Uninitialized string offset: 0 E:\wamp\www\fuzhong\App\Runtime\Cache\Admin\18055a5e5f0337bb14a3ccb14622b8cc.php 第 65 行.
NOTIC: [8] Uninitialized string offset: 0 E:\wamp\www\fuzhong\App\Runtime\Cache\Admin\18055a5e5f0337bb14a3ccb14622b8cc.php 第 65 行.
NOTIC: [8] Uninitialized string offset: 0 E:\wamp\www\fuzhong\App\Runtime\Cache\Admin\18055a5e5f0337bb14a3ccb14622b8cc.php 第 65 行.
NOTIC: [8] Uninitialized string offset: 0 E:\wamp\www\fuzhong\App\Runtime\Cache\Admin\18055a5e5f0337bb14a3ccb14622b8cc.php 第 65 行.
NOTIC: [8] Uninitialized string offset: 0 E:\wamp\www\fuzhong\App\Runtime\Cache\Admin\18055a5e5f0337bb14a3ccb14622b8cc.php 第 65 行.
NOTIC: [8] Undefined offset: 30 E:\wamp\www\fuzhong\App\Runtime\Cache\Admin\18055a5e5f0337bb14a3ccb14622b8cc.php 第 65 行.
NOTIC: [8] Undefined offset: 30 E:\wamp\www\fuzhong\App\Runtime\Cache\Admin\18055a5e5f0337bb14a3ccb14622b8cc.php 第 65 行.
NOTIC: [8] Undefined offset: 31 E:\wamp\www\fuzhong\App\Runtime\Cache\Admin\18055a5e5f0337bb14a3ccb14622b8cc.php 第 65 行.
NOTIC: [8] Undefined offset: 31 E:\wamp\www\fuzhong\App\Runtime\Cache\Admin\18055a5e5f0337bb14a3ccb14622b8cc.php 第 65 行.
NOTIC: [8] Use of undefined constant i - assumed 'i' E:\wamp\www\fuzhong\App\Runtime\Cache\Admin\18055a5e5f0337bb14a3ccb14622b8cc.php 第 94 行.
NOTIC: [8] Use of undefined constant i - assumed 'i' E:\wamp\www\fuzhong\App\Runtime\Cache\Admin\18055a5e5f0337bb14a3ccb14622b8cc.php 第 94 行.
NOTIC: [8] Use of undefined constant i - assumed 'i' E:\wamp\www\fuzhong\App\Runtime\Cache\Admin\18055a5e5f0337bb14a3ccb14622b8cc.php 第 94 行.
NOTIC: [8] Uninitialized string offset: 0 E:\wamp\www\fuzhong\App\Runtime\Cache\Admin\18055a5e5f0337bb14a3ccb14622b8cc.php 第 101 行.
NOTIC: [8] Uninitialized string offset: 0 E:\wamp\www\fuzhong\App\Runtime\Cache\Admin\18055a5e5f0337bb14a3ccb14622b8cc.php 第 101 行.
NOTIC: [8] Uninitialized string offset: 0 E:\wamp\www\fuzhong\App\Runtime\Cache\Admin\18055a5e5f0337bb14a3ccb14622b8cc.php 第 101 行.
NOTIC: [8] Uninitialized string offset: 0 E:\wamp\www\fuzhong\App\Runtime\Cache\Admin\18055a5e5f0337bb14a3ccb14622b8cc.php 第 101 行.
NOTIC: [8] Uninitialized string offset: 0 E:\wamp\www\fuzhong\App\Runtime\Cache\Admin\18055a5e5f0337bb14a3ccb14622b8cc.php 第 101 行.
NOTIC: [8] Uninitialized string offset: 0 E:\wamp\www\fuzhong\App\Runtime\Cache\Admin\18055a5e5f0337bb14a3ccb14622b8cc.php 第 101 行.
NOTIC: [8] Uninitialized string offset: 0 E:\wamp\www\fuzhong\App\Runtime\Cache\Admin\18055a5e5f0337bb14a3ccb14622b8cc.php 第 101 行.
NOTIC: [8] Uninitialized string offset: 0 E:\wamp\www\fuzhong\App\Runtime\Cache\Admin\18055a5e5f0337bb14a3ccb14622b8cc.php 第 101 行.
NOTIC: [8] Uninitialized string offset: 0 E:\wamp\www\fuzhong\App\Runtime\Cache\Admin\18055a5e5f0337bb14a3ccb14622b8cc.php 第 101 行.
NOTIC: [8] Uninitialized string offset: 0 E:\wamp\www\fuzhong\App\Runtime\Cache\Admin\18055a5e5f0337bb14a3ccb14622b8cc.php 第 101 行.
NOTIC: [8] Use of undefined constant i - assumed 'i' E:\wamp\www\fuzhong\App\Runtime\Cache\Admin\18055a5e5f0337bb14a3ccb14622b8cc.php 第 58 行.
NOTIC: [8] Use of undefined constant i - assumed 'i' E:\wamp\www\fuzhong\App\Runtime\Cache\Admin\18055a5e5f0337bb14a3ccb14622b8cc.php 第 58 行.
NOTIC: [8] Use of undefined constant i - assumed 'i' E:\wamp\www\fuzhong\App\Runtime\Cache\Admin\18055a5e5f0337bb14a3ccb14622b8cc.php 第 58 行.
NOTIC: [8] Uninitialized string offset: 0 E:\wamp\www\fuzhong\App\Runtime\Cache\Admin\18055a5e5f0337bb14a3ccb14622b8cc.php 第 65 行.
NOTIC: [8] Uninitialized string offset: 0 E:\wamp\www\fuzhong\App\Runtime\Cache\Admin\18055a5e5f0337bb14a3ccb14622b8cc.php 第 65 行.
NOTIC: [8] Uninitialized string offset: 0 E:\wamp\www\fuzhong\App\Runtime\Cache\Admin\18055a5e5f0337bb14a3ccb14622b8cc.php 第 65 行.
NOTIC: [8] Uninitialized string offset: 0 E:\wamp\www\fuzhong\App\Runtime\Cache\Admin\18055a5e5f0337bb14a3ccb14622b8cc.php 第 65 行.
NOTIC: [8] Uninitialized string offset: 0 E:\wamp\www\fuzhong\App\Runtime\Cache\Admin\18055a5e5f0337bb14a3ccb14622b8cc.php 第 65 行.
NOTIC: [8] Uninitialized string offset: 0 E:\wamp\www\fuzhong\App\Runtime\Cache\Admin\18055a5e5f0337bb14a3ccb14622b8cc.php 第 65 行.
NOTIC: [8] Uninitialized string offset: 0 E:\wamp\www\fuzhong\App\Runtime\Cache\Admin\18055a5e5f0337bb14a3ccb14622b8cc.php 第 65 行.
NOTIC: [8] Uninitialized string offset: 0 E:\wamp\www\fuzhong\App\Runtime\Cache\Admin\18055a5e5f0337bb14a3ccb14622b8cc.php 第 65 行.
NOTIC: [8] Uninitialized string offset: 0 E:\wamp\www\fuzhong\App\Runtime\Cache\Admin\18055a5e5f0337bb14a3ccb14622b8cc.php 第 65 行.
NOTIC: [8] Uninitialized string offset: 0 E:\wamp\www\fuzhong\App\Runtime\Cache\Admin\18055a5e5f0337bb14a3ccb14622b8cc.php 第 65 行.
NOTIC: [8] Use of undefined constant i - assumed 'i' E:\wamp\www\fuzhong\App\Runtime\Cache\Admin\18055a5e5f0337bb14a3ccb14622b8cc.php 第 94 行.
NOTIC: [8] Use of undefined constant i - assumed 'i' E:\wamp\www\fuzhong\App\Runtime\Cache\Admin\18055a5e5f0337bb14a3ccb14622b8cc.php 第 94 行.
NOTIC: [8] Use of undefined constant i - assumed 'i' E:\wamp\www\fuzhong\App\Runtime\Cache\Admin\18055a5e5f0337bb14a3ccb14622b8cc.php 第 94 行.
NOTIC: [8] Uninitialized string offset: 0 E:\wamp\www\fuzhong\App\Runtime\Cache\Admin\18055a5e5f0337bb14a3ccb14622b8cc.php 第 101 行.
NOTIC: [8] Uninitialized string offset: 0 E:\wamp\www\fuzhong\App\Runtime\Cache\Admin\18055a5e5f0337bb14a3ccb14622b8cc.php 第 101 行.
NOTIC: [8] Uninitialized string offset: 0 E:\wamp\www\fuzhong\App\Runtime\Cache\Admin\18055a5e5f0337bb14a3ccb14622b8cc.php 第 101 行.
NOTIC: [8] Uninitialized string offset: 0 E:\wamp\www\fuzhong\App\Runtime\Cache\Admin\18055a5e5f0337bb14a3ccb14622b8cc.php 第 101 行.
NOTIC: [8] Uninitialized string offset: 0 E:\wamp\www\fuzhong\App\Runtime\Cache\Admin\18055a5e5f0337bb14a3ccb14622b8cc.php 第 101 行.
NOTIC: [8] Uninitialized string offset: 0 E:\wamp\www\fuzhong\App\Runtime\Cache\Admin\18055a5e5f0337bb14a3ccb14622b8cc.php 第 101 行.
NOTIC: [8] Uninitialized string offset: 0 E:\wamp\www\fuzhong\App\Runtime\Cache\Admin\18055a5e5f0337bb14a3ccb14622b8cc.php 第 101 行.
NOTIC: [8] Uninitialized string offset: 0 E:\wamp\www\fuzhong\App\Runtime\Cache\Admin\18055a5e5f0337bb14a3ccb14622b8cc.php 第 101 行.
NOTIC: [8] Uninitialized string offset: 0 E:\wamp\www\fuzhong\App\Runtime\Cache\Admin\18055a5e5f0337bb14a3ccb14622b8cc.php 第 101 行.
NOTIC: [8] Uninitialized string offset: 0 E:\wamp\www\fuzhong\App\Runtime\Cache\Admin\18055a5e5f0337bb14a3ccb14622b8cc.php 第 101 行.
NOTIC: [8] Use of undefined constant i - assumed 'i' E:\wamp\www\fuzhong\App\Runtime\Cache\Admin\18055a5e5f0337bb14a3ccb14622b8cc.php 第 58 行.
NOTIC: [8] Use of undefined constant i - assumed 'i' E:\wamp\www\fuzhong\App\Runtime\Cache\Admin\18055a5e5f0337bb14a3ccb14622b8cc.php 第 58 行.
NOTIC: [8] Use of undefined constant i - assumed 'i' E:\wamp\www\fuzhong\App\Runtime\Cache\Admin\18055a5e5f0337bb14a3ccb14622b8cc.php 第 58 行.
NOTIC: [8] Uninitialized string offset: 0 E:\wamp\www\fuzhong\App\Runtime\Cache\Admin\18055a5e5f0337bb14a3ccb14622b8cc.php 第 65 行.
NOTIC: [8] Uninitialized string offset: 0 E:\wamp\www\fuzhong\App\Runtime\Cache\Admin\18055a5e5f0337bb14a3ccb14622b8cc.php 第 65 行.
NOTIC: [8] Uninitialized string offset: 0 E:\wamp\www\fuzhong\App\Runtime\Cache\Admin\18055a5e5f0337bb14a3ccb14622b8cc.php 第 65 行.
NOTIC: [8] Uninitialized string offset: 0 E:\wamp\www\fuzhong\App\Runtime\Cache\Admin\18055a5e5f0337bb14a3ccb14622b8cc.php 第 65 行.
NOTIC: [8] Uninitialized string offset: 0 E:\wamp\www\fuzhong\App\Runtime\Cache\Admin\18055a5e5f0337bb14a3ccb14622b8cc.php 第 65 行.
NOTIC: [8] Uninitialized string offset: 0 E:\wamp\www\fuzhong\App\Runtime\Cache\Admin\18055a5e5f0337bb14a3ccb14622b8cc.php 第 65 行.
NOTIC: [8] Uninitialized string offset: 0 E:\wamp\www\fuzhong\App\Runtime\Cache\Admin\18055a5e5f0337bb14a3ccb14622b8cc.php 第 65 行.
NOTIC: [8] Uninitialized string offset: 0 E:\wamp\www\fuzhong\App\Runtime\Cache\Admin\18055a5e5f0337bb14a3ccb14622b8cc.php 第 65 行.
NOTIC: [8] Uninitialized string offset: 0 E:\wamp\www\fuzhong\App\Runtime\Cache\Admin\18055a5e5f0337bb14a3ccb14622b8cc.php 第 65 行.
NOTIC: [8] Uninitialized string offset: 0 E:\wamp\www\fuzhong\App\Runtime\Cache\Admin\18055a5e5f0337bb14a3ccb14622b8cc.php 第 65 行.
NOTIC: [8] Use of undefined constant i - assumed 'i' E:\wamp\www\fuzhong\App\Runtime\Cache\Admin\18055a5e5f0337bb14a3ccb14622b8cc.php 第 94 行.
NOTIC: [8] Use of undefined constant i - assumed 'i' E:\wamp\www\fuzhong\App\Runtime\Cache\Admin\18055a5e5f0337bb14a3ccb14622b8cc.php 第 94 行.
NOTIC: [8] Use of undefined constant i - assumed 'i' E:\wamp\www\fuzhong\App\Runtime\Cache\Admin\18055a5e5f0337bb14a3ccb14622b8cc.php 第 94 行.
NOTIC: [8] Uninitialized string offset: 0 E:\wamp\www\fuzhong\App\Runtime\Cache\Admin\18055a5e5f0337bb14a3ccb14622b8cc.php 第 101 行.
NOTIC: [8] Uninitialized string offset: 0 E:\wamp\www\fuzhong\App\Runtime\Cache\Admin\18055a5e5f0337bb14a3ccb14622b8cc.php 第 101 行.
NOTIC: [8] Uninitialized string offset: 0 E:\wamp\www\fuzhong\App\Runtime\Cache\Admin\18055a5e5f0337bb14a3ccb14622b8cc.php 第 101 行.
NOTIC: [8] Uninitialized string offset: 0 E:\wamp\www\fuzhong\App\Runtime\Cache\Admin\18055a5e5f0337bb14a3ccb14622b8cc.php 第 101 行.
NOTIC: [8] Uninitialized string offset: 0 E:\wamp\www\fuzhong\App\Runtime\Cache\Admin\18055a5e5f0337bb14a3ccb14622b8cc.php 第 101 行.
NOTIC: [8] Uninitialized string offset: 0 E:\wamp\www\fuzhong\App\Runtime\Cache\Admin\18055a5e5f0337bb14a3ccb14622b8cc.php 第 101 行.
NOTIC: [8] Uninitialized string offset: 0 E:\wamp\www\fuzhong\App\Runtime\Cache\Admin\18055a5e5f0337bb14a3ccb14622b8cc.php 第 101 行.
NOTIC: [8] Uninitialized string offset: 0 E:\wamp\www\fuzhong\App\Runtime\Cache\Admin\18055a5e5f0337bb14a3ccb14622b8cc.php 第 101 行.
NOTIC: [8] Uninitialized string offset: 0 E:\wamp\www\fuzhong\App\Runtime\Cache\Admin\18055a5e5f0337bb14a3ccb14622b8cc.php 第 101 行.
NOTIC: [8] Uninitialized string offset: 0 E:\wamp\www\fuzhong\App\Runtime\Cache\Admin\18055a5e5f0337bb14a3ccb14622b8cc.php 第 101 行.
NOTIC: [8] Uninitialized string offset: 0 E:\wamp\www\fuzhong\App\Runtime\Cache\Admin\18055a5e5f0337bb14a3ccb14622b8cc.php 第 34 行.
NOTIC: [2] Invalid argument supplied for foreach() E:\wamp\www\fuzhong\App\Runtime\Cache\Admin\18055a5e5f0337bb14a3ccb14622b8cc.php 第 36 行.
NOTIC: [8] Use of undefined constant i - assumed 'i' E:\wamp\www\fuzhong\App\Runtime\Cache\Admin\18055a5e5f0337bb14a3ccb14622b8cc.php 第 58 行.
NOTIC: [8] Use of undefined constant i - assumed 'i' E:\wamp\www\fuzhong\App\Runtime\Cache\Admin\18055a5e5f0337bb14a3ccb14622b8cc.php 第 58 行.
NOTIC: [8] Use of undefined constant i - assumed 'i' E:\wamp\www\fuzhong\App\Runtime\Cache\Admin\18055a5e5f0337bb14a3ccb14622b8cc.php 第 58 行.
NOTIC: [8] Use of undefined constant i - assumed 'i' E:\wamp\www\fuzhong\App\Runtime\Cache\Admin\18055a5e5f0337bb14a3ccb14622b8cc.php 第 94 行.
NOTIC: [8] Use of undefined constant i - assumed 'i' E:\wamp\www\fuzhong\App\Runtime\Cache\Admin\18055a5e5f0337bb14a3ccb14622b8cc.php 第 94 行.
NOTIC: [8] Use of undefined constant i - assumed 'i' E:\wamp\www\fuzhong\App\Runtime\Cache\Admin\18055a5e5f0337bb14a3ccb14622b8cc.php 第 94 行.
NOTIC: [2] Invalid argument supplied for foreach() E:\wamp\www\fuzhong\App\Runtime\Cache\Admin\18055a5e5f0337bb14a3ccb14622b8cc.php 第 36 行.
NOTIC: [8] Use of undefined constant i - assumed 'i' E:\wamp\www\fuzhong\App\Runtime\Cache\Admin\18055a5e5f0337bb14a3ccb14622b8cc.php 第 58 行.
NOTIC: [8] Use of undefined constant i - assumed 'i' E:\wamp\www\fuzhong\App\Runtime\Cache\Admin\18055a5e5f0337bb14a3ccb14622b8cc.php 第 58 行.
NOTIC: [8] Use of undefined constant i - assumed 'i' E:\wamp\www\fuzhong\App\Runtime\Cache\Admin\18055a5e5f0337bb14a3ccb14622b8cc.php 第 58 行.
NOTIC: [8] Use of undefined constant i - assumed 'i' E:\wamp\www\fuzhong\App\Runtime\Cache\Admin\18055a5e5f0337bb14a3ccb14622b8cc.php 第 94 行.
NOTIC: [8] Use of undefined constant i - assumed 'i' E:\wamp\www\fuzhong\App\Runtime\Cache\Admin\18055a5e5f0337bb14a3ccb14622b8cc.php 第 94 行.
NOTIC: [8] Use of undefined constant i - assumed 'i' E:\wamp\www\fuzhong\App\Runtime\Cache\Admin\18055a5e5f0337bb14a3ccb14622b8cc.php 第 94 行.
NOTIC: [2] Invalid argument supplied for foreach() E:\wamp\www\fuzhong\App\Runtime\Cache\Admin\18055a5e5f0337bb14a3ccb14622b8cc.php 第 36 行.
NOTIC: [8] Use of undefined constant i - assumed 'i' E:\wamp\www\fuzhong\App\Runtime\Cache\Admin\18055a5e5f0337bb14a3ccb14622b8cc.php 第 58 行.
NOTIC: [8] Use of undefined constant i - assumed 'i' E:\wamp\www\fuzhong\App\Runtime\Cache\Admin\18055a5e5f0337bb14a3ccb14622b8cc.php 第 58 行.
NOTIC: [8] Use of undefined constant i - assumed 'i' E:\wamp\www\fuzhong\App\Runtime\Cache\Admin\18055a5e5f0337bb14a3ccb14622b8cc.php 第 58 行.
NOTIC: [8] Use of undefined constant i - assumed 'i' E:\wamp\www\fuzhong\App\Runtime\Cache\Admin\18055a5e5f0337bb14a3ccb14622b8cc.php 第 94 行.
NOTIC: [8] Use of undefined constant i - assumed 'i' E:\wamp\www\fuzhong\App\Runtime\Cache\Admin\18055a5e5f0337bb14a3ccb14622b8cc.php 第 94 行.
NOTIC: [8] Use of undefined constant i - assumed 'i' E:\wamp\www\fuzhong\App\Runtime\Cache\Admin\18055a5e5f0337bb14a3ccb14622b8cc.php 第 94 行.
NOTIC: [2] Invalid argument supplied for foreach() E:\wamp\www\fuzhong\App\Runtime\Cache\Admin\18055a5e5f0337bb14a3ccb14622b8cc.php 第 36 行.
NOTIC: [8] Uninitialized string offset: 0 E:\wamp\www\fuzhong\App\Runtime\Cache\Admin\18055a5e5f0337bb14a3ccb14622b8cc.php 第 34 行.
INFO: ParseTemplate Behavior ::run [ RunTime:0.069897s ]
INFO: [ view_parse ] --END-- [ RunTime:0.070038s ]
INFO: [ view_filter ] --START--
INFO: ContentReplace Behavior ::run [ RunTime:0.000924s ]
INFO: TokenBuild Behavior ::run [ RunTime:0.000701s ]
INFO: WriteHtmlCache Behavior ::run [ RunTime:0.000460s ]
INFO: ShowRuntime Behavior ::run [ RunTime:0.000868s ]
INFO: [ view_filter ] --END-- [ RunTime:0.003266s ]
INFO: [ view_end ] --START--
INFO: ShowPageTrace Behavior ::run [ RunTime:0.001094s ]
INFO: [ view_end ] --END-- [ RunTime:0.001219s ]

