[ 2016-09-27T08:03:24+08:00 ] 172.30.2.163 /fuzhong/
INFO: [ app_begin ] --START--
INFO: ReadHtmlCache Behavior ::run [ RunTime:0.001469s ]
INFO: [ app_begin ] --END-- [ RunTime:0.001631s ]
SQL: SHOW COLUMNS FROM `term` [ RunTime:0.004087s ]
SQL: SELECT * FROM `term` WHERE ( `status` = 1 ) LIMIT 1   [ RunTime:0.000621s ]
INFO: [ view_parse ] --START--
INFO: ParseTemplate Behavior ::run [ RunTime:0.016289s ]
INFO: [ view_parse ] --END-- [ RunTime:0.016426s ]
INFO: [ view_filter ] --START--
INFO: ContentReplace Behavior ::run [ RunTime:0.000860s ]
INFO: TokenBuild Behavior ::run [ RunTime:0.000875s ]
INFO: WriteHtmlCache Behavior ::run [ RunTime:0.000663s ]
INFO: ShowRuntime Behavior ::run [ RunTime:0.001086s ]
INFO: [ view_filter ] --END-- [ RunTime:0.003795s ]
INFO: [ view_end ] --START--
INFO: ShowPageTrace Behavior ::run [ RunTime:0.001325s ]
INFO: [ view_end ] --END-- [ RunTime:0.001435s ]

[ 2016-09-27T08:03:55+08:00 ] 172.30.2.163 /fuzhong/User
INFO: [ route_check ] --START--
INFO: CheckRoute Behavior ::run [ RunTime:0.001754s ]
INFO: [ route_check ] --END-- [ RunTime:0.001910s ]
INFO: [ app_begin ] --START--
INFO: ReadHtmlCache Behavior ::run [ RunTime:0.001204s ]
INFO: [ app_begin ] --END-- [ RunTime:0.001330s ]
INFO: [ view_parse ] --START--
INFO: ParseTemplate Behavior ::run [ RunTime:0.025574s ]
INFO: [ view_parse ] --END-- [ RunTime:0.025742s ]
INFO: [ view_filter ] --START--
INFO: ContentReplace Behavior ::run [ RunTime:0.000744s ]
INFO: TokenBuild Behavior ::run [ RunTime:0.000797s ]
INFO: WriteHtmlCache Behavior ::run [ RunTime:0.000574s ]
INFO: ShowRuntime Behavior ::run [ RunTime:0.000956s ]
INFO: [ view_filter ] --END-- [ RunTime:0.003388s ]
INFO: [ view_end ] --START--
INFO: ShowPageTrace Behavior ::run [ RunTime:0.001249s ]
INFO: [ view_end ] --END-- [ RunTime:0.001366s ]

[ 2016-09-27T08:03:58+08:00 ] 172.30.2.163 /fuzhong/User/Login/index.html
INFO: [ route_check ] --START--
INFO: CheckRoute Behavior ::run [ RunTime:0.001481s ]
INFO: [ route_check ] --END-- [ RunTime:0.001629s ]
INFO: [ app_begin ] --START--
INFO: ReadHtmlCache Behavior ::run [ RunTime:0.000960s ]
INFO: [ app_begin ] --END-- [ RunTime:0.001083s ]
INFO: [ view_parse ] --START--
INFO: ParseTemplate Behavior ::run [ RunTime:0.014377s ]
INFO: [ view_parse ] --END-- [ RunTime:0.014535s ]
INFO: [ view_filter ] --START--
INFO: ContentReplace Behavior ::run [ RunTime:0.000649s ]
INFO: TokenBuild Behavior ::run [ RunTime:0.000663s ]
INFO: WriteHtmlCache Behavior ::run [ RunTime:0.000442s ]
INFO: ShowRuntime Behavior ::run [ RunTime:0.000833s ]
INFO: [ view_filter ] --END-- [ RunTime:0.002934s ]
INFO: [ view_end ] --START--
INFO: ShowPageTrace Behavior ::run [ RunTime:0.001127s ]
INFO: [ view_end ] --END-- [ RunTime:0.001249s ]

[ 2016-09-27T08:04:08+08:00 ] 172.30.2.163 /fuzhong/User/Login/loginHandle.html
INFO: [ route_check ] --START--
INFO: CheckRoute Behavior ::run [ RunTime:0.001766s ]
INFO: [ route_check ] --END-- [ RunTime:0.001914s ]
INFO: [ app_begin ] --START--
INFO: ReadHtmlCache Behavior ::run [ RunTime:0.001131s ]
INFO: [ app_begin ] --END-- [ RunTime:0.001255s ]
SQL: SHOW COLUMNS FROM `student` [ RunTime:0.004150s ]
SQL: SELECT * FROM `student` WHERE ( `xuehao` = '201590101' ) AND ( `password` = '291612' ) LIMIT 1   [ RunTime:0.000763s ]
INFO: [ view_parse ] --START--
INFO: ParseTemplate Behavior ::run [ RunTime:0.016024s ]
INFO: [ view_parse ] --END-- [ RunTime:0.016171s ]
INFO: [ view_filter ] --START--
INFO: ContentReplace Behavior ::run [ RunTime:0.000766s ]
INFO: TokenBuild Behavior ::run [ RunTime:0.000798s ]
INFO: WriteHtmlCache Behavior ::run [ RunTime:0.000585s ]
INFO: ShowRuntime Behavior ::run [ RunTime:0.000960s ]
INFO: [ view_filter ] --END-- [ RunTime:0.003414s ]
INFO: [ view_end ] --START--
INFO: ShowPageTrace Behavior ::run [ RunTime:0.001239s ]
INFO: [ view_end ] --END-- [ RunTime:0.001351s ]

[ 2016-09-27T08:04:09+08:00 ] 172.30.2.163 /fuzhong/User/Index/index.html
INFO: [ route_check ] --START--
INFO: CheckRoute Behavior ::run [ RunTime:0.001490s ]
INFO: [ route_check ] --END-- [ RunTime:0.001635s ]
INFO: [ app_begin ] --START--
INFO: ReadHtmlCache Behavior ::run [ RunTime:0.000977s ]
INFO: [ app_begin ] --END-- [ RunTime:0.001099s ]
SQL: SHOW COLUMNS FROM `student` [ RunTime:0.003619s ]
SQL: SELECT * FROM `student` WHERE ( `id` = 1 ) LIMIT 1   [ RunTime:0.000580s ]
SQL: SHOW COLUMNS FROM `banji` [ RunTime:0.004160s ]
SQL: SELECT `ruxuenian`,`banji` FROM `banji` WHERE ( 1=1 AND id='19' ) LIMIT 1   [ RunTime:0.000602s ]
SQL: SHOW COLUMNS FROM `kaoshi` [ RunTime:0.003911s ]
SQL: SELECT COUNT(*) AS tp_count FROM `kaoshi` WHERE ( `banji` = 19 ) AND ( `status` = 1 ) LIMIT 1   [ RunTime:0.000626s ]
SQL: SHOW COLUMNS FROM `kaoshi` [ RunTime:0.003770s ]
SQL: SELECT * FROM `kaoshi` WHERE ( `banji` = 19 ) AND ( `status` = 1 ) LIMIT 0,10   [ RunTime:0.000656s ]
SQL: SHOW COLUMNS FROM `xueke` [ RunTime:0.003894s ]
SQL: SELECT `xueke` FROM `xueke` WHERE ( 1=1 AND id='2' ) LIMIT 1   [ RunTime:0.000661s ]
SQL: SELECT `xueke` FROM `xueke` WHERE ( 1=1 AND id='6' ) LIMIT 1   [ RunTime:0.000457s ]
INFO: [ view_parse ] --START--
INFO: ParseTemplate Behavior ::run [ RunTime:0.021553s ]
INFO: [ view_parse ] --END-- [ RunTime:0.021691s ]
INFO: [ view_filter ] --START--
INFO: ContentReplace Behavior ::run [ RunTime:0.000673s ]
INFO: TokenBuild Behavior ::run [ RunTime:0.000665s ]
INFO: WriteHtmlCache Behavior ::run [ RunTime:0.000468s ]
INFO: ShowRuntime Behavior ::run [ RunTime:0.000802s ]
INFO: [ view_filter ] --END-- [ RunTime:0.002926s ]
INFO: [ view_end ] --START--
INFO: ShowPageTrace Behavior ::run [ RunTime:0.001085s ]
INFO: [ view_end ] --END-- [ RunTime:0.001195s ]

[ 2016-09-27T08:04:17+08:00 ] 172.30.2.163 /fuzhong/User/Index/detail/id/2.html
INFO: [ route_check ] --START--
INFO: CheckRoute Behavior ::run [ RunTime:0.001480s ]
INFO: [ route_check ] --END-- [ RunTime:0.001631s ]
INFO: [ app_begin ] --START--
INFO: ReadHtmlCache Behavior ::run [ RunTime:0.000961s ]
INFO: [ app_begin ] --END-- [ RunTime:0.001082s ]
SQL: SHOW COLUMNS FROM `student` [ RunTime:0.003592s ]
SQL: SELECT * FROM `student` WHERE ( `id` = 1 ) LIMIT 1   [ RunTime:0.000568s ]
SQL: SHOW COLUMNS FROM `banji` [ RunTime:0.003751s ]
SQL: SELECT `ruxuenian`,`banji` FROM `banji` WHERE ( 1=1 AND id='19' ) LIMIT 1   [ RunTime:0.000548s ]
SQL: SHOW COLUMNS FROM `kaoshi` [ RunTime:0.003946s ]
SQL: SELECT * FROM `kaoshi` WHERE ( `id` = 2 ) LIMIT 1   [ RunTime:0.000672s ]
SQL: SHOW COLUMNS FROM `xueke` [ RunTime:0.003583s ]
SQL: SELECT `xueke` FROM `xueke` WHERE ( 1=1 AND id='6' ) LIMIT 1   [ RunTime:0.000462s ]
SQL: SHOW COLUMNS FROM `term` [ RunTime:0.003649s ]
SQL: SELECT `name` FROM `term` WHERE ( 1=1 AND id='8' ) LIMIT 1   [ RunTime:0.000537s ]
SQL: SELECT `ruxuenian`,`banji` FROM `banji` WHERE ( 1=1 AND id='19' ) LIMIT 1   [ RunTime:0.000545s ]
SQL: SHOW COLUMNS FROM `kaoshichengji` [ RunTime:0.003620s ]
SQL: SELECT * FROM `kaoshichengji` WHERE ( xueshengid=1 AND kaoshiid='2' )  [ RunTime:0.000642s ]
SQL: SHOW COLUMNS FROM `kaoshichengji` [ RunTime:0.003535s ]
SQL: SELECT `fenshu` FROM `kaoshichengji` WHERE ( `kaoshiid` = 2 )  [ RunTime:0.000696s ]
NOTIC: [8] Undefined offset: 7 E:\wamp\www\fuzhong\App\Application\User\Action\IndexAction.class.php 第 113 行.
NOTIC: [8] Undefined offset: 8 E:\wamp\www\fuzhong\App\Application\User\Action\IndexAction.class.php 第 113 行.
NOTIC: [8] Undefined offset: 5 E:\wamp\www\fuzhong\App\Application\User\Action\IndexAction.class.php 第 113 行.
NOTIC: [8] Undefined offset: 6 E:\wamp\www\fuzhong\App\Application\User\Action\IndexAction.class.php 第 113 行.
NOTIC: [8] Undefined offset: 3 E:\wamp\www\fuzhong\App\Application\User\Action\IndexAction.class.php 第 113 行.
NOTIC: [8] Undefined offset: 4 E:\wamp\www\fuzhong\App\Application\User\Action\IndexAction.class.php 第 113 行.
NOTIC: [8] Undefined offset: 9 E:\wamp\www\fuzhong\App\Application\User\Action\IndexAction.class.php 第 113 行.
NOTIC: [8] Undefined variable: echartTitle E:\wamp\www\fuzhong\App\Application\User\Action\IndexAction.class.php 第 56 行.
NOTIC: [8] Undefined variable: echartData E:\wamp\www\fuzhong\App\Application\User\Action\IndexAction.class.php 第 61 行.
INFO: [ view_parse ] --START--
INFO: ParseTemplate Behavior ::run [ RunTime:0.020058s ]
INFO: [ view_parse ] --END-- [ RunTime:0.020195s ]
INFO: [ view_filter ] --START--
INFO: ContentReplace Behavior ::run [ RunTime:0.000729s ]
INFO: TokenBuild Behavior ::run [ RunTime:0.000649s ]
INFO: WriteHtmlCache Behavior ::run [ RunTime:0.000446s ]
INFO: ShowRuntime Behavior ::run [ RunTime:0.000829s ]
INFO: [ view_filter ] --END-- [ RunTime:0.002963s ]
INFO: [ view_end ] --START--
INFO: ShowPageTrace Behavior ::run [ RunTime:0.001117s ]
INFO: [ view_end ] --END-- [ RunTime:0.001225s ]

[ 2016-09-27T08:04:27+08:00 ] 172.30.2.163 /fuzhong/User/Index/detail/id/1.html
INFO: [ route_check ] --START--
INFO: CheckRoute Behavior ::run [ RunTime:0.001475s ]
INFO: [ route_check ] --END-- [ RunTime:0.001620s ]
INFO: [ app_begin ] --START--
INFO: ReadHtmlCache Behavior ::run [ RunTime:0.000957s ]
INFO: [ app_begin ] --END-- [ RunTime:0.001080s ]
SQL: SHOW COLUMNS FROM `student` [ RunTime:0.003564s ]
SQL: SELECT * FROM `student` WHERE ( `id` = 1 ) LIMIT 1   [ RunTime:0.000483s ]
SQL: SHOW COLUMNS FROM `banji` [ RunTime:0.003476s ]
SQL: SELECT `ruxuenian`,`banji` FROM `banji` WHERE ( 1=1 AND id='19' ) LIMIT 1   [ RunTime:0.000461s ]
SQL: SHOW COLUMNS FROM `kaoshi` [ RunTime:0.003773s ]
SQL: SELECT * FROM `kaoshi` WHERE ( `id` = 1 ) LIMIT 1   [ RunTime:0.000559s ]
SQL: SHOW COLUMNS FROM `xueke` [ RunTime:0.003484s ]
SQL: SELECT `xueke` FROM `xueke` WHERE ( 1=1 AND id='2' ) LIMIT 1   [ RunTime:0.000437s ]
SQL: SHOW COLUMNS FROM `term` [ RunTime:0.003595s ]
SQL: SELECT `name` FROM `term` WHERE ( 1=1 AND id='8' ) LIMIT 1   [ RunTime:0.000448s ]
SQL: SELECT `ruxuenian`,`banji` FROM `banji` WHERE ( 1=1 AND id='19' ) LIMIT 1   [ RunTime:0.000458s ]
SQL: SHOW COLUMNS FROM `kaoshichengji` [ RunTime:0.003588s ]
SQL: SELECT * FROM `kaoshichengji` WHERE ( xueshengid=1 AND kaoshiid='1' )  [ RunTime:0.000539s ]
SQL: SHOW COLUMNS FROM `kaoshichengji` [ RunTime:0.003572s ]
SQL: SELECT `fenshu` FROM `kaoshichengji` WHERE ( `kaoshiid` = 1 )  [ RunTime:0.000668s ]
NOTIC: [8] Undefined offset: 6 E:\wamp\www\fuzhong\App\Application\User\Action\IndexAction.class.php 第 113 行.
NOTIC: [8] Undefined offset: 4 E:\wamp\www\fuzhong\App\Application\User\Action\IndexAction.class.php 第 113 行.
NOTIC: [8] Undefined offset: 7 E:\wamp\www\fuzhong\App\Application\User\Action\IndexAction.class.php 第 113 行.
NOTIC: [8] Undefined offset: 8 E:\wamp\www\fuzhong\App\Application\User\Action\IndexAction.class.php 第 113 行.
NOTIC: [8] Undefined offset: 9 E:\wamp\www\fuzhong\App\Application\User\Action\IndexAction.class.php 第 113 行.
NOTIC: [8] Undefined offset: 10 E:\wamp\www\fuzhong\App\Application\User\Action\IndexAction.class.php 第 113 行.
NOTIC: [8] Undefined variable: echartTitle E:\wamp\www\fuzhong\App\Application\User\Action\IndexAction.class.php 第 56 行.
NOTIC: [8] Undefined variable: echartData E:\wamp\www\fuzhong\App\Application\User\Action\IndexAction.class.php 第 61 行.
INFO: [ view_parse ] --START--
INFO: ParseTemplate Behavior ::run [ RunTime:0.020962s ]
INFO: [ view_parse ] --END-- [ RunTime:0.021097s ]
INFO: [ view_filter ] --START--
INFO: ContentReplace Behavior ::run [ RunTime:0.000724s ]
INFO: TokenBuild Behavior ::run [ RunTime:0.000661s ]
INFO: WriteHtmlCache Behavior ::run [ RunTime:0.000463s ]
INFO: ShowRuntime Behavior ::run [ RunTime:0.000827s ]
INFO: [ view_filter ] --END-- [ RunTime:0.003045s ]
INFO: [ view_end ] --START--
INFO: ShowPageTrace Behavior ::run [ RunTime:0.001138s ]
INFO: [ view_end ] --END-- [ RunTime:0.001244s ]

[ 2016-09-27T08:05:24+08:00 ] 172.30.2.153 /fuzhong/
INFO: [ app_begin ] --START--
INFO: ReadHtmlCache Behavior ::run [ RunTime:0.000986s ]
INFO: [ app_begin ] --END-- [ RunTime:0.001143s ]
SQL: SHOW COLUMNS FROM `term` [ RunTime:0.003866s ]
SQL: SELECT * FROM `term` WHERE ( `status` = 1 ) LIMIT 1   [ RunTime:0.000584s ]
INFO: [ view_parse ] --START--
INFO: ParseTemplate Behavior ::run [ RunTime:0.014737s ]
INFO: [ view_parse ] --END-- [ RunTime:0.014876s ]
INFO: [ view_filter ] --START--
INFO: ContentReplace Behavior ::run [ RunTime:0.000637s ]
INFO: TokenBuild Behavior ::run [ RunTime:0.000663s ]
INFO: WriteHtmlCache Behavior ::run [ RunTime:0.000468s ]
INFO: ShowRuntime Behavior ::run [ RunTime:0.000857s ]
INFO: [ view_filter ] --END-- [ RunTime:0.002935s ]
INFO: [ view_end ] --START--
INFO: ShowPageTrace Behavior ::run [ RunTime:0.001120s ]
INFO: [ view_end ] --END-- [ RunTime:0.001232s ]

[ 2016-09-27T08:05:31+08:00 ] 172.30.2.153 /fuzhong/User
INFO: [ route_check ] --START--
INFO: CheckRoute Behavior ::run [ RunTime:0.001735s ]
INFO: [ route_check ] --END-- [ RunTime:0.001885s ]
INFO: [ app_begin ] --START--
INFO: ReadHtmlCache Behavior ::run [ RunTime:0.001080s ]
INFO: [ app_begin ] --END-- [ RunTime:0.001205s ]
INFO: [ view_parse ] --START--
INFO: ParseTemplate Behavior ::run [ RunTime:0.013769s ]
INFO: [ view_parse ] --END-- [ RunTime:0.013952s ]
INFO: [ view_filter ] --START--
INFO: ContentReplace Behavior ::run [ RunTime:0.000749s ]
INFO: TokenBuild Behavior ::run [ RunTime:0.000795s ]
INFO: WriteHtmlCache Behavior ::run [ RunTime:0.000572s ]
INFO: ShowRuntime Behavior ::run [ RunTime:0.000935s ]
INFO: [ view_filter ] --END-- [ RunTime:0.003360s ]
INFO: [ view_end ] --START--
INFO: ShowPageTrace Behavior ::run [ RunTime:0.001252s ]
INFO: [ view_end ] --END-- [ RunTime:0.001369s ]

[ 2016-09-27T08:05:32+08:00 ] 172.30.2.153 /fuzhong/User/Login/index.html
INFO: [ route_check ] --START--
INFO: CheckRoute Behavior ::run [ RunTime:0.001511s ]
INFO: [ route_check ] --END-- [ RunTime:0.001656s ]
INFO: [ app_begin ] --START--
INFO: ReadHtmlCache Behavior ::run [ RunTime:0.000951s ]
INFO: [ app_begin ] --END-- [ RunTime:0.001071s ]
INFO: [ view_parse ] --START--
INFO: ParseTemplate Behavior ::run [ RunTime:0.014245s ]
INFO: [ view_parse ] --END-- [ RunTime:0.014400s ]
INFO: [ view_filter ] --START--
INFO: ContentReplace Behavior ::run [ RunTime:0.000664s ]
INFO: TokenBuild Behavior ::run [ RunTime:0.000670s ]
INFO: WriteHtmlCache Behavior ::run [ RunTime:0.000450s ]
INFO: ShowRuntime Behavior ::run [ RunTime:0.000821s ]
INFO: [ view_filter ] --END-- [ RunTime:0.002966s ]
INFO: [ view_end ] --START--
INFO: ShowPageTrace Behavior ::run [ RunTime:0.001109s ]
INFO: [ view_end ] --END-- [ RunTime:0.001226s ]

[ 2016-09-27T08:06:09+08:00 ] 172.30.2.153 /fuzhong/User/Login/loginHandle.html
INFO: [ route_check ] --START--
INFO: CheckRoute Behavior ::run [ RunTime:0.001885s ]
INFO: [ route_check ] --END-- [ RunTime:0.002043s ]
INFO: [ app_begin ] --START--
INFO: ReadHtmlCache Behavior ::run [ RunTime:0.001203s ]
INFO: [ app_begin ] --END-- [ RunTime:0.001328s ]
SQL: SHOW COLUMNS FROM `student` [ RunTime:0.003790s ]
SQL: SELECT * FROM `student` WHERE ( `xuehao` = '201590121' ) AND ( `password` = '654565' ) LIMIT 1   [ RunTime:0.000705s ]
INFO: [ view_parse ] --START--
INFO: ParseTemplate Behavior ::run [ RunTime:0.015084s ]
INFO: [ view_parse ] --END-- [ RunTime:0.015233s ]
INFO: [ view_filter ] --START--
INFO: ContentReplace Behavior ::run [ RunTime:0.000833s ]
INFO: TokenBuild Behavior ::run [ RunTime:0.000883s ]
INFO: WriteHtmlCache Behavior ::run [ RunTime:0.000667s ]
INFO: ShowRuntime Behavior ::run [ RunTime:0.001033s ]
INFO: [ view_filter ] --END-- [ RunTime:0.003729s ]
INFO: [ view_end ] --START--
INFO: ShowPageTrace Behavior ::run [ RunTime:0.001308s ]
INFO: [ view_end ] --END-- [ RunTime:0.001420s ]

[ 2016-09-27T08:06:10+08:00 ] 172.30.2.153 /fuzhong/User/Index/index.html
INFO: [ route_check ] --START--
INFO: CheckRoute Behavior ::run [ RunTime:0.001792s ]
INFO: [ route_check ] --END-- [ RunTime:0.001939s ]
INFO: [ app_begin ] --START--
INFO: ReadHtmlCache Behavior ::run [ RunTime:0.001137s ]
INFO: [ app_begin ] --END-- [ RunTime:0.001263s ]
SQL: SHOW COLUMNS FROM `student` [ RunTime:0.003552s ]
SQL: SELECT * FROM `student` WHERE ( `id` = 21 ) LIMIT 1   [ RunTime:0.000576s ]
SQL: SHOW COLUMNS FROM `banji` [ RunTime:0.003690s ]
SQL: SELECT `ruxuenian`,`banji` FROM `banji` WHERE ( 1=1 AND id='19' ) LIMIT 1   [ RunTime:0.000533s ]
SQL: SHOW COLUMNS FROM `kaoshi` [ RunTime:0.003988s ]
SQL: SELECT COUNT(*) AS tp_count FROM `kaoshi` WHERE ( `banji` = 19 ) AND ( `status` = 1 ) LIMIT 1   [ RunTime:0.000577s ]
SQL: SHOW COLUMNS FROM `kaoshi` [ RunTime:0.003897s ]
SQL: SELECT * FROM `kaoshi` WHERE ( `banji` = 19 ) AND ( `status` = 1 ) LIMIT 0,10   [ RunTime:0.000637s ]
SQL: SHOW COLUMNS FROM `xueke` [ RunTime:0.003314s ]
SQL: SELECT `xueke` FROM `xueke` WHERE ( 1=1 AND id='2' ) LIMIT 1   [ RunTime:0.000542s ]
SQL: SELECT `xueke` FROM `xueke` WHERE ( 1=1 AND id='6' ) LIMIT 1   [ RunTime:0.000454s ]
INFO: [ view_parse ] --START--
INFO: ParseTemplate Behavior ::run [ RunTime:0.022866s ]
INFO: [ view_parse ] --END-- [ RunTime:0.023006s ]
INFO: [ view_filter ] --START--
INFO: ContentReplace Behavior ::run [ RunTime:0.000819s ]
INFO: TokenBuild Behavior ::run [ RunTime:0.000851s ]
INFO: WriteHtmlCache Behavior ::run [ RunTime:0.000660s ]
INFO: ShowRuntime Behavior ::run [ RunTime:0.000996s ]
INFO: [ view_filter ] --END-- [ RunTime:0.003656s ]
INFO: [ view_end ] --START--
INFO: ShowPageTrace Behavior ::run [ RunTime:0.001257s ]
INFO: [ view_end ] --END-- [ RunTime:0.001369s ]

[ 2016-09-27T08:06:29+08:00 ] 172.30.2.153 /fuzhong/User/Index/detail/id/1.html
INFO: [ route_check ] --START--
INFO: CheckRoute Behavior ::run [ RunTime:0.001673s ]
INFO: [ route_check ] --END-- [ RunTime:0.001825s ]
INFO: [ app_begin ] --START--
INFO: ReadHtmlCache Behavior ::run [ RunTime:0.001146s ]
INFO: [ app_begin ] --END-- [ RunTime:0.001269s ]
SQL: SHOW COLUMNS FROM `student` [ RunTime:0.003707s ]
SQL: SELECT * FROM `student` WHERE ( `id` = 21 ) LIMIT 1   [ RunTime:0.000580s ]
SQL: SHOW COLUMNS FROM `banji` [ RunTime:0.003810s ]
SQL: SELECT `ruxuenian`,`banji` FROM `banji` WHERE ( 1=1 AND id='19' ) LIMIT 1   [ RunTime:0.000536s ]
SQL: SHOW COLUMNS FROM `kaoshi` [ RunTime:0.003777s ]
SQL: SELECT * FROM `kaoshi` WHERE ( `id` = 1 ) LIMIT 1   [ RunTime:0.000660s ]
SQL: SHOW COLUMNS FROM `xueke` [ RunTime:0.003580s ]
SQL: SELECT `xueke` FROM `xueke` WHERE ( 1=1 AND id='2' ) LIMIT 1   [ RunTime:0.000466s ]
SQL: SHOW COLUMNS FROM `term` [ RunTime:0.003537s ]
SQL: SELECT `name` FROM `term` WHERE ( 1=1 AND id='8' ) LIMIT 1   [ RunTime:0.000551s ]
SQL: SELECT `ruxuenian`,`banji` FROM `banji` WHERE ( 1=1 AND id='19' ) LIMIT 1   [ RunTime:0.000548s ]
SQL: SHOW COLUMNS FROM `kaoshichengji` [ RunTime:0.003799s ]
SQL: SELECT * FROM `kaoshichengji` WHERE ( xueshengid=21 AND kaoshiid='1' )  [ RunTime:0.000649s ]
SQL: SHOW COLUMNS FROM `kaoshichengji` [ RunTime:0.003595s ]
SQL: SELECT `fenshu` FROM `kaoshichengji` WHERE ( `kaoshiid` = 1 )  [ RunTime:0.000687s ]
SQL: SELECT `fenshu` FROM `kaoshichengji` WHERE ( `kaoshiid` = 1 )  [ RunTime:0.000678s ]
NOTIC: [8] Undefined offset: 6 E:\wamp\www\fuzhong\App\Application\User\Action\IndexAction.class.php 第 113 行.
NOTIC: [8] Undefined offset: 4 E:\wamp\www\fuzhong\App\Application\User\Action\IndexAction.class.php 第 113 行.
NOTIC: [8] Undefined offset: 7 E:\wamp\www\fuzhong\App\Application\User\Action\IndexAction.class.php 第 113 行.
NOTIC: [8] Undefined offset: 8 E:\wamp\www\fuzhong\App\Application\User\Action\IndexAction.class.php 第 113 行.
NOTIC: [8] Undefined offset: 9 E:\wamp\www\fuzhong\App\Application\User\Action\IndexAction.class.php 第 113 行.
NOTIC: [8] Undefined offset: 10 E:\wamp\www\fuzhong\App\Application\User\Action\IndexAction.class.php 第 113 行.
NOTIC: [8] Undefined variable: echartTitle E:\wamp\www\fuzhong\App\Application\User\Action\IndexAction.class.php 第 56 行.
NOTIC: [8] Undefined variable: echartData E:\wamp\www\fuzhong\App\Application\User\Action\IndexAction.class.php 第 61 行.
INFO: [ view_parse ] --START--
INFO: ParseTemplate Behavior ::run [ RunTime:0.021400s ]
INFO: [ view_parse ] --END-- [ RunTime:0.021539s ]
INFO: [ view_filter ] --START--
INFO: ContentReplace Behavior ::run [ RunTime:0.000908s ]
INFO: TokenBuild Behavior ::run [ RunTime:0.000890s ]
INFO: WriteHtmlCache Behavior ::run [ RunTime:0.000672s ]
INFO: ShowRuntime Behavior ::run [ RunTime:0.001062s ]
INFO: [ view_filter ] --END-- [ RunTime:0.003844s ]
INFO: [ view_end ] --START--
INFO: ShowPageTrace Behavior ::run [ RunTime:0.001297s ]
INFO: [ view_end ] --END-- [ RunTime:0.001406s ]

[ 2016-09-27T08:06:53+08:00 ] 172.30.2.153 /fuzhong/User/Index/detail/id/2.html
INFO: [ route_check ] --START--
INFO: CheckRoute Behavior ::run [ RunTime:0.001675s ]
INFO: [ route_check ] --END-- [ RunTime:0.001830s ]
INFO: [ app_begin ] --START--
INFO: ReadHtmlCache Behavior ::run [ RunTime:0.001143s ]
INFO: [ app_begin ] --END-- [ RunTime:0.001268s ]
SQL: SHOW COLUMNS FROM `student` [ RunTime:0.003614s ]
SQL: SELECT * FROM `student` WHERE ( `id` = 21 ) LIMIT 1   [ RunTime:0.000578s ]
SQL: SHOW COLUMNS FROM `banji` [ RunTime:0.003901s ]
SQL: SELECT `ruxuenian`,`banji` FROM `banji` WHERE ( 1=1 AND id='19' ) LIMIT 1   [ RunTime:0.000543s ]
SQL: SHOW COLUMNS FROM `kaoshi` [ RunTime:0.003610s ]
SQL: SELECT * FROM `kaoshi` WHERE ( `id` = 2 ) LIMIT 1   [ RunTime:0.000643s ]
SQL: SHOW COLUMNS FROM `xueke` [ RunTime:0.003535s ]
SQL: SELECT `xueke` FROM `xueke` WHERE ( 1=1 AND id='6' ) LIMIT 1   [ RunTime:0.000460s ]
SQL: SHOW COLUMNS FROM `term` [ RunTime:0.003565s ]
SQL: SELECT `name` FROM `term` WHERE ( 1=1 AND id='8' ) LIMIT 1   [ RunTime:0.000540s ]
SQL: SELECT `ruxuenian`,`banji` FROM `banji` WHERE ( 1=1 AND id='19' ) LIMIT 1   [ RunTime:0.000550s ]
SQL: SHOW COLUMNS FROM `kaoshichengji` [ RunTime:0.003854s ]
SQL: SELECT * FROM `kaoshichengji` WHERE ( xueshengid=21 AND kaoshiid='2' )  [ RunTime:0.000670s ]
SQL: SHOW COLUMNS FROM `kaoshichengji` [ RunTime:0.003593s ]
SQL: SELECT `fenshu` FROM `kaoshichengji` WHERE ( `kaoshiid` = 2 )  [ RunTime:0.000697s ]
SQL: SELECT `fenshu` FROM `kaoshichengji` WHERE ( `kaoshiid` = 2 )  [ RunTime:0.000673s ]
NOTIC: [8] Undefined offset: 7 E:\wamp\www\fuzhong\App\Application\User\Action\IndexAction.class.php 第 113 行.
NOTIC: [8] Undefined offset: 8 E:\wamp\www\fuzhong\App\Application\User\Action\IndexAction.class.php 第 113 行.
NOTIC: [8] Undefined offset: 5 E:\wamp\www\fuzhong\App\Application\User\Action\IndexAction.class.php 第 113 行.
NOTIC: [8] Undefined offset: 6 E:\wamp\www\fuzhong\App\Application\User\Action\IndexAction.class.php 第 113 行.
NOTIC: [8] Undefined offset: 3 E:\wamp\www\fuzhong\App\Application\User\Action\IndexAction.class.php 第 113 行.
NOTIC: [8] Undefined offset: 4 E:\wamp\www\fuzhong\App\Application\User\Action\IndexAction.class.php 第 113 行.
NOTIC: [8] Undefined offset: 9 E:\wamp\www\fuzhong\App\Application\User\Action\IndexAction.class.php 第 113 行.
NOTIC: [8] Undefined variable: echartTitle E:\wamp\www\fuzhong\App\Application\User\Action\IndexAction.class.php 第 56 行.
NOTIC: [8] Undefined variable: echartData E:\wamp\www\fuzhong\App\Application\User\Action\IndexAction.class.php 第 61 行.
INFO: [ view_parse ] --START--
INFO: ParseTemplate Behavior ::run [ RunTime:0.021427s ]
INFO: [ view_parse ] --END-- [ RunTime:0.021565s ]
INFO: [ view_filter ] --START--
INFO: ContentReplace Behavior ::run [ RunTime:0.000888s ]
INFO: TokenBuild Behavior ::run [ RunTime:0.000858s ]
INFO: WriteHtmlCache Behavior ::run [ RunTime:0.000650s ]
INFO: ShowRuntime Behavior ::run [ RunTime:0.001028s ]
INFO: [ view_filter ] --END-- [ RunTime:0.003739s ]
INFO: [ view_end ] --START--
INFO: ShowPageTrace Behavior ::run [ RunTime:0.001278s ]
INFO: [ view_end ] --END-- [ RunTime:0.001386s ]

[ 2016-09-27T08:07:06+08:00 ] 172.30.2.153 /fuzhong/User/Index/index.html
INFO: [ route_check ] --START--
INFO: CheckRoute Behavior ::run [ RunTime:0.001861s ]
INFO: [ route_check ] --END-- [ RunTime:0.002011s ]
INFO: [ app_begin ] --START--
INFO: ReadHtmlCache Behavior ::run [ RunTime:0.001204s ]
INFO: [ app_begin ] --END-- [ RunTime:0.001328s ]
SQL: SHOW COLUMNS FROM `student` [ RunTime:0.003616s ]
SQL: SELECT * FROM `student` WHERE ( `id` = 21 ) LIMIT 1   [ RunTime:0.000576s ]
SQL: SHOW COLUMNS FROM `banji` [ RunTime:0.003585s ]
SQL: SELECT `ruxuenian`,`banji` FROM `banji` WHERE ( 1=1 AND id='19' ) LIMIT 1   [ RunTime:0.000545s ]
SQL: SHOW COLUMNS FROM `kaoshi` [ RunTime:0.003909s ]
SQL: SELECT COUNT(*) AS tp_count FROM `kaoshi` WHERE ( `banji` = 19 ) AND ( `status` = 1 ) LIMIT 1   [ RunTime:0.000599s ]
SQL: SHOW COLUMNS FROM `kaoshi` [ RunTime:0.003924s ]
SQL: SELECT * FROM `kaoshi` WHERE ( `banji` = 19 ) AND ( `status` = 1 ) LIMIT 0,10   [ RunTime:0.000635s ]
SQL: SHOW COLUMNS FROM `xueke` [ RunTime:0.003704s ]
SQL: SELECT `xueke` FROM `xueke` WHERE ( 1=1 AND id='2' ) LIMIT 1   [ RunTime:0.000532s ]
SQL: SELECT `xueke` FROM `xueke` WHERE ( 1=1 AND id='6' ) LIMIT 1   [ RunTime:0.000418s ]
INFO: [ view_parse ] --START--
INFO: ParseTemplate Behavior ::run [ RunTime:0.023678s ]
INFO: [ view_parse ] --END-- [ RunTime:0.023818s ]
INFO: [ view_filter ] --START--
INFO: ContentReplace Behavior ::run [ RunTime:0.000889s ]
INFO: TokenBuild Behavior ::run [ RunTime:0.000893s ]
INFO: WriteHtmlCache Behavior ::run [ RunTime:0.000693s ]
INFO: ShowRuntime Behavior ::run [ RunTime:0.000979s ]
INFO: [ view_filter ] --END-- [ RunTime:0.003781s ]
INFO: [ view_end ] --START--
INFO: ShowPageTrace Behavior ::run [ RunTime:0.001327s ]
INFO: [ view_end ] --END-- [ RunTime:0.001441s ]

[ 2016-09-27T08:07:20+08:00 ] 172.30.2.153 /fuzhong/
INFO: [ app_begin ] --START--
INFO: ReadHtmlCache Behavior ::run [ RunTime:0.001223s ]
INFO: [ app_begin ] --END-- [ RunTime:0.001368s ]
SQL: SHOW COLUMNS FROM `term` [ RunTime:0.003511s ]
SQL: SELECT * FROM `term` WHERE ( `status` = 1 ) LIMIT 1   [ RunTime:0.000555s ]
INFO: [ view_parse ] --START--
INFO: ParseTemplate Behavior ::run [ RunTime:0.016360s ]
INFO: [ view_parse ] --END-- [ RunTime:0.016500s ]
INFO: [ view_filter ] --START--
INFO: ContentReplace Behavior ::run [ RunTime:0.000896s ]
INFO: TokenBuild Behavior ::run [ RunTime:0.000901s ]
INFO: WriteHtmlCache Behavior ::run [ RunTime:0.000699s ]
INFO: ShowRuntime Behavior ::run [ RunTime:0.000893s ]
INFO: [ view_filter ] --END-- [ RunTime:0.003716s ]
INFO: [ view_end ] --START--
INFO: ShowPageTrace Behavior ::run [ RunTime:0.001343s ]
INFO: [ view_end ] --END-- [ RunTime:0.001455s ]

[ 2016-09-27T08:07:21+08:00 ] 172.30.2.153 /fuzhong/Home/Login/loginHandle.html
INFO: [ route_check ] --START--
INFO: CheckRoute Behavior ::run [ RunTime:0.001684s ]
INFO: [ route_check ] --END-- [ RunTime:0.001830s ]
INFO: [ app_begin ] --START--
INFO: ReadHtmlCache Behavior ::run [ RunTime:0.001182s ]
INFO: [ app_begin ] --END-- [ RunTime:0.001308s ]
SQL: SHOW COLUMNS FROM `banji` [ RunTime:0.003708s ]
SQL: SELECT * FROM `banji` WHERE ( `username` = '201505' ) AND ( `password` = 'e10adc3949ba59abbe56e057f20f883e' ) LIMIT 1   [ RunTime:0.000524s ]
INFO: [ view_parse ] --START--
INFO: ParseTemplate Behavior ::run [ RunTime:0.015389s ]
INFO: [ view_parse ] --END-- [ RunTime:0.015531s ]
INFO: [ view_filter ] --START--
INFO: ContentReplace Behavior ::run [ RunTime:0.000861s ]
INFO: TokenBuild Behavior ::run [ RunTime:0.000892s ]
INFO: WriteHtmlCache Behavior ::run [ RunTime:0.000703s ]
INFO: ShowRuntime Behavior ::run [ RunTime:0.000885s ]
INFO: [ view_filter ] --END-- [ RunTime:0.003661s ]
INFO: [ view_end ] --START--
INFO: ShowPageTrace Behavior ::run [ RunTime:0.001318s ]
INFO: [ view_end ] --END-- [ RunTime:0.001430s ]

[ 2016-09-27T08:07:22+08:00 ] 172.30.2.153 /fuzhong/Home/Jiaodaochu/index.html
INFO: [ route_check ] --START--
INFO: CheckRoute Behavior ::run [ RunTime:0.001668s ]
INFO: [ route_check ] --END-- [ RunTime:0.001813s ]
INFO: [ app_begin ] --START--
INFO: ReadHtmlCache Behavior ::run [ RunTime:0.001185s ]
INFO: [ app_begin ] --END-- [ RunTime:0.001312s ]
SQL: SHOW COLUMNS FROM `banji` [ RunTime:0.003601s ]
SQL: SELECT * FROM `banji` WHERE ( `id` = 23 ) LIMIT 1   [ RunTime:0.000527s ]
SQL: SHOW COLUMNS FROM `term` [ RunTime:0.003645s ]
SQL: SELECT * FROM `term` WHERE ( `status` = 1 ) LIMIT 1   [ RunTime:0.000478s ]
SQL: SHOW COLUMNS FROM `nianji` [ RunTime:0.003558s ]
SQL: SELECT * FROM `nianji` WHERE ( `ruxuenian` = 2015 ) LIMIT 1   [ RunTime:0.000718s ]
SQL: SHOW COLUMNS FROM `enrollment` [ RunTime:0.003800s ]
SQL: SELECT * FROM `enrollment` WHERE ( `status` = 1 )  [ RunTime:0.000647s ]
SQL: SHOW COLUMNS FROM `nianji` [ RunTime:0.003672s ]
NOTIC: [8] Undefined index: mapping_order E:\wamp\www\fuzhong\ThinkPHP\Extend\Model\RelationModel.class.php 第 188 行.
NOTIC: [8] Undefined index: mapping_limit E:\wamp\www\fuzhong\ThinkPHP\Extend\Model\RelationModel.class.php 第 189 行.
SQL: SELECT b.* FROM enrollment_nianji AS a, nianji AS b WHERE a.nianji_id = b.id AND a. enrollment_id='11' AND nianji_id=2 [ RunTime:0.000706s ]
INFO: [ view_parse ] --START--
SQL: SELECT * FROM `banji` WHERE ( `id` = 23 ) LIMIT 1   [ RunTime:0.000506s ]
SQL: SELECT * FROM `term` WHERE ( `status` = 1 ) LIMIT 1   [ RunTime:0.000463s ]
INFO: ParseTemplate Behavior ::run [ RunTime:0.033682s ]
INFO: [ view_parse ] --END-- [ RunTime:0.033817s ]
INFO: [ view_filter ] --START--
INFO: ContentReplace Behavior ::run [ RunTime:0.000895s ]
INFO: TokenBuild Behavior ::run [ RunTime:0.000883s ]
INFO: WriteHtmlCache Behavior ::run [ RunTime:0.000673s ]
INFO: ShowRuntime Behavior ::run [ RunTime:0.000915s ]
INFO: [ view_filter ] --END-- [ RunTime:0.003675s ]
INFO: [ view_end ] --START--
INFO: ShowPageTrace Behavior ::run [ RunTime:0.001321s ]
INFO: [ view_end ] --END-- [ RunTime:0.001437s ]

[ 2016-09-27T08:07:30+08:00 ] 172.30.2.153 /fuzhong/Home/Chengji
INFO: [ route_check ] --START--
INFO: CheckRoute Behavior ::run [ RunTime:0.001823s ]
INFO: [ route_check ] --END-- [ RunTime:0.001972s ]
INFO: [ app_begin ] --START--
INFO: ReadHtmlCache Behavior ::run [ RunTime:0.001108s ]
INFO: [ app_begin ] --END-- [ RunTime:0.001236s ]
SQL: SHOW COLUMNS FROM `kaoshi` [ RunTime:0.003659s ]
SQL: SELECT COUNT(*) AS tp_count FROM `kaoshi` WHERE ( `status` = 1 ) AND ( `banji` = 23 ) LIMIT 1   [ RunTime:0.000594s ]
SQL: SHOW COLUMNS FROM `kaoshi` [ RunTime:0.003896s ]
SQL: SELECT * FROM `kaoshi` WHERE ( `status` = 1 ) AND ( `banji` = 23 ) ORDER BY id DESC LIMIT 0,10   [ RunTime:0.000595s ]
INFO: [ view_parse ] --START--
SQL: SHOW COLUMNS FROM `banji` [ RunTime:0.003554s ]
SQL: SELECT * FROM `banji` WHERE ( `id` = 23 ) LIMIT 1   [ RunTime:0.000562s ]
SQL: SHOW COLUMNS FROM `term` [ RunTime:0.003597s ]
SQL: SELECT * FROM `term` WHERE ( `status` = 1 ) LIMIT 1   [ RunTime:0.000547s ]
INFO: ParseTemplate Behavior ::run [ RunTime:0.039025s ]
INFO: [ view_parse ] --END-- [ RunTime:0.039160s ]
INFO: [ view_filter ] --START--
INFO: ContentReplace Behavior ::run [ RunTime:0.000791s ]
INFO: TokenBuild Behavior ::run [ RunTime:0.000823s ]
INFO: WriteHtmlCache Behavior ::run [ RunTime:0.000585s ]
INFO: ShowRuntime Behavior ::run [ RunTime:0.000963s ]
INFO: [ view_filter ] --END-- [ RunTime:0.003465s ]
INFO: [ view_end ] --START--
INFO: ShowPageTrace Behavior ::run [ RunTime:0.001264s ]
INFO: [ view_end ] --END-- [ RunTime:0.001379s ]

[ 2016-09-27T08:07:34+08:00 ] 172.30.2.153 /fuzhong/Home/Chengji/addKaoshi.html
INFO: [ route_check ] --START--
INFO: CheckRoute Behavior ::run [ RunTime:0.001497s ]
INFO: [ route_check ] --END-- [ RunTime:0.001645s ]
INFO: [ app_begin ] --START--
INFO: ReadHtmlCache Behavior ::run [ RunTime:0.000979s ]
INFO: [ app_begin ] --END-- [ RunTime:0.001101s ]
SQL: SHOW COLUMNS FROM `xueke` [ RunTime:0.003185s ]
SQL: SELECT * FROM `xueke`  [ RunTime:0.000471s ]
INFO: [ view_parse ] --START--
SQL: SHOW COLUMNS FROM `banji` [ RunTime:0.003780s ]
SQL: SELECT * FROM `banji` WHERE ( `id` = 23 ) LIMIT 1   [ RunTime:0.000490s ]
SQL: SHOW COLUMNS FROM `term` [ RunTime:0.003655s ]
SQL: SELECT * FROM `term` WHERE ( `status` = 1 ) LIMIT 1   [ RunTime:0.000470s ]
INFO: ParseTemplate Behavior ::run [ RunTime:0.034569s ]
INFO: [ view_parse ] --END-- [ RunTime:0.034725s ]
INFO: [ view_filter ] --START--
INFO: ContentReplace Behavior ::run [ RunTime:0.000687s ]
INFO: TokenBuild Behavior ::run [ RunTime:0.000668s ]
INFO: WriteHtmlCache Behavior ::run [ RunTime:0.000457s ]
INFO: ShowRuntime Behavior ::run [ RunTime:0.000833s ]
INFO: [ view_filter ] --END-- [ RunTime:0.002955s ]
INFO: [ view_end ] --START--
INFO: ShowPageTrace Behavior ::run [ RunTime:0.001100s ]
INFO: [ view_end ] --END-- [ RunTime:0.001213s ]

[ 2016-09-27T08:07:42+08:00 ] 172.30.2.153 /fuzhong/Home/Chengji/index.html
INFO: [ route_check ] --START--
INFO: CheckRoute Behavior ::run [ RunTime:0.001519s ]
INFO: [ route_check ] --END-- [ RunTime:0.001665s ]
INFO: [ app_begin ] --START--
INFO: ReadHtmlCache Behavior ::run [ RunTime:0.000983s ]
INFO: [ app_begin ] --END-- [ RunTime:0.001106s ]
SQL: SHOW COLUMNS FROM `kaoshi` [ RunTime:0.003734s ]
SQL: SELECT COUNT(*) AS tp_count FROM `kaoshi` WHERE ( `status` = 1 ) AND ( `banji` = 23 ) LIMIT 1   [ RunTime:0.000569s ]
SQL: SHOW COLUMNS FROM `kaoshi` [ RunTime:0.003880s ]
SQL: SELECT * FROM `kaoshi` WHERE ( `status` = 1 ) AND ( `banji` = 23 ) ORDER BY id DESC LIMIT 0,10   [ RunTime:0.000632s ]
INFO: [ view_parse ] --START--
SQL: SHOW COLUMNS FROM `banji` [ RunTime:0.003669s ]
SQL: SELECT * FROM `banji` WHERE ( `id` = 23 ) LIMIT 1   [ RunTime:0.000497s ]
SQL: SHOW COLUMNS FROM `term` [ RunTime:0.003604s ]
SQL: SELECT * FROM `term` WHERE ( `status` = 1 ) LIMIT 1   [ RunTime:0.000553s ]
INFO: ParseTemplate Behavior ::run [ RunTime:0.039291s ]
INFO: [ view_parse ] --END-- [ RunTime:0.039421s ]
INFO: [ view_filter ] --START--
INFO: ContentReplace Behavior ::run [ RunTime:0.000648s ]
INFO: TokenBuild Behavior ::run [ RunTime:0.000686s ]
INFO: WriteHtmlCache Behavior ::run [ RunTime:0.000479s ]
INFO: ShowRuntime Behavior ::run [ RunTime:0.000808s ]
INFO: [ view_filter ] --END-- [ RunTime:0.002921s ]
INFO: [ view_end ] --START--
INFO: ShowPageTrace Behavior ::run [ RunTime:0.001118s ]
INFO: [ view_end ] --END-- [ RunTime:0.001228s ]

[ 2016-09-27T08:07:46+08:00 ] 172.30.2.153 /fuzhong/Home/Student/index.html
INFO: [ route_check ] --START--
INFO: CheckRoute Behavior ::run [ RunTime:0.001498s ]
INFO: [ route_check ] --END-- [ RunTime:0.001646s ]
INFO: [ app_begin ] --START--
INFO: ReadHtmlCache Behavior ::run [ RunTime:0.000977s ]
INFO: [ app_begin ] --END-- [ RunTime:0.001101s ]
SQL: SHOW COLUMNS FROM `banji` [ RunTime:0.003936s ]
SQL: SELECT * FROM `banji` WHERE ( `id` = 23 ) LIMIT 1   [ RunTime:0.000522s ]
SQL: SHOW COLUMNS FROM `student` [ RunTime:0.003839s ]
SQL: SELECT COUNT(*) AS tp_count FROM `student` WHERE ( `bid` = 23 ) LIMIT 1   [ RunTime:0.008887s ]
SQL: SELECT * FROM `student` WHERE ( `bid` = 23 ) LIMIT 0,10   [ RunTime:0.000708s ]
INFO: [ view_parse ] --START--
SQL: SELECT * FROM `banji` WHERE ( `id` = 23 ) LIMIT 1   [ RunTime:0.000501s ]
SQL: SHOW COLUMNS FROM `term` [ RunTime:0.003531s ]
SQL: SELECT * FROM `term` WHERE ( `status` = 1 ) LIMIT 1   [ RunTime:0.000549s ]
INFO: ParseTemplate Behavior ::run [ RunTime:0.032396s ]
INFO: [ view_parse ] --END-- [ RunTime:0.032545s ]
INFO: [ view_filter ] --START--
INFO: ContentReplace Behavior ::run [ RunTime:0.000739s ]
INFO: TokenBuild Behavior ::run [ RunTime:0.000677s ]
INFO: WriteHtmlCache Behavior ::run [ RunTime:0.000446s ]
INFO: ShowRuntime Behavior ::run [ RunTime:0.000863s ]
INFO: [ view_filter ] --END-- [ RunTime:0.003030s ]
INFO: [ view_end ] --START--
INFO: ShowPageTrace Behavior ::run [ RunTime:0.001085s ]
INFO: [ view_end ] --END-- [ RunTime:0.001197s ]

[ 2016-09-27T08:07:48+08:00 ] 172.30.2.153 /fuzhong/Home/StudentFenshu/fenshuList/student/185.html
INFO: [ route_check ] --START--
INFO: CheckRoute Behavior ::run [ RunTime:0.001495s ]
INFO: [ route_check ] --END-- [ RunTime:0.001641s ]
INFO: [ app_begin ] --START--
INFO: ReadHtmlCache Behavior ::run [ RunTime:0.000985s ]
INFO: [ app_begin ] --END-- [ RunTime:0.001109s ]
SQL: SHOW COLUMNS FROM `student` [ RunTime:0.003557s ]
SQL: SELECT * FROM `student` WHERE ( `id` = 185 ) LIMIT 1   [ RunTime:0.000572s ]
SQL: SHOW COLUMNS FROM `kaoshichengji` [ RunTime:0.003634s ]
SQL: SELECT COUNT(*) AS tp_count FROM `kaoshichengji` WHERE ( `xueshengid` = 185 ) AND ( `status` = 1 ) LIMIT 1   [ RunTime:0.000629s ]
SQL: SHOW COLUMNS FROM `kaoshichengji` [ RunTime:0.003665s ]
SQL: SELECT * FROM `kaoshichengji` WHERE ( `xueshengid` = 185 ) AND ( `status` = 1 ) ORDER BY kaoshiid DESC LIMIT 0,10   [ RunTime:0.000677s ]
SQL: SHOW COLUMNS FROM `xueke` [ RunTime:0.003520s ]
SQL: SELECT * FROM `xueke`  [ RunTime:0.000473s ]
NOTIC: [2] Invalid argument supplied for foreach() E:\wamp\www\fuzhong\App\Application\Home\Action\StudentFenshuAction.class.php 第 114 行.
NOTIC: [8] Undefined variable: kaoshiTemp E:\wamp\www\fuzhong\App\Application\Home\Action\StudentFenshuAction.class.php 第 130 行.
INFO: [ view_parse ] --START--
SQL: SHOW COLUMNS FROM `banji` [ RunTime:0.003775s ]
SQL: SELECT * FROM `banji` WHERE ( `id` = 23 ) LIMIT 1   [ RunTime:0.000491s ]
SQL: SHOW COLUMNS FROM `term` [ RunTime:0.003470s ]
SQL: SELECT * FROM `term` WHERE ( `status` = 1 ) LIMIT 1   [ RunTime:0.000459s ]
INFO: ParseTemplate Behavior ::run [ RunTime:0.034818s ]
INFO: [ view_parse ] --END-- [ RunTime:0.034983s ]
INFO: [ view_filter ] --START--
INFO: ContentReplace Behavior ::run [ RunTime:0.000663s ]
INFO: TokenBuild Behavior ::run [ RunTime:0.000695s ]
INFO: WriteHtmlCache Behavior ::run [ RunTime:0.000461s ]
INFO: ShowRuntime Behavior ::run [ RunTime:0.000827s ]
INFO: [ view_filter ] --END-- [ RunTime:0.002947s ]
INFO: [ view_end ] --START--
INFO: ShowPageTrace Behavior ::run [ RunTime:0.001173s ]
INFO: [ view_end ] --END-- [ RunTime:0.001279s ]

[ 2016-09-27T08:07:49+08:00 ] 172.30.2.153 /fuzhong/Home/Student/index.html
INFO: [ route_check ] --START--
INFO: CheckRoute Behavior ::run [ RunTime:0.001491s ]
INFO: [ route_check ] --END-- [ RunTime:0.001636s ]
INFO: [ app_begin ] --START--
INFO: ReadHtmlCache Behavior ::run [ RunTime:0.000978s ]
INFO: [ app_begin ] --END-- [ RunTime:0.001101s ]
SQL: SHOW COLUMNS FROM `banji` [ RunTime:0.003428s ]
SQL: SELECT * FROM `banji` WHERE ( `id` = 23 ) LIMIT 1   [ RunTime:0.000504s ]
SQL: SHOW COLUMNS FROM `student` [ RunTime:0.003739s ]
SQL: SELECT COUNT(*) AS tp_count FROM `student` WHERE ( `bid` = 23 ) LIMIT 1   [ RunTime:0.000541s ]
SQL: SELECT * FROM `student` WHERE ( `bid` = 23 ) LIMIT 0,10   [ RunTime:0.000713s ]
INFO: [ view_parse ] --START--
SQL: SELECT * FROM `banji` WHERE ( `id` = 23 ) LIMIT 1   [ RunTime:0.000610s ]
SQL: SHOW COLUMNS FROM `term` [ RunTime:0.003564s ]
SQL: SELECT * FROM `term` WHERE ( `status` = 1 ) LIMIT 1   [ RunTime:0.000544s ]
INFO: ParseTemplate Behavior ::run [ RunTime:0.033344s ]
INFO: [ view_parse ] --END-- [ RunTime:0.033494s ]
INFO: [ view_filter ] --START--
INFO: ContentReplace Behavior ::run [ RunTime:0.000727s ]
INFO: TokenBuild Behavior ::run [ RunTime:0.000653s ]
INFO: WriteHtmlCache Behavior ::run [ RunTime:0.000447s ]
INFO: ShowRuntime Behavior ::run [ RunTime:0.000828s ]
INFO: [ view_filter ] --END-- [ RunTime:0.002958s ]
INFO: [ view_end ] --START--
INFO: ShowPageTrace Behavior ::run [ RunTime:0.001081s ]
INFO: [ view_end ] --END-- [ RunTime:0.001190s ]

[ 2016-09-27T08:07:53+08:00 ] 172.30.2.153 /fuzhong/Home/Chengji/index.html
INFO: [ route_check ] --START--
INFO: CheckRoute Behavior ::run [ RunTime:0.001501s ]
INFO: [ route_check ] --END-- [ RunTime:0.001649s ]
INFO: [ app_begin ] --START--
INFO: ReadHtmlCache Behavior ::run [ RunTime:0.000982s ]
INFO: [ app_begin ] --END-- [ RunTime:0.001103s ]
SQL: SHOW COLUMNS FROM `kaoshi` [ RunTime:0.003872s ]
SQL: SELECT COUNT(*) AS tp_count FROM `kaoshi` WHERE ( `status` = 1 ) AND ( `banji` = 23 ) LIMIT 1   [ RunTime:0.000599s ]
SQL: SHOW COLUMNS FROM `kaoshi` [ RunTime:0.003905s ]
SQL: SELECT * FROM `kaoshi` WHERE ( `status` = 1 ) AND ( `banji` = 23 ) ORDER BY id DESC LIMIT 0,10   [ RunTime:0.000652s ]
INFO: [ view_parse ] --START--
SQL: SHOW COLUMNS FROM `banji` [ RunTime:0.003927s ]
SQL: SELECT * FROM `banji` WHERE ( `id` = 23 ) LIMIT 1   [ RunTime:0.000563s ]
SQL: SHOW COLUMNS FROM `term` [ RunTime:0.003555s ]
SQL: SELECT * FROM `term` WHERE ( `status` = 1 ) LIMIT 1   [ RunTime:0.000546s ]
INFO: ParseTemplate Behavior ::run [ RunTime:0.038907s ]
INFO: [ view_parse ] --END-- [ RunTime:0.039036s ]
INFO: [ view_filter ] --START--
INFO: ContentReplace Behavior ::run [ RunTime:0.000642s ]
INFO: TokenBuild Behavior ::run [ RunTime:0.000669s ]
INFO: WriteHtmlCache Behavior ::run [ RunTime:0.000456s ]
INFO: ShowRuntime Behavior ::run [ RunTime:0.000803s ]
INFO: [ view_filter ] --END-- [ RunTime:0.002868s ]
INFO: [ view_end ] --START--
INFO: ShowPageTrace Behavior ::run [ RunTime:0.001114s ]
INFO: [ view_end ] --END-- [ RunTime:0.001226s ]

[ 2016-09-27T08:07:54+08:00 ] 172.30.2.153 /fuzhong/Home/Jiaodaochu/index.html
INFO: [ route_check ] --START--
INFO: CheckRoute Behavior ::run [ RunTime:0.001506s ]
INFO: [ route_check ] --END-- [ RunTime:0.001651s ]
INFO: [ app_begin ] --START--
INFO: ReadHtmlCache Behavior ::run [ RunTime:0.000975s ]
INFO: [ app_begin ] --END-- [ RunTime:0.001098s ]
SQL: SHOW COLUMNS FROM `banji` [ RunTime:0.003524s ]
SQL: SELECT * FROM `banji` WHERE ( `id` = 23 ) LIMIT 1   [ RunTime:0.000593s ]
SQL: SHOW COLUMNS FROM `term` [ RunTime:0.003647s ]
SQL: SELECT * FROM `term` WHERE ( `status` = 1 ) LIMIT 1   [ RunTime:0.000556s ]
SQL: SHOW COLUMNS FROM `nianji` [ RunTime:0.003636s ]
SQL: SELECT * FROM `nianji` WHERE ( `ruxuenian` = 2015 ) LIMIT 1   [ RunTime:0.000569s ]
SQL: SHOW COLUMNS FROM `enrollment` [ RunTime:0.003622s ]
SQL: SELECT * FROM `enrollment` WHERE ( `status` = 1 )  [ RunTime:0.000597s ]
SQL: SHOW COLUMNS FROM `nianji` [ RunTime:0.003522s ]
NOTIC: [8] Undefined index: mapping_order E:\wamp\www\fuzhong\ThinkPHP\Extend\Model\RelationModel.class.php 第 188 行.
NOTIC: [8] Undefined index: mapping_limit E:\wamp\www\fuzhong\ThinkPHP\Extend\Model\RelationModel.class.php 第 189 行.
SQL: SELECT b.* FROM enrollment_nianji AS a, nianji AS b WHERE a.nianji_id = b.id AND a. enrollment_id='11' AND nianji_id=2 [ RunTime:0.000656s ]
INFO: [ view_parse ] --START--
SQL: SELECT * FROM `banji` WHERE ( `id` = 23 ) LIMIT 1   [ RunTime:0.000496s ]
SQL: SELECT * FROM `term` WHERE ( `status` = 1 ) LIMIT 1   [ RunTime:0.000548s ]
INFO: ParseTemplate Behavior ::run [ RunTime:0.024972s ]
INFO: [ view_parse ] --END-- [ RunTime:0.025105s ]
INFO: [ view_filter ] --START--
INFO: ContentReplace Behavior ::run [ RunTime:0.000669s ]
INFO: TokenBuild Behavior ::run [ RunTime:0.000659s ]
INFO: WriteHtmlCache Behavior ::run [ RunTime:0.000455s ]
INFO: ShowRuntime Behavior ::run [ RunTime:0.000832s ]
INFO: [ view_filter ] --END-- [ RunTime:0.002920s ]
INFO: [ view_end ] --START--
INFO: ShowPageTrace Behavior ::run [ RunTime:0.001112s ]
INFO: [ view_end ] --END-- [ RunTime:0.001222s ]

[ 2016-09-27T08:25:57+08:00 ] 172.30.2.160 /fuzhong/User/Index/index.html
INFO: [ route_check ] --START--
INFO: CheckRoute Behavior ::run [ RunTime:0.001869s ]
INFO: [ route_check ] --END-- [ RunTime:0.002036s ]
INFO: [ app_begin ] --START--
INFO: ReadHtmlCache Behavior ::run [ RunTime:0.001116s ]
INFO: [ app_begin ] --END-- [ RunTime:0.001240s ]
SQL: SHOW COLUMNS FROM `student` [ RunTime:0.004111s ]
SQL: SELECT * FROM `student` WHERE ( `id` = 18 ) LIMIT 1   [ RunTime:0.000631s ]
SQL: SHOW COLUMNS FROM `banji` [ RunTime:0.003799s ]
SQL: SELECT `ruxuenian`,`banji` FROM `banji` WHERE ( 1=1 AND id='19' ) LIMIT 1   [ RunTime:0.000580s ]
SQL: SHOW COLUMNS FROM `kaoshi` [ RunTime:0.003973s ]
SQL: SELECT COUNT(*) AS tp_count FROM `kaoshi` WHERE ( `banji` = 19 ) AND ( `status` = 1 ) LIMIT 1   [ RunTime:0.000643s ]
SQL: SHOW COLUMNS FROM `kaoshi` [ RunTime:0.003867s ]
SQL: SELECT * FROM `kaoshi` WHERE ( `banji` = 19 ) AND ( `status` = 1 ) LIMIT 0,10   [ RunTime:0.000631s ]
SQL: SHOW COLUMNS FROM `xueke` [ RunTime:0.003788s ]
SQL: SELECT `xueke` FROM `xueke` WHERE ( 1=1 AND id='2' ) LIMIT 1   [ RunTime:0.000550s ]
SQL: SELECT `xueke` FROM `xueke` WHERE ( 1=1 AND id='6' ) LIMIT 1   [ RunTime:0.000457s ]
INFO: [ view_parse ] --START--
INFO: ParseTemplate Behavior ::run [ RunTime:0.022408s ]
INFO: [ view_parse ] --END-- [ RunTime:0.022552s ]
INFO: [ view_filter ] --START--
INFO: ContentReplace Behavior ::run [ RunTime:0.000800s ]
INFO: TokenBuild Behavior ::run [ RunTime:0.000804s ]
INFO: WriteHtmlCache Behavior ::run [ RunTime:0.000587s ]
INFO: ShowRuntime Behavior ::run [ RunTime:0.000921s ]
INFO: [ view_filter ] --END-- [ RunTime:0.003433s ]
INFO: [ view_end ] --START--
INFO: ShowPageTrace Behavior ::run [ RunTime:0.001214s ]
INFO: [ view_end ] --END-- [ RunTime:0.001325s ]

[ 2016-09-27T08:26:36+08:00 ] 172.30.2.160 /fuzhong/User/Index/index.html
INFO: [ route_check ] --START--
INFO: CheckRoute Behavior ::run [ RunTime:0.001504s ]
INFO: [ route_check ] --END-- [ RunTime:0.001652s ]
INFO: [ app_begin ] --START--
INFO: ReadHtmlCache Behavior ::run [ RunTime:0.001049s ]
INFO: [ app_begin ] --END-- [ RunTime:0.001169s ]
SQL: SHOW COLUMNS FROM `student` [ RunTime:0.003549s ]
SQL: SELECT * FROM `student` WHERE ( `id` = 18 ) LIMIT 1   [ RunTime:0.000588s ]
SQL: SHOW COLUMNS FROM `banji` [ RunTime:0.003903s ]
SQL: SELECT `ruxuenian`,`banji` FROM `banji` WHERE ( 1=1 AND id='19' ) LIMIT 1   [ RunTime:0.000548s ]
SQL: SHOW COLUMNS FROM `kaoshi` [ RunTime:0.003813s ]
SQL: SELECT COUNT(*) AS tp_count FROM `kaoshi` WHERE ( `banji` = 19 ) AND ( `status` = 1 ) LIMIT 1   [ RunTime:0.000570s ]
SQL: SHOW COLUMNS FROM `kaoshi` [ RunTime:0.003781s ]
SQL: SELECT * FROM `kaoshi` WHERE ( `banji` = 19 ) AND ( `status` = 1 ) ORDER BY id DESC LIMIT 0,10   [ RunTime:0.000656s ]
SQL: SHOW COLUMNS FROM `xueke` [ RunTime:0.003582s ]
SQL: SELECT `xueke` FROM `xueke` WHERE ( 1=1 AND id='6' ) LIMIT 1   [ RunTime:0.000544s ]
SQL: SELECT `xueke` FROM `xueke` WHERE ( 1=1 AND id='2' ) LIMIT 1   [ RunTime:0.000455s ]
INFO: [ view_parse ] --START--
INFO: ParseTemplate Behavior ::run [ RunTime:0.021106s ]
INFO: [ view_parse ] --END-- [ RunTime:0.021247s ]
INFO: [ view_filter ] --START--
INFO: ContentReplace Behavior ::run [ RunTime:0.000754s ]
INFO: TokenBuild Behavior ::run [ RunTime:0.000707s ]
INFO: WriteHtmlCache Behavior ::run [ RunTime:0.000498s ]
INFO: ShowRuntime Behavior ::run [ RunTime:0.000828s ]
INFO: [ view_filter ] --END-- [ RunTime:0.003105s ]
INFO: [ view_end ] --START--
INFO: ShowPageTrace Behavior ::run [ RunTime:0.001109s ]
INFO: [ view_end ] --END-- [ RunTime:0.001222s ]

[ 2016-09-27T08:27:37+08:00 ] 172.30.2.160 /fuzhong/User/Index/index.html
INFO: [ route_check ] --START--
INFO: CheckRoute Behavior ::run [ RunTime:0.001519s ]
INFO: [ route_check ] --END-- [ RunTime:0.001687s ]
INFO: [ app_begin ] --START--
INFO: ReadHtmlCache Behavior ::run [ RunTime:0.000993s ]
INFO: [ app_begin ] --END-- [ RunTime:0.001114s ]
SQL: SHOW COLUMNS FROM `student` [ RunTime:0.003661s ]
SQL: SELECT * FROM `student` WHERE ( `id` = 18 ) LIMIT 1   [ RunTime:0.000525s ]
SQL: SHOW COLUMNS FROM `banji` [ RunTime:0.003739s ]
SQL: SELECT `ruxuenian`,`banji` FROM `banji` WHERE ( 1=1 AND id='19' ) LIMIT 1   [ RunTime:0.000466s ]
SQL: SHOW COLUMNS FROM `kaoshi` [ RunTime:0.003923s ]
SQL: SELECT COUNT(*) AS tp_count FROM `kaoshi` WHERE ( `banji` = 19 ) AND ( `status` = 1 ) LIMIT 1   [ RunTime:0.000573s ]
SQL: SHOW COLUMNS FROM `kaoshi` [ RunTime:0.003734s ]
SQL: SELECT * FROM `kaoshi` WHERE ( `banji` = 19 ) AND ( `status` = 1 ) ORDER BY id DESC LIMIT 0,10   [ RunTime:0.000564s ]
SQL: SHOW COLUMNS FROM `xueke` [ RunTime:0.003595s ]
SQL: SELECT `xueke` FROM `xueke` WHERE ( 1=1 AND id='6' ) LIMIT 1   [ RunTime:0.000438s ]
SQL: SELECT `xueke` FROM `xueke` WHERE ( 1=1 AND id='2' ) LIMIT 1   [ RunTime:0.000435s ]
INFO: [ view_parse ] --START--
INFO: ParseTemplate Behavior ::run [ RunTime:0.021359s ]
INFO: [ view_parse ] --END-- [ RunTime:0.021505s ]
INFO: [ view_filter ] --START--
INFO: ContentReplace Behavior ::run [ RunTime:0.000690s ]
INFO: TokenBuild Behavior ::run [ RunTime:0.000694s ]
INFO: WriteHtmlCache Behavior ::run [ RunTime:0.000476s ]
INFO: ShowRuntime Behavior ::run [ RunTime:0.000844s ]
INFO: [ view_filter ] --END-- [ RunTime:0.003032s ]
INFO: [ view_end ] --START--
INFO: ShowPageTrace Behavior ::run [ RunTime:0.001137s ]
INFO: [ view_end ] --END-- [ RunTime:0.001249s ]

[ 2016-09-27T08:27:39+08:00 ] 172.30.2.160 /fuzhong/User/Index/detail/id/2.html
INFO: [ route_check ] --START--
INFO: CheckRoute Behavior ::run [ RunTime:0.001506s ]
INFO: [ route_check ] --END-- [ RunTime:0.001651s ]
INFO: [ app_begin ] --START--
INFO: ReadHtmlCache Behavior ::run [ RunTime:0.000997s ]
INFO: [ app_begin ] --END-- [ RunTime:0.001119s ]
SQL: SHOW COLUMNS FROM `student` [ RunTime:0.003724s ]
SQL: SELECT * FROM `student` WHERE ( `id` = 18 ) LIMIT 1   [ RunTime:0.000577s ]
SQL: SHOW COLUMNS FROM `banji` [ RunTime:0.003780s ]
SQL: SELECT `ruxuenian`,`banji` FROM `banji` WHERE ( 1=1 AND id='19' ) LIMIT 1   [ RunTime:0.000545s ]
SQL: SHOW COLUMNS FROM `kaoshi` [ RunTime:0.003717s ]
SQL: SELECT * FROM `kaoshi` WHERE ( `id` = 2 ) LIMIT 1   [ RunTime:0.000625s ]
SQL: SHOW COLUMNS FROM `xueke` [ RunTime:0.003313s ]
SQL: SELECT `xueke` FROM `xueke` WHERE ( 1=1 AND id='6' ) LIMIT 1   [ RunTime:0.000456s ]
SQL: SHOW COLUMNS FROM `term` [ RunTime:0.003839s ]
SQL: SELECT `name` FROM `term` WHERE ( 1=1 AND id='8' ) LIMIT 1   [ RunTime:0.000570s ]
SQL: SELECT `ruxuenian`,`banji` FROM `banji` WHERE ( 1=1 AND id='19' ) LIMIT 1   [ RunTime:0.000466s ]
SQL: SHOW COLUMNS FROM `kaoshichengji` [ RunTime:0.003680s ]
SQL: SELECT * FROM `kaoshichengji` WHERE ( xueshengid=18 AND kaoshiid='2' )  [ RunTime:0.000632s ]
SQL: SHOW COLUMNS FROM `kaoshichengji` [ RunTime:0.003445s ]
SQL: SELECT `fenshu` FROM `kaoshichengji` WHERE ( `kaoshiid` = 2 )  [ RunTime:0.000683s ]
SQL: SELECT `fenshu` FROM `kaoshichengji` WHERE ( `kaoshiid` = 2 )  [ RunTime:0.000666s ]
NOTIC: [8] Undefined offset: 7 E:\wamp\www\fuzhong\App\Application\User\Action\IndexAction.class.php 第 114 行.
NOTIC: [8] Undefined offset: 8 E:\wamp\www\fuzhong\App\Application\User\Action\IndexAction.class.php 第 114 行.
NOTIC: [8] Undefined offset: 5 E:\wamp\www\fuzhong\App\Application\User\Action\IndexAction.class.php 第 114 行.
NOTIC: [8] Undefined offset: 6 E:\wamp\www\fuzhong\App\Application\User\Action\IndexAction.class.php 第 114 行.
NOTIC: [8] Undefined offset: 3 E:\wamp\www\fuzhong\App\Application\User\Action\IndexAction.class.php 第 114 行.
NOTIC: [8] Undefined offset: 4 E:\wamp\www\fuzhong\App\Application\User\Action\IndexAction.class.php 第 114 行.
NOTIC: [8] Undefined offset: 9 E:\wamp\www\fuzhong\App\Application\User\Action\IndexAction.class.php 第 114 行.
NOTIC: [8] Undefined variable: echartTitle E:\wamp\www\fuzhong\App\Application\User\Action\IndexAction.class.php 第 57 行.
NOTIC: [8] Undefined variable: echartData E:\wamp\www\fuzhong\App\Application\User\Action\IndexAction.class.php 第 62 行.
INFO: [ view_parse ] --START--
INFO: ParseTemplate Behavior ::run [ RunTime:0.019395s ]
INFO: [ view_parse ] --END-- [ RunTime:0.019543s ]
INFO: [ view_filter ] --START--
INFO: ContentReplace Behavior ::run [ RunTime:0.000718s ]
INFO: TokenBuild Behavior ::run [ RunTime:0.000673s ]
INFO: WriteHtmlCache Behavior ::run [ RunTime:0.000445s ]
INFO: ShowRuntime Behavior ::run [ RunTime:0.000843s ]
INFO: [ view_filter ] --END-- [ RunTime:0.002987s ]
INFO: [ view_end ] --START--
INFO: ShowPageTrace Behavior ::run [ RunTime:0.001130s ]
INFO: [ view_end ] --END-- [ RunTime:0.001235s ]

[ 2016-09-27T08:27:50+08:00 ] 172.30.2.160 /fuzhong/User/Index/index.html
INFO: [ route_check ] --START--
INFO: CheckRoute Behavior ::run [ RunTime:0.001852s ]
INFO: [ route_check ] --END-- [ RunTime:0.002007s ]
INFO: [ app_begin ] --START--
INFO: ReadHtmlCache Behavior ::run [ RunTime:0.001115s ]
INFO: [ app_begin ] --END-- [ RunTime:0.001243s ]
SQL: SHOW COLUMNS FROM `student` [ RunTime:0.003690s ]
SQL: SELECT * FROM `student` WHERE ( `id` = 18 ) LIMIT 1   [ RunTime:0.000579s ]
SQL: SHOW COLUMNS FROM `banji` [ RunTime:0.003688s ]
SQL: SELECT `ruxuenian`,`banji` FROM `banji` WHERE ( 1=1 AND id='19' ) LIMIT 1   [ RunTime:0.000544s ]
SQL: SHOW COLUMNS FROM `kaoshi` [ RunTime:0.003828s ]
SQL: SELECT COUNT(*) AS tp_count FROM `kaoshi` WHERE ( `banji` = 19 ) AND ( `status` = 1 ) LIMIT 1   [ RunTime:0.000568s ]
SQL: SHOW COLUMNS FROM `kaoshi` [ RunTime:0.003926s ]
SQL: SELECT * FROM `kaoshi` WHERE ( `banji` = 19 ) AND ( `status` = 1 ) ORDER BY id DESC LIMIT 0,10   [ RunTime:0.000668s ]
SQL: SHOW COLUMNS FROM `xueke` [ RunTime:0.003593s ]
SQL: SELECT `xueke` FROM `xueke` WHERE ( 1=1 AND id='6' ) LIMIT 1   [ RunTime:0.000600s ]
SQL: SELECT `xueke` FROM `xueke` WHERE ( 1=1 AND id='2' ) LIMIT 1   [ RunTime:0.000460s ]
INFO: [ view_parse ] --START--
INFO: ParseTemplate Behavior ::run [ RunTime:0.025973s ]
INFO: [ view_parse ] --END-- [ RunTime:0.026116s ]
INFO: [ view_filter ] --START--
INFO: ContentReplace Behavior ::run [ RunTime:0.000882s ]
INFO: TokenBuild Behavior ::run [ RunTime:0.000873s ]
INFO: WriteHtmlCache Behavior ::run [ RunTime:0.000667s ]
INFO: ShowRuntime Behavior ::run [ RunTime:0.001082s ]
INFO: [ view_filter ] --END-- [ RunTime:0.003830s ]
INFO: [ view_end ] --START--
INFO: ShowPageTrace Behavior ::run [ RunTime:0.001301s ]
INFO: [ view_end ] --END-- [ RunTime:0.001418s ]

[ 2016-09-27T08:28:27+08:00 ] 172.30.2.160 /fuzhong/User/Index/index.html
INFO: [ route_check ] --START--
INFO: CheckRoute Behavior ::run [ RunTime:0.001595s ]
INFO: [ route_check ] --END-- [ RunTime:0.001775s ]
INFO: [ app_begin ] --START--
INFO: ReadHtmlCache Behavior ::run [ RunTime:0.000979s ]
INFO: [ app_begin ] --END-- [ RunTime:0.001106s ]
SQL: SHOW COLUMNS FROM `student` [ RunTime:0.003730s ]
SQL: SELECT * FROM `student` WHERE ( `id` = 18 ) LIMIT 1   [ RunTime:0.000582s ]
SQL: SHOW COLUMNS FROM `banji` [ RunTime:0.003869s ]
SQL: SELECT `ruxuenian`,`banji` FROM `banji` WHERE ( 1=1 AND id='19' ) LIMIT 1   [ RunTime:0.000552s ]
SQL: SHOW COLUMNS FROM `kaoshi` [ RunTime:0.003939s ]
SQL: SELECT COUNT(*) AS tp_count FROM `kaoshi` WHERE ( `banji` = 19 ) AND ( `status` = 1 ) LIMIT 1   [ RunTime:0.000593s ]
SQL: SHOW COLUMNS FROM `kaoshi` [ RunTime:0.003769s ]
SQL: SELECT * FROM `kaoshi` WHERE ( `banji` = 19 ) AND ( `status` = 1 ) ORDER BY id DESC LIMIT 0,10   [ RunTime:0.000651s ]
SQL: SHOW COLUMNS FROM `xueke` [ RunTime:0.003466s ]
SQL: SELECT `xueke` FROM `xueke` WHERE ( 1=1 AND id='6' ) LIMIT 1   [ RunTime:0.000436s ]
SQL: SELECT `xueke` FROM `xueke` WHERE ( 1=1 AND id='2' ) LIMIT 1   [ RunTime:0.000447s ]
INFO: [ view_parse ] --START--
INFO: ParseTemplate Behavior ::run [ RunTime:0.023804s ]
INFO: [ view_parse ] --END-- [ RunTime:0.023944s ]
INFO: [ view_filter ] --START--
INFO: ContentReplace Behavior ::run [ RunTime:0.000824s ]
INFO: TokenBuild Behavior ::run [ RunTime:0.000853s ]
INFO: WriteHtmlCache Behavior ::run [ RunTime:0.000673s ]
INFO: ShowRuntime Behavior ::run [ RunTime:0.000978s ]
INFO: [ view_filter ] --END-- [ RunTime:0.003656s ]
INFO: [ view_end ] --START--
INFO: ShowPageTrace Behavior ::run [ RunTime:0.001108s ]
INFO: [ view_end ] --END-- [ RunTime:0.001229s ]

[ 2016-09-27T08:28:31+08:00 ] 172.30.2.160 /fuzhong/User/Index/detail/id/2.html
INFO: [ route_check ] --START--
INFO: CheckRoute Behavior ::run [ RunTime:0.001500s ]
INFO: [ route_check ] --END-- [ RunTime:0.001650s ]
INFO: [ app_begin ] --START--
INFO: ReadHtmlCache Behavior ::run [ RunTime:0.000981s ]
INFO: [ app_begin ] --END-- [ RunTime:0.001106s ]
SQL: SHOW COLUMNS FROM `student` [ RunTime:0.003668s ]
SQL: SELECT * FROM `student` WHERE ( `id` = 18 ) LIMIT 1   [ RunTime:0.000581s ]
SQL: SHOW COLUMNS FROM `banji` [ RunTime:0.003869s ]
SQL: SELECT `ruxuenian`,`banji` FROM `banji` WHERE ( 1=1 AND id='19' ) LIMIT 1   [ RunTime:0.000535s ]
SQL: SHOW COLUMNS FROM `kaoshi` [ RunTime:0.003930s ]
SQL: SELECT * FROM `kaoshi` WHERE ( `id` = 2 ) LIMIT 1   [ RunTime:0.000652s ]
SQL: SHOW COLUMNS FROM `xueke` [ RunTime:0.003526s ]
SQL: SELECT `xueke` FROM `xueke` WHERE ( 1=1 AND id='6' ) LIMIT 1   [ RunTime:0.000457s ]
SQL: SHOW COLUMNS FROM `term` [ RunTime:0.003448s ]
SQL: SELECT `name` FROM `term` WHERE ( 1=1 AND id='8' ) LIMIT 1   [ RunTime:0.000532s ]
SQL: SELECT `ruxuenian`,`banji` FROM `banji` WHERE ( 1=1 AND id='19' ) LIMIT 1   [ RunTime:0.000539s ]
SQL: SHOW COLUMNS FROM `kaoshichengji` [ RunTime:0.003563s ]
SQL: SELECT * FROM `kaoshichengji` WHERE ( xueshengid=18 AND kaoshiid='2' )  [ RunTime:0.000644s ]
SQL: SHOW COLUMNS FROM `kaoshichengji` [ RunTime:0.003783s ]
SQL: SELECT `fenshu` FROM `kaoshichengji` WHERE ( `kaoshiid` = 2 )  [ RunTime:0.000695s ]
SQL: SELECT `fenshu` FROM `kaoshichengji` WHERE ( `kaoshiid` = 2 )  [ RunTime:0.000672s ]
NOTIC: [8] Undefined offset: 7 E:\wamp\www\fuzhong\App\Application\User\Action\IndexAction.class.php 第 114 行.
NOTIC: [8] Undefined offset: 8 E:\wamp\www\fuzhong\App\Application\User\Action\IndexAction.class.php 第 114 行.
NOTIC: [8] Undefined offset: 5 E:\wamp\www\fuzhong\App\Application\User\Action\IndexAction.class.php 第 114 行.
NOTIC: [8] Undefined offset: 6 E:\wamp\www\fuzhong\App\Application\User\Action\IndexAction.class.php 第 114 行.
NOTIC: [8] Undefined offset: 3 E:\wamp\www\fuzhong\App\Application\User\Action\IndexAction.class.php 第 114 行.
NOTIC: [8] Undefined offset: 4 E:\wamp\www\fuzhong\App\Application\User\Action\IndexAction.class.php 第 114 行.
NOTIC: [8] Undefined offset: 9 E:\wamp\www\fuzhong\App\Application\User\Action\IndexAction.class.php 第 114 行.
NOTIC: [8] Undefined variable: echartTitle E:\wamp\www\fuzhong\App\Application\User\Action\IndexAction.class.php 第 57 行.
NOTIC: [8] Undefined variable: echartData E:\wamp\www\fuzhong\App\Application\User\Action\IndexAction.class.php 第 62 行.
INFO: [ view_parse ] --START--
INFO: ParseTemplate Behavior ::run [ RunTime:0.022118s ]
INFO: [ view_parse ] --END-- [ RunTime:0.022257s ]
INFO: [ view_filter ] --START--
INFO: ContentReplace Behavior ::run [ RunTime:0.000873s ]
INFO: TokenBuild Behavior ::run [ RunTime:0.000815s ]
INFO: WriteHtmlCache Behavior ::run [ RunTime:0.000644s ]
INFO: ShowRuntime Behavior ::run [ RunTime:0.000985s ]
INFO: [ view_filter ] --END-- [ RunTime:0.003632s ]
INFO: [ view_end ] --START--
INFO: ShowPageTrace Behavior ::run [ RunTime:0.001122s ]
INFO: [ view_end ] --END-- [ RunTime:0.001228s ]

[ 2016-09-27T08:29:06+08:00 ] 172.30.2.160 /fuzhong/User/Index/index.html
INFO: [ route_check ] --START--
INFO: CheckRoute Behavior ::run [ RunTime:0.001494s ]
INFO: [ route_check ] --END-- [ RunTime:0.001648s ]
INFO: [ app_begin ] --START--
INFO: ReadHtmlCache Behavior ::run [ RunTime:0.001214s ]
INFO: [ app_begin ] --END-- [ RunTime:0.001356s ]
SQL: SHOW COLUMNS FROM `student` [ RunTime:0.003753s ]
SQL: SELECT * FROM `student` WHERE ( `id` = 18 ) LIMIT 1   [ RunTime:0.000504s ]
SQL: SHOW COLUMNS FROM `banji` [ RunTime:0.003815s ]
SQL: SELECT `ruxuenian`,`banji` FROM `banji` WHERE ( 1=1 AND id='19' ) LIMIT 1   [ RunTime:0.000466s ]
SQL: SHOW COLUMNS FROM `kaoshi` [ RunTime:0.004018s ]
SQL: SELECT COUNT(*) AS tp_count FROM `kaoshi` WHERE ( `banji` = 19 ) AND ( `status` = 1 ) LIMIT 1   [ RunTime:0.000572s ]
SQL: SHOW COLUMNS FROM `kaoshi` [ RunTime:0.003608s ]
SQL: SELECT * FROM `kaoshi` WHERE ( `banji` = 19 ) AND ( `status` = 1 ) ORDER BY id DESC LIMIT 0,10   [ RunTime:0.000620s ]
SQL: SHOW COLUMNS FROM `xueke` [ RunTime:0.003643s ]
SQL: SELECT `xueke` FROM `xueke` WHERE ( 1=1 AND id='6' ) LIMIT 1   [ RunTime:0.000457s ]
SQL: SELECT `xueke` FROM `xueke` WHERE ( 1=1 AND id='2' ) LIMIT 1   [ RunTime:0.000475s ]
INFO: [ view_parse ] --START--
INFO: ParseTemplate Behavior ::run [ RunTime:0.022699s ]
INFO: [ view_parse ] --END-- [ RunTime:0.022838s ]
INFO: [ view_filter ] --START--
INFO: ContentReplace Behavior ::run [ RunTime:0.000841s ]
INFO: TokenBuild Behavior ::run [ RunTime:0.000814s ]
INFO: WriteHtmlCache Behavior ::run [ RunTime:0.000682s ]
INFO: ShowRuntime Behavior ::run [ RunTime:0.000975s ]
INFO: [ view_filter ] --END-- [ RunTime:0.003632s ]
INFO: [ view_end ] --START--
INFO: ShowPageTrace Behavior ::run [ RunTime:0.001081s ]
INFO: [ view_end ] --END-- [ RunTime:0.001193s ]

[ 2016-09-27T08:29:11+08:00 ] 172.30.2.160 /fuzhong/User/Index/detail/id/2.html
INFO: [ route_check ] --START--
INFO: CheckRoute Behavior ::run [ RunTime:0.001504s ]
INFO: [ route_check ] --END-- [ RunTime:0.001655s ]
INFO: [ app_begin ] --START--
INFO: ReadHtmlCache Behavior ::run [ RunTime:0.000995s ]
INFO: [ app_begin ] --END-- [ RunTime:0.001122s ]
SQL: SHOW COLUMNS FROM `student` [ RunTime:0.003663s ]
SQL: SELECT * FROM `student` WHERE ( `id` = 18 ) LIMIT 1   [ RunTime:0.000583s ]
SQL: SHOW COLUMNS FROM `banji` [ RunTime:0.003600s ]
SQL: SELECT `ruxuenian`,`banji` FROM `banji` WHERE ( 1=1 AND id='19' ) LIMIT 1   [ RunTime:0.000549s ]
SQL: SHOW COLUMNS FROM `kaoshi` [ RunTime:0.003812s ]
SQL: SELECT * FROM `kaoshi` WHERE ( `id` = 2 ) LIMIT 1   [ RunTime:0.000629s ]
SQL: SHOW COLUMNS FROM `xueke` [ RunTime:0.003567s ]
SQL: SELECT `xueke` FROM `xueke` WHERE ( 1=1 AND id='6' ) LIMIT 1   [ RunTime:0.000539s ]
SQL: SHOW COLUMNS FROM `term` [ RunTime:0.003722s ]
SQL: SELECT `name` FROM `term` WHERE ( 1=1 AND id='8' ) LIMIT 1   [ RunTime:0.000467s ]
SQL: SELECT `ruxuenian`,`banji` FROM `banji` WHERE ( 1=1 AND id='19' ) LIMIT 1   [ RunTime:0.000535s ]
SQL: SHOW COLUMNS FROM `kaoshichengji` [ RunTime:0.003682s ]
SQL: SELECT * FROM `kaoshichengji` WHERE ( xueshengid=18 AND kaoshiid='2' )  [ RunTime:0.000634s ]
SQL: SHOW COLUMNS FROM `kaoshichengji` [ RunTime:0.003460s ]
SQL: SELECT `fenshu` FROM `kaoshichengji` WHERE ( `kaoshiid` = 2 )  [ RunTime:0.000680s ]
SQL: SELECT `fenshu` FROM `kaoshichengji` WHERE ( `kaoshiid` = 2 )  [ RunTime:0.000664s ]
NOTIC: [8] Undefined offset: 7 E:\wamp\www\fuzhong\App\Application\User\Action\IndexAction.class.php 第 114 行.
NOTIC: [8] Undefined offset: 8 E:\wamp\www\fuzhong\App\Application\User\Action\IndexAction.class.php 第 114 行.
NOTIC: [8] Undefined offset: 5 E:\wamp\www\fuzhong\App\Application\User\Action\IndexAction.class.php 第 114 行.
NOTIC: [8] Undefined offset: 6 E:\wamp\www\fuzhong\App\Application\User\Action\IndexAction.class.php 第 114 行.
NOTIC: [8] Undefined offset: 3 E:\wamp\www\fuzhong\App\Application\User\Action\IndexAction.class.php 第 114 行.
NOTIC: [8] Undefined offset: 4 E:\wamp\www\fuzhong\App\Application\User\Action\IndexAction.class.php 第 114 行.
NOTIC: [8] Undefined offset: 9 E:\wamp\www\fuzhong\App\Application\User\Action\IndexAction.class.php 第 114 行.
NOTIC: [8] Undefined variable: echartTitle E:\wamp\www\fuzhong\App\Application\User\Action\IndexAction.class.php 第 57 行.
NOTIC: [8] Undefined variable: echartData E:\wamp\www\fuzhong\App\Application\User\Action\IndexAction.class.php 第 62 行.
INFO: [ view_parse ] --START--
INFO: ParseTemplate Behavior ::run [ RunTime:0.021027s ]
INFO: [ view_parse ] --END-- [ RunTime:0.021167s ]
INFO: [ view_filter ] --START--
INFO: ContentReplace Behavior ::run [ RunTime:0.000873s ]
INFO: TokenBuild Behavior ::run [ RunTime:0.000819s ]
INFO: WriteHtmlCache Behavior ::run [ RunTime:0.000646s ]
INFO: ShowRuntime Behavior ::run [ RunTime:0.000984s ]
INFO: [ view_filter ] --END-- [ RunTime:0.003635s ]
INFO: [ view_end ] --START--
INFO: ShowPageTrace Behavior ::run [ RunTime:0.001132s ]
INFO: [ view_end ] --END-- [ RunTime:0.001239s ]

[ 2016-09-27T08:29:21+08:00 ] 172.30.2.160 /fuzhong/User/Index/detail/id/1.html
INFO: [ route_check ] --START--
INFO: CheckRoute Behavior ::run [ RunTime:0.001553s ]
INFO: [ route_check ] --END-- [ RunTime:0.001704s ]
INFO: [ app_begin ] --START--
INFO: ReadHtmlCache Behavior ::run [ RunTime:0.000979s ]
INFO: [ app_begin ] --END-- [ RunTime:0.001103s ]
SQL: SHOW COLUMNS FROM `student` [ RunTime:0.003553s ]
SQL: SELECT * FROM `student` WHERE ( `id` = 18 ) LIMIT 1   [ RunTime:0.000584s ]
SQL: SHOW COLUMNS FROM `banji` [ RunTime:0.003922s ]
SQL: SELECT `ruxuenian`,`banji` FROM `banji` WHERE ( 1=1 AND id='19' ) LIMIT 1   [ RunTime:0.000546s ]
SQL: SHOW COLUMNS FROM `kaoshi` [ RunTime:0.003846s ]
SQL: SELECT * FROM `kaoshi` WHERE ( `id` = 1 ) LIMIT 1   [ RunTime:0.000645s ]
SQL: SHOW COLUMNS FROM `xueke` [ RunTime:0.003334s ]
SQL: SELECT `xueke` FROM `xueke` WHERE ( 1=1 AND id='2' ) LIMIT 1   [ RunTime:0.000486s ]
SQL: SHOW COLUMNS FROM `term` [ RunTime:0.003698s ]
SQL: SELECT `name` FROM `term` WHERE ( 1=1 AND id='8' ) LIMIT 1   [ RunTime:0.000543s ]
SQL: SELECT `ruxuenian`,`banji` FROM `banji` WHERE ( 1=1 AND id='19' ) LIMIT 1   [ RunTime:0.000544s ]
SQL: SHOW COLUMNS FROM `kaoshichengji` [ RunTime:0.003573s ]
SQL: SELECT * FROM `kaoshichengji` WHERE ( xueshengid=18 AND kaoshiid='1' )  [ RunTime:0.000649s ]
SQL: SHOW COLUMNS FROM `kaoshichengji` [ RunTime:0.003651s ]
SQL: SELECT `fenshu` FROM `kaoshichengji` WHERE ( `kaoshiid` = 1 )  [ RunTime:0.000669s ]
SQL: SELECT `fenshu` FROM `kaoshichengji` WHERE ( `kaoshiid` = 1 )  [ RunTime:0.000666s ]
NOTIC: [8] Undefined offset: 6 E:\wamp\www\fuzhong\App\Application\User\Action\IndexAction.class.php 第 114 行.
NOTIC: [8] Undefined offset: 4 E:\wamp\www\fuzhong\App\Application\User\Action\IndexAction.class.php 第 114 行.
NOTIC: [8] Undefined offset: 7 E:\wamp\www\fuzhong\App\Application\User\Action\IndexAction.class.php 第 114 行.
NOTIC: [8] Undefined offset: 8 E:\wamp\www\fuzhong\App\Application\User\Action\IndexAction.class.php 第 114 行.
NOTIC: [8] Undefined offset: 9 E:\wamp\www\fuzhong\App\Application\User\Action\IndexAction.class.php 第 114 行.
NOTIC: [8] Undefined offset: 10 E:\wamp\www\fuzhong\App\Application\User\Action\IndexAction.class.php 第 114 行.
NOTIC: [8] Undefined variable: echartTitle E:\wamp\www\fuzhong\App\Application\User\Action\IndexAction.class.php 第 57 行.
NOTIC: [8] Undefined variable: echartData E:\wamp\www\fuzhong\App\Application\User\Action\IndexAction.class.php 第 62 行.
INFO: [ view_parse ] --START--
INFO: ParseTemplate Behavior ::run [ RunTime:0.022405s ]
INFO: [ view_parse ] --END-- [ RunTime:0.022544s ]
INFO: [ view_filter ] --START--
INFO: ContentReplace Behavior ::run [ RunTime:0.000909s ]
INFO: TokenBuild Behavior ::run [ RunTime:0.000837s ]
INFO: WriteHtmlCache Behavior ::run [ RunTime:0.000655s ]
INFO: ShowRuntime Behavior ::run [ RunTime:0.001021s ]
INFO: [ view_filter ] --END-- [ RunTime:0.003734s ]
INFO: [ view_end ] --START--
INFO: ShowPageTrace Behavior ::run [ RunTime:0.001125s ]
INFO: [ view_end ] --END-- [ RunTime:0.001231s ]

[ 2016-09-27T17:22:45+08:00 ] 172.30.164.220 /fuzhong/Home/Enrollment/bmlist/eid/11/type/1.html
INFO: [ route_check ] --START--
INFO: CheckRoute Behavior ::run [ RunTime:0.001780s ]
INFO: [ route_check ] --END-- [ RunTime:0.001950s ]
INFO: [ app_begin ] --START--
INFO: ReadHtmlCache Behavior ::run [ RunTime:0.001118s ]
INFO: [ app_begin ] --END-- [ RunTime:0.001244s ]
INFO: [ view_parse ] --START--
INFO: ParseTemplate Behavior ::run [ RunTime:0.014848s ]
INFO: [ view_parse ] --END-- [ RunTime:0.014994s ]
INFO: [ view_filter ] --START--
INFO: ContentReplace Behavior ::run [ RunTime:0.000821s ]
INFO: TokenBuild Behavior ::run [ RunTime:0.000871s ]
INFO: WriteHtmlCache Behavior ::run [ RunTime:0.000654s ]
INFO: ShowRuntime Behavior ::run [ RunTime:0.001017s ]
INFO: [ view_filter ] --END-- [ RunTime:0.003677s ]
INFO: [ view_end ] --START--
INFO: ShowPageTrace Behavior ::run [ RunTime:0.001209s ]
INFO: [ view_end ] --END-- [ RunTime:0.001323s ]

[ 2016-09-27T17:22:48+08:00 ] 172.30.164.220 /fuzhong/Home/Login/index.html
INFO: [ route_check ] --START--
INFO: CheckRoute Behavior ::run [ RunTime:0.001491s ]
INFO: [ route_check ] --END-- [ RunTime:0.001638s ]
INFO: [ app_begin ] --START--
INFO: ReadHtmlCache Behavior ::run [ RunTime:0.000972s ]
INFO: [ app_begin ] --END-- [ RunTime:0.001098s ]
SQL: SHOW COLUMNS FROM `term` [ RunTime:0.004033s ]
SQL: SELECT * FROM `term` WHERE ( `status` = 1 ) LIMIT 1   [ RunTime:0.000607s ]
INFO: [ view_parse ] --START--
INFO: ParseTemplate Behavior ::run [ RunTime:0.015438s ]
INFO: [ view_parse ] --END-- [ RunTime:0.015577s ]
INFO: [ view_filter ] --START--
INFO: ContentReplace Behavior ::run [ RunTime:0.001112s ]
INFO: TokenBuild Behavior ::run [ RunTime:0.000675s ]
INFO: WriteHtmlCache Behavior ::run [ RunTime:0.000688s ]
INFO: ShowRuntime Behavior ::run [ RunTime:0.001015s ]
INFO: [ view_filter ] --END-- [ RunTime:0.003806s ]
INFO: [ view_end ] --START--
INFO: ShowPageTrace Behavior ::run [ RunTime:0.001103s ]
INFO: [ view_end ] --END-- [ RunTime:0.001215s ]

