[ 2016-09-21T09:34:24+08:00 ] 172.30.160.63 /fuzhong/Home/Jiaodaochu/index.html
INFO: [ route_check ] --START--
INFO: CheckRoute Behavior ::run [ RunTime:0.001729s ]
INFO: [ route_check ] --END-- [ RunTime:0.001879s ]
INFO: [ app_begin ] --START--
INFO: ReadHtmlCache Behavior ::run [ RunTime:0.001202s ]
INFO: [ app_begin ] --END-- [ RunTime:0.001325s ]
INFO: [ view_parse ] --START--
INFO: ParseTemplate Behavior ::run [ RunTime:0.013582s ]
INFO: [ view_parse ] --END-- [ RunTime:0.013735s ]
INFO: [ view_filter ] --START--
INFO: ContentReplace Behavior ::run [ RunTime:0.000756s ]
INFO: TokenBuild Behavior ::run [ RunTime:0.000797s ]
INFO: WriteHtmlCache Behavior ::run [ RunTime:0.000586s ]
INFO: ShowRuntime Behavior ::run [ RunTime:0.000931s ]
INFO: [ view_filter ] --END-- [ RunTime:0.003406s ]
INFO: [ view_end ] --START--
INFO: ShowPageTrace Behavior ::run [ RunTime:0.001235s ]
INFO: [ view_end ] --END-- [ RunTime:0.001347s ]

[ 2016-09-21T09:34:29+08:00 ] 172.30.160.63 /fuzhong/Home/Login/index.html
INFO: [ route_check ] --START--
INFO: CheckRoute Behavior ::run [ RunTime:0.001432s ]
INFO: [ route_check ] --END-- [ RunTime:0.001569s ]
INFO: [ app_begin ] --START--
INFO: ReadHtmlCache Behavior ::run [ RunTime:0.000938s ]
INFO: [ app_begin ] --END-- [ RunTime:0.001057s ]
SQL: SHOW COLUMNS FROM `term` [ RunTime:0.005186s ]
SQL: SELECT * FROM `term` WHERE ( `status` = 1 ) LIMIT 1   [ RunTime:0.000535s ]
INFO: [ view_parse ] --START--
INFO: ParseTemplate Behavior ::run [ RunTime:0.013603s ]
INFO: [ view_parse ] --END-- [ RunTime:0.013736s ]
INFO: [ view_filter ] --START--
INFO: ContentReplace Behavior ::run [ RunTime:0.000644s ]
INFO: TokenBuild Behavior ::run [ RunTime:0.000662s ]
INFO: WriteHtmlCache Behavior ::run [ RunTime:0.000458s ]
INFO: ShowRuntime Behavior ::run [ RunTime:0.000791s ]
INFO: [ view_filter ] --END-- [ RunTime:0.002861s ]
INFO: [ view_end ] --START--
INFO: ShowPageTrace Behavior ::run [ RunTime:0.001074s ]
INFO: [ view_end ] --END-- [ RunTime:0.001182s ]

[ 2016-09-21T16:34:04+08:00 ] 172.30.160.45 /fuzhong/
INFO: [ app_begin ] --START--
INFO: ReadHtmlCache Behavior ::run [ RunTime:0.001271s ]
INFO: [ app_begin ] --END-- [ RunTime:0.001417s ]
SQL: SHOW COLUMNS FROM `term` [ RunTime:0.005146s ]
SQL: SELECT * FROM `term` WHERE ( `status` = 1 ) LIMIT 1   [ RunTime:0.000538s ]
INFO: [ view_parse ] --START--
INFO: ParseTemplate Behavior ::run [ RunTime:0.014880s ]
INFO: [ view_parse ] --END-- [ RunTime:0.015009s ]
INFO: [ view_filter ] --START--
INFO: ContentReplace Behavior ::run [ RunTime:0.000773s ]
INFO: TokenBuild Behavior ::run [ RunTime:0.000789s ]
INFO: WriteHtmlCache Behavior ::run [ RunTime:0.000606s ]
INFO: ShowRuntime Behavior ::run [ RunTime:0.000945s ]
INFO: [ view_filter ] --END-- [ RunTime:0.003423s ]
INFO: [ view_end ] --START--
INFO: ShowPageTrace Behavior ::run [ RunTime:0.001291s ]
INFO: [ view_end ] --END-- [ RunTime:0.001401s ]

[ 2016-09-21T16:34:07+08:00 ] 172.30.160.45 /fuzhong/Home/Login/loginHandle.html
INFO: [ route_check ] --START--
INFO: CheckRoute Behavior ::run [ RunTime:0.001570s ]
INFO: [ route_check ] --END-- [ RunTime:0.001705s ]
INFO: [ app_begin ] --START--
INFO: ReadHtmlCache Behavior ::run [ RunTime:0.000938s ]
INFO: [ app_begin ] --END-- [ RunTime:0.001057s ]
SQL: SHOW COLUMNS FROM `banji` [ RunTime:0.005231s ]
SQL: SELECT * FROM `banji` WHERE ( `username` = '201604' ) AND ( `password` = 'e10adc3949ba59abbe56e057f20f883e' ) LIMIT 1   [ RunTime:0.000710s ]
INFO: [ view_parse ] --START--
INFO: ParseTemplate Behavior ::run [ RunTime:0.012900s ]
INFO: [ view_parse ] --END-- [ RunTime:0.013062s ]
INFO: [ view_filter ] --START--
INFO: ContentReplace Behavior ::run [ RunTime:0.000613s ]
INFO: TokenBuild Behavior ::run [ RunTime:0.000659s ]
INFO: WriteHtmlCache Behavior ::run [ RunTime:0.000455s ]
INFO: ShowRuntime Behavior ::run [ RunTime:0.000800s ]
INFO: [ view_filter ] --END-- [ RunTime:0.002831s ]
INFO: [ view_end ] --START--
INFO: ShowPageTrace Behavior ::run [ RunTime:0.001069s ]
INFO: [ view_end ] --END-- [ RunTime:0.001177s ]

[ 2016-09-21T16:34:09+08:00 ] 172.30.160.45 /fuzhong/Home/Jiaodaochu/index.html
INFO: [ route_check ] --START--
INFO: CheckRoute Behavior ::run [ RunTime:0.001422s ]
INFO: [ route_check ] --END-- [ RunTime:0.001558s ]
INFO: [ app_begin ] --START--
INFO: ReadHtmlCache Behavior ::run [ RunTime:0.000943s ]
INFO: [ app_begin ] --END-- [ RunTime:0.001064s ]
SQL: SHOW COLUMNS FROM `banji` [ RunTime:0.004623s ]
SQL: SELECT * FROM `banji` WHERE ( `id` = 40 ) LIMIT 1   [ RunTime:0.000483s ]
SQL: SHOW COLUMNS FROM `term` [ RunTime:0.004451s ]
SQL: SELECT * FROM `term` WHERE ( `status` = 1 ) LIMIT 1   [ RunTime:0.000437s ]
SQL: SHOW COLUMNS FROM `nianji` [ RunTime:0.004887s ]
SQL: SELECT * FROM `nianji` WHERE ( `ruxuenian` = 2016 ) LIMIT 1   [ RunTime:0.000462s ]
SQL: SHOW COLUMNS FROM `enrollment` [ RunTime:0.004541s ]
SQL: SELECT * FROM `enrollment` WHERE ( `status` = 1 )  [ RunTime:0.000574s ]
SQL: SHOW COLUMNS FROM `nianji` [ RunTime:0.004470s ]
NOTIC: [8] Undefined index: mapping_order E:\wamp\www\fuzhong\ThinkPHP\Extend\Model\RelationModel.class.php 第 188 行.
NOTIC: [8] Undefined index: mapping_limit E:\wamp\www\fuzhong\ThinkPHP\Extend\Model\RelationModel.class.php 第 189 行.
SQL: SELECT b.* FROM enrollment_nianji AS a, nianji AS b WHERE a.nianji_id = b.id AND a. enrollment_id='11' AND nianji_id=1 [ RunTime:0.000655s ]
INFO: [ view_parse ] --START--
SQL: SELECT * FROM `banji` WHERE ( `id` = 40 ) LIMIT 1   [ RunTime:0.000463s ]
SQL: SELECT * FROM `term` WHERE ( `status` = 1 ) LIMIT 1   [ RunTime:0.000435s ]
INFO: ParseTemplate Behavior ::run [ RunTime:0.023653s ]
INFO: [ view_parse ] --END-- [ RunTime:0.023779s ]
INFO: [ view_filter ] --START--
INFO: ContentReplace Behavior ::run [ RunTime:0.000653s ]
INFO: TokenBuild Behavior ::run [ RunTime:0.000655s ]
INFO: WriteHtmlCache Behavior ::run [ RunTime:0.000451s ]
INFO: ShowRuntime Behavior ::run [ RunTime:0.000799s ]
INFO: [ view_filter ] --END-- [ RunTime:0.002867s ]
INFO: [ view_end ] --START--
INFO: ShowPageTrace Behavior ::run [ RunTime:0.001107s ]
INFO: [ view_end ] --END-- [ RunTime:0.001215s ]

[ 2016-09-21T16:34:11+08:00 ] 172.30.160.45 /fuzhong/Home/Enrollment/index/id/11.html
INFO: [ route_check ] --START--
INFO: CheckRoute Behavior ::run [ RunTime:0.001411s ]
INFO: [ route_check ] --END-- [ RunTime:0.001548s ]
INFO: [ app_begin ] --START--
INFO: ReadHtmlCache Behavior ::run [ RunTime:0.000939s ]
INFO: [ app_begin ] --END-- [ RunTime:0.001061s ]
SQL: SHOW COLUMNS FROM `enrollment` [ RunTime:0.004474s ]
SQL: SELECT * FROM `enrollment` WHERE ( `id` = 11 ) LIMIT 1   [ RunTime:0.000590s ]
INFO: [ view_parse ] --START--
INFO: ParseTemplate Behavior ::run [ RunTime:0.012552s ]
INFO: [ view_parse ] --END-- [ RunTime:0.012713s ]
INFO: [ view_filter ] --START--
INFO: ContentReplace Behavior ::run [ RunTime:0.000617s ]
INFO: TokenBuild Behavior ::run [ RunTime:0.000653s ]
INFO: WriteHtmlCache Behavior ::run [ RunTime:0.000462s ]
INFO: ShowRuntime Behavior ::run [ RunTime:0.000793s ]
INFO: [ view_filter ] --END-- [ RunTime:0.002832s ]
INFO: [ view_end ] --START--
INFO: ShowPageTrace Behavior ::run [ RunTime:0.001097s ]
INFO: [ view_end ] --END-- [ RunTime:0.001204s ]

[ 2016-09-21T16:34:17+08:00 ] 172.30.160.45 /fuzhong/Home/Student/index.html
INFO: [ route_check ] --START--
INFO: CheckRoute Behavior ::run [ RunTime:0.001431s ]
INFO: [ route_check ] --END-- [ RunTime:0.001566s ]
INFO: [ app_begin ] --START--
INFO: ReadHtmlCache Behavior ::run [ RunTime:0.000944s ]
INFO: [ app_begin ] --END-- [ RunTime:0.001064s ]
SQL: SHOW COLUMNS FROM `banji` [ RunTime:0.004809s ]
SQL: SELECT * FROM `banji` WHERE ( `id` = 40 ) LIMIT 1   [ RunTime:0.000503s ]
SQL: SHOW COLUMNS FROM `student` [ RunTime:0.005083s ]
SQL: SELECT COUNT(*) AS tp_count FROM `student` WHERE ( `bid` = 40 ) LIMIT 1   [ RunTime:0.000631s ]
SQL: SELECT * FROM `student` WHERE ( `bid` = 40 ) LIMIT 0,10   [ RunTime:0.000787s ]
INFO: [ view_parse ] --START--
SQL: SELECT * FROM `banji` WHERE ( `id` = 40 ) LIMIT 1   [ RunTime:0.000495s ]
SQL: SHOW COLUMNS FROM `term` [ RunTime:0.004743s ]
SQL: SELECT * FROM `term` WHERE ( `status` = 1 ) LIMIT 1   [ RunTime:0.000476s ]
INFO: ParseTemplate Behavior ::run [ RunTime:0.029864s ]
INFO: [ view_parse ] --END-- [ RunTime:0.030005s ]
INFO: [ view_filter ] --START--
INFO: ContentReplace Behavior ::run [ RunTime:0.000706s ]
INFO: TokenBuild Behavior ::run [ RunTime:0.000671s ]
INFO: WriteHtmlCache Behavior ::run [ RunTime:0.000457s ]
INFO: ShowRuntime Behavior ::run [ RunTime:0.000818s ]
INFO: [ view_filter ] --END-- [ RunTime:0.002955s ]
INFO: [ view_end ] --START--
INFO: ShowPageTrace Behavior ::run [ RunTime:0.001064s ]
INFO: [ view_end ] --END-- [ RunTime:0.001172s ]

[ 2016-09-21T16:34:20+08:00 ] 172.30.160.45 /fuzhong/Home/StudentFenshu/fenshuList/student/1892.html
INFO: [ route_check ] --START--
INFO: CheckRoute Behavior ::run [ RunTime:0.001415s ]
INFO: [ route_check ] --END-- [ RunTime:0.001551s ]
INFO: [ app_begin ] --START--
INFO: ReadHtmlCache Behavior ::run [ RunTime:0.000946s ]
INFO: [ app_begin ] --END-- [ RunTime:0.001065s ]
SQL: SHOW COLUMNS FROM `student` [ RunTime:0.004599s ]
SQL: SELECT * FROM `student` WHERE ( `id` = 1892 ) LIMIT 1   [ RunTime:0.000495s ]
SQL: SHOW COLUMNS FROM `kaoshichengji` [ RunTime:0.004540s ]
SQL: SELECT COUNT(*) AS tp_count FROM `kaoshichengji` WHERE ( `xueshengid` = 1892 ) AND ( `status` = 1 ) LIMIT 1   [ RunTime:0.000617s ]
SQL: SHOW COLUMNS FROM `kaoshichengji` [ RunTime:0.004381s ]
SQL: SELECT * FROM `kaoshichengji` WHERE ( `xueshengid` = 1892 ) AND ( `status` = 1 ) ORDER BY kaoshiid DESC LIMIT 0,10   [ RunTime:0.000703s ]
SQL: SHOW COLUMNS FROM `xueke` [ RunTime:0.004612s ]
SQL: SELECT * FROM `xueke`  [ RunTime:0.000479s ]
NOTIC: [2] Invalid argument supplied for foreach() E:\wamp\www\fuzhong\App\Application\Home\Action\StudentFenshuAction.class.php 第 114 行.
NOTIC: [8] Undefined variable: kaoshiTemp E:\wamp\www\fuzhong\App\Application\Home\Action\StudentFenshuAction.class.php 第 130 行.
INFO: [ view_parse ] --START--
SQL: SHOW COLUMNS FROM `banji` [ RunTime:0.004577s ]
SQL: SELECT * FROM `banji` WHERE ( `id` = 40 ) LIMIT 1   [ RunTime:0.000456s ]
SQL: SHOW COLUMNS FROM `term` [ RunTime:0.004240s ]
SQL: SELECT * FROM `term` WHERE ( `status` = 1 ) LIMIT 1   [ RunTime:0.000444s ]
INFO: ParseTemplate Behavior ::run [ RunTime:0.032762s ]
INFO: [ view_parse ] --END-- [ RunTime:0.032887s ]
INFO: [ view_filter ] --START--
INFO: ContentReplace Behavior ::run [ RunTime:0.000664s ]
INFO: TokenBuild Behavior ::run [ RunTime:0.000659s ]
INFO: WriteHtmlCache Behavior ::run [ RunTime:0.000462s ]
INFO: ShowRuntime Behavior ::run [ RunTime:0.000805s ]
INFO: [ view_filter ] --END-- [ RunTime:0.002892s ]
INFO: [ view_end ] --START--
INFO: ShowPageTrace Behavior ::run [ RunTime:0.001107s ]
INFO: [ view_end ] --END-- [ RunTime:0.001213s ]

[ 2016-09-21T16:34:25+08:00 ] 172.30.160.45 /fuzhong/Home/Student/index.html
INFO: [ route_check ] --START--
INFO: CheckRoute Behavior ::run [ RunTime:0.001443s ]
INFO: [ route_check ] --END-- [ RunTime:0.001578s ]
INFO: [ app_begin ] --START--
INFO: ReadHtmlCache Behavior ::run [ RunTime:0.000952s ]
INFO: [ app_begin ] --END-- [ RunTime:0.001071s ]
SQL: SHOW COLUMNS FROM `banji` [ RunTime:0.004376s ]
SQL: SELECT * FROM `banji` WHERE ( `id` = 40 ) LIMIT 1   [ RunTime:0.000451s ]
SQL: SHOW COLUMNS FROM `student` [ RunTime:0.004320s ]
SQL: SELECT COUNT(*) AS tp_count FROM `student` WHERE ( `bid` = 40 ) LIMIT 1   [ RunTime:0.000430s ]
SQL: SELECT * FROM `student` WHERE ( `bid` = 40 ) LIMIT 0,10   [ RunTime:0.000588s ]
INFO: [ view_parse ] --START--
SQL: SELECT * FROM `banji` WHERE ( `id` = 40 ) LIMIT 1   [ RunTime:0.000467s ]
SQL: SHOW COLUMNS FROM `term` [ RunTime:0.004294s ]
SQL: SELECT * FROM `term` WHERE ( `status` = 1 ) LIMIT 1   [ RunTime:0.000432s ]
INFO: ParseTemplate Behavior ::run [ RunTime:0.028972s ]
INFO: [ view_parse ] --END-- [ RunTime:0.029109s ]
INFO: [ view_filter ] --START--
INFO: ContentReplace Behavior ::run [ RunTime:0.000697s ]
INFO: TokenBuild Behavior ::run [ RunTime:0.000654s ]
INFO: WriteHtmlCache Behavior ::run [ RunTime:0.000452s ]
INFO: ShowRuntime Behavior ::run [ RunTime:0.000814s ]
INFO: [ view_filter ] --END-- [ RunTime:0.002920s ]
INFO: [ view_end ] --START--
INFO: ShowPageTrace Behavior ::run [ RunTime:0.001057s ]
INFO: [ view_end ] --END-- [ RunTime:0.001167s ]

[ 2016-09-21T16:34:34+08:00 ] 172.30.160.45 /fuzhong/Home/Jiaodaochu/index.html
INFO: [ route_check ] --START--
INFO: CheckRoute Behavior ::run [ RunTime:0.001414s ]
INFO: [ route_check ] --END-- [ RunTime:0.001555s ]
INFO: [ app_begin ] --START--
INFO: ReadHtmlCache Behavior ::run [ RunTime:0.000940s ]
INFO: [ app_begin ] --END-- [ RunTime:0.001060s ]
SQL: SHOW COLUMNS FROM `banji` [ RunTime:0.004615s ]
SQL: SELECT * FROM `banji` WHERE ( `id` = 40 ) LIMIT 1   [ RunTime:0.000507s ]
SQL: SHOW COLUMNS FROM `term` [ RunTime:0.004550s ]
SQL: SELECT * FROM `term` WHERE ( `status` = 1 ) LIMIT 1   [ RunTime:0.000478s ]
SQL: SHOW COLUMNS FROM `nianji` [ RunTime:0.004484s ]
SQL: SELECT * FROM `nianji` WHERE ( `ruxuenian` = 2016 ) LIMIT 1   [ RunTime:0.000478s ]
SQL: SHOW COLUMNS FROM `enrollment` [ RunTime:0.004621s ]
SQL: SELECT * FROM `enrollment` WHERE ( `status` = 1 )  [ RunTime:0.000647s ]
SQL: SHOW COLUMNS FROM `nianji` [ RunTime:0.004688s ]
NOTIC: [8] Undefined index: mapping_order E:\wamp\www\fuzhong\ThinkPHP\Extend\Model\RelationModel.class.php 第 188 行.
NOTIC: [8] Undefined index: mapping_limit E:\wamp\www\fuzhong\ThinkPHP\Extend\Model\RelationModel.class.php 第 189 行.
SQL: SELECT b.* FROM enrollment_nianji AS a, nianji AS b WHERE a.nianji_id = b.id AND a. enrollment_id='11' AND nianji_id=1 [ RunTime:0.000661s ]
INFO: [ view_parse ] --START--
SQL: SELECT * FROM `banji` WHERE ( `id` = 40 ) LIMIT 1   [ RunTime:0.000473s ]
SQL: SELECT * FROM `term` WHERE ( `status` = 1 ) LIMIT 1   [ RunTime:0.000462s ]
INFO: ParseTemplate Behavior ::run [ RunTime:0.022773s ]
INFO: [ view_parse ] --END-- [ RunTime:0.022899s ]
INFO: [ view_filter ] --START--
INFO: ContentReplace Behavior ::run [ RunTime:0.000653s ]
INFO: TokenBuild Behavior ::run [ RunTime:0.000658s ]
INFO: WriteHtmlCache Behavior ::run [ RunTime:0.000461s ]
INFO: ShowRuntime Behavior ::run [ RunTime:0.000801s ]
INFO: [ view_filter ] --END-- [ RunTime:0.002880s ]
INFO: [ view_end ] --START--
INFO: ShowPageTrace Behavior ::run [ RunTime:0.001069s ]
INFO: [ view_end ] --END-- [ RunTime:0.001177s ]

[ 2016-09-21T16:34:36+08:00 ] 172.30.160.45 /fuzhong/Home/Enrollment/index/id/11.html
INFO: [ route_check ] --START--
INFO: CheckRoute Behavior ::run [ RunTime:0.001416s ]
INFO: [ route_check ] --END-- [ RunTime:0.001550s ]
INFO: [ app_begin ] --START--
INFO: ReadHtmlCache Behavior ::run [ RunTime:0.000952s ]
INFO: [ app_begin ] --END-- [ RunTime:0.001071s ]
SQL: SHOW COLUMNS FROM `enrollment` [ RunTime:0.004563s ]
SQL: SELECT * FROM `enrollment` WHERE ( `id` = 11 ) LIMIT 1   [ RunTime:0.000492s ]
INFO: [ view_parse ] --START--
INFO: ParseTemplate Behavior ::run [ RunTime:0.012589s ]
INFO: [ view_parse ] --END-- [ RunTime:0.012744s ]
INFO: [ view_filter ] --START--
INFO: ContentReplace Behavior ::run [ RunTime:0.000617s ]
INFO: TokenBuild Behavior ::run [ RunTime:0.000654s ]
INFO: WriteHtmlCache Behavior ::run [ RunTime:0.000461s ]
INFO: ShowRuntime Behavior ::run [ RunTime:0.000785s ]
INFO: [ view_filter ] --END-- [ RunTime:0.002820s ]
INFO: [ view_end ] --START--
INFO: ShowPageTrace Behavior ::run [ RunTime:0.001097s ]
INFO: [ view_end ] --END-- [ RunTime:0.001205s ]

[ 2016-09-21T16:34:40+08:00 ] 172.30.160.45 /fuzhong/Home/Enrollment/index/id/11.html
INFO: [ route_check ] --START--
INFO: CheckRoute Behavior ::run [ RunTime:0.001424s ]
INFO: [ route_check ] --END-- [ RunTime:0.001559s ]
INFO: [ app_begin ] --START--
INFO: ReadHtmlCache Behavior ::run [ RunTime:0.000950s ]
INFO: [ app_begin ] --END-- [ RunTime:0.001070s ]
SQL: SHOW COLUMNS FROM `enrollment` [ RunTime:0.004455s ]
SQL: SELECT * FROM `enrollment` WHERE ( `id` = 11 ) LIMIT 1   [ RunTime:0.000481s ]
INFO: [ view_parse ] --START--
INFO: ParseTemplate Behavior ::run [ RunTime:0.012601s ]
INFO: [ view_parse ] --END-- [ RunTime:0.012768s ]
INFO: [ view_filter ] --START--
INFO: ContentReplace Behavior ::run [ RunTime:0.000618s ]
INFO: TokenBuild Behavior ::run [ RunTime:0.000654s ]
INFO: WriteHtmlCache Behavior ::run [ RunTime:0.000459s ]
INFO: ShowRuntime Behavior ::run [ RunTime:0.000787s ]
INFO: [ view_filter ] --END-- [ RunTime:0.002821s ]
INFO: [ view_end ] --START--
INFO: ShowPageTrace Behavior ::run [ RunTime:0.001113s ]
INFO: [ view_end ] --END-- [ RunTime:0.001220s ]

[ 2016-09-21T18:13:03+08:00 ] 172.30.2.160 /fuzhong/Admin/Banji/index.html
INFO: [ route_check ] --START--
INFO: CheckRoute Behavior ::run [ RunTime:0.001719s ]
INFO: [ route_check ] --END-- [ RunTime:0.001867s ]
INFO: [ app_begin ] --START--
INFO: ReadHtmlCache Behavior ::run [ RunTime:0.001157s ]
INFO: [ app_begin ] --END-- [ RunTime:0.001281s ]
SQL: SHOW COLUMNS FROM `banji` [ RunTime:0.005239s ]
SQL: SELECT COUNT(*) AS tp_count FROM `banji` LIMIT 1   [ RunTime:0.000402s ]
SQL: SELECT * FROM `banji` ORDER BY id DESC LIMIT 0,12   [ RunTime:0.000757s ]
SQL: SHOW COLUMNS FROM `teacher` [ RunTime:0.004930s ]
SQL: SELECT * FROM `teacher` ORDER BY name ASC  [ RunTime:0.002032s ]
SQL: SHOW COLUMNS FROM `xueke` [ RunTime:0.004855s ]
SQL: SELECT `xueke` FROM `xueke` WHERE ( 1=1 AND id='13' ) LIMIT 1   [ RunTime:0.000598s ]
SQL: SELECT `xueke` FROM `xueke` WHERE ( 1=1 AND id='14' ) LIMIT 1   [ RunTime:0.000458s ]
SQL: SELECT `xueke` FROM `xueke` WHERE ( 1=1 AND id='3' ) LIMIT 1   [ RunTime:0.000439s ]
SQL: SELECT `xueke` FROM `xueke` WHERE ( 1=1 AND id='3' ) LIMIT 1   [ RunTime:0.000600s ]
SQL: SELECT `xueke` FROM `xueke` WHERE ( 1=1 AND id='8' ) LIMIT 1   [ RunTime:0.000473s ]
SQL: SELECT `xueke` FROM `xueke` WHERE ( 1=1 AND id='10' ) LIMIT 1   [ RunTime:0.000437s ]
SQL: SELECT `xueke` FROM `xueke` WHERE ( 1=1 AND id='3' ) LIMIT 1   [ RunTime:0.000432s ]
SQL: SELECT `xueke` FROM `xueke` WHERE ( 1=1 AND id='16' ) LIMIT 1   [ RunTime:0.000433s ]
SQL: SELECT `xueke` FROM `xueke` WHERE ( 1=1 AND id='2' ) LIMIT 1   [ RunTime:0.000430s ]
SQL: SELECT `xueke` FROM `xueke` WHERE ( 1=1 AND id='9' ) LIMIT 1   [ RunTime:0.000434s ]
SQL: SELECT `xueke` FROM `xueke` WHERE ( 1=1 AND id='3' ) LIMIT 1   [ RunTime:0.000435s ]
SQL: SELECT `xueke` FROM `xueke` WHERE ( 1=1 AND id='2' ) LIMIT 1   [ RunTime:0.000430s ]
SQL: SELECT `xueke` FROM `xueke` WHERE ( 1=1 AND id='1' ) LIMIT 1   [ RunTime:0.000429s ]
SQL: SELECT `xueke` FROM `xueke` WHERE ( 1=1 AND id='16' ) LIMIT 1   [ RunTime:0.000428s ]
SQL: SELECT `xueke` FROM `xueke` WHERE ( 1=1 AND id='1' ) LIMIT 1   [ RunTime:0.000428s ]
SQL: SELECT `xueke` FROM `xueke` WHERE ( 1=1 AND id='10' ) LIMIT 1   [ RunTime:0.000426s ]
SQL: SELECT `xueke` FROM `xueke` WHERE ( 1=1 AND id='16' ) LIMIT 1   [ RunTime:0.000433s ]
SQL: SELECT `xueke` FROM `xueke` WHERE ( 1=1 AND id='3' ) LIMIT 1   [ RunTime:0.000432s ]
SQL: SELECT `xueke` FROM `xueke` WHERE ( 1=1 AND id='16' ) LIMIT 1   [ RunTime:0.000426s ]
SQL: SELECT `xueke` FROM `xueke` WHERE ( 1=1 AND id='3' ) LIMIT 1   [ RunTime:0.000429s ]
SQL: SELECT `xueke` FROM `xueke` WHERE ( 1=1 AND id='5' ) LIMIT 1   [ RunTime:0.000427s ]
SQL: SELECT `xueke` FROM `xueke` WHERE ( 1=1 AND id='12' ) LIMIT 1   [ RunTime:0.000425s ]
SQL: SELECT `xueke` FROM `xueke` WHERE ( 1=1 AND id='3' ) LIMIT 1   [ RunTime:0.000341s ]
SQL: SELECT `xueke` FROM `xueke` WHERE ( 1=1 AND id='2' ) LIMIT 1   [ RunTime:0.000426s ]
SQL: SELECT `xueke` FROM `xueke` WHERE ( 1=1 AND id='16' ) LIMIT 1   [ RunTime:0.000427s ]
SQL: SELECT `xueke` FROM `xueke` WHERE ( 1=1 AND id='3' ) LIMIT 1   [ RunTime:0.000430s ]
SQL: SELECT `xueke` FROM `xueke` WHERE ( 1=1 AND id='6' ) LIMIT 1   [ RunTime:0.000424s ]
SQL: SELECT `xueke` FROM `xueke` WHERE ( 1=1 AND id='16' ) LIMIT 1   [ RunTime:0.000426s ]
SQL: SELECT `xueke` FROM `xueke` WHERE ( 1=1 AND id='2' ) LIMIT 1   [ RunTime:0.000426s ]
SQL: SELECT `xueke` FROM `xueke` WHERE ( 1=1 AND id='2' ) LIMIT 1   [ RunTime:0.000426s ]
SQL: SELECT `xueke` FROM `xueke` WHERE ( 1=1 AND id='1' ) LIMIT 1   [ RunTime:0.000425s ]
SQL: SELECT `xueke` FROM `xueke` WHERE ( 1=1 AND id='1' ) LIMIT 1   [ RunTime:0.000425s ]
SQL: SELECT `xueke` FROM `xueke` WHERE ( 1=1 AND id='16' ) LIMIT 1   [ RunTime:0.000426s ]
SQL: SELECT `xueke` FROM `xueke` WHERE ( 1=1 AND id='3' ) LIMIT 1   [ RunTime:0.000430s ]
SQL: SELECT `xueke` FROM `xueke` WHERE ( 1=1 AND id='8' ) LIMIT 1   [ RunTime:0.000427s ]
SQL: SELECT `xueke` FROM `xueke` WHERE ( 1=1 AND id='2' ) LIMIT 1   [ RunTime:0.000427s ]
SQL: SELECT `xueke` FROM `xueke` WHERE ( 1=1 AND id='1' ) LIMIT 1   [ RunTime:0.000426s ]
SQL: SELECT `xueke` FROM `xueke` WHERE ( 1=1 AND id='2' ) LIMIT 1   [ RunTime:0.000426s ]
SQL: SELECT `xueke` FROM `xueke` WHERE ( 1=1 AND id='6' ) LIMIT 1   [ RunTime:0.000425s ]
SQL: SELECT `xueke` FROM `xueke` WHERE ( 1=1 AND id='3' ) LIMIT 1   [ RunTime:0.000425s ]
SQL: SELECT `xueke` FROM `xueke` WHERE ( 1=1 AND id='13' ) LIMIT 1   [ RunTime:0.000426s ]
SQL: SELECT `xueke` FROM `xueke` WHERE ( 1=1 AND id='5' ) LIMIT 1   [ RunTime:0.000423s ]
SQL: SELECT `xueke` FROM `xueke` WHERE ( 1=1 AND id='1' ) LIMIT 1   [ RunTime:0.000429s ]
SQL: SELECT `xueke` FROM `xueke` WHERE ( 1=1 AND id='5' ) LIMIT 1   [ RunTime:0.000480s ]
SQL: SELECT `xueke` FROM `xueke` WHERE ( 1=1 AND id='5' ) LIMIT 1   [ RunTime:0.000433s ]
SQL: SELECT `xueke` FROM `xueke` WHERE ( 1=1 AND id='2' ) LIMIT 1   [ RunTime:0.000438s ]
SQL: SELECT `xueke` FROM `xueke` WHERE ( 1=1 AND id='12' ) LIMIT 1   [ RunTime:0.000434s ]
SQL: SELECT `xueke` FROM `xueke` WHERE ( 1=1 AND id='16' ) LIMIT 1   [ RunTime:0.000433s ]
SQL: SELECT `xueke` FROM `xueke` WHERE ( 1=1 AND id='6' ) LIMIT 1   [ RunTime:0.000432s ]
SQL: SELECT `xueke` FROM `xueke` WHERE ( 1=1 AND id='10' ) LIMIT 1   [ RunTime:0.000430s ]
SQL: SELECT `xueke` FROM `xueke` WHERE ( 1=1 AND id='3' ) LIMIT 1   [ RunTime:0.000411s ]
SQL: SELECT `xueke` FROM `xueke` WHERE ( 1=1 AND id='16' ) LIMIT 1   [ RunTime:0.000411s ]
SQL: SELECT `xueke` FROM `xueke` WHERE ( 1=1 AND id='16' ) LIMIT 1   [ RunTime:0.000413s ]
SQL: SELECT `xueke` FROM `xueke` WHERE ( 1=1 AND id='6' ) LIMIT 1   [ RunTime:0.000412s ]
SQL: SELECT `xueke` FROM `xueke` WHERE ( 1=1 AND id='6' ) LIMIT 1   [ RunTime:0.000409s ]
SQL: SELECT `xueke` FROM `xueke` WHERE ( 1=1 AND id='1' ) LIMIT 1   [ RunTime:0.000404s ]
SQL: SELECT `xueke` FROM `xueke` WHERE ( 1=1 AND id='1' ) LIMIT 1   [ RunTime:0.000405s ]
SQL: SELECT `xueke` FROM `xueke` WHERE ( 1=1 AND id='16' ) LIMIT 1   [ RunTime:0.000416s ]
SQL: SELECT `xueke` FROM `xueke` WHERE ( 1=1 AND id='12' ) LIMIT 1   [ RunTime:0.000409s ]
SQL: SELECT `xueke` FROM `xueke` WHERE ( 1=1 AND id='10' ) LIMIT 1   [ RunTime:0.000409s ]
SQL: SELECT `xueke` FROM `xueke` WHERE ( 1=1 AND id='16' ) LIMIT 1   [ RunTime:0.000432s ]
SQL: SELECT `xueke` FROM `xueke` WHERE ( 1=1 AND id='3' ) LIMIT 1   [ RunTime:0.000409s ]
SQL: SELECT `xueke` FROM `xueke` WHERE ( 1=1 AND id='11' ) LIMIT 1   [ RunTime:0.000408s ]
SQL: SELECT `xueke` FROM `xueke` WHERE ( 1=1 AND id='16' ) LIMIT 1   [ RunTime:0.000407s ]
SQL: SELECT `xueke` FROM `xueke` WHERE ( 1=1 AND id='1' ) LIMIT 1   [ RunTime:0.000412s ]
SQL: SELECT `xueke` FROM `xueke` WHERE ( 1=1 AND id='1' ) LIMIT 1   [ RunTime:0.000407s ]
SQL: SELECT `xueke` FROM `xueke` WHERE ( 1=1 AND id='3' ) LIMIT 1   [ RunTime:0.000402s ]
SQL: SELECT `xueke` FROM `xueke` WHERE ( 1=1 AND id='7' ) LIMIT 1   [ RunTime:0.000407s ]
SQL: SELECT `xueke` FROM `xueke` WHERE ( 1=1 AND id='1' ) LIMIT 1   [ RunTime:0.000402s ]
SQL: SELECT `xueke` FROM `xueke` WHERE ( 1=1 AND id='16' ) LIMIT 1   [ RunTime:0.000406s ]
SQL: SELECT `xueke` FROM `xueke` WHERE ( 1=1 AND id='16' ) LIMIT 1   [ RunTime:0.000404s ]
SQL: SELECT `xueke` FROM `xueke` WHERE ( 1=1 AND id='2' ) LIMIT 1   [ RunTime:0.000407s ]
SQL: SELECT `xueke` FROM `xueke` WHERE ( 1=1 AND id='1' ) LIMIT 1   [ RunTime:0.000407s ]
SQL: SELECT `xueke` FROM `xueke` WHERE ( 1=1 AND id='1' ) LIMIT 1   [ RunTime:0.000403s ]
SQL: SELECT `xueke` FROM `xueke` WHERE ( 1=1 AND id='1' ) LIMIT 1   [ RunTime:0.000421s ]
SQL: SELECT `xueke` FROM `xueke` WHERE ( 1=1 AND id='2' ) LIMIT 1   [ RunTime:0.000403s ]
SQL: SELECT `xueke` FROM `xueke` WHERE ( 1=1 AND id='11' ) LIMIT 1   [ RunTime:0.000405s ]
SQL: SELECT `xueke` FROM `xueke` WHERE ( 1=1 AND id='2' ) LIMIT 1   [ RunTime:0.000408s ]
SQL: SELECT `xueke` FROM `xueke` WHERE ( 1=1 AND id='2' ) LIMIT 1   [ RunTime:0.000401s ]
SQL: SELECT `xueke` FROM `xueke` WHERE ( 1=1 AND id='10' ) LIMIT 1   [ RunTime:0.000408s ]
SQL: SELECT `xueke` FROM `xueke` WHERE ( 1=1 AND id='13' ) LIMIT 1   [ RunTime:0.000401s ]
SQL: SELECT `xueke` FROM `xueke` WHERE ( 1=1 AND id='2' ) LIMIT 1   [ RunTime:0.000403s ]
SQL: SELECT `xueke` FROM `xueke` WHERE ( 1=1 AND id='6' ) LIMIT 1   [ RunTime:0.000408s ]
SQL: SELECT `xueke` FROM `xueke` WHERE ( 1=1 AND id='2' ) LIMIT 1   [ RunTime:0.000404s ]
SQL: SELECT `xueke` FROM `xueke` WHERE ( 1=1 AND id='7' ) LIMIT 1   [ RunTime:0.000403s ]
SQL: SELECT `xueke` FROM `xueke` WHERE ( 1=1 AND id='7' ) LIMIT 1   [ RunTime:0.000411s ]
SQL: SELECT `xueke` FROM `xueke` WHERE ( 1=1 AND id='1' ) LIMIT 1   [ RunTime:0.000408s ]
SQL: SELECT `xueke` FROM `xueke` WHERE ( 1=1 AND id='1' ) LIMIT 1   [ RunTime:0.000402s ]
SQL: SELECT `xueke` FROM `xueke` WHERE ( 1=1 AND id='2' ) LIMIT 1   [ RunTime:0.000402s ]
SQL: SELECT `xueke` FROM `xueke` WHERE ( 1=1 AND id='3' ) LIMIT 1   [ RunTime:0.000405s ]
SQL: SELECT `xueke` FROM `xueke` WHERE ( 1=1 AND id='3' ) LIMIT 1   [ RunTime:0.000411s ]
SQL: SELECT `xueke` FROM `xueke` WHERE ( 1=1 AND id='16' ) LIMIT 1   [ RunTime:0.000404s ]
SQL: SELECT `xueke` FROM `xueke` WHERE ( 1=1 AND id='3' ) LIMIT 1   [ RunTime:0.000404s ]
SQL: SELECT `xueke` FROM `xueke` WHERE ( 1=1 AND id='1' ) LIMIT 1   [ RunTime:0.000402s ]
SQL: SELECT `xueke` FROM `xueke` WHERE ( 1=1 AND id='1' ) LIMIT 1   [ RunTime:0.000406s ]
SQL: SELECT `xueke` FROM `xueke` WHERE ( 1=1 AND id='16' ) LIMIT 1   [ RunTime:0.000406s ]
SQL: SELECT `xueke` FROM `xueke` WHERE ( 1=1 AND id='13' ) LIMIT 1   [ RunTime:0.000407s ]
SQL: SELECT `xueke` FROM `xueke` WHERE ( 1=1 AND id='13' ) LIMIT 1   [ RunTime:0.000408s ]
SQL: SELECT `xueke` FROM `xueke` WHERE ( 1=1 AND id='9' ) LIMIT 1   [ RunTime:0.000408s ]
SQL: SELECT `xueke` FROM `xueke` WHERE ( 1=1 AND id='15' ) LIMIT 1   [ RunTime:0.000461s ]
SQL: SELECT `xueke` FROM `xueke` WHERE ( 1=1 AND id='3' ) LIMIT 1   [ RunTime:0.000403s ]
SQL: SELECT `xueke` FROM `xueke` WHERE ( 1=1 AND id='6' ) LIMIT 1   [ RunTime:0.000405s ]
SQL: SELECT `xueke` FROM `xueke` WHERE ( 1=1 AND id='2' ) LIMIT 1   [ RunTime:0.000406s ]
SQL: SELECT `xueke` FROM `xueke` WHERE ( 1=1 AND id='3' ) LIMIT 1   [ RunTime:0.000405s ]
SQL: SELECT `xueke` FROM `xueke` WHERE ( 1=1 AND id='6' ) LIMIT 1   [ RunTime:0.000402s ]
SQL: SELECT `xueke` FROM `xueke` WHERE ( 1=1 AND id='3' ) LIMIT 1   [ RunTime:0.000406s ]
SQL: SELECT `xueke` FROM `xueke` WHERE ( 1=1 AND id='1' ) LIMIT 1   [ RunTime:0.000407s ]
SQL: SELECT `xueke` FROM `xueke` WHERE ( 1=1 AND id='16' ) LIMIT 1   [ RunTime:0.000404s ]
SQL: SELECT `xueke` FROM `xueke` WHERE ( 1=1 AND id='1' ) LIMIT 1   [ RunTime:0.000408s ]
SQL: SELECT `xueke` FROM `xueke` WHERE ( 1=1 AND id='8' ) LIMIT 1   [ RunTime:0.000404s ]
SQL: SELECT `xueke` FROM `xueke` WHERE ( 1=1 AND id='2' ) LIMIT 1   [ RunTime:0.000407s ]
SQL: SELECT `xueke` FROM `xueke` WHERE ( 1=1 AND id='2' ) LIMIT 1   [ RunTime:0.000402s ]
SQL: SELECT `xueke` FROM `xueke` WHERE ( 1=1 AND id='13' ) LIMIT 1   [ RunTime:0.000405s ]
SQL: SELECT `xueke` FROM `xueke` WHERE ( 1=1 AND id='16' ) LIMIT 1   [ RunTime:0.000402s ]
SQL: SELECT `xueke` FROM `xueke` WHERE ( 1=1 AND id='3' ) LIMIT 1   [ RunTime:0.000409s ]
SQL: SELECT `xueke` FROM `xueke` WHERE ( 1=1 AND id='16' ) LIMIT 1   [ RunTime:0.000410s ]
SQL: SELECT `xueke` FROM `xueke` WHERE ( 1=1 AND id='13' ) LIMIT 1   [ RunTime:0.000409s ]
SQL: SELECT `xueke` FROM `xueke` WHERE ( 1=1 AND id='16' ) LIMIT 1   [ RunTime:0.000410s ]
SQL: SELECT `xueke` FROM `xueke` WHERE ( 1=1 AND id='2' ) LIMIT 1   [ RunTime:0.000402s ]
SQL: SELECT `xueke` FROM `xueke` WHERE ( 1=1 AND id='5' ) LIMIT 1   [ RunTime:0.000597s ]
SQL: SELECT `xueke` FROM `xueke` WHERE ( 1=1 AND id='16' ) LIMIT 1   [ RunTime:0.000440s ]
SQL: SELECT `xueke` FROM `xueke` WHERE ( 1=1 AND id='7' ) LIMIT 1   [ RunTime:0.000416s ]
SQL: SELECT `xueke` FROM `xueke` WHERE ( 1=1 AND id='2' ) LIMIT 1   [ RunTime:0.000401s ]
SQL: SELECT `xueke` FROM `xueke` WHERE ( 1=1 AND id='1' ) LIMIT 1   [ RunTime:0.000405s ]
SQL: SELECT `xueke` FROM `xueke` WHERE ( 1=1 AND id='13' ) LIMIT 1   [ RunTime:0.000406s ]
SQL: SELECT `xueke` FROM `xueke` WHERE ( 1=1 AND id='3' ) LIMIT 1   [ RunTime:0.000404s ]
SQL: SELECT `xueke` FROM `xueke` WHERE ( 1=1 AND id='16' ) LIMIT 1   [ RunTime:0.000405s ]
SQL: SELECT `xueke` FROM `xueke` WHERE ( 1=1 AND id='16' ) LIMIT 1   [ RunTime:0.000404s ]
SQL: SELECT `xueke` FROM `xueke` WHERE ( 1=1 AND id='9' ) LIMIT 1   [ RunTime:0.000405s ]
SQL: SELECT `xueke` FROM `xueke` WHERE ( 1=1 AND id='9' ) LIMIT 1   [ RunTime:0.000405s ]
SQL: SELECT `xueke` FROM `xueke` WHERE ( 1=1 AND id='3' ) LIMIT 1   [ RunTime:0.000403s ]
SQL: SELECT `xueke` FROM `xueke` WHERE ( 1=1 AND id='3' ) LIMIT 1   [ RunTime:0.000404s ]
SQL: SELECT `xueke` FROM `xueke` WHERE ( 1=1 AND id='12' ) LIMIT 1   [ RunTime:0.000403s ]
SQL: SELECT `xueke` FROM `xueke` WHERE ( 1=1 AND id='16' ) LIMIT 1   [ RunTime:0.000403s ]
SQL: SELECT `xueke` FROM `xueke` WHERE ( 1=1 AND id='2' ) LIMIT 1   [ RunTime:0.000402s ]
SQL: SELECT `xueke` FROM `xueke` WHERE ( 1=1 AND id='16' ) LIMIT 1   [ RunTime:0.000403s ]
SQL: SELECT `xueke` FROM `xueke` WHERE ( 1=1 AND id='1' ) LIMIT 1   [ RunTime:0.000402s ]
SQL: SELECT `xueke` FROM `xueke` WHERE ( 1=1 AND id='1' ) LIMIT 1   [ RunTime:0.000407s ]
SQL: SELECT `xueke` FROM `xueke` WHERE ( 1=1 AND id='10' ) LIMIT 1   [ RunTime:0.000411s ]
SQL: SELECT `xueke` FROM `xueke` WHERE ( 1=1 AND id='16' ) LIMIT 1   [ RunTime:0.000402s ]
SQL: SELECT `xueke` FROM `xueke` WHERE ( 1=1 AND id='16' ) LIMIT 1   [ RunTime:0.000416s ]
SQL: SELECT `xueke` FROM `xueke` WHERE ( 1=1 AND id='11' ) LIMIT 1   [ RunTime:0.000405s ]
SQL: SELECT `xueke` FROM `xueke` WHERE ( 1=1 AND id='5' ) LIMIT 1   [ RunTime:0.000407s ]
SQL: SELECT `xueke` FROM `xueke` WHERE ( 1=1 AND id='8' ) LIMIT 1   [ RunTime:0.000407s ]
SQL: SELECT `xueke` FROM `xueke` WHERE ( 1=1 AND id='1' ) LIMIT 1   [ RunTime:0.000402s ]
SQL: SELECT `xueke` FROM `xueke` WHERE ( 1=1 AND id='10' ) LIMIT 1   [ RunTime:0.000405s ]
SQL: SELECT `xueke` FROM `xueke` WHERE ( 1=1 AND id='1' ) LIMIT 1   [ RunTime:0.000406s ]
SQL: SELECT `xueke` FROM `xueke` WHERE ( 1=1 AND id='16' ) LIMIT 1   [ RunTime:0.000407s ]
SQL: SELECT `xueke` FROM `xueke` WHERE ( 1=1 AND id='16' ) LIMIT 1   [ RunTime:0.000399s ]
SQL: SELECT `xueke` FROM `xueke` WHERE ( 1=1 AND id='10' ) LIMIT 1   [ RunTime:0.000408s ]
SQL: SELECT `xueke` FROM `xueke` WHERE ( 1=1 AND id='7' ) LIMIT 1   [ RunTime:0.000402s ]
SQL: SELECT `xueke` FROM `xueke` WHERE ( 1=1 AND id='6' ) LIMIT 1   [ RunTime:0.000408s ]
SQL: SELECT `xueke` FROM `xueke` WHERE ( 1=1 AND id='8' ) LIMIT 1   [ RunTime:0.000406s ]
SQL: SELECT `xueke` FROM `xueke` WHERE ( 1=1 AND id='7' ) LIMIT 1   [ RunTime:0.000406s ]
SQL: SELECT `xueke` FROM `xueke` WHERE ( 1=1 AND id='8' ) LIMIT 1   [ RunTime:0.000402s ]
SQL: SELECT `xueke` FROM `xueke` WHERE ( 1=1 AND id='2' ) LIMIT 1   [ RunTime:0.000401s ]
SQL: SELECT `xueke` FROM `xueke` WHERE ( 1=1 AND id='13' ) LIMIT 1   [ RunTime:0.000406s ]
SQL: SELECT `xueke` FROM `xueke` WHERE ( 1=1 AND id='16' ) LIMIT 1   [ RunTime:0.000412s ]
SQL: SELECT `xueke` FROM `xueke` WHERE ( 1=1 AND id='14' ) LIMIT 1   [ RunTime:0.000407s ]
SQL: SELECT `xueke` FROM `xueke` WHERE ( 1=1 AND id='2' ) LIMIT 1   [ RunTime:0.000413s ]
SQL: SELECT `xueke` FROM `xueke` WHERE ( 1=1 AND id='5' ) LIMIT 1   [ RunTime:0.000409s ]
SQL: SELECT `xueke` FROM `xueke` WHERE ( 1=1 AND id='13' ) LIMIT 1   [ RunTime:0.000410s ]
SQL: SELECT `xueke` FROM `xueke` WHERE ( 1=1 AND id='1' ) LIMIT 1   [ RunTime:0.000409s ]
SQL: SELECT `xueke` FROM `xueke` WHERE ( 1=1 AND id='3' ) LIMIT 1   [ RunTime:0.000414s ]
SQL: SELECT `xueke` FROM `xueke` WHERE ( 1=1 AND id='1' ) LIMIT 1   [ RunTime:0.000409s ]
SQL: SELECT `xueke` FROM `xueke` WHERE ( 1=1 AND id='1' ) LIMIT 1   [ RunTime:0.000415s ]
SQL: SELECT `xueke` FROM `xueke` WHERE ( 1=1 AND id='5' ) LIMIT 1   [ RunTime:0.000408s ]
SQL: SELECT `xueke` FROM `xueke` WHERE ( 1=1 AND id='2' ) LIMIT 1   [ RunTime:0.000409s ]
SQL: SELECT `xueke` FROM `xueke` WHERE ( 1=1 AND id='8' ) LIMIT 1   [ RunTime:0.000411s ]
SQL: SELECT `xueke` FROM `xueke` WHERE ( 1=1 AND id='7' ) LIMIT 1   [ RunTime:0.000404s ]
SQL: SELECT `xueke` FROM `xueke` WHERE ( 1=1 AND id='16' ) LIMIT 1   [ RunTime:0.000405s ]
SQL: SELECT `xueke` FROM `xueke` WHERE ( 1=1 AND id='7' ) LIMIT 1   [ RunTime:0.000409s ]
SQL: SELECT `xueke` FROM `xueke` WHERE ( 1=1 AND id='16' ) LIMIT 1   [ RunTime:0.000404s ]
SQL: SELECT `xueke` FROM `xueke` WHERE ( 1=1 AND id='2' ) LIMIT 1   [ RunTime:0.000401s ]
SQL: SELECT `xueke` FROM `xueke` WHERE ( 1=1 AND id='9' ) LIMIT 1   [ RunTime:0.000404s ]
SQL: SELECT `xueke` FROM `xueke` WHERE ( 1=1 AND id='2' ) LIMIT 1   [ RunTime:0.000400s ]
SQL: SELECT `xueke` FROM `xueke` WHERE ( 1=1 AND id='16' ) LIMIT 1   [ RunTime:0.000400s ]
SQL: SELECT `xueke` FROM `xueke` WHERE ( 1=1 AND id='3' ) LIMIT 1   [ RunTime:0.000405s ]
SQL: SELECT `xueke` FROM `xueke` WHERE ( 1=1 AND id='16' ) LIMIT 1   [ RunTime:0.000516s ]
SQL: SELECT `xueke` FROM `xueke` WHERE ( 1=1 AND id='14' ) LIMIT 1   [ RunTime:0.000408s ]
SQL: SELECT `xueke` FROM `xueke` WHERE ( 1=1 AND id='1' ) LIMIT 1   [ RunTime:0.000403s ]
SQL: SELECT `xueke` FROM `xueke` WHERE ( 1=1 AND id='16' ) LIMIT 1   [ RunTime:0.000401s ]
SQL: SELECT `xueke` FROM `xueke` WHERE ( 1=1 AND id='3' ) LIMIT 1   [ RunTime:0.000404s ]
SQL: SELECT `xueke` FROM `xueke` WHERE ( 1=1 AND id='8' ) LIMIT 1   [ RunTime:0.000406s ]
SQL: SELECT `xueke` FROM `xueke` WHERE ( 1=1 AND id='16' ) LIMIT 1   [ RunTime:0.000408s ]
SQL: SELECT `xueke` FROM `xueke` WHERE ( 1=1 AND id='8' ) LIMIT 1   [ RunTime:0.000403s ]
SQL: SELECT `xueke` FROM `xueke` WHERE ( 1=1 AND id='2' ) LIMIT 1   [ RunTime:0.000401s ]
SQL: SELECT `xueke` FROM `xueke` WHERE ( 1=1 AND id='8' ) LIMIT 1   [ RunTime:0.000409s ]
SQL: SELECT `xueke` FROM `xueke` WHERE ( 1=1 AND id='5' ) LIMIT 1   [ RunTime:0.000403s ]
SQL: SELECT `xueke` FROM `xueke` WHERE ( 1=1 AND id='6' ) LIMIT 1   [ RunTime:0.000404s ]
SQL: SELECT `xueke` FROM `xueke` WHERE ( 1=1 AND id='9' ) LIMIT 1   [ RunTime:0.000409s ]
SQL: SELECT `xueke` FROM `xueke` WHERE ( 1=1 AND id='2' ) LIMIT 1   [ RunTime:0.000408s ]
SQL: SELECT `xueke` FROM `xueke` WHERE ( 1=1 AND id='16' ) LIMIT 1   [ RunTime:0.000402s ]
SQL: SELECT `xueke` FROM `xueke` WHERE ( 1=1 AND id='6' ) LIMIT 1   [ RunTime:0.000403s ]
INFO: [ view_parse ] --START--
INFO: ParseTemplate Behavior ::run [ RunTime:0.028664s ]
INFO: [ view_parse ] --END-- [ RunTime:0.028794s ]
INFO: [ view_filter ] --START--
INFO: ContentReplace Behavior ::run [ RunTime:0.003163s ]
INFO: TokenBuild Behavior ::run [ RunTime:0.001391s ]
INFO: WriteHtmlCache Behavior ::run [ RunTime:0.000779s ]
INFO: ShowRuntime Behavior ::run [ RunTime:0.001703s ]
INFO: [ view_filter ] --END-- [ RunTime:0.007381s ]
INFO: [ view_end ] --START--
INFO: ShowPageTrace Behavior ::run [ RunTime:0.001274s ]
INFO: [ view_end ] --END-- [ RunTime:0.001385s ]

