[ 2016-04-19T08:19:21+08:00 ] 172.30.2.168 /ping/Admin/Login/checkusername.html
INFO: [ app_begin ] --START--
INFO: ReadHtmlCache Behavior ::run [ RunTime:0.001162s ]
INFO: [ app_begin ] --END-- [ RunTime:0.001274s ]
ERR: 非法操作:checkusername

[ 2016-04-19T08:19:22+08:00 ] 172.30.2.168 /ping/Admin/Login/checkpassword.html
INFO: [ app_begin ] --START--
INFO: ReadHtmlCache Behavior ::run [ RunTime:0.001161s ]
INFO: [ app_begin ] --END-- [ RunTime:0.001274s ]
ERR: 非法操作:checkpassword

[ 2016-04-19T08:31:42+08:00 ] 172.30.2.168 /ping/Home/Enrollment/ajaxAdd.html
INFO: [ app_begin ] --START--
INFO: ReadHtmlCache Behavior ::run [ RunTime:0.000956s ]
INFO: [ app_begin ] --END-- [ RunTime:0.001069s ]
SQL: SHOW COLUMNS FROM `term` [ RunTime:0.001950s ]
SQL: SELECT * FROM `term` WHERE ( `status` = 1 ) LIMIT 1   [ RunTime:0.000498s ]
SQL: SHOW COLUMNS FROM `enrollment_list` [ RunTime:0.002141s ]
SQL: SELECT * FROM `enrollment_list` WHERE ( `eid` = 9 ) AND ( `cid` = 16 ) AND ( `sid` = 5 ) AND ( `tid` = 6 ) LIMIT 1   [ RunTime:0.002224s ]
SQL: SHOW COLUMNS FROM `enrollment` [ RunTime:0.002155s ]
SQL: SELECT * FROM `enrollment` WHERE ( `id` = 9 ) LIMIT 1   [ RunTime:0.000531s ]
SQL: SELECT COUNT(*) AS tp_count FROM `enrollment_list` WHERE ( `eid` = 9 ) AND ( `sid` = 5 ) AND ( `tid` = 6 ) LIMIT 1   [ RunTime:0.001983s ]
SQL: SHOW COLUMNS FROM `enrollment_content` [ RunTime:0.002581s ]
SQL: SELECT * FROM `enrollment_content` WHERE ( `id` = 16 ) LIMIT 1   [ RunTime:0.000587s ]
SQL: SELECT COUNT(*) AS tp_count FROM `enrollment_list` WHERE ( `cid` = 16 ) AND ( `bid` = 49 ) AND ( `tid` = 6 ) LIMIT 1   [ RunTime:0.001933s ]
SQL: SHOW COLUMNS FROM `student` [ RunTime:0.002194s ]
SQL: SELECT * FROM `student` WHERE ( `id` = 5 ) LIMIT 1   [ RunTime:0.000500s ]
SQL: SELECT `sid` FROM `enrollment_list` WHERE ( `cid` = 16 ) AND ( `bid` = 49 ) AND ( `tid` = 6 )  [ RunTime:0.001987s ]
NOTIC: [2] implode() [<a href='function.implode'>function.implode</a>]: Invalid arguments passed E:\wamp\www\ping\ThinkPHP\Lib\Core\Db.class.php 第 497 行.
SQL: SELECT COUNT(*) AS tp_count FROM `student` WHERE ( `id` IN () ) AND ( `xingbie` = 1 ) LIMIT 1   [ RunTime:0.000346s ]
ERR: 1064:You have an error in your SQL syntax; check the manual that corresponds to your MySQL server version for the right syntax to use near ') ) AND ( `xingbie` = 1 ) LIMIT 1' at line 1
 [ SQL语句 ] : SELECT COUNT(*) AS tp_count FROM `student` WHERE ( `id` IN () ) AND ( `xingbie` = 1 ) LIMIT 1  
NOTIC: [2] implode() [<a href='function.implode'>function.implode</a>]: Invalid arguments passed E:\wamp\www\ping\ThinkPHP\Lib\Core\Db.class.php 第 497 行.
SQL: SELECT COUNT(*) AS tp_count FROM `student` WHERE ( `id` IN () ) AND ( `xingbie` = 0 ) LIMIT 1   [ RunTime:0.000343s ]
ERR: 1064:You have an error in your SQL syntax; check the manual that corresponds to your MySQL server version for the right syntax to use near ') ) AND ( `xingbie` = 0 ) LIMIT 1' at line 1
 [ SQL语句 ] : SELECT COUNT(*) AS tp_count FROM `student` WHERE ( `id` IN () ) AND ( `xingbie` = 0 ) LIMIT 1  
SQL: INSERT INTO `enrollment_list` (`eid`,`cid`,`bid`,`sid`,`tid`) VALUES (9,16,49,5,6) [ RunTime:0.035738s ]

[ 2016-04-19T08:31:42+08:00 ] 172.30.2.168 /ping/Home/Enrollment/ajaxAdd.html
INFO: [ app_begin ] --START--
INFO: ReadHtmlCache Behavior ::run [ RunTime:0.000955s ]
INFO: [ app_begin ] --END-- [ RunTime:0.001067s ]
SQL: SHOW COLUMNS FROM `term` [ RunTime:0.002199s ]
SQL: SELECT * FROM `term` WHERE ( `status` = 1 ) LIMIT 1   [ RunTime:0.000660s ]
SQL: SHOW COLUMNS FROM `enrollment_list` [ RunTime:0.002442s ]
SQL: SELECT * FROM `enrollment_list` WHERE ( `eid` = 9 ) AND ( `cid` = 16 ) AND ( `sid` = 8 ) AND ( `tid` = 6 ) LIMIT 1   [ RunTime:0.002422s ]
SQL: SHOW COLUMNS FROM `enrollment` [ RunTime:0.002408s ]
SQL: SELECT * FROM `enrollment` WHERE ( `id` = 9 ) LIMIT 1   [ RunTime:0.000721s ]
SQL: SELECT COUNT(*) AS tp_count FROM `enrollment_list` WHERE ( `eid` = 9 ) AND ( `sid` = 8 ) AND ( `tid` = 6 ) LIMIT 1   [ RunTime:0.002105s ]
SQL: SHOW COLUMNS FROM `enrollment_content` [ RunTime:0.002718s ]
SQL: SELECT * FROM `enrollment_content` WHERE ( `id` = 16 ) LIMIT 1   [ RunTime:0.000781s ]
SQL: SELECT COUNT(*) AS tp_count FROM `enrollment_list` WHERE ( `cid` = 16 ) AND ( `bid` = 49 ) AND ( `tid` = 6 ) LIMIT 1   [ RunTime:0.002123s ]
SQL: SHOW COLUMNS FROM `student` [ RunTime:0.002407s ]
SQL: SELECT * FROM `student` WHERE ( `id` = 8 ) LIMIT 1   [ RunTime:0.000675s ]
SQL: SELECT `sid` FROM `enrollment_list` WHERE ( `cid` = 16 ) AND ( `bid` = 49 ) AND ( `tid` = 6 )  [ RunTime:0.002333s ]
SQL: SELECT COUNT(*) AS tp_count FROM `student` WHERE ( `id` IN ('5') ) AND ( `xingbie` = 1 ) LIMIT 1   [ RunTime:0.000654s ]
SQL: SELECT COUNT(*) AS tp_count FROM `student` WHERE ( `id` IN ('5') ) AND ( `xingbie` = 0 ) LIMIT 1   [ RunTime:0.000681s ]
SQL: INSERT INTO `enrollment_list` (`eid`,`cid`,`bid`,`sid`,`tid`) VALUES (9,16,49,8,6) [ RunTime:0.042948s ]

[ 2016-04-19T08:31:43+08:00 ] 172.30.2.168 /ping/Home/Enrollment/ajaxAdd.html
INFO: [ app_begin ] --START--
INFO: ReadHtmlCache Behavior ::run [ RunTime:0.000955s ]
INFO: [ app_begin ] --END-- [ RunTime:0.001068s ]
SQL: SHOW COLUMNS FROM `term` [ RunTime:0.001939s ]
SQL: SELECT * FROM `term` WHERE ( `status` = 1 ) LIMIT 1   [ RunTime:0.000485s ]
SQL: SHOW COLUMNS FROM `enrollment_list` [ RunTime:0.002156s ]
SQL: SELECT * FROM `enrollment_list` WHERE ( `eid` = 9 ) AND ( `cid` = 16 ) AND ( `sid` = 11 ) AND ( `tid` = 6 ) LIMIT 1   [ RunTime:0.002223s ]
SQL: SHOW COLUMNS FROM `enrollment` [ RunTime:0.002190s ]
SQL: SELECT * FROM `enrollment` WHERE ( `id` = 9 ) LIMIT 1   [ RunTime:0.000537s ]
SQL: SELECT COUNT(*) AS tp_count FROM `enrollment_list` WHERE ( `eid` = 9 ) AND ( `sid` = 11 ) AND ( `tid` = 6 ) LIMIT 1   [ RunTime:0.001981s ]
SQL: SHOW COLUMNS FROM `enrollment_content` [ RunTime:0.002401s ]
SQL: SELECT * FROM `enrollment_content` WHERE ( `id` = 16 ) LIMIT 1   [ RunTime:0.000602s ]
SQL: SELECT COUNT(*) AS tp_count FROM `enrollment_list` WHERE ( `cid` = 16 ) AND ( `bid` = 49 ) AND ( `tid` = 6 ) LIMIT 1   [ RunTime:0.001975s ]

[ 2016-04-19T08:31:44+08:00 ] 172.30.2.168 /ping/Home/Enrollment/ajaxAdd.html
INFO: [ app_begin ] --START--
INFO: ReadHtmlCache Behavior ::run [ RunTime:0.000954s ]
INFO: [ app_begin ] --END-- [ RunTime:0.001068s ]
SQL: SHOW COLUMNS FROM `term` [ RunTime:0.001999s ]
SQL: SELECT * FROM `term` WHERE ( `status` = 1 ) LIMIT 1   [ RunTime:0.000560s ]
SQL: SHOW COLUMNS FROM `enrollment_list` [ RunTime:0.002203s ]
SQL: SELECT * FROM `enrollment_list` WHERE ( `eid` = 9 ) AND ( `cid` = 16 ) AND ( `sid` = 7 ) AND ( `tid` = 6 ) LIMIT 1   [ RunTime:0.002209s ]
SQL: SHOW COLUMNS FROM `enrollment` [ RunTime:0.002171s ]
SQL: SELECT * FROM `enrollment` WHERE ( `id` = 9 ) LIMIT 1   [ RunTime:0.000524s ]
SQL: SELECT COUNT(*) AS tp_count FROM `enrollment_list` WHERE ( `eid` = 9 ) AND ( `sid` = 7 ) AND ( `tid` = 6 ) LIMIT 1   [ RunTime:0.001955s ]
SQL: SHOW COLUMNS FROM `enrollment_content` [ RunTime:0.002409s ]
SQL: SELECT * FROM `enrollment_content` WHERE ( `id` = 16 ) LIMIT 1   [ RunTime:0.000587s ]
SQL: SELECT COUNT(*) AS tp_count FROM `enrollment_list` WHERE ( `cid` = 16 ) AND ( `bid` = 49 ) AND ( `tid` = 6 ) LIMIT 1   [ RunTime:0.001928s ]

[ 2016-04-19T09:18:50+08:00 ] 172.30.2.168 /ping/Admin/Chengji/daoruHandle.html
NOTIC: 建议使用I方法替代_param
NOTIC: 建议使用I方法替代_param

[ 2016-04-19T09:18:57+08:00 ] 172.30.2.168 /ping/Admin/Chengji/daoruHandle.html
NOTIC: 建议使用I方法替代_param
NOTIC: 建议使用I方法替代_param

[ 2016-04-19T09:19:06+08:00 ] 172.30.2.168 /ping/Admin/Chengji/daoruHandle.html
NOTIC: 建议使用I方法替代_param
NOTIC: 建议使用I方法替代_param

[ 2016-04-19T09:19:19+08:00 ] 172.30.2.168 /ping/Admin/Chengji/daoruHandle.html
NOTIC: 建议使用I方法替代_param
NOTIC: 建议使用I方法替代_param

[ 2016-04-19T09:19:32+08:00 ] 172.30.2.168 /ping/Admin/Chengji/daoruHandle.html
NOTIC: 建议使用I方法替代_param
NOTIC: 建议使用I方法替代_param

[ 2016-04-19T09:19:53+08:00 ] 172.30.2.168 /ping/Admin/Chengji/daoruHandle.html
NOTIC: 建议使用I方法替代_param
NOTIC: 建议使用I方法替代_param

[ 2016-04-19T09:20:11+08:00 ] 172.30.2.168 /ping/Home/Pingyou/pingyouHandle.html
INFO: [ app_begin ] --START--
INFO: ReadHtmlCache Behavior ::run [ RunTime:0.001160s ]
INFO: [ app_begin ] --END-- [ RunTime:0.001274s ]
SQL: SHOW COLUMNS FROM `sanhaoguize` [ RunTime:0.002447s ]
SQL: SELECT * FROM `sanhaoguize` WHERE ( `id` = 1 ) LIMIT 1   [ RunTime:0.000674s ]
NOTIC: [8] Use of undefined constant bili - assumed 'bili' E:\wamp\www\ping\App\Application\Home\Action\PingyouAction.class.php 第 101 行.
SQL: SHOW COLUMNS FROM `sanhaojieguo` [ RunTime:0.002191s ]
SQL: SELECT COUNT(*) AS tp_count FROM `sanhaojieguo` WHERE ( `termid` = 6 ) AND ( `banjiid` = 49 ) AND ( `sanhaoid` = 1 ) LIMIT 1   [ RunTime:0.000773s ]
SQL: INSERT INTO `sanhaojieguo` (`termid`,`banjiid`,`xueshengid`,`sanhaoid`,`zifenleiid`) VALUES (6,49,1,1,0) [ RunTime:0.000536s ]

[ 2016-04-19T09:20:13+08:00 ] 172.30.2.168 /ping/Home/Pingyou/pingyouHandle.html
INFO: [ app_begin ] --START--
INFO: ReadHtmlCache Behavior ::run [ RunTime:0.001112s ]
INFO: [ app_begin ] --END-- [ RunTime:0.001225s ]
SQL: SHOW COLUMNS FROM `sanhaoguize` [ RunTime:0.002682s ]
SQL: SELECT * FROM `sanhaoguize` WHERE ( `id` = 1 ) LIMIT 1   [ RunTime:0.000661s ]
NOTIC: [8] Use of undefined constant bili - assumed 'bili' E:\wamp\www\ping\App\Application\Home\Action\PingyouAction.class.php 第 101 行.
SQL: SHOW COLUMNS FROM `sanhaojieguo` [ RunTime:0.002346s ]
SQL: SELECT COUNT(*) AS tp_count FROM `sanhaojieguo` WHERE ( `termid` = 6 ) AND ( `banjiid` = 49 ) AND ( `sanhaoid` = 1 ) LIMIT 1   [ RunTime:0.000845s ]
SQL: INSERT INTO `sanhaojieguo` (`termid`,`banjiid`,`xueshengid`,`sanhaoid`,`zifenleiid`) VALUES (6,49,7,1,0) [ RunTime:0.000582s ]

[ 2016-04-19T09:20:14+08:00 ] 172.30.2.168 /ping/Home/Pingyou/pingyouHandle.html
INFO: [ app_begin ] --START--
INFO: ReadHtmlCache Behavior ::run [ RunTime:0.001111s ]
INFO: [ app_begin ] --END-- [ RunTime:0.001225s ]
SQL: SHOW COLUMNS FROM `sanhaoguize` [ RunTime:0.002553s ]
SQL: SELECT * FROM `sanhaoguize` WHERE ( `id` = 1 ) LIMIT 1   [ RunTime:0.000666s ]
NOTIC: [8] Use of undefined constant bili - assumed 'bili' E:\wamp\www\ping\App\Application\Home\Action\PingyouAction.class.php 第 101 行.
SQL: SHOW COLUMNS FROM `sanhaojieguo` [ RunTime:0.002306s ]
SQL: SELECT COUNT(*) AS tp_count FROM `sanhaojieguo` WHERE ( `termid` = 6 ) AND ( `banjiid` = 49 ) AND ( `sanhaoid` = 1 ) LIMIT 1   [ RunTime:0.000844s ]
SQL: INSERT INTO `sanhaojieguo` (`termid`,`banjiid`,`xueshengid`,`sanhaoid`,`zifenleiid`) VALUES (6,49,15,1,0) [ RunTime:0.000607s ]

[ 2016-04-19T09:20:16+08:00 ] 172.30.2.168 /ping/Home/Pingyou/pingyouHandle.html
INFO: [ app_begin ] --START--
INFO: ReadHtmlCache Behavior ::run [ RunTime:0.001112s ]
INFO: [ app_begin ] --END-- [ RunTime:0.001226s ]
SQL: SHOW COLUMNS FROM `sanhaoguize` [ RunTime:0.002582s ]
SQL: SELECT * FROM `sanhaoguize` WHERE ( `id` = 1 ) LIMIT 1   [ RunTime:0.000624s ]
NOTIC: [8] Use of undefined constant bili - assumed 'bili' E:\wamp\www\ping\App\Application\Home\Action\PingyouAction.class.php 第 101 行.
SQL: SHOW COLUMNS FROM `sanhaojieguo` [ RunTime:0.002292s ]
SQL: SELECT COUNT(*) AS tp_count FROM `sanhaojieguo` WHERE ( `termid` = 6 ) AND ( `banjiid` = 49 ) AND ( `sanhaoid` = 1 ) LIMIT 1   [ RunTime:0.000844s ]
SQL: INSERT INTO `sanhaojieguo` (`termid`,`banjiid`,`xueshengid`,`sanhaoid`,`zifenleiid`) VALUES (6,49,24,1,0) [ RunTime:0.000585s ]

[ 2016-04-19T09:20:16+08:00 ] 172.30.2.168 /ping/Home/Pingyou/pingyouHandle.html
INFO: [ app_begin ] --START--
INFO: ReadHtmlCache Behavior ::run [ RunTime:0.001110s ]
INFO: [ app_begin ] --END-- [ RunTime:0.001224s ]
SQL: SHOW COLUMNS FROM `sanhaoguize` [ RunTime:0.002513s ]
SQL: SELECT * FROM `sanhaoguize` WHERE ( `id` = 1 ) LIMIT 1   [ RunTime:0.000541s ]
NOTIC: [8] Use of undefined constant bili - assumed 'bili' E:\wamp\www\ping\App\Application\Home\Action\PingyouAction.class.php 第 101 行.
SQL: SHOW COLUMNS FROM `sanhaojieguo` [ RunTime:0.002157s ]
SQL: SELECT COUNT(*) AS tp_count FROM `sanhaojieguo` WHERE ( `termid` = 6 ) AND ( `banjiid` = 49 ) AND ( `sanhaoid` = 1 ) LIMIT 1   [ RunTime:0.000709s ]
SQL: INSERT INTO `sanhaojieguo` (`termid`,`banjiid`,`xueshengid`,`sanhaoid`,`zifenleiid`) VALUES (6,49,25,1,0) [ RunTime:0.000435s ]

[ 2016-04-19T09:20:17+08:00 ] 172.30.2.168 /ping/Home/Pingyou/pingyouHandle.html
INFO: [ app_begin ] --START--
INFO: ReadHtmlCache Behavior ::run [ RunTime:0.001113s ]
INFO: [ app_begin ] --END-- [ RunTime:0.001227s ]
SQL: SHOW COLUMNS FROM `sanhaoguize` [ RunTime:0.065177s ]
SQL: SELECT * FROM `sanhaoguize` WHERE ( `id` = 1 ) LIMIT 1   [ RunTime:0.000723s ]
NOTIC: [8] Use of undefined constant bili - assumed 'bili' E:\wamp\www\ping\App\Application\Home\Action\PingyouAction.class.php 第 101 行.
SQL: SHOW COLUMNS FROM `sanhaojieguo` [ RunTime:0.002294s ]
SQL: SELECT COUNT(*) AS tp_count FROM `sanhaojieguo` WHERE ( `termid` = 6 ) AND ( `banjiid` = 49 ) AND ( `sanhaoid` = 1 ) LIMIT 1   [ RunTime:0.000879s ]
SQL: INSERT INTO `sanhaojieguo` (`termid`,`banjiid`,`xueshengid`,`sanhaoid`,`zifenleiid`) VALUES (6,49,26,1,0) [ RunTime:0.000613s ]

[ 2016-04-19T09:20:22+08:00 ] 172.30.2.168 /ping/Home/Pingyou/pingyouHandle.html
INFO: [ app_begin ] --START--
INFO: ReadHtmlCache Behavior ::run [ RunTime:0.001115s ]
INFO: [ app_begin ] --END-- [ RunTime:0.001229s ]
SQL: SHOW COLUMNS FROM `sanhaoguize` [ RunTime:0.002568s ]
SQL: SELECT * FROM `sanhaoguize` WHERE ( `id` = 2 ) LIMIT 1   [ RunTime:0.000694s ]
SQL: SHOW COLUMNS FROM `sanhaojieguo` [ RunTime:0.002337s ]
SQL: SELECT COUNT(*) AS tp_count FROM `sanhaojieguo` WHERE ( `termid` = 6 ) AND ( `banjiid` = 49 ) AND ( `sanhaoid` = 2 ) LIMIT 1   [ RunTime:0.000897s ]
SQL: INSERT INTO `sanhaojieguo` (`termid`,`banjiid`,`xueshengid`,`sanhaoid`,`zifenleiid`) VALUES (6,49,1,2,0) [ RunTime:0.000633s ]

[ 2016-04-19T09:20:23+08:00 ] 172.30.2.168 /ping/Home/Pingyou/pingyouHandle.html
INFO: [ app_begin ] --START--
INFO: ReadHtmlCache Behavior ::run [ RunTime:0.001113s ]
INFO: [ app_begin ] --END-- [ RunTime:0.001227s ]
SQL: SHOW COLUMNS FROM `sanhaoguize` [ RunTime:0.002462s ]
SQL: SELECT * FROM `sanhaoguize` WHERE ( `id` = 2 ) LIMIT 1   [ RunTime:0.000554s ]
SQL: SHOW COLUMNS FROM `sanhaojieguo` [ RunTime:0.002236s ]
SQL: SELECT COUNT(*) AS tp_count FROM `sanhaojieguo` WHERE ( `termid` = 6 ) AND ( `banjiid` = 49 ) AND ( `sanhaoid` = 2 ) LIMIT 1   [ RunTime:0.000777s ]
SQL: INSERT INTO `sanhaojieguo` (`termid`,`banjiid`,`xueshengid`,`sanhaoid`,`zifenleiid`) VALUES (6,49,7,2,0) [ RunTime:0.000588s ]

[ 2016-04-19T09:20:24+08:00 ] 172.30.2.168 /ping/Home/Pingyou/pingyouHandle.html
INFO: [ app_begin ] --START--
INFO: ReadHtmlCache Behavior ::run [ RunTime:0.001112s ]
INFO: [ app_begin ] --END-- [ RunTime:0.001226s ]
SQL: SHOW COLUMNS FROM `sanhaoguize` [ RunTime:0.002632s ]
SQL: SELECT * FROM `sanhaoguize` WHERE ( `id` = 2 ) LIMIT 1   [ RunTime:0.000679s ]
SQL: SHOW COLUMNS FROM `sanhaojieguo` [ RunTime:0.002397s ]
SQL: SELECT COUNT(*) AS tp_count FROM `sanhaojieguo` WHERE ( `termid` = 6 ) AND ( `banjiid` = 49 ) AND ( `sanhaoid` = 2 ) LIMIT 1   [ RunTime:0.000877s ]
SQL: INSERT INTO `sanhaojieguo` (`termid`,`banjiid`,`xueshengid`,`sanhaoid`,`zifenleiid`) VALUES (6,49,15,2,0) [ RunTime:0.000599s ]

[ 2016-04-19T09:20:26+08:00 ] 172.30.2.168 /ping/Home/Pingyou/pingyouHandle.html
INFO: [ app_begin ] --START--
INFO: ReadHtmlCache Behavior ::run [ RunTime:0.001112s ]
INFO: [ app_begin ] --END-- [ RunTime:0.001226s ]
SQL: SHOW COLUMNS FROM `sanhaoguize` [ RunTime:0.002616s ]
SQL: SELECT * FROM `sanhaoguize` WHERE ( `id` = 2 ) LIMIT 1   [ RunTime:0.000656s ]
SQL: SHOW COLUMNS FROM `sanhaojieguo` [ RunTime:0.002287s ]
SQL: SELECT COUNT(*) AS tp_count FROM `sanhaojieguo` WHERE ( `termid` = 6 ) AND ( `banjiid` = 49 ) AND ( `sanhaoid` = 2 ) LIMIT 1   [ RunTime:0.000856s ]

[ 2016-04-19T09:20:42+08:00 ] 172.30.2.168 /ping/Home/Pingyou/pingyouHandle.html
INFO: [ app_begin ] --START--
INFO: ReadHtmlCache Behavior ::run [ RunTime:0.001116s ]
INFO: [ app_begin ] --END-- [ RunTime:0.001231s ]
SQL: SHOW COLUMNS FROM `sanhaoguize` [ RunTime:0.002632s ]
SQL: SELECT * FROM `sanhaoguize` WHERE ( `id` = 3 ) LIMIT 1   [ RunTime:0.000665s ]
NOTIC: [8] Use of undefined constant bili - assumed 'bili' E:\wamp\www\ping\App\Application\Home\Action\PingyouAction.class.php 第 101 行.
SQL: SHOW COLUMNS FROM `sanhaojieguo` [ RunTime:0.002305s ]
SQL: SELECT COUNT(*) AS tp_count FROM `sanhaojieguo` WHERE ( `termid` = 6 ) AND ( `banjiid` = 49 ) AND ( `sanhaoid` = 3 ) LIMIT 1   [ RunTime:0.000826s ]
SQL: INSERT INTO `sanhaojieguo` (`termid`,`banjiid`,`xueshengid`,`sanhaoid`,`zifenleiid`) VALUES (6,49,2,3,1) [ RunTime:0.000550s ]

[ 2016-04-19T09:20:45+08:00 ] 172.30.2.168 /ping/Home/Pingyou/pingyouHandle.html
INFO: [ app_begin ] --START--
INFO: ReadHtmlCache Behavior ::run [ RunTime:0.001114s ]
INFO: [ app_begin ] --END-- [ RunTime:0.001228s ]
SQL: SHOW COLUMNS FROM `sanhaoguize` [ RunTime:0.002607s ]
SQL: SELECT * FROM `sanhaoguize` WHERE ( `id` = 3 ) LIMIT 1   [ RunTime:0.000687s ]
NOTIC: [8] Use of undefined constant bili - assumed 'bili' E:\wamp\www\ping\App\Application\Home\Action\PingyouAction.class.php 第 101 行.
SQL: SHOW COLUMNS FROM `sanhaojieguo` [ RunTime:0.002303s ]
SQL: SELECT COUNT(*) AS tp_count FROM `sanhaojieguo` WHERE ( `termid` = 6 ) AND ( `banjiid` = 49 ) AND ( `sanhaoid` = 3 ) LIMIT 1   [ RunTime:0.000867s ]
SQL: INSERT INTO `sanhaojieguo` (`termid`,`banjiid`,`xueshengid`,`sanhaoid`,`zifenleiid`) VALUES (6,49,3,3,12) [ RunTime:0.000591s ]

[ 2016-04-19T09:20:47+08:00 ] 172.30.2.168 /ping/Home/Pingyou/pingyouHandle.html
INFO: [ app_begin ] --START--
INFO: ReadHtmlCache Behavior ::run [ RunTime:0.001113s ]
INFO: [ app_begin ] --END-- [ RunTime:0.001226s ]
SQL: SHOW COLUMNS FROM `sanhaoguize` [ RunTime:0.002578s ]
SQL: SELECT * FROM `sanhaoguize` WHERE ( `id` = 3 ) LIMIT 1   [ RunTime:0.000664s ]
NOTIC: [8] Use of undefined constant bili - assumed 'bili' E:\wamp\www\ping\App\Application\Home\Action\PingyouAction.class.php 第 101 行.
SQL: SHOW COLUMNS FROM `sanhaojieguo` [ RunTime:0.002249s ]
SQL: SELECT COUNT(*) AS tp_count FROM `sanhaojieguo` WHERE ( `termid` = 6 ) AND ( `banjiid` = 49 ) AND ( `sanhaoid` = 3 ) LIMIT 1   [ RunTime:0.000866s ]
SQL: INSERT INTO `sanhaojieguo` (`termid`,`banjiid`,`xueshengid`,`sanhaoid`,`zifenleiid`) VALUES (6,49,4,3,3) [ RunTime:0.000585s ]

[ 2016-04-19T09:20:49+08:00 ] 172.30.2.168 /ping/Home/Pingyou/pingyouHandle.html
INFO: [ app_begin ] --START--
INFO: ReadHtmlCache Behavior ::run [ RunTime:0.001112s ]
INFO: [ app_begin ] --END-- [ RunTime:0.001226s ]
SQL: SHOW COLUMNS FROM `sanhaoguize` [ RunTime:0.002635s ]
SQL: SELECT * FROM `sanhaoguize` WHERE ( `id` = 3 ) LIMIT 1   [ RunTime:0.000671s ]
NOTIC: [8] Use of undefined constant bili - assumed 'bili' E:\wamp\www\ping\App\Application\Home\Action\PingyouAction.class.php 第 101 行.
SQL: SHOW COLUMNS FROM `sanhaojieguo` [ RunTime:0.002283s ]
SQL: SELECT COUNT(*) AS tp_count FROM `sanhaojieguo` WHERE ( `termid` = 6 ) AND ( `banjiid` = 49 ) AND ( `sanhaoid` = 3 ) LIMIT 1   [ RunTime:0.000876s ]
SQL: INSERT INTO `sanhaojieguo` (`termid`,`banjiid`,`xueshengid`,`sanhaoid`,`zifenleiid`) VALUES (6,49,5,3,5) [ RunTime:0.000593s ]

[ 2016-04-19T09:20:53+08:00 ] 172.30.2.168 /ping/Home/Pingyou/pingyouHandle.html
INFO: [ app_begin ] --START--
INFO: ReadHtmlCache Behavior ::run [ RunTime:0.001116s ]
INFO: [ app_begin ] --END-- [ RunTime:0.001231s ]
SQL: SHOW COLUMNS FROM `sanhaoguize` [ RunTime:0.002617s ]
SQL: SELECT * FROM `sanhaoguize` WHERE ( `id` = 3 ) LIMIT 1   [ RunTime:0.000596s ]
NOTIC: [8] Use of undefined constant bili - assumed 'bili' E:\wamp\www\ping\App\Application\Home\Action\PingyouAction.class.php 第 101 行.
SQL: SHOW COLUMNS FROM `sanhaojieguo` [ RunTime:0.002233s ]
SQL: SELECT COUNT(*) AS tp_count FROM `sanhaojieguo` WHERE ( `termid` = 6 ) AND ( `banjiid` = 49 ) AND ( `sanhaoid` = 3 ) LIMIT 1   [ RunTime:0.000790s ]
SQL: INSERT INTO `sanhaojieguo` (`termid`,`banjiid`,`xueshengid`,`sanhaoid`,`zifenleiid`) VALUES (6,49,9,3,4) [ RunTime:0.000502s ]

[ 2016-04-19T09:52:37+08:00 ] 172.30.2.168 /ping/Home/Pingyou/pingyouHandle.html
INFO: [ app_begin ] --START--
INFO: ReadHtmlCache Behavior ::run [ RunTime:0.000958s ]
INFO: [ app_begin ] --END-- [ RunTime:0.001072s ]
SQL: SHOW COLUMNS FROM `sanhaoguize` [ RunTime:0.002395s ]
SQL: SELECT * FROM `sanhaoguize` WHERE ( `id` = 1 ) LIMIT 1   [ RunTime:0.000560s ]
NOTIC: [8] Use of undefined constant bili - assumed 'bili' E:\wamp\www\ping\App\Application\Home\Action\PingyouAction.class.php 第 101 行.
SQL: SHOW COLUMNS FROM `sanhaojieguo` [ RunTime:0.002123s ]
SQL: SELECT COUNT(*) AS tp_count FROM `sanhaojieguo` WHERE ( `termid` = 6 ) AND ( `banjiid` = 50 ) AND ( `sanhaoid` = 1 ) LIMIT 1   [ RunTime:0.000716s ]
SQL: INSERT INTO `sanhaojieguo` (`termid`,`banjiid`,`xueshengid`,`sanhaoid`,`zifenleiid`) VALUES (6,50,51,1,0) [ RunTime:0.000471s ]

[ 2016-04-19T09:52:38+08:00 ] 172.30.2.168 /ping/Home/Pingyou/pingyouHandle.html
INFO: [ app_begin ] --START--
INFO: ReadHtmlCache Behavior ::run [ RunTime:0.000959s ]
INFO: [ app_begin ] --END-- [ RunTime:0.001071s ]
SQL: SHOW COLUMNS FROM `sanhaoguize` [ RunTime:0.002660s ]
SQL: SELECT * FROM `sanhaoguize` WHERE ( `id` = 1 ) LIMIT 1   [ RunTime:0.000673s ]
NOTIC: [8] Use of undefined constant bili - assumed 'bili' E:\wamp\www\ping\App\Application\Home\Action\PingyouAction.class.php 第 101 行.
SQL: SHOW COLUMNS FROM `sanhaojieguo` [ RunTime:0.002339s ]
SQL: SELECT COUNT(*) AS tp_count FROM `sanhaojieguo` WHERE ( `termid` = 6 ) AND ( `banjiid` = 50 ) AND ( `sanhaoid` = 1 ) LIMIT 1   [ RunTime:0.000854s ]
SQL: INSERT INTO `sanhaojieguo` (`termid`,`banjiid`,`xueshengid`,`sanhaoid`,`zifenleiid`) VALUES (6,50,52,1,0) [ RunTime:0.000596s ]

[ 2016-04-19T09:52:38+08:00 ] 172.30.2.168 /ping/Home/Pingyou/pingyouHandle.html
INFO: [ app_begin ] --START--
INFO: ReadHtmlCache Behavior ::run [ RunTime:0.000960s ]
INFO: [ app_begin ] --END-- [ RunTime:0.001073s ]
SQL: SHOW COLUMNS FROM `sanhaoguize` [ RunTime:0.002312s ]
SQL: SELECT * FROM `sanhaoguize` WHERE ( `id` = 1 ) LIMIT 1   [ RunTime:0.000678s ]
NOTIC: [8] Use of undefined constant bili - assumed 'bili' E:\wamp\www\ping\App\Application\Home\Action\PingyouAction.class.php 第 101 行.
SQL: SHOW COLUMNS FROM `sanhaojieguo` [ RunTime:0.002247s ]
SQL: SELECT COUNT(*) AS tp_count FROM `sanhaojieguo` WHERE ( `termid` = 6 ) AND ( `banjiid` = 50 ) AND ( `sanhaoid` = 1 ) LIMIT 1   [ RunTime:0.000880s ]
SQL: INSERT INTO `sanhaojieguo` (`termid`,`banjiid`,`xueshengid`,`sanhaoid`,`zifenleiid`) VALUES (6,50,53,1,0) [ RunTime:0.000633s ]

[ 2016-04-19T09:52:40+08:00 ] 172.30.2.168 /ping/Home/Pingyou/pingyouHandle.html
INFO: [ app_begin ] --START--
INFO: ReadHtmlCache Behavior ::run [ RunTime:0.001048s ]
INFO: [ app_begin ] --END-- [ RunTime:0.001160s ]
SQL: SHOW COLUMNS FROM `sanhaoguize` [ RunTime:0.002619s ]
SQL: SELECT * FROM `sanhaoguize` WHERE ( `id` = 1 ) LIMIT 1   [ RunTime:0.000688s ]
NOTIC: [8] Use of undefined constant bili - assumed 'bili' E:\wamp\www\ping\App\Application\Home\Action\PingyouAction.class.php 第 101 行.
SQL: SHOW COLUMNS FROM `sanhaojieguo` [ RunTime:0.002319s ]
SQL: SELECT COUNT(*) AS tp_count FROM `sanhaojieguo` WHERE ( `termid` = 6 ) AND ( `banjiid` = 50 ) AND ( `sanhaoid` = 1 ) LIMIT 1   [ RunTime:0.000875s ]
SQL: INSERT INTO `sanhaojieguo` (`termid`,`banjiid`,`xueshengid`,`sanhaoid`,`zifenleiid`) VALUES (6,50,60,1,0) [ RunTime:0.000602s ]

[ 2016-04-19T09:52:40+08:00 ] 172.30.2.168 /ping/Home/Pingyou/pingyouHandle.html
INFO: [ app_begin ] --START--
INFO: ReadHtmlCache Behavior ::run [ RunTime:0.000961s ]
INFO: [ app_begin ] --END-- [ RunTime:0.001074s ]
SQL: SHOW COLUMNS FROM `sanhaoguize` [ RunTime:0.002558s ]
SQL: SELECT * FROM `sanhaoguize` WHERE ( `id` = 1 ) LIMIT 1   [ RunTime:0.000589s ]
NOTIC: [8] Use of undefined constant bili - assumed 'bili' E:\wamp\www\ping\App\Application\Home\Action\PingyouAction.class.php 第 101 行.
SQL: SHOW COLUMNS FROM `sanhaojieguo` [ RunTime:0.002248s ]
SQL: SELECT COUNT(*) AS tp_count FROM `sanhaojieguo` WHERE ( `termid` = 6 ) AND ( `banjiid` = 50 ) AND ( `sanhaoid` = 1 ) LIMIT 1   [ RunTime:0.000887s ]
SQL: INSERT INTO `sanhaojieguo` (`termid`,`banjiid`,`xueshengid`,`sanhaoid`,`zifenleiid`) VALUES (6,50,59,1,0) [ RunTime:0.000459s ]

[ 2016-04-19T09:52:42+08:00 ] 172.30.2.168 /ping/Home/Pingyou/pingyouHandle.html
INFO: [ app_begin ] --START--
INFO: ReadHtmlCache Behavior ::run [ RunTime:0.000958s ]
INFO: [ app_begin ] --END-- [ RunTime:0.001070s ]
SQL: SHOW COLUMNS FROM `sanhaoguize` [ RunTime:0.002605s ]
SQL: SELECT * FROM `sanhaoguize` WHERE ( `id` = 1 ) LIMIT 1   [ RunTime:0.000682s ]
NOTIC: [8] Use of undefined constant bili - assumed 'bili' E:\wamp\www\ping\App\Application\Home\Action\PingyouAction.class.php 第 101 行.
SQL: SHOW COLUMNS FROM `sanhaojieguo` [ RunTime:0.002338s ]
SQL: SELECT COUNT(*) AS tp_count FROM `sanhaojieguo` WHERE ( `termid` = 6 ) AND ( `banjiid` = 50 ) AND ( `sanhaoid` = 1 ) LIMIT 1   [ RunTime:0.000860s ]
SQL: INSERT INTO `sanhaojieguo` (`termid`,`banjiid`,`xueshengid`,`sanhaoid`,`zifenleiid`) VALUES (6,50,63,1,0) [ RunTime:0.000599s ]

[ 2016-04-19T09:52:44+08:00 ] 172.30.2.168 /ping/Home/Pingyou/pingyouHandle.html
INFO: [ app_begin ] --START--
INFO: ReadHtmlCache Behavior ::run [ RunTime:0.000960s ]
INFO: [ app_begin ] --END-- [ RunTime:0.001073s ]
SQL: SHOW COLUMNS FROM `sanhaoguize` [ RunTime:0.002549s ]
SQL: SELECT * FROM `sanhaoguize` WHERE ( `id` = 1 ) LIMIT 1   [ RunTime:0.000682s ]
NOTIC: [8] Use of undefined constant bili - assumed 'bili' E:\wamp\www\ping\App\Application\Home\Action\PingyouAction.class.php 第 101 行.
SQL: SHOW COLUMNS FROM `sanhaojieguo` [ RunTime:0.002207s ]
SQL: SELECT COUNT(*) AS tp_count FROM `sanhaojieguo` WHERE ( `termid` = 6 ) AND ( `banjiid` = 50 ) AND ( `sanhaoid` = 1 ) LIMIT 1   [ RunTime:0.000857s ]
SQL: INSERT INTO `sanhaojieguo` (`termid`,`banjiid`,`xueshengid`,`sanhaoid`,`zifenleiid`) VALUES (6,50,75,1,0) [ RunTime:0.000599s ]

[ 2016-04-19T09:52:44+08:00 ] 172.30.2.168 /ping/Home/Pingyou/pingyouHandle.html
INFO: [ app_begin ] --START--
INFO: ReadHtmlCache Behavior ::run [ RunTime:0.000959s ]
INFO: [ app_begin ] --END-- [ RunTime:0.001071s ]
SQL: SHOW COLUMNS FROM `sanhaoguize` [ RunTime:0.002633s ]
SQL: SELECT * FROM `sanhaoguize` WHERE ( `id` = 1 ) LIMIT 1   [ RunTime:0.000690s ]
NOTIC: [8] Use of undefined constant bili - assumed 'bili' E:\wamp\www\ping\App\Application\Home\Action\PingyouAction.class.php 第 101 行.
SQL: SHOW COLUMNS FROM `sanhaojieguo` [ RunTime:0.002339s ]
SQL: SELECT COUNT(*) AS tp_count FROM `sanhaojieguo` WHERE ( `termid` = 6 ) AND ( `banjiid` = 50 ) AND ( `sanhaoid` = 1 ) LIMIT 1   [ RunTime:0.000887s ]
SQL: INSERT INTO `sanhaojieguo` (`termid`,`banjiid`,`xueshengid`,`sanhaoid`,`zifenleiid`) VALUES (6,50,77,1,0) [ RunTime:0.000615s ]

[ 2016-04-19T09:52:46+08:00 ] 172.30.2.168 /ping/Home/Pingyou/pingyouHandle.html
INFO: [ app_begin ] --START--
INFO: ReadHtmlCache Behavior ::run [ RunTime:0.000958s ]
INFO: [ app_begin ] --END-- [ RunTime:0.001071s ]
SQL: SHOW COLUMNS FROM `sanhaoguize` [ RunTime:0.002358s ]
SQL: SELECT * FROM `sanhaoguize` WHERE ( `id` = 1 ) LIMIT 1   [ RunTime:0.000545s ]
NOTIC: [8] Use of undefined constant bili - assumed 'bili' E:\wamp\www\ping\App\Application\Home\Action\PingyouAction.class.php 第 101 行.
SQL: SHOW COLUMNS FROM `sanhaojieguo` [ RunTime:0.002169s ]
SQL: SELECT COUNT(*) AS tp_count FROM `sanhaojieguo` WHERE ( `termid` = 6 ) AND ( `banjiid` = 50 ) AND ( `sanhaoid` = 1 ) LIMIT 1   [ RunTime:0.000717s ]
SQL: INSERT INTO `sanhaojieguo` (`termid`,`banjiid`,`xueshengid`,`sanhaoid`,`zifenleiid`) VALUES (6,50,84,1,0) [ RunTime:0.000450s ]

[ 2016-04-19T09:52:52+08:00 ] 172.30.2.168 /ping/Home/Pingyou/pingyouHandle.html
INFO: [ app_begin ] --START--
INFO: ReadHtmlCache Behavior ::run [ RunTime:0.000960s ]
INFO: [ app_begin ] --END-- [ RunTime:0.001073s ]
SQL: SHOW COLUMNS FROM `sanhaoguize` [ RunTime:0.002632s ]
SQL: SELECT * FROM `sanhaoguize` WHERE ( `id` = 2 ) LIMIT 1   [ RunTime:0.000626s ]
SQL: SHOW COLUMNS FROM `sanhaojieguo` [ RunTime:0.002322s ]
SQL: SELECT COUNT(*) AS tp_count FROM `sanhaojieguo` WHERE ( `termid` = 6 ) AND ( `banjiid` = 50 ) AND ( `sanhaoid` = 2 ) LIMIT 1   [ RunTime:0.000862s ]
SQL: INSERT INTO `sanhaojieguo` (`termid`,`banjiid`,`xueshengid`,`sanhaoid`,`zifenleiid`) VALUES (6,50,51,2,0) [ RunTime:0.000594s ]

[ 2016-04-19T09:52:52+08:00 ] 172.30.2.168 /ping/Home/Pingyou/pingyouHandle.html
INFO: [ app_begin ] --START--
INFO: ReadHtmlCache Behavior ::run [ RunTime:0.000959s ]
INFO: [ app_begin ] --END-- [ RunTime:0.001072s ]
SQL: SHOW COLUMNS FROM `sanhaoguize` [ RunTime:0.002442s ]
SQL: SELECT * FROM `sanhaoguize` WHERE ( `id` = 2 ) LIMIT 1   [ RunTime:0.000673s ]
SQL: SHOW COLUMNS FROM `sanhaojieguo` [ RunTime:0.002323s ]
SQL: SELECT COUNT(*) AS tp_count FROM `sanhaojieguo` WHERE ( `termid` = 6 ) AND ( `banjiid` = 50 ) AND ( `sanhaoid` = 2 ) LIMIT 1   [ RunTime:0.000860s ]
SQL: INSERT INTO `sanhaojieguo` (`termid`,`banjiid`,`xueshengid`,`sanhaoid`,`zifenleiid`) VALUES (6,50,52,2,0) [ RunTime:0.000583s ]

[ 2016-04-19T09:52:53+08:00 ] 172.30.2.168 /ping/Home/Pingyou/pingyouHandle.html
INFO: [ app_begin ] --START--
INFO: ReadHtmlCache Behavior ::run [ RunTime:0.000958s ]
INFO: [ app_begin ] --END-- [ RunTime:0.001070s ]
SQL: SHOW COLUMNS FROM `sanhaoguize` [ RunTime:0.002254s ]
SQL: SELECT * FROM `sanhaoguize` WHERE ( `id` = 2 ) LIMIT 1   [ RunTime:0.000546s ]
SQL: SHOW COLUMNS FROM `sanhaojieguo` [ RunTime:0.002160s ]
SQL: SELECT COUNT(*) AS tp_count FROM `sanhaojieguo` WHERE ( `termid` = 6 ) AND ( `banjiid` = 50 ) AND ( `sanhaoid` = 2 ) LIMIT 1   [ RunTime:0.000717s ]
SQL: INSERT INTO `sanhaojieguo` (`termid`,`banjiid`,`xueshengid`,`sanhaoid`,`zifenleiid`) VALUES (6,50,53,2,0) [ RunTime:0.000438s ]

[ 2016-04-19T09:52:54+08:00 ] 172.30.2.168 /ping/Home/Pingyou/pingyouHandle.html
INFO: [ app_begin ] --START--
INFO: ReadHtmlCache Behavior ::run [ RunTime:0.000957s ]
INFO: [ app_begin ] --END-- [ RunTime:0.001070s ]
SQL: SHOW COLUMNS FROM `sanhaoguize` [ RunTime:0.002466s ]
SQL: SELECT * FROM `sanhaoguize` WHERE ( `id` = 2 ) LIMIT 1   [ RunTime:0.000681s ]
SQL: SHOW COLUMNS FROM `sanhaojieguo` [ RunTime:0.002234s ]
SQL: SELECT COUNT(*) AS tp_count FROM `sanhaojieguo` WHERE ( `termid` = 6 ) AND ( `banjiid` = 50 ) AND ( `sanhaoid` = 2 ) LIMIT 1   [ RunTime:0.000870s ]

[ 2016-04-19T09:53:03+08:00 ] 172.30.2.168 /ping/Home/Pingyou/pingyouHandle.html
INFO: [ app_begin ] --START--
INFO: ReadHtmlCache Behavior ::run [ RunTime:0.000960s ]
INFO: [ app_begin ] --END-- [ RunTime:0.001072s ]
SQL: SHOW COLUMNS FROM `sanhaoguize` [ RunTime:0.002467s ]
SQL: SELECT * FROM `sanhaoguize` WHERE ( `id` = 3 ) LIMIT 1   [ RunTime:0.000613s ]
NOTIC: [8] Use of undefined constant bili - assumed 'bili' E:\wamp\www\ping\App\Application\Home\Action\PingyouAction.class.php 第 101 行.
SQL: SHOW COLUMNS FROM `sanhaojieguo` [ RunTime:0.002251s ]
SQL: SELECT COUNT(*) AS tp_count FROM `sanhaojieguo` WHERE ( `termid` = 6 ) AND ( `banjiid` = 50 ) AND ( `sanhaoid` = 3 ) LIMIT 1   [ RunTime:0.000907s ]
SQL: INSERT INTO `sanhaojieguo` (`termid`,`banjiid`,`xueshengid`,`sanhaoid`,`zifenleiid`) VALUES (6,50,54,3,4) [ RunTime:0.000626s ]

[ 2016-04-19T09:53:04+08:00 ] 172.30.2.168 /ping/Home/Pingyou/pingyouHandle.html
INFO: [ app_begin ] --START--
INFO: ReadHtmlCache Behavior ::run [ RunTime:0.000958s ]
INFO: [ app_begin ] --END-- [ RunTime:0.001070s ]
SQL: SHOW COLUMNS FROM `sanhaoguize` [ RunTime:0.002502s ]
SQL: SELECT * FROM `sanhaoguize` WHERE ( `id` = 3 ) LIMIT 1   [ RunTime:0.000641s ]
NOTIC: [8] Use of undefined constant bili - assumed 'bili' E:\wamp\www\ping\App\Application\Home\Action\PingyouAction.class.php 第 101 行.
SQL: SHOW COLUMNS FROM `sanhaojieguo` [ RunTime:0.002162s ]
SQL: SELECT COUNT(*) AS tp_count FROM `sanhaojieguo` WHERE ( `termid` = 6 ) AND ( `banjiid` = 50 ) AND ( `sanhaoid` = 3 ) LIMIT 1   [ RunTime:0.000790s ]
SQL: INSERT INTO `sanhaojieguo` (`termid`,`banjiid`,`xueshengid`,`sanhaoid`,`zifenleiid`) VALUES (6,50,55,3,3) [ RunTime:0.000502s ]

[ 2016-04-19T09:53:06+08:00 ] 172.30.2.168 /ping/Home/Pingyou/pingyouHandle.html
INFO: [ app_begin ] --START--
INFO: ReadHtmlCache Behavior ::run [ RunTime:0.000958s ]
INFO: [ app_begin ] --END-- [ RunTime:0.001071s ]
SQL: SHOW COLUMNS FROM `sanhaoguize` [ RunTime:0.002619s ]
SQL: SELECT * FROM `sanhaoguize` WHERE ( `id` = 3 ) LIMIT 1   [ RunTime:0.000678s ]
NOTIC: [8] Use of undefined constant bili - assumed 'bili' E:\wamp\www\ping\App\Application\Home\Action\PingyouAction.class.php 第 101 行.
SQL: SHOW COLUMNS FROM `sanhaojieguo` [ RunTime:0.002279s ]
SQL: SELECT COUNT(*) AS tp_count FROM `sanhaojieguo` WHERE ( `termid` = 6 ) AND ( `banjiid` = 50 ) AND ( `sanhaoid` = 3 ) LIMIT 1   [ RunTime:0.000887s ]
SQL: INSERT INTO `sanhaojieguo` (`termid`,`banjiid`,`xueshengid`,`sanhaoid`,`zifenleiid`) VALUES (6,50,56,3,6) [ RunTime:0.000598s ]

[ 2016-04-19T09:53:08+08:00 ] 172.30.2.168 /ping/Home/Pingyou/pingyouHandle.html
INFO: [ app_begin ] --START--
INFO: ReadHtmlCache Behavior ::run [ RunTime:0.000960s ]
INFO: [ app_begin ] --END-- [ RunTime:0.001073s ]
SQL: SHOW COLUMNS FROM `sanhaoguize` [ RunTime:0.002599s ]
SQL: SELECT * FROM `sanhaoguize` WHERE ( `id` = 3 ) LIMIT 1   [ RunTime:0.000664s ]
NOTIC: [8] Use of undefined constant bili - assumed 'bili' E:\wamp\www\ping\App\Application\Home\Action\PingyouAction.class.php 第 101 行.
SQL: SHOW COLUMNS FROM `sanhaojieguo` [ RunTime:0.002295s ]
SQL: SELECT COUNT(*) AS tp_count FROM `sanhaojieguo` WHERE ( `termid` = 6 ) AND ( `banjiid` = 50 ) AND ( `sanhaoid` = 3 ) LIMIT 1   [ RunTime:0.000866s ]
SQL: INSERT INTO `sanhaojieguo` (`termid`,`banjiid`,`xueshengid`,`sanhaoid`,`zifenleiid`) VALUES (6,50,57,3,14) [ RunTime:0.000585s ]

[ 2016-04-19T09:53:10+08:00 ] 172.30.2.168 /ping/Home/Pingyou/pingyouHandle.html
INFO: [ app_begin ] --START--
INFO: ReadHtmlCache Behavior ::run [ RunTime:0.000960s ]
INFO: [ app_begin ] --END-- [ RunTime:0.001071s ]
SQL: SHOW COLUMNS FROM `sanhaoguize` [ RunTime:0.002470s ]
SQL: SELECT * FROM `sanhaoguize` WHERE ( `id` = 3 ) LIMIT 1   [ RunTime:0.000685s ]
NOTIC: [8] Use of undefined constant bili - assumed 'bili' E:\wamp\www\ping\App\Application\Home\Action\PingyouAction.class.php 第 101 行.
SQL: SHOW COLUMNS FROM `sanhaojieguo` [ RunTime:0.002316s ]
SQL: SELECT COUNT(*) AS tp_count FROM `sanhaojieguo` WHERE ( `termid` = 6 ) AND ( `banjiid` = 50 ) AND ( `sanhaoid` = 3 ) LIMIT 1   [ RunTime:0.000904s ]
SQL: INSERT INTO `sanhaojieguo` (`termid`,`banjiid`,`xueshengid`,`sanhaoid`,`zifenleiid`) VALUES (6,50,58,3,9) [ RunTime:0.000616s ]

[ 2016-04-19T10:53:50+08:00 ] 172.30.2.168 /ping/Home/Pingyou/ajaxPastResult.html
INFO: [ app_begin ] --START--
INFO: ReadHtmlCache Behavior ::run [ RunTime:0.000959s ]
INFO: [ app_begin ] --END-- [ RunTime:0.001071s ]
SQL: SHOW COLUMNS FROM `sanhaojieguo` [ RunTime:0.002434s ]
NOTIC: [8] Undefined variable: studentid E:\wamp\www\ping\App\Application\Home\Action\PingyouAction.class.php 第 179 行.
SQL: SELECT * FROM `sanhaojieguo` WHERE ( `xueshengid` = null )  [ RunTime:0.000864s ]

[ 2016-04-19T10:53:57+08:00 ] 172.30.2.168 /ping/Home/Pingyou/ajaxPastResult.html
INFO: [ app_begin ] --START--
INFO: ReadHtmlCache Behavior ::run [ RunTime:0.000960s ]
INFO: [ app_begin ] --END-- [ RunTime:0.001072s ]
SQL: SHOW COLUMNS FROM `sanhaojieguo` [ RunTime:0.002094s ]
NOTIC: [8] Undefined variable: studentid E:\wamp\www\ping\App\Application\Home\Action\PingyouAction.class.php 第 179 行.
SQL: SELECT * FROM `sanhaojieguo` WHERE ( `xueshengid` = null )  [ RunTime:0.000671s ]

[ 2016-04-19T10:54:06+08:00 ] 172.30.2.168 /ping/Home/Pingyou/ajaxPastResult.html
INFO: [ app_begin ] --START--
INFO: ReadHtmlCache Behavior ::run [ RunTime:0.000959s ]
INFO: [ app_begin ] --END-- [ RunTime:0.001071s ]
SQL: SHOW COLUMNS FROM `sanhaojieguo` [ RunTime:0.002307s ]
NOTIC: [8] Undefined variable: studentid E:\wamp\www\ping\App\Application\Home\Action\PingyouAction.class.php 第 179 行.
SQL: SELECT * FROM `sanhaojieguo` WHERE ( `xueshengid` = null )  [ RunTime:0.000824s ]

[ 2016-04-19T10:54:30+08:00 ] 172.30.2.168 /ping/Home/Pingyou/ajaxPastResult.html
INFO: [ app_begin ] --START--
INFO: ReadHtmlCache Behavior ::run [ RunTime:0.000959s ]
INFO: [ app_begin ] --END-- [ RunTime:0.001073s ]
SQL: SHOW COLUMNS FROM `sanhaojieguo` [ RunTime:0.002296s ]
NOTIC: [8] Undefined variable: studentid E:\wamp\www\ping\App\Application\Home\Action\PingyouAction.class.php 第 179 行.
SQL: SELECT * FROM `sanhaojieguo` WHERE ( `xueshengid` = null )  [ RunTime:0.000836s ]

[ 2016-04-19T10:55:50+08:00 ] 172.30.2.168 /ping/Home/Pingyou/ajaxPastResult.html
INFO: [ app_begin ] --START--
INFO: ReadHtmlCache Behavior ::run [ RunTime:0.000961s ]
INFO: [ app_begin ] --END-- [ RunTime:0.001073s ]
SQL: SHOW COLUMNS FROM `sanhaojieguo` [ RunTime:0.002314s ]
NOTIC: [8] Undefined variable: studentid E:\wamp\www\ping\App\Application\Home\Action\PingyouAction.class.php 第 179 行.
SQL: SELECT * FROM `sanhaojieguo` WHERE ( `xueshengid` = null )  [ RunTime:0.000831s ]

[ 2016-04-19T10:56:30+08:00 ] 172.30.2.168 /ping/Home/Pingyou/ajaxPastResult.html
INFO: [ app_begin ] --START--
INFO: ReadHtmlCache Behavior ::run [ RunTime:0.001059s ]
INFO: [ app_begin ] --END-- [ RunTime:0.001172s ]
SQL: SHOW COLUMNS FROM `sanhaojieguo` [ RunTime:0.002197s ]
SQL: SELECT * FROM `sanhaojieguo` WHERE ( `xueshengid` = 1 )  [ RunTime:0.000719s ]

[ 2016-04-19T11:05:30+08:00 ] 172.30.2.168 /ping/Home/Pingyou/ajaxPastResult.html
INFO: [ app_begin ] --START--
INFO: ReadHtmlCache Behavior ::run [ RunTime:0.000960s ]
INFO: [ app_begin ] --END-- [ RunTime:0.001072s ]
SQL: SHOW COLUMNS FROM `sanhaojieguo` [ RunTime:0.002197s ]
SQL: SELECT * FROM `sanhaojieguo` WHERE ( `xueshengid` = 1 )  [ RunTime:0.000921s ]
SQL: SHOW COLUMNS FROM `term` [ RunTime:0.002052s ]
SQL: SELECT `name` FROM `term` WHERE ( `id` = 6 ) LIMIT 1   [ RunTime:0.000544s ]
SQL: SHOW COLUMNS FROM `sanhaoguize` [ RunTime:0.002468s ]
SQL: SELECT `mingcheng` FROM `sanhaoguize` WHERE ( `id` = 1 ) LIMIT 1   [ RunTime:0.000474s ]
SQL: SELECT `name` FROM `term` WHERE ( `id` = 6 ) LIMIT 1   [ RunTime:0.000458s ]
SQL: SELECT `mingcheng` FROM `sanhaoguize` WHERE ( `id` = 2 ) LIMIT 1   [ RunTime:0.000453s ]

[ 2016-04-19T11:05:55+08:00 ] 172.30.2.168 /ping/Home/Pingyou/ajaxPastResult.html
INFO: [ app_begin ] --START--
INFO: ReadHtmlCache Behavior ::run [ RunTime:0.000960s ]
INFO: [ app_begin ] --END-- [ RunTime:0.001074s ]
SQL: SHOW COLUMNS FROM `sanhaojieguo` [ RunTime:0.002403s ]
SQL: SELECT * FROM `sanhaojieguo` WHERE ( `xueshengid` = 4 )  [ RunTime:0.000737s ]
SQL: SHOW COLUMNS FROM `term` [ RunTime:0.002147s ]
SQL: SELECT `name` FROM `term` WHERE ( `id` = 6 ) LIMIT 1   [ RunTime:0.000619s ]
SQL: SHOW COLUMNS FROM `sanhaoguize` [ RunTime:0.002604s ]
SQL: SELECT `mingcheng` FROM `sanhaoguize` WHERE ( `id` = 3 ) LIMIT 1   [ RunTime:0.000615s ]

[ 2016-04-19T11:06:38+08:00 ] 172.30.2.168 /ping/Home/Pingyou/ajaxPastResult.html
INFO: [ app_begin ] --START--
INFO: ReadHtmlCache Behavior ::run [ RunTime:0.000962s ]
INFO: [ app_begin ] --END-- [ RunTime:0.001074s ]
SQL: SHOW COLUMNS FROM `sanhaojieguo` [ RunTime:0.002374s ]
SQL: SELECT * FROM `sanhaojieguo` WHERE ( `xueshengid` = 1 )  [ RunTime:0.000815s ]
SQL: SHOW COLUMNS FROM `term` [ RunTime:0.002195s ]
SQL: SELECT `name` FROM `term` WHERE ( `id` = 6 ) LIMIT 1   [ RunTime:0.000639s ]
SQL: SHOW COLUMNS FROM `sanhaoguize` [ RunTime:0.002647s ]
SQL: SELECT `mingcheng` FROM `sanhaoguize` WHERE ( `id` = 1 ) LIMIT 1   [ RunTime:0.000648s ]
SQL: SELECT `name` FROM `term` WHERE ( `id` = 6 ) LIMIT 1   [ RunTime:0.000632s ]
SQL: SELECT `mingcheng` FROM `sanhaoguize` WHERE ( `id` = 2 ) LIMIT 1   [ RunTime:0.000702s ]

[ 2016-04-19T11:06:38+08:00 ] 172.30.2.168 /ping/Home/Pingyou/ajaxPastResult.html
INFO: [ app_begin ] --START--
INFO: ReadHtmlCache Behavior ::run [ RunTime:0.000975s ]
INFO: [ app_begin ] --END-- [ RunTime:0.001092s ]
SQL: SHOW COLUMNS FROM `sanhaojieguo` [ RunTime:0.002194s ]
SQL: SELECT * FROM `sanhaojieguo` WHERE ( `xueshengid` = 1 )  [ RunTime:0.000711s ]
SQL: SHOW COLUMNS FROM `term` [ RunTime:0.001996s ]
SQL: SELECT `name` FROM `term` WHERE ( `id` = 6 ) LIMIT 1   [ RunTime:0.000461s ]
SQL: SHOW COLUMNS FROM `sanhaoguize` [ RunTime:0.002392s ]
SQL: SELECT `mingcheng` FROM `sanhaoguize` WHERE ( `id` = 1 ) LIMIT 1   [ RunTime:0.000468s ]
SQL: SELECT `name` FROM `term` WHERE ( `id` = 6 ) LIMIT 1   [ RunTime:0.000450s ]
SQL: SELECT `mingcheng` FROM `sanhaoguize` WHERE ( `id` = 2 ) LIMIT 1   [ RunTime:0.000453s ]

[ 2016-04-19T11:06:43+08:00 ] 172.30.2.168 /ping/Home/Pingyou/ajaxPastResult.html
INFO: [ app_begin ] --START--
INFO: ReadHtmlCache Behavior ::run [ RunTime:0.000960s ]
INFO: [ app_begin ] --END-- [ RunTime:0.001072s ]
SQL: SHOW COLUMNS FROM `sanhaojieguo` [ RunTime:0.002262s ]
SQL: SELECT * FROM `sanhaojieguo` WHERE ( `xueshengid` = 2 )  [ RunTime:0.000818s ]
SQL: SHOW COLUMNS FROM `term` [ RunTime:0.002151s ]
SQL: SELECT `name` FROM `term` WHERE ( `id` = 6 ) LIMIT 1   [ RunTime:0.000607s ]
SQL: SHOW COLUMNS FROM `sanhaoguize` [ RunTime:0.002504s ]
SQL: SELECT `mingcheng` FROM `sanhaoguize` WHERE ( `id` = 3 ) LIMIT 1   [ RunTime:0.000616s ]

[ 2016-04-19T11:06:45+08:00 ] 172.30.2.168 /ping/Home/Pingyou/ajaxPastResult.html
INFO: [ app_begin ] --START--
INFO: ReadHtmlCache Behavior ::run [ RunTime:0.000960s ]
INFO: [ app_begin ] --END-- [ RunTime:0.001073s ]
SQL: SHOW COLUMNS FROM `sanhaojieguo` [ RunTime:0.002332s ]
SQL: SELECT * FROM `sanhaojieguo` WHERE ( `xueshengid` = 2 )  [ RunTime:0.000837s ]
SQL: SHOW COLUMNS FROM `term` [ RunTime:0.002172s ]
SQL: SELECT `name` FROM `term` WHERE ( `id` = 6 ) LIMIT 1   [ RunTime:0.000620s ]
SQL: SHOW COLUMNS FROM `sanhaoguize` [ RunTime:0.002596s ]
SQL: SELECT `mingcheng` FROM `sanhaoguize` WHERE ( `id` = 3 ) LIMIT 1   [ RunTime:0.000608s ]

[ 2016-04-19T11:06:47+08:00 ] 172.30.2.168 /ping/Home/Pingyou/ajaxPastResult.html
INFO: [ app_begin ] --START--
INFO: ReadHtmlCache Behavior ::run [ RunTime:0.000960s ]
INFO: [ app_begin ] --END-- [ RunTime:0.001072s ]
SQL: SHOW COLUMNS FROM `sanhaojieguo` [ RunTime:0.002328s ]
SQL: SELECT * FROM `sanhaojieguo` WHERE ( `xueshengid` = 2 )  [ RunTime:0.000840s ]
SQL: SHOW COLUMNS FROM `term` [ RunTime:0.002185s ]
SQL: SELECT `name` FROM `term` WHERE ( `id` = 6 ) LIMIT 1   [ RunTime:0.000639s ]
SQL: SHOW COLUMNS FROM `sanhaoguize` [ RunTime:0.002653s ]
SQL: SELECT `mingcheng` FROM `sanhaoguize` WHERE ( `id` = 3 ) LIMIT 1   [ RunTime:0.000636s ]

[ 2016-04-19T11:06:49+08:00 ] 172.30.2.168 /ping/Home/Pingyou/ajaxPastResult.html
INFO: [ app_begin ] --START--
INFO: ReadHtmlCache Behavior ::run [ RunTime:0.000960s ]
INFO: [ app_begin ] --END-- [ RunTime:0.001153s ]
SQL: SHOW COLUMNS FROM `sanhaojieguo` [ RunTime:0.002281s ]
SQL: SELECT * FROM `sanhaojieguo` WHERE ( `xueshengid` = 2 )  [ RunTime:0.000703s ]
SQL: SHOW COLUMNS FROM `term` [ RunTime:0.002009s ]
SQL: SELECT `name` FROM `term` WHERE ( `id` = 6 ) LIMIT 1   [ RunTime:0.000462s ]
SQL: SHOW COLUMNS FROM `sanhaoguize` [ RunTime:0.002477s ]
SQL: SELECT `mingcheng` FROM `sanhaoguize` WHERE ( `id` = 3 ) LIMIT 1   [ RunTime:0.000464s ]

[ 2016-04-19T11:10:40+08:00 ] 172.30.2.168 /ping/Home/Pingyou/ajaxPastResult.html
INFO: [ app_begin ] --START--
INFO: ReadHtmlCache Behavior ::run [ RunTime:0.000958s ]
INFO: [ app_begin ] --END-- [ RunTime:0.001071s ]
SQL: SHOW COLUMNS FROM `sanhaojieguo` [ RunTime:0.002422s ]
SQL: SELECT * FROM `sanhaojieguo` WHERE ( `xueshengid` = 1 )  [ RunTime:0.000843s ]
SQL: SHOW COLUMNS FROM `term` [ RunTime:0.002190s ]
SQL: SELECT `name` FROM `term` WHERE ( `id` = 6 ) LIMIT 1   [ RunTime:0.000619s ]
SQL: SHOW COLUMNS FROM `sanhaoguize` [ RunTime:0.002631s ]
SQL: SELECT `mingcheng` FROM `sanhaoguize` WHERE ( `id` = 1 ) LIMIT 1   [ RunTime:0.000642s ]
SQL: SELECT `name` FROM `term` WHERE ( `id` = 6 ) LIMIT 1   [ RunTime:0.000613s ]
SQL: SELECT `mingcheng` FROM `sanhaoguize` WHERE ( `id` = 2 ) LIMIT 1   [ RunTime:0.000764s ]

[ 2016-04-19T11:10:41+08:00 ] 172.30.2.168 /ping/Home/Pingyou/ajaxPastResult.html
INFO: [ app_begin ] --START--
INFO: ReadHtmlCache Behavior ::run [ RunTime:0.000962s ]
INFO: [ app_begin ] --END-- [ RunTime:0.001074s ]
SQL: SHOW COLUMNS FROM `sanhaojieguo` [ RunTime:0.002314s ]
SQL: SELECT * FROM `sanhaojieguo` WHERE ( `xueshengid` = 1 )  [ RunTime:0.000849s ]
SQL: SHOW COLUMNS FROM `term` [ RunTime:0.002210s ]
SQL: SELECT `name` FROM `term` WHERE ( `id` = 6 ) LIMIT 1   [ RunTime:0.000634s ]
SQL: SHOW COLUMNS FROM `sanhaoguize` [ RunTime:0.002581s ]
SQL: SELECT `mingcheng` FROM `sanhaoguize` WHERE ( `id` = 1 ) LIMIT 1   [ RunTime:0.000650s ]
SQL: SELECT `name` FROM `term` WHERE ( `id` = 6 ) LIMIT 1   [ RunTime:0.000635s ]
SQL: SELECT `mingcheng` FROM `sanhaoguize` WHERE ( `id` = 2 ) LIMIT 1   [ RunTime:0.000778s ]

[ 2016-04-19T11:10:45+08:00 ] 172.30.2.168 /ping/Home/Pingyou/ajaxPastResult.html
INFO: [ app_begin ] --START--
INFO: ReadHtmlCache Behavior ::run [ RunTime:0.001035s ]
INFO: [ app_begin ] --END-- [ RunTime:0.001147s ]
SQL: SHOW COLUMNS FROM `sanhaojieguo` [ RunTime:0.002180s ]
SQL: SELECT * FROM `sanhaojieguo` WHERE ( `xueshengid` = 1 )  [ RunTime:0.000708s ]
SQL: SHOW COLUMNS FROM `term` [ RunTime:0.002001s ]
SQL: SELECT `name` FROM `term` WHERE ( `id` = 6 ) LIMIT 1   [ RunTime:0.000460s ]
SQL: SHOW COLUMNS FROM `sanhaoguize` [ RunTime:0.002353s ]
SQL: SELECT `mingcheng` FROM `sanhaoguize` WHERE ( `id` = 1 ) LIMIT 1   [ RunTime:0.000471s ]
SQL: SELECT `name` FROM `term` WHERE ( `id` = 6 ) LIMIT 1   [ RunTime:0.000455s ]
SQL: SELECT `mingcheng` FROM `sanhaoguize` WHERE ( `id` = 2 ) LIMIT 1   [ RunTime:0.000450s ]

[ 2016-04-19T11:10:46+08:00 ] 172.30.2.168 /ping/Home/Pingyou/ajaxPastResult.html
INFO: [ app_begin ] --START--
INFO: ReadHtmlCache Behavior ::run [ RunTime:0.000958s ]
INFO: [ app_begin ] --END-- [ RunTime:0.001071s ]
SQL: SHOW COLUMNS FROM `sanhaojieguo` [ RunTime:0.002319s ]
SQL: SELECT * FROM `sanhaojieguo` WHERE ( `xueshengid` = 3 )  [ RunTime:0.000815s ]
SQL: SHOW COLUMNS FROM `term` [ RunTime:0.002148s ]
SQL: SELECT `name` FROM `term` WHERE ( `id` = 6 ) LIMIT 1   [ RunTime:0.000602s ]
SQL: SHOW COLUMNS FROM `sanhaoguize` [ RunTime:0.002611s ]
SQL: SELECT `mingcheng` FROM `sanhaoguize` WHERE ( `id` = 3 ) LIMIT 1   [ RunTime:0.000609s ]

[ 2016-04-19T11:10:47+08:00 ] 172.30.2.168 /ping/Home/Pingyou/ajaxPastResult.html
INFO: [ app_begin ] --START--
INFO: ReadHtmlCache Behavior ::run [ RunTime:0.000956s ]
INFO: [ app_begin ] --END-- [ RunTime:0.001068s ]
SQL: SHOW COLUMNS FROM `sanhaojieguo` [ RunTime:0.002346s ]
SQL: SELECT * FROM `sanhaojieguo` WHERE ( `xueshengid` = 3 )  [ RunTime:0.000826s ]
SQL: SHOW COLUMNS FROM `term` [ RunTime:0.002168s ]
SQL: SELECT `name` FROM `term` WHERE ( `id` = 6 ) LIMIT 1   [ RunTime:0.000613s ]
SQL: SHOW COLUMNS FROM `sanhaoguize` [ RunTime:0.002617s ]
SQL: SELECT `mingcheng` FROM `sanhaoguize` WHERE ( `id` = 3 ) LIMIT 1   [ RunTime:0.000621s ]

[ 2016-04-19T11:10:48+08:00 ] 172.30.2.168 /ping/Home/Pingyou/ajaxPastResult.html
INFO: [ app_begin ] --START--
INFO: ReadHtmlCache Behavior ::run [ RunTime:0.000962s ]
INFO: [ app_begin ] --END-- [ RunTime:0.001074s ]
SQL: SHOW COLUMNS FROM `sanhaojieguo` [ RunTime:0.002350s ]
SQL: SELECT * FROM `sanhaojieguo` WHERE ( `xueshengid` = 4 )  [ RunTime:0.000830s ]
SQL: SHOW COLUMNS FROM `term` [ RunTime:0.002146s ]
SQL: SELECT `name` FROM `term` WHERE ( `id` = 6 ) LIMIT 1   [ RunTime:0.000622s ]
SQL: SHOW COLUMNS FROM `sanhaoguize` [ RunTime:0.002605s ]
SQL: SELECT `mingcheng` FROM `sanhaoguize` WHERE ( `id` = 3 ) LIMIT 1   [ RunTime:0.000620s ]

[ 2016-04-19T11:10:49+08:00 ] 172.30.2.168 /ping/Home/Pingyou/ajaxPastResult.html
INFO: [ app_begin ] --START--
INFO: ReadHtmlCache Behavior ::run [ RunTime:0.000959s ]
INFO: [ app_begin ] --END-- [ RunTime:0.001072s ]
SQL: SHOW COLUMNS FROM `sanhaojieguo` [ RunTime:0.002157s ]
SQL: SELECT * FROM `sanhaojieguo` WHERE ( `xueshengid` = 4 )  [ RunTime:0.000761s ]
SQL: SHOW COLUMNS FROM `term` [ RunTime:0.002072s ]
SQL: SELECT `name` FROM `term` WHERE ( `id` = 6 ) LIMIT 1   [ RunTime:0.000525s ]
SQL: SHOW COLUMNS FROM `sanhaoguize` [ RunTime:0.002473s ]
SQL: SELECT `mingcheng` FROM `sanhaoguize` WHERE ( `id` = 3 ) LIMIT 1   [ RunTime:0.000470s ]

[ 2016-04-19T11:10:51+08:00 ] 172.30.2.168 /ping/Home/Pingyou/ajaxPastResult.html
INFO: [ app_begin ] --START--
INFO: ReadHtmlCache Behavior ::run [ RunTime:0.000960s ]
INFO: [ app_begin ] --END-- [ RunTime:0.001073s ]
SQL: SHOW COLUMNS FROM `sanhaojieguo` [ RunTime:0.002326s ]
SQL: SELECT * FROM `sanhaojieguo` WHERE ( `xueshengid` = 5 )  [ RunTime:0.000828s ]
SQL: SHOW COLUMNS FROM `term` [ RunTime:0.002198s ]
SQL: SELECT `name` FROM `term` WHERE ( `id` = 6 ) LIMIT 1   [ RunTime:0.000604s ]
SQL: SHOW COLUMNS FROM `sanhaoguize` [ RunTime:0.002596s ]
SQL: SELECT `mingcheng` FROM `sanhaoguize` WHERE ( `id` = 3 ) LIMIT 1   [ RunTime:0.000606s ]

[ 2016-04-19T11:10:51+08:00 ] 172.30.2.168 /ping/Home/Pingyou/ajaxPastResult.html
INFO: [ app_begin ] --START--
INFO: ReadHtmlCache Behavior ::run [ RunTime:0.000958s ]
INFO: [ app_begin ] --END-- [ RunTime:0.001070s ]
SQL: SHOW COLUMNS FROM `sanhaojieguo` [ RunTime:0.002357s ]
SQL: SELECT * FROM `sanhaojieguo` WHERE ( `xueshengid` = 5 )  [ RunTime:0.000795s ]
SQL: SHOW COLUMNS FROM `term` [ RunTime:0.002191s ]
SQL: SELECT `name` FROM `term` WHERE ( `id` = 6 ) LIMIT 1   [ RunTime:0.000645s ]
SQL: SHOW COLUMNS FROM `sanhaoguize` [ RunTime:0.002602s ]
SQL: SELECT `mingcheng` FROM `sanhaoguize` WHERE ( `id` = 3 ) LIMIT 1   [ RunTime:0.000630s ]

[ 2016-04-19T11:10:53+08:00 ] 172.30.2.168 /ping/Home/Pingyou/ajaxPastResult.html
INFO: [ app_begin ] --START--
INFO: ReadHtmlCache Behavior ::run [ RunTime:0.000960s ]
INFO: [ app_begin ] --END-- [ RunTime:0.001072s ]
SQL: SHOW COLUMNS FROM `sanhaojieguo` [ RunTime:0.002347s ]
SQL: SELECT * FROM `sanhaojieguo` WHERE ( `xueshengid` = 7 )  [ RunTime:0.000850s ]
SQL: SHOW COLUMNS FROM `term` [ RunTime:0.002191s ]
SQL: SELECT `name` FROM `term` WHERE ( `id` = 6 ) LIMIT 1   [ RunTime:0.000643s ]
SQL: SHOW COLUMNS FROM `sanhaoguize` [ RunTime:0.002557s ]
SQL: SELECT `mingcheng` FROM `sanhaoguize` WHERE ( `id` = 1 ) LIMIT 1   [ RunTime:0.000648s ]
SQL: SELECT `name` FROM `term` WHERE ( `id` = 6 ) LIMIT 1   [ RunTime:0.000636s ]
SQL: SELECT `mingcheng` FROM `sanhaoguize` WHERE ( `id` = 2 ) LIMIT 1   [ RunTime:0.000750s ]

[ 2016-04-19T11:10:54+08:00 ] 172.30.2.168 /ping/Home/Pingyou/ajaxPastResult.html
INFO: [ app_begin ] --START--
INFO: ReadHtmlCache Behavior ::run [ RunTime:0.000959s ]
INFO: [ app_begin ] --END-- [ RunTime:0.001072s ]
SQL: SHOW COLUMNS FROM `sanhaojieguo` [ RunTime:0.002100s ]
SQL: SELECT * FROM `sanhaojieguo` WHERE ( `xueshengid` = 7 )  [ RunTime:0.000785s ]
SQL: SHOW COLUMNS FROM `term` [ RunTime:0.002095s ]
SQL: SELECT `name` FROM `term` WHERE ( `id` = 6 ) LIMIT 1   [ RunTime:0.000517s ]
SQL: SHOW COLUMNS FROM `sanhaoguize` [ RunTime:0.002400s ]
SQL: SELECT `mingcheng` FROM `sanhaoguize` WHERE ( `id` = 1 ) LIMIT 1   [ RunTime:0.000465s ]
SQL: SELECT `name` FROM `term` WHERE ( `id` = 6 ) LIMIT 1   [ RunTime:0.000453s ]
SQL: SELECT `mingcheng` FROM `sanhaoguize` WHERE ( `id` = 2 ) LIMIT 1   [ RunTime:0.000457s ]

[ 2016-04-19T11:10:55+08:00 ] 172.30.2.168 /ping/Home/Pingyou/ajaxPastResult.html
INFO: [ app_begin ] --START--
INFO: ReadHtmlCache Behavior ::run [ RunTime:0.001067s ]
INFO: [ app_begin ] --END-- [ RunTime:0.001179s ]
SQL: SHOW COLUMNS FROM `sanhaojieguo` [ RunTime:0.002330s ]
SQL: SELECT * FROM `sanhaojieguo` WHERE ( `xueshengid` = 8 )  [ RunTime:0.000800s ]
NOTIC: [2] Invalid argument supplied for foreach() E:\wamp\www\ping\App\Application\Home\Action\PingyouAction.class.php 第 181 行.
NOTIC: [8] Undefined variable: data E:\wamp\www\ping\App\Application\Home\Action\PingyouAction.class.php 第 187 行.

[ 2016-04-19T11:10:55+08:00 ] 172.30.2.168 /ping/Home/Pingyou/ajaxPastResult.html
INFO: [ app_begin ] --START--
INFO: ReadHtmlCache Behavior ::run [ RunTime:0.000959s ]
INFO: [ app_begin ] --END-- [ RunTime:0.001071s ]
SQL: SHOW COLUMNS FROM `sanhaojieguo` [ RunTime:0.002298s ]
SQL: SELECT * FROM `sanhaojieguo` WHERE ( `xueshengid` = 8 )  [ RunTime:0.000807s ]
NOTIC: [2] Invalid argument supplied for foreach() E:\wamp\www\ping\App\Application\Home\Action\PingyouAction.class.php 第 181 行.
NOTIC: [8] Undefined variable: data E:\wamp\www\ping\App\Application\Home\Action\PingyouAction.class.php 第 187 行.

[ 2016-04-19T11:11:47+08:00 ] 172.30.2.168 /ping/Home/Pingyou/ajaxPastResult.html
INFO: [ app_begin ] --START--
INFO: ReadHtmlCache Behavior ::run [ RunTime:0.001354s ]
INFO: [ app_begin ] --END-- [ RunTime:0.001466s ]
SQL: SHOW COLUMNS FROM `sanhaojieguo` [ RunTime:0.002216s ]
SQL: SELECT * FROM `sanhaojieguo` WHERE ( `xueshengid` = 2 )  [ RunTime:0.000716s ]
SQL: SHOW COLUMNS FROM `term` [ RunTime:0.001997s ]
SQL: SELECT `name` FROM `term` WHERE ( `id` = 6 ) LIMIT 1   [ RunTime:0.000469s ]
SQL: SHOW COLUMNS FROM `sanhaoguize` [ RunTime:0.002382s ]
SQL: SELECT `mingcheng` FROM `sanhaoguize` WHERE ( `id` = 3 ) LIMIT 1   [ RunTime:0.000468s ]

[ 2016-04-19T11:11:47+08:00 ] 172.30.2.168 /ping/Home/Pingyou/ajaxPastResult.html
INFO: [ app_begin ] --START--
INFO: ReadHtmlCache Behavior ::run [ RunTime:0.001215s ]
INFO: [ app_begin ] --END-- [ RunTime:0.001328s ]
SQL: SHOW COLUMNS FROM `sanhaojieguo` [ RunTime:0.002389s ]
SQL: SELECT * FROM `sanhaojieguo` WHERE ( `xueshengid` = 2 )  [ RunTime:0.000814s ]
SQL: SHOW COLUMNS FROM `term` [ RunTime:0.002153s ]
SQL: SELECT `name` FROM `term` WHERE ( `id` = 6 ) LIMIT 1   [ RunTime:0.000605s ]
SQL: SHOW COLUMNS FROM `sanhaoguize` [ RunTime:0.002558s ]
SQL: SELECT `mingcheng` FROM `sanhaoguize` WHERE ( `id` = 3 ) LIMIT 1   [ RunTime:0.000606s ]

[ 2016-04-19T11:11:49+08:00 ] 172.30.2.168 /ping/Home/Pingyou/ajaxPastResult.html
INFO: [ app_begin ] --START--
INFO: ReadHtmlCache Behavior ::run [ RunTime:0.001006s ]
INFO: [ app_begin ] --END-- [ RunTime:0.001118s ]
SQL: SHOW COLUMNS FROM `sanhaojieguo` [ RunTime:0.002307s ]
SQL: SELECT * FROM `sanhaojieguo` WHERE ( `xueshengid` = 4 )  [ RunTime:0.000827s ]
SQL: SHOW COLUMNS FROM `term` [ RunTime:0.002154s ]
SQL: SELECT `name` FROM `term` WHERE ( `id` = 6 ) LIMIT 1   [ RunTime:0.000607s ]
SQL: SHOW COLUMNS FROM `sanhaoguize` [ RunTime:0.002605s ]
SQL: SELECT `mingcheng` FROM `sanhaoguize` WHERE ( `id` = 3 ) LIMIT 1   [ RunTime:0.000607s ]

[ 2016-04-19T11:11:50+08:00 ] 172.30.2.168 /ping/Home/Pingyou/ajaxPastResult.html
INFO: [ app_begin ] --START--
INFO: ReadHtmlCache Behavior ::run [ RunTime:0.000959s ]
INFO: [ app_begin ] --END-- [ RunTime:0.001071s ]
SQL: SHOW COLUMNS FROM `sanhaojieguo` [ RunTime:0.002278s ]
SQL: SELECT * FROM `sanhaojieguo` WHERE ( `xueshengid` = 4 )  [ RunTime:0.000826s ]
SQL: SHOW COLUMNS FROM `term` [ RunTime:0.002178s ]
SQL: SELECT `name` FROM `term` WHERE ( `id` = 6 ) LIMIT 1   [ RunTime:0.000606s ]
SQL: SHOW COLUMNS FROM `sanhaoguize` [ RunTime:0.002544s ]
SQL: SELECT `mingcheng` FROM `sanhaoguize` WHERE ( `id` = 3 ) LIMIT 1   [ RunTime:0.000606s ]

[ 2016-04-19T11:11:52+08:00 ] 172.30.2.168 /ping/Home/Pingyou/ajaxPastResult.html
INFO: [ app_begin ] --START--
INFO: ReadHtmlCache Behavior ::run [ RunTime:0.000960s ]
INFO: [ app_begin ] --END-- [ RunTime:0.001073s ]
SQL: SHOW COLUMNS FROM `sanhaojieguo` [ RunTime:0.002100s ]
SQL: SELECT * FROM `sanhaojieguo` WHERE ( `xueshengid` = 5 )  [ RunTime:0.000704s ]
SQL: SHOW COLUMNS FROM `term` [ RunTime:0.002004s ]
SQL: SELECT `name` FROM `term` WHERE ( `id` = 6 ) LIMIT 1   [ RunTime:0.000463s ]
SQL: SHOW COLUMNS FROM `sanhaoguize` [ RunTime:0.002346s ]
SQL: SELECT `mingcheng` FROM `sanhaoguize` WHERE ( `id` = 3 ) LIMIT 1   [ RunTime:0.000468s ]

[ 2016-04-19T11:11:52+08:00 ] 172.30.2.168 /ping/Home/Pingyou/ajaxPastResult.html
INFO: [ app_begin ] --START--
INFO: ReadHtmlCache Behavior ::run [ RunTime:0.000958s ]
INFO: [ app_begin ] --END-- [ RunTime:0.001072s ]
SQL: SHOW COLUMNS FROM `sanhaojieguo` [ RunTime:0.002333s ]
SQL: SELECT * FROM `sanhaojieguo` WHERE ( `xueshengid` = 5 )  [ RunTime:0.000820s ]
SQL: SHOW COLUMNS FROM `term` [ RunTime:0.002148s ]
SQL: SELECT `name` FROM `term` WHERE ( `id` = 6 ) LIMIT 1   [ RunTime:0.000598s ]
SQL: SHOW COLUMNS FROM `sanhaoguize` [ RunTime:0.002600s ]
SQL: SELECT `mingcheng` FROM `sanhaoguize` WHERE ( `id` = 3 ) LIMIT 1   [ RunTime:0.000601s ]

[ 2016-04-19T11:11:54+08:00 ] 172.30.2.168 /ping/Home/Pingyou/ajaxPastResult.html
INFO: [ app_begin ] --START--
INFO: ReadHtmlCache Behavior ::run [ RunTime:0.001036s ]
INFO: [ app_begin ] --END-- [ RunTime:0.001148s ]
SQL: SHOW COLUMNS FROM `sanhaojieguo` [ RunTime:0.002222s ]
SQL: SELECT * FROM `sanhaojieguo` WHERE ( `xueshengid` = 5 )  [ RunTime:0.000839s ]
SQL: SHOW COLUMNS FROM `term` [ RunTime:0.002178s ]
SQL: SELECT `name` FROM `term` WHERE ( `id` = 6 ) LIMIT 1   [ RunTime:0.000617s ]
SQL: SHOW COLUMNS FROM `sanhaoguize` [ RunTime:0.002731s ]
SQL: SELECT `mingcheng` FROM `sanhaoguize` WHERE ( `id` = 3 ) LIMIT 1   [ RunTime:0.000617s ]

[ 2016-04-19T11:11:54+08:00 ] 172.30.2.168 /ping/Home/Pingyou/ajaxPastResult.html
INFO: [ app_begin ] --START--
INFO: ReadHtmlCache Behavior ::run [ RunTime:0.000958s ]
INFO: [ app_begin ] --END-- [ RunTime:0.001070s ]
SQL: SHOW COLUMNS FROM `sanhaojieguo` [ RunTime:0.002230s ]
SQL: SELECT * FROM `sanhaojieguo` WHERE ( `xueshengid` = 5 )  [ RunTime:0.000793s ]
SQL: SHOW COLUMNS FROM `term` [ RunTime:0.002172s ]
SQL: SELECT `name` FROM `term` WHERE ( `id` = 6 ) LIMIT 1   [ RunTime:0.000608s ]
SQL: SHOW COLUMNS FROM `sanhaoguize` [ RunTime:0.002584s ]
SQL: SELECT `mingcheng` FROM `sanhaoguize` WHERE ( `id` = 3 ) LIMIT 1   [ RunTime:0.000602s ]

[ 2016-04-19T11:11:55+08:00 ] 172.30.2.168 /ping/Home/Pingyou/ajaxPastResult.html
INFO: [ app_begin ] --START--
INFO: ReadHtmlCache Behavior ::run [ RunTime:0.000959s ]
INFO: [ app_begin ] --END-- [ RunTime:0.001071s ]
SQL: SHOW COLUMNS FROM `sanhaojieguo` [ RunTime:0.002156s ]
SQL: SELECT * FROM `sanhaojieguo` WHERE ( `xueshengid` = 6 )  [ RunTime:0.000693s ]
NOTIC: [2] Invalid argument supplied for foreach() E:\wamp\www\ping\App\Application\Home\Action\PingyouAction.class.php 第 181 行.
NOTIC: [8] Undefined variable: data E:\wamp\www\ping\App\Application\Home\Action\PingyouAction.class.php 第 187 行.

[ 2016-04-19T11:11:56+08:00 ] 172.30.2.168 /ping/Home/Pingyou/ajaxPastResult.html
INFO: [ app_begin ] --START--
INFO: ReadHtmlCache Behavior ::run [ RunTime:0.000958s ]
INFO: [ app_begin ] --END-- [ RunTime:0.001071s ]
SQL: SHOW COLUMNS FROM `sanhaojieguo` [ RunTime:0.002339s ]
SQL: SELECT * FROM `sanhaojieguo` WHERE ( `xueshengid` = 6 )  [ RunTime:0.000837s ]
NOTIC: [2] Invalid argument supplied for foreach() E:\wamp\www\ping\App\Application\Home\Action\PingyouAction.class.php 第 181 行.
NOTIC: [8] Undefined variable: data E:\wamp\www\ping\App\Application\Home\Action\PingyouAction.class.php 第 187 行.

[ 2016-04-19T11:12:47+08:00 ] 172.30.2.168 /ping/Home/Pingyou/ajaxPastResult.html
INFO: [ app_begin ] --START--
INFO: ReadHtmlCache Behavior ::run [ RunTime:0.000961s ]
INFO: [ app_begin ] --END-- [ RunTime:0.001073s ]
SQL: SHOW COLUMNS FROM `sanhaojieguo` [ RunTime:0.002350s ]
SQL: SELECT * FROM `sanhaojieguo` WHERE ( `xueshengid` = 2 )  [ RunTime:0.000847s ]
SQL: SHOW COLUMNS FROM `term` [ RunTime:0.002191s ]
SQL: SELECT `name` FROM `term` WHERE ( `id` = 6 ) LIMIT 1   [ RunTime:0.000641s ]
SQL: SHOW COLUMNS FROM `sanhaoguize` [ RunTime:0.002585s ]
SQL: SELECT `mingcheng` FROM `sanhaoguize` WHERE ( `id` = 3 ) LIMIT 1   [ RunTime:0.000618s ]

[ 2016-04-19T11:12:47+08:00 ] 172.30.2.168 /ping/Home/Pingyou/ajaxPastResult.html
INFO: [ app_begin ] --START--
INFO: ReadHtmlCache Behavior ::run [ RunTime:0.000959s ]
INFO: [ app_begin ] --END-- [ RunTime:0.001070s ]
SQL: SHOW COLUMNS FROM `sanhaojieguo` [ RunTime:0.002079s ]
SQL: SELECT * FROM `sanhaojieguo` WHERE ( `xueshengid` = 2 )  [ RunTime:0.000704s ]
SQL: SHOW COLUMNS FROM `term` [ RunTime:0.002058s ]
SQL: SELECT `name` FROM `term` WHERE ( `id` = 6 ) LIMIT 1   [ RunTime:0.000467s ]
SQL: SHOW COLUMNS FROM `sanhaoguize` [ RunTime:0.002317s ]
SQL: SELECT `mingcheng` FROM `sanhaoguize` WHERE ( `id` = 3 ) LIMIT 1   [ RunTime:0.000464s ]

[ 2016-04-19T11:12:49+08:00 ] 172.30.2.168 /ping/Home/Pingyou/ajaxPastResult.html
INFO: [ app_begin ] --START--
INFO: ReadHtmlCache Behavior ::run [ RunTime:0.000959s ]
INFO: [ app_begin ] --END-- [ RunTime:0.001071s ]
SQL: SHOW COLUMNS FROM `sanhaojieguo` [ RunTime:0.002432s ]
SQL: SELECT * FROM `sanhaojieguo` WHERE ( `xueshengid` = 5 )  [ RunTime:0.000839s ]
SQL: SHOW COLUMNS FROM `term` [ RunTime:0.002169s ]
SQL: SELECT `name` FROM `term` WHERE ( `id` = 6 ) LIMIT 1   [ RunTime:0.000620s ]
SQL: SHOW COLUMNS FROM `sanhaoguize` [ RunTime:0.002533s ]
SQL: SELECT `mingcheng` FROM `sanhaoguize` WHERE ( `id` = 3 ) LIMIT 1   [ RunTime:0.000619s ]

[ 2016-04-19T11:12:49+08:00 ] 172.30.2.168 /ping/Home/Pingyou/ajaxPastResult.html
INFO: [ app_begin ] --START--
INFO: ReadHtmlCache Behavior ::run [ RunTime:0.000957s ]
INFO: [ app_begin ] --END-- [ RunTime:0.001071s ]
SQL: SHOW COLUMNS FROM `sanhaojieguo` [ RunTime:0.002308s ]
SQL: SELECT * FROM `sanhaojieguo` WHERE ( `xueshengid` = 5 )  [ RunTime:0.000821s ]
SQL: SHOW COLUMNS FROM `term` [ RunTime:0.002170s ]
SQL: SELECT `name` FROM `term` WHERE ( `id` = 6 ) LIMIT 1   [ RunTime:0.000623s ]
SQL: SHOW COLUMNS FROM `sanhaoguize` [ RunTime:0.002529s ]
SQL: SELECT `mingcheng` FROM `sanhaoguize` WHERE ( `id` = 3 ) LIMIT 1   [ RunTime:0.000620s ]

[ 2016-04-19T11:12:51+08:00 ] 172.30.2.168 /ping/Home/Pingyou/ajaxPastResult.html
INFO: [ app_begin ] --START--
INFO: ReadHtmlCache Behavior ::run [ RunTime:0.000958s ]
INFO: [ app_begin ] --END-- [ RunTime:0.001070s ]
SQL: SHOW COLUMNS FROM `sanhaojieguo` [ RunTime:0.002311s ]
SQL: SELECT * FROM `sanhaojieguo` WHERE ( `xueshengid` = 13 )  [ RunTime:0.000840s ]
NOTIC: [2] Invalid argument supplied for foreach() E:\wamp\www\ping\App\Application\Home\Action\PingyouAction.class.php 第 181 行.
NOTIC: [8] Undefined variable: data E:\wamp\www\ping\App\Application\Home\Action\PingyouAction.class.php 第 187 行.

[ 2016-04-19T11:12:51+08:00 ] 172.30.2.168 /ping/Home/Pingyou/ajaxPastResult.html
INFO: [ app_begin ] --START--
INFO: ReadHtmlCache Behavior ::run [ RunTime:0.000957s ]
INFO: [ app_begin ] --END-- [ RunTime:0.001069s ]
SQL: SHOW COLUMNS FROM `sanhaojieguo` [ RunTime:0.002047s ]
SQL: SELECT * FROM `sanhaojieguo` WHERE ( `xueshengid` = 13 )  [ RunTime:0.000690s ]
NOTIC: [2] Invalid argument supplied for foreach() E:\wamp\www\ping\App\Application\Home\Action\PingyouAction.class.php 第 181 行.
NOTIC: [8] Undefined variable: data E:\wamp\www\ping\App\Application\Home\Action\PingyouAction.class.php 第 187 行.

[ 2016-04-19T11:12:53+08:00 ] 172.30.2.168 /ping/Home/Pingyou/ajaxPastResult.html
INFO: [ app_begin ] --START--
INFO: ReadHtmlCache Behavior ::run [ RunTime:0.000959s ]
INFO: [ app_begin ] --END-- [ RunTime:0.001072s ]
SQL: SHOW COLUMNS FROM `sanhaojieguo` [ RunTime:0.002569s ]
SQL: SELECT * FROM `sanhaojieguo` WHERE ( `xueshengid` = 14 )  [ RunTime:0.000813s ]
NOTIC: [2] Invalid argument supplied for foreach() E:\wamp\www\ping\App\Application\Home\Action\PingyouAction.class.php 第 181 行.
NOTIC: [8] Undefined variable: data E:\wamp\www\ping\App\Application\Home\Action\PingyouAction.class.php 第 187 行.

[ 2016-04-19T11:12:54+08:00 ] 172.30.2.168 /ping/Home/Pingyou/ajaxPastResult.html
INFO: [ app_begin ] --START--
INFO: ReadHtmlCache Behavior ::run [ RunTime:0.000957s ]
INFO: [ app_begin ] --END-- [ RunTime:0.001068s ]
SQL: SHOW COLUMNS FROM `sanhaojieguo` [ RunTime:0.002373s ]
SQL: SELECT * FROM `sanhaojieguo` WHERE ( `xueshengid` = 14 )  [ RunTime:0.000800s ]
NOTIC: [2] Invalid argument supplied for foreach() E:\wamp\www\ping\App\Application\Home\Action\PingyouAction.class.php 第 181 行.
NOTIC: [8] Undefined variable: data E:\wamp\www\ping\App\Application\Home\Action\PingyouAction.class.php 第 187 行.

[ 2016-04-19T11:12:54+08:00 ] 172.30.2.168 /ping/Home/Pingyou/ajaxPastResult.html
INFO: [ app_begin ] --START--
INFO: ReadHtmlCache Behavior ::run [ RunTime:0.000958s ]
INFO: [ app_begin ] --END-- [ RunTime:0.001071s ]
SQL: SHOW COLUMNS FROM `sanhaojieguo` [ RunTime:0.002263s ]
SQL: SELECT * FROM `sanhaojieguo` WHERE ( `xueshengid` = 14 )  [ RunTime:0.000798s ]
NOTIC: [2] Invalid argument supplied for foreach() E:\wamp\www\ping\App\Application\Home\Action\PingyouAction.class.php 第 181 行.
NOTIC: [8] Undefined variable: data E:\wamp\www\ping\App\Application\Home\Action\PingyouAction.class.php 第 187 行.

[ 2016-04-19T11:13:00+08:00 ] 172.30.2.168 /ping/Home/Pingyou/ajaxPastResult.html
INFO: [ app_begin ] --START--
INFO: ReadHtmlCache Behavior ::run [ RunTime:0.000960s ]
INFO: [ app_begin ] --END-- [ RunTime:0.001071s ]
SQL: SHOW COLUMNS FROM `sanhaojieguo` [ RunTime:0.002290s ]
SQL: SELECT * FROM `sanhaojieguo` WHERE ( `xueshengid` = 13 )  [ RunTime:0.000840s ]
NOTIC: [2] Invalid argument supplied for foreach() E:\wamp\www\ping\App\Application\Home\Action\PingyouAction.class.php 第 181 行.
NOTIC: [8] Undefined variable: data E:\wamp\www\ping\App\Application\Home\Action\PingyouAction.class.php 第 187 行.

[ 2016-04-19T11:13:01+08:00 ] 172.30.2.168 /ping/Home/Pingyou/ajaxPastResult.html
INFO: [ app_begin ] --START--
INFO: ReadHtmlCache Behavior ::run [ RunTime:0.001038s ]
INFO: [ app_begin ] --END-- [ RunTime:0.001151s ]
SQL: SHOW COLUMNS FROM `sanhaojieguo` [ RunTime:0.002333s ]
SQL: SELECT * FROM `sanhaojieguo` WHERE ( `xueshengid` = 13 )  [ RunTime:0.000821s ]
NOTIC: [2] Invalid argument supplied for foreach() E:\wamp\www\ping\App\Application\Home\Action\PingyouAction.class.php 第 181 行.
NOTIC: [8] Undefined variable: data E:\wamp\www\ping\App\Application\Home\Action\PingyouAction.class.php 第 187 行.

[ 2016-04-19T11:13:01+08:00 ] 172.30.2.168 /ping/Home/Pingyou/ajaxPastResult.html
INFO: [ app_begin ] --START--
INFO: ReadHtmlCache Behavior ::run [ RunTime:0.000959s ]
INFO: [ app_begin ] --END-- [ RunTime:0.001072s ]
SQL: SHOW COLUMNS FROM `sanhaojieguo` [ RunTime:0.002152s ]
SQL: SELECT * FROM `sanhaojieguo` WHERE ( `xueshengid` = 13 )  [ RunTime:0.000814s ]
NOTIC: [2] Invalid argument supplied for foreach() E:\wamp\www\ping\App\Application\Home\Action\PingyouAction.class.php 第 181 行.
NOTIC: [8] Undefined variable: data E:\wamp\www\ping\App\Application\Home\Action\PingyouAction.class.php 第 187 行.

[ 2016-04-19T11:13:02+08:00 ] 172.30.2.168 /ping/Home/Pingyou/ajaxPastResult.html
INFO: [ app_begin ] --START--
INFO: ReadHtmlCache Behavior ::run [ RunTime:0.000961s ]
INFO: [ app_begin ] --END-- [ RunTime:0.001074s ]
SQL: SHOW COLUMNS FROM `sanhaojieguo` [ RunTime:0.002197s ]
SQL: SELECT * FROM `sanhaojieguo` WHERE ( `xueshengid` = 14 )  [ RunTime:0.000741s ]
NOTIC: [2] Invalid argument supplied for foreach() E:\wamp\www\ping\App\Application\Home\Action\PingyouAction.class.php 第 181 行.
NOTIC: [8] Undefined variable: data E:\wamp\www\ping\App\Application\Home\Action\PingyouAction.class.php 第 187 行.

[ 2016-04-19T11:13:03+08:00 ] 172.30.2.168 /ping/Home/Pingyou/ajaxPastResult.html
INFO: [ app_begin ] --START--
INFO: ReadHtmlCache Behavior ::run [ RunTime:0.000960s ]
INFO: [ app_begin ] --END-- [ RunTime:0.001073s ]
SQL: SHOW COLUMNS FROM `sanhaojieguo` [ RunTime:0.002314s ]
SQL: SELECT * FROM `sanhaojieguo` WHERE ( `xueshengid` = 14 )  [ RunTime:0.000771s ]
NOTIC: [2] Invalid argument supplied for foreach() E:\wamp\www\ping\App\Application\Home\Action\PingyouAction.class.php 第 181 行.
NOTIC: [8] Undefined variable: data E:\wamp\www\ping\App\Application\Home\Action\PingyouAction.class.php 第 187 行.

[ 2016-04-19T11:13:41+08:00 ] 172.30.2.168 /ping/Home/Pingyou/ajaxPastResult.html
INFO: [ app_begin ] --START--
INFO: ReadHtmlCache Behavior ::run [ RunTime:0.000962s ]
INFO: [ app_begin ] --END-- [ RunTime:0.001076s ]
SQL: SHOW COLUMNS FROM `sanhaojieguo` [ RunTime:0.016282s ]
SQL: SELECT * FROM `sanhaojieguo` WHERE ( `xueshengid` = 10 )  [ RunTime:0.000791s ]
NOTIC: [2] Invalid argument supplied for foreach() E:\wamp\www\ping\App\Application\Home\Action\PingyouAction.class.php 第 181 行.
NOTIC: [8] Undefined variable: data E:\wamp\www\ping\App\Application\Home\Action\PingyouAction.class.php 第 187 行.

[ 2016-04-19T11:13:41+08:00 ] 172.30.2.168 /ping/Home/Pingyou/ajaxPastResult.html
INFO: [ app_begin ] --START--
INFO: ReadHtmlCache Behavior ::run [ RunTime:0.000958s ]
INFO: [ app_begin ] --END-- [ RunTime:0.001072s ]
SQL: SHOW COLUMNS FROM `sanhaojieguo` [ RunTime:0.002333s ]
SQL: SELECT * FROM `sanhaojieguo` WHERE ( `xueshengid` = 10 )  [ RunTime:0.000843s ]
NOTIC: [2] Invalid argument supplied for foreach() E:\wamp\www\ping\App\Application\Home\Action\PingyouAction.class.php 第 181 行.
NOTIC: [8] Undefined variable: data E:\wamp\www\ping\App\Application\Home\Action\PingyouAction.class.php 第 187 行.

[ 2016-04-19T11:13:45+08:00 ] 172.30.2.168 /ping/Home/Pingyou/ajaxPastResult.html
INFO: [ app_begin ] --START--
INFO: ReadHtmlCache Behavior ::run [ RunTime:0.000961s ]
INFO: [ app_begin ] --END-- [ RunTime:0.001073s ]
SQL: SHOW COLUMNS FROM `sanhaojieguo` [ RunTime:0.002299s ]
SQL: SELECT * FROM `sanhaojieguo` WHERE ( `xueshengid` = 8 )  [ RunTime:0.000831s ]
NOTIC: [2] Invalid argument supplied for foreach() E:\wamp\www\ping\App\Application\Home\Action\PingyouAction.class.php 第 181 行.
NOTIC: [8] Undefined variable: data E:\wamp\www\ping\App\Application\Home\Action\PingyouAction.class.php 第 187 行.

[ 2016-04-19T11:13:45+08:00 ] 172.30.2.168 /ping/Home/Pingyou/ajaxPastResult.html
INFO: [ app_begin ] --START--
INFO: ReadHtmlCache Behavior ::run [ RunTime:0.000958s ]
INFO: [ app_begin ] --END-- [ RunTime:0.001070s ]
SQL: SHOW COLUMNS FROM `sanhaojieguo` [ RunTime:0.002303s ]
SQL: SELECT * FROM `sanhaojieguo` WHERE ( `xueshengid` = 8 )  [ RunTime:0.000828s ]
NOTIC: [2] Invalid argument supplied for foreach() E:\wamp\www\ping\App\Application\Home\Action\PingyouAction.class.php 第 181 行.
NOTIC: [8] Undefined variable: data E:\wamp\www\ping\App\Application\Home\Action\PingyouAction.class.php 第 187 行.

[ 2016-04-19T11:13:47+08:00 ] 172.30.2.168 /ping/Home/Pingyou/ajaxPastResult.html
INFO: [ app_begin ] --START--
INFO: ReadHtmlCache Behavior ::run [ RunTime:0.000960s ]
INFO: [ app_begin ] --END-- [ RunTime:0.001072s ]
SQL: SHOW COLUMNS FROM `sanhaojieguo` [ RunTime:0.002134s ]
SQL: SELECT * FROM `sanhaojieguo` WHERE ( `xueshengid` = 7 )  [ RunTime:0.000679s ]
SQL: SHOW COLUMNS FROM `term` [ RunTime:0.002001s ]
SQL: SELECT `name` FROM `term` WHERE ( `id` = 6 ) LIMIT 1   [ RunTime:0.000466s ]
SQL: SHOW COLUMNS FROM `sanhaoguize` [ RunTime:0.002482s ]
SQL: SELECT `mingcheng` FROM `sanhaoguize` WHERE ( `id` = 1 ) LIMIT 1   [ RunTime:0.000474s ]
SQL: SELECT `name` FROM `term` WHERE ( `id` = 6 ) LIMIT 1   [ RunTime:0.000450s ]
SQL: SELECT `mingcheng` FROM `sanhaoguize` WHERE ( `id` = 2 ) LIMIT 1   [ RunTime:0.000454s ]

[ 2016-04-19T11:13:52+08:00 ] 172.30.2.168 /ping/Home/Pingyou/ajaxPastResult.html
INFO: [ app_begin ] --START--
INFO: ReadHtmlCache Behavior ::run [ RunTime:0.000961s ]
INFO: [ app_begin ] --END-- [ RunTime:0.001073s ]
SQL: SHOW COLUMNS FROM `sanhaojieguo` [ RunTime:0.002334s ]
SQL: SELECT * FROM `sanhaojieguo` WHERE ( `xueshengid` = 7 )  [ RunTime:0.000849s ]
SQL: SHOW COLUMNS FROM `term` [ RunTime:0.002247s ]
SQL: SELECT `name` FROM `term` WHERE ( `id` = 6 ) LIMIT 1   [ RunTime:0.000636s ]
SQL: SHOW COLUMNS FROM `sanhaoguize` [ RunTime:0.002636s ]
SQL: SELECT `mingcheng` FROM `sanhaoguize` WHERE ( `id` = 1 ) LIMIT 1   [ RunTime:0.000651s ]
SQL: SELECT `name` FROM `term` WHERE ( `id` = 6 ) LIMIT 1   [ RunTime:0.000630s ]
SQL: SELECT `mingcheng` FROM `sanhaoguize` WHERE ( `id` = 2 ) LIMIT 1   [ RunTime:0.000717s ]

[ 2016-04-19T11:13:52+08:00 ] 172.30.2.168 /ping/Home/Pingyou/ajaxPastResult.html
INFO: [ app_begin ] --START--
INFO: ReadHtmlCache Behavior ::run [ RunTime:0.001036s ]
INFO: [ app_begin ] --END-- [ RunTime:0.001148s ]
SQL: SHOW COLUMNS FROM `sanhaojieguo` [ RunTime:0.002397s ]
SQL: SELECT * FROM `sanhaojieguo` WHERE ( `xueshengid` = 7 )  [ RunTime:0.000843s ]
SQL: SHOW COLUMNS FROM `term` [ RunTime:0.002206s ]
SQL: SELECT `name` FROM `term` WHERE ( `id` = 6 ) LIMIT 1   [ RunTime:0.000634s ]
SQL: SHOW COLUMNS FROM `sanhaoguize` [ RunTime:0.002636s ]
SQL: SELECT `mingcheng` FROM `sanhaoguize` WHERE ( `id` = 1 ) LIMIT 1   [ RunTime:0.000643s ]
SQL: SELECT `name` FROM `term` WHERE ( `id` = 6 ) LIMIT 1   [ RunTime:0.000627s ]
SQL: SELECT `mingcheng` FROM `sanhaoguize` WHERE ( `id` = 2 ) LIMIT 1   [ RunTime:0.000575s ]

[ 2016-04-19T11:13:53+08:00 ] 172.30.2.168 /ping/Home/Pingyou/ajaxPastResult.html
INFO: [ app_begin ] --START--
INFO: ReadHtmlCache Behavior ::run [ RunTime:0.000960s ]
INFO: [ app_begin ] --END-- [ RunTime:0.001073s ]
SQL: SHOW COLUMNS FROM `sanhaojieguo` [ RunTime:0.002378s ]
SQL: SELECT * FROM `sanhaojieguo` WHERE ( `xueshengid` = 7 )  [ RunTime:0.000883s ]
SQL: SHOW COLUMNS FROM `term` [ RunTime:0.002187s ]
SQL: SELECT `name` FROM `term` WHERE ( `id` = 6 ) LIMIT 1   [ RunTime:0.000632s ]
SQL: SHOW COLUMNS FROM `sanhaoguize` [ RunTime:0.002637s ]
SQL: SELECT `mingcheng` FROM `sanhaoguize` WHERE ( `id` = 1 ) LIMIT 1   [ RunTime:0.000648s ]
SQL: SELECT `name` FROM `term` WHERE ( `id` = 6 ) LIMIT 1   [ RunTime:0.000632s ]
SQL: SELECT `mingcheng` FROM `sanhaoguize` WHERE ( `id` = 2 ) LIMIT 1   [ RunTime:0.000629s ]

[ 2016-04-19T11:13:53+08:00 ] 172.30.2.168 /ping/Home/Pingyou/ajaxPastResult.html
INFO: [ app_begin ] --START--
INFO: ReadHtmlCache Behavior ::run [ RunTime:0.000958s ]
INFO: [ app_begin ] --END-- [ RunTime:0.001071s ]
SQL: SHOW COLUMNS FROM `sanhaojieguo` [ RunTime:0.002166s ]
SQL: SELECT * FROM `sanhaojieguo` WHERE ( `xueshengid` = 7 )  [ RunTime:0.000763s ]
SQL: SHOW COLUMNS FROM `term` [ RunTime:0.002001s ]
SQL: SELECT `name` FROM `term` WHERE ( `id` = 6 ) LIMIT 1   [ RunTime:0.000461s ]
SQL: SHOW COLUMNS FROM `sanhaoguize` [ RunTime:0.002421s ]
SQL: SELECT `mingcheng` FROM `sanhaoguize` WHERE ( `id` = 1 ) LIMIT 1   [ RunTime:0.000474s ]
SQL: SELECT `name` FROM `term` WHERE ( `id` = 6 ) LIMIT 1   [ RunTime:0.000449s ]
SQL: SELECT `mingcheng` FROM `sanhaoguize` WHERE ( `id` = 2 ) LIMIT 1   [ RunTime:0.000450s ]

[ 2016-04-19T11:13:54+08:00 ] 172.30.2.168 /ping/Home/Pingyou/ajaxPastResult.html
INFO: [ app_begin ] --START--
INFO: ReadHtmlCache Behavior ::run [ RunTime:0.000957s ]
INFO: [ app_begin ] --END-- [ RunTime:0.001070s ]
SQL: SHOW COLUMNS FROM `sanhaojieguo` [ RunTime:0.002324s ]
SQL: SELECT * FROM `sanhaojieguo` WHERE ( `xueshengid` = 7 )  [ RunTime:0.000847s ]
SQL: SHOW COLUMNS FROM `term` [ RunTime:0.002211s ]
SQL: SELECT `name` FROM `term` WHERE ( `id` = 6 ) LIMIT 1   [ RunTime:0.000630s ]
SQL: SHOW COLUMNS FROM `sanhaoguize` [ RunTime:0.002597s ]
SQL: SELECT `mingcheng` FROM `sanhaoguize` WHERE ( `id` = 1 ) LIMIT 1   [ RunTime:0.000642s ]
SQL: SELECT `name` FROM `term` WHERE ( `id` = 6 ) LIMIT 1   [ RunTime:0.000630s ]
SQL: SELECT `mingcheng` FROM `sanhaoguize` WHERE ( `id` = 2 ) LIMIT 1   [ RunTime:0.000705s ]

[ 2016-04-19T11:13:55+08:00 ] 172.30.2.168 /ping/Home/Pingyou/ajaxPastResult.html
INFO: [ app_begin ] --START--
INFO: ReadHtmlCache Behavior ::run [ RunTime:0.000958s ]
INFO: [ app_begin ] --END-- [ RunTime:0.001071s ]
SQL: SHOW COLUMNS FROM `sanhaojieguo` [ RunTime:0.002150s ]
SQL: SELECT * FROM `sanhaojieguo` WHERE ( `xueshengid` = 7 )  [ RunTime:0.000707s ]
SQL: SHOW COLUMNS FROM `term` [ RunTime:0.002022s ]
SQL: SELECT `name` FROM `term` WHERE ( `id` = 6 ) LIMIT 1   [ RunTime:0.000456s ]
SQL: SHOW COLUMNS FROM `sanhaoguize` [ RunTime:0.002319s ]
SQL: SELECT `mingcheng` FROM `sanhaoguize` WHERE ( `id` = 1 ) LIMIT 1   [ RunTime:0.000470s ]
SQL: SELECT `name` FROM `term` WHERE ( `id` = 6 ) LIMIT 1   [ RunTime:0.000447s ]
SQL: SELECT `mingcheng` FROM `sanhaoguize` WHERE ( `id` = 2 ) LIMIT 1   [ RunTime:0.000458s ]

[ 2016-04-19T11:14:17+08:00 ] 172.30.2.168 /ping/Home/Pingyou/ajaxPastResult.html
INFO: [ app_begin ] --START--
INFO: ReadHtmlCache Behavior ::run [ RunTime:0.000959s ]
INFO: [ app_begin ] --END-- [ RunTime:0.001073s ]
SQL: SHOW COLUMNS FROM `sanhaojieguo` [ RunTime:0.002231s ]
SQL: SELECT * FROM `sanhaojieguo` WHERE ( `xueshengid` = 7 )  [ RunTime:0.000774s ]
SQL: SHOW COLUMNS FROM `term` [ RunTime:0.002005s ]
SQL: SELECT `name` FROM `term` WHERE ( `id` = 6 ) LIMIT 1   [ RunTime:0.000476s ]
SQL: SHOW COLUMNS FROM `sanhaoguize` [ RunTime:0.002446s ]
SQL: SELECT `mingcheng` FROM `sanhaoguize` WHERE ( `id` = 1 ) LIMIT 1   [ RunTime:0.000473s ]
SQL: SELECT `name` FROM `term` WHERE ( `id` = 6 ) LIMIT 1   [ RunTime:0.000455s ]
SQL: SELECT `mingcheng` FROM `sanhaoguize` WHERE ( `id` = 2 ) LIMIT 1   [ RunTime:0.000455s ]

[ 2016-04-19T11:14:19+08:00 ] 172.30.2.168 /ping/Home/Pingyou/ajaxPastResult.html
INFO: [ app_begin ] --START--
INFO: ReadHtmlCache Behavior ::run [ RunTime:0.000957s ]
INFO: [ app_begin ] --END-- [ RunTime:0.001069s ]
SQL: SHOW COLUMNS FROM `sanhaojieguo` [ RunTime:0.002402s ]
SQL: SELECT * FROM `sanhaojieguo` WHERE ( `xueshengid` = 7 )  [ RunTime:0.000820s ]
SQL: SHOW COLUMNS FROM `term` [ RunTime:0.002161s ]
SQL: SELECT `name` FROM `term` WHERE ( `id` = 6 ) LIMIT 1   [ RunTime:0.000603s ]
SQL: SHOW COLUMNS FROM `sanhaoguize` [ RunTime:0.002590s ]
SQL: SELECT `mingcheng` FROM `sanhaoguize` WHERE ( `id` = 1 ) LIMIT 1   [ RunTime:0.000615s ]
SQL: SELECT `name` FROM `term` WHERE ( `id` = 6 ) LIMIT 1   [ RunTime:0.000596s ]
SQL: SELECT `mingcheng` FROM `sanhaoguize` WHERE ( `id` = 2 ) LIMIT 1   [ RunTime:0.000605s ]

[ 2016-04-19T11:15:01+08:00 ] 172.30.2.168 /ping/Home/Pingyou/ajaxPastResult.html
INFO: [ app_begin ] --START--
INFO: ReadHtmlCache Behavior ::run [ RunTime:0.001078s ]
INFO: [ app_begin ] --END-- [ RunTime:0.001193s ]
SQL: SHOW COLUMNS FROM `sanhaojieguo` [ RunTime:0.002364s ]
SQL: SELECT * FROM `sanhaojieguo` WHERE ( `xueshengid` = 8 )  [ RunTime:0.000817s ]
NOTIC: [2] Invalid argument supplied for foreach() E:\wamp\www\ping\App\Application\Home\Action\PingyouAction.class.php 第 181 行.
NOTIC: [8] Undefined variable: data E:\wamp\www\ping\App\Application\Home\Action\PingyouAction.class.php 第 187 行.

[ 2016-04-19T11:15:02+08:00 ] 172.30.2.168 /ping/Home/Pingyou/ajaxPastResult.html
INFO: [ app_begin ] --START--
INFO: ReadHtmlCache Behavior ::run [ RunTime:0.000959s ]
INFO: [ app_begin ] --END-- [ RunTime:0.001071s ]
SQL: SHOW COLUMNS FROM `sanhaojieguo` [ RunTime:0.002345s ]
SQL: SELECT * FROM `sanhaojieguo` WHERE ( `xueshengid` = 8 )  [ RunTime:0.000839s ]
NOTIC: [2] Invalid argument supplied for foreach() E:\wamp\www\ping\App\Application\Home\Action\PingyouAction.class.php 第 181 行.
NOTIC: [8] Undefined variable: data E:\wamp\www\ping\App\Application\Home\Action\PingyouAction.class.php 第 187 行.

[ 2016-04-19T11:15:13+08:00 ] 172.30.2.168 /ping/Home/Pingyou/ajaxPastResult.html
INFO: [ app_begin ] --START--
INFO: ReadHtmlCache Behavior ::run [ RunTime:0.000960s ]
INFO: [ app_begin ] --END-- [ RunTime:0.001073s ]
SQL: SHOW COLUMNS FROM `sanhaojieguo` [ RunTime:0.002240s ]
SQL: SELECT * FROM `sanhaojieguo` WHERE ( `xueshengid` = 9 )  [ RunTime:0.000771s ]
SQL: SHOW COLUMNS FROM `term` [ RunTime:0.002060s ]
SQL: SELECT `name` FROM `term` WHERE ( `id` = 6 ) LIMIT 1   [ RunTime:0.000525s ]
SQL: SHOW COLUMNS FROM `sanhaoguize` [ RunTime:0.002559s ]
SQL: SELECT `mingcheng` FROM `sanhaoguize` WHERE ( `id` = 3 ) LIMIT 1   [ RunTime:0.000516s ]

[ 2016-04-19T11:15:18+08:00 ] 172.30.2.168 /ping/Home/Pingyou/ajaxPastResult.html
INFO: [ app_begin ] --START--
INFO: ReadHtmlCache Behavior ::run [ RunTime:0.000961s ]
INFO: [ app_begin ] --END-- [ RunTime:0.001075s ]
SQL: SHOW COLUMNS FROM `sanhaojieguo` [ RunTime:0.002297s ]
SQL: SELECT * FROM `sanhaojieguo` WHERE ( `xueshengid` = 9 )  [ RunTime:0.000838s ]
SQL: SHOW COLUMNS FROM `term` [ RunTime:0.002142s ]
SQL: SELECT `name` FROM `term` WHERE ( `id` = 6 ) LIMIT 1   [ RunTime:0.000621s ]
SQL: SHOW COLUMNS FROM `sanhaoguize` [ RunTime:0.002491s ]
SQL: SELECT `mingcheng` FROM `sanhaoguize` WHERE ( `id` = 3 ) LIMIT 1   [ RunTime:0.000652s ]

[ 2016-04-19T11:16:19+08:00 ] 172.30.2.168 /ping/Home/Pingyou/ajaxPastResult.html
INFO: [ app_begin ] --START--
INFO: ReadHtmlCache Behavior ::run [ RunTime:0.000960s ]
INFO: [ app_begin ] --END-- [ RunTime:0.001071s ]
SQL: SHOW COLUMNS FROM `sanhaojieguo` [ RunTime:0.002404s ]
SQL: SELECT * FROM `sanhaojieguo` WHERE ( `xueshengid` = 10 )  [ RunTime:0.000816s ]
NOTIC: [2] Invalid argument supplied for foreach() E:\wamp\www\ping\App\Application\Home\Action\PingyouAction.class.php 第 181 行.
NOTIC: [8] Undefined variable: data E:\wamp\www\ping\App\Application\Home\Action\PingyouAction.class.php 第 187 行.

[ 2016-04-19T11:17:25+08:00 ] 172.30.2.168 /ping/Home/Pingyou/ajaxPastResult.html
INFO: [ app_begin ] --START--
INFO: ReadHtmlCache Behavior ::run [ RunTime:0.000958s ]
INFO: [ app_begin ] --END-- [ RunTime:0.001070s ]
SQL: SHOW COLUMNS FROM `sanhaojieguo` [ RunTime:0.002218s ]
SQL: SELECT * FROM `sanhaojieguo` WHERE ( `xueshengid` = 8 )  [ RunTime:0.000676s ]
NOTIC: [2] Invalid argument supplied for foreach() E:\wamp\www\ping\App\Application\Home\Action\PingyouAction.class.php 第 181 行.
NOTIC: [8] Undefined variable: data E:\wamp\www\ping\App\Application\Home\Action\PingyouAction.class.php 第 187 行.

[ 2016-04-19T11:17:26+08:00 ] 172.30.2.168 /ping/Home/Pingyou/ajaxPastResult.html
INFO: [ app_begin ] --START--
INFO: ReadHtmlCache Behavior ::run [ RunTime:0.000959s ]
INFO: [ app_begin ] --END-- [ RunTime:0.001071s ]
SQL: SHOW COLUMNS FROM `sanhaojieguo` [ RunTime:0.002350s ]
SQL: SELECT * FROM `sanhaojieguo` WHERE ( `xueshengid` = 8 )  [ RunTime:0.000804s ]
NOTIC: [2] Invalid argument supplied for foreach() E:\wamp\www\ping\App\Application\Home\Action\PingyouAction.class.php 第 181 行.
NOTIC: [8] Undefined variable: data E:\wamp\www\ping\App\Application\Home\Action\PingyouAction.class.php 第 187 行.

[ 2016-04-19T11:17:27+08:00 ] 172.30.2.168 /ping/Home/Pingyou/ajaxPastResult.html
INFO: [ app_begin ] --START--
INFO: ReadHtmlCache Behavior ::run [ RunTime:0.000958s ]
INFO: [ app_begin ] --END-- [ RunTime:0.001071s ]
SQL: SHOW COLUMNS FROM `sanhaojieguo` [ RunTime:0.002331s ]
SQL: SELECT * FROM `sanhaojieguo` WHERE ( `xueshengid` = 9 )  [ RunTime:0.000818s ]
SQL: SHOW COLUMNS FROM `term` [ RunTime:0.002140s ]
SQL: SELECT `name` FROM `term` WHERE ( `id` = 6 ) LIMIT 1   [ RunTime:0.000597s ]
SQL: SHOW COLUMNS FROM `sanhaoguize` [ RunTime:0.002485s ]
SQL: SELECT `mingcheng` FROM `sanhaoguize` WHERE ( `id` = 3 ) LIMIT 1   [ RunTime:0.000613s ]

[ 2016-04-19T11:17:28+08:00 ] 172.30.2.168 /ping/Home/Pingyou/ajaxPastResult.html
INFO: [ app_begin ] --START--
INFO: ReadHtmlCache Behavior ::run [ RunTime:0.000957s ]
INFO: [ app_begin ] --END-- [ RunTime:0.001070s ]
SQL: SHOW COLUMNS FROM `sanhaojieguo` [ RunTime:0.002309s ]
SQL: SELECT * FROM `sanhaojieguo` WHERE ( `xueshengid` = 9 )  [ RunTime:0.000825s ]
SQL: SHOW COLUMNS FROM `term` [ RunTime:0.002179s ]
SQL: SELECT `name` FROM `term` WHERE ( `id` = 6 ) LIMIT 1   [ RunTime:0.000634s ]
SQL: SHOW COLUMNS FROM `sanhaoguize` [ RunTime:0.002679s ]
SQL: SELECT `mingcheng` FROM `sanhaoguize` WHERE ( `id` = 3 ) LIMIT 1   [ RunTime:0.000638s ]

[ 2016-04-19T11:17:29+08:00 ] 172.30.2.168 /ping/Home/Pingyou/ajaxPastResult.html
INFO: [ app_begin ] --START--
INFO: ReadHtmlCache Behavior ::run [ RunTime:0.000959s ]
INFO: [ app_begin ] --END-- [ RunTime:0.001073s ]
SQL: SHOW COLUMNS FROM `sanhaojieguo` [ RunTime:0.002214s ]
SQL: SELECT * FROM `sanhaojieguo` WHERE ( `xueshengid` = 6 )  [ RunTime:0.000656s ]
NOTIC: [2] Invalid argument supplied for foreach() E:\wamp\www\ping\App\Application\Home\Action\PingyouAction.class.php 第 181 行.
NOTIC: [8] Undefined variable: data E:\wamp\www\ping\App\Application\Home\Action\PingyouAction.class.php 第 187 行.

[ 2016-04-19T11:17:30+08:00 ] 172.30.2.168 /ping/Home/Pingyou/ajaxPastResult.html
INFO: [ app_begin ] --START--
INFO: ReadHtmlCache Behavior ::run [ RunTime:0.000958s ]
INFO: [ app_begin ] --END-- [ RunTime:0.001070s ]
SQL: SHOW COLUMNS FROM `sanhaojieguo` [ RunTime:0.002261s ]
SQL: SELECT * FROM `sanhaojieguo` WHERE ( `xueshengid` = 6 )  [ RunTime:0.000803s ]
NOTIC: [2] Invalid argument supplied for foreach() E:\wamp\www\ping\App\Application\Home\Action\PingyouAction.class.php 第 181 行.
NOTIC: [8] Undefined variable: data E:\wamp\www\ping\App\Application\Home\Action\PingyouAction.class.php 第 187 行.

[ 2016-04-19T11:18:31+08:00 ] 172.30.2.168 /ping/Home/Pingyou/ajaxPastResult.html
INFO: [ app_begin ] --START--
INFO: ReadHtmlCache Behavior ::run [ RunTime:0.000961s ]
INFO: [ app_begin ] --END-- [ RunTime:0.001074s ]
SQL: SHOW COLUMNS FROM `sanhaojieguo` [ RunTime:0.002387s ]
SQL: SELECT * FROM `sanhaojieguo` WHERE ( `xueshengid` = 8 )  [ RunTime:0.000864s ]
NOTIC: [2] Invalid argument supplied for foreach() E:\wamp\www\ping\App\Application\Home\Action\PingyouAction.class.php 第 181 行.
NOTIC: [8] Undefined variable: data E:\wamp\www\ping\App\Application\Home\Action\PingyouAction.class.php 第 187 行.

[ 2016-04-19T11:18:31+08:00 ] 172.30.2.168 /ping/Home/Pingyou/ajaxPastResult.html
INFO: [ app_begin ] --START--
INFO: ReadHtmlCache Behavior ::run [ RunTime:0.000958s ]
INFO: [ app_begin ] --END-- [ RunTime:0.001071s ]
SQL: SHOW COLUMNS FROM `sanhaojieguo` [ RunTime:0.002214s ]
SQL: SELECT * FROM `sanhaojieguo` WHERE ( `xueshengid` = 6 )  [ RunTime:0.000821s ]
NOTIC: [2] Invalid argument supplied for foreach() E:\wamp\www\ping\App\Application\Home\Action\PingyouAction.class.php 第 181 行.
NOTIC: [8] Undefined variable: data E:\wamp\www\ping\App\Application\Home\Action\PingyouAction.class.php 第 187 行.

[ 2016-04-19T11:18:32+08:00 ] 172.30.2.168 /ping/Home/Pingyou/ajaxPastResult.html
INFO: [ app_begin ] --START--
INFO: ReadHtmlCache Behavior ::run [ RunTime:0.001044s ]
INFO: [ app_begin ] --END-- [ RunTime:0.001156s ]
SQL: SHOW COLUMNS FROM `sanhaojieguo` [ RunTime:0.002213s ]
SQL: SELECT * FROM `sanhaojieguo` WHERE ( `xueshengid` = 9 )  [ RunTime:0.000683s ]
SQL: SHOW COLUMNS FROM `term` [ RunTime:0.001981s ]
SQL: SELECT `name` FROM `term` WHERE ( `id` = 6 ) LIMIT 1   [ RunTime:0.000467s ]
SQL: SHOW COLUMNS FROM `sanhaoguize` [ RunTime:0.002459s ]
SQL: SELECT `mingcheng` FROM `sanhaoguize` WHERE ( `id` = 3 ) LIMIT 1   [ RunTime:0.000467s ]

[ 2016-04-19T11:18:36+08:00 ] 172.30.2.168 /ping/Home/Pingyou/ajaxPastResult.html
INFO: [ app_begin ] --START--
INFO: ReadHtmlCache Behavior ::run [ RunTime:0.000960s ]
INFO: [ app_begin ] --END-- [ RunTime:0.001072s ]
SQL: SHOW COLUMNS FROM `sanhaojieguo` [ RunTime:0.002389s ]
SQL: SELECT * FROM `sanhaojieguo` WHERE ( `xueshengid` = 2 )  [ RunTime:0.000788s ]
SQL: SHOW COLUMNS FROM `term` [ RunTime:0.002145s ]
SQL: SELECT `name` FROM `term` WHERE ( `id` = 6 ) LIMIT 1   [ RunTime:0.000620s ]
SQL: SHOW COLUMNS FROM `sanhaoguize` [ RunTime:0.002615s ]
SQL: SELECT `mingcheng` FROM `sanhaoguize` WHERE ( `id` = 3 ) LIMIT 1   [ RunTime:0.000620s ]

[ 2016-04-19T11:18:36+08:00 ] 172.30.2.168 /ping/Home/Pingyou/ajaxPastResult.html
INFO: [ app_begin ] --START--
INFO: ReadHtmlCache Behavior ::run [ RunTime:0.000959s ]
INFO: [ app_begin ] --END-- [ RunTime:0.001072s ]
SQL: SHOW COLUMNS FROM `sanhaojieguo` [ RunTime:0.002263s ]
SQL: SELECT * FROM `sanhaojieguo` WHERE ( `xueshengid` = 2 )  [ RunTime:0.000775s ]
SQL: SHOW COLUMNS FROM `term` [ RunTime:0.002145s ]
SQL: SELECT `name` FROM `term` WHERE ( `id` = 6 ) LIMIT 1   [ RunTime:0.000601s ]
SQL: SHOW COLUMNS FROM `sanhaoguize` [ RunTime:0.002598s ]
SQL: SELECT `mingcheng` FROM `sanhaoguize` WHERE ( `id` = 3 ) LIMIT 1   [ RunTime:0.000601s ]

[ 2016-04-19T11:18:41+08:00 ] 172.30.2.168 /ping/Home/Pingyou/ajaxPastResult.html
INFO: [ app_begin ] --START--
INFO: ReadHtmlCache Behavior ::run [ RunTime:0.000960s ]
INFO: [ app_begin ] --END-- [ RunTime:0.001071s ]
SQL: SHOW COLUMNS FROM `sanhaojieguo` [ RunTime:0.002224s ]
SQL: SELECT * FROM `sanhaojieguo` WHERE ( `xueshengid` = 2 )  [ RunTime:0.000829s ]
SQL: SHOW COLUMNS FROM `term` [ RunTime:0.002146s ]
SQL: SELECT `name` FROM `term` WHERE ( `id` = 6 ) LIMIT 1   [ RunTime:0.000604s ]
SQL: SHOW COLUMNS FROM `sanhaoguize` [ RunTime:0.002505s ]
SQL: SELECT `mingcheng` FROM `sanhaoguize` WHERE ( `id` = 3 ) LIMIT 1   [ RunTime:0.000621s ]

[ 2016-04-19T11:27:18+08:00 ] 172.30.2.168 /ping/Home/Pingyou/ajaxPastResult.html
INFO: [ app_begin ] --START--
INFO: ReadHtmlCache Behavior ::run [ RunTime:0.001077s ]
INFO: [ app_begin ] --END-- [ RunTime:0.001192s ]
SQL: SHOW COLUMNS FROM `sanhaojieguo` [ RunTime:0.002189s ]
SQL: SELECT * FROM `sanhaojieguo` WHERE ( `xueshengid` = 2 )  [ RunTime:0.000738s ]
SQL: SHOW COLUMNS FROM `term` [ RunTime:0.001984s ]
SQL: SELECT `name` FROM `term` WHERE ( `id` = 6 ) LIMIT 1   [ RunTime:0.000475s ]
SQL: SHOW COLUMNS FROM `sanhaoguize` [ RunTime:0.002517s ]
SQL: SELECT `mingcheng` FROM `sanhaoguize` WHERE ( `id` = 3 ) LIMIT 1   [ RunTime:0.000466s ]

[ 2016-04-19T11:27:22+08:00 ] 172.30.2.168 /ping/Home/Pingyou/ajaxPastResult.html
INFO: [ app_begin ] --START--
INFO: ReadHtmlCache Behavior ::run [ RunTime:0.000958s ]
INFO: [ app_begin ] --END-- [ RunTime:0.001071s ]
SQL: SHOW COLUMNS FROM `sanhaojieguo` [ RunTime:0.002381s ]
SQL: SELECT * FROM `sanhaojieguo` WHERE ( `xueshengid` = 2 )  [ RunTime:0.000832s ]
SQL: SHOW COLUMNS FROM `term` [ RunTime:0.002157s ]
SQL: SELECT `name` FROM `term` WHERE ( `id` = 6 ) LIMIT 1   [ RunTime:0.000622s ]
SQL: SHOW COLUMNS FROM `sanhaoguize` [ RunTime:0.002633s ]
SQL: SELECT `mingcheng` FROM `sanhaoguize` WHERE ( `id` = 3 ) LIMIT 1   [ RunTime:0.000629s ]

[ 2016-04-19T11:27:24+08:00 ] 172.30.2.168 /ping/Home/Pingyou/ajaxPastResult.html
INFO: [ app_begin ] --START--
INFO: ReadHtmlCache Behavior ::run [ RunTime:0.000958s ]
INFO: [ app_begin ] --END-- [ RunTime:0.001071s ]
SQL: SHOW COLUMNS FROM `sanhaojieguo` [ RunTime:0.002321s ]
SQL: SELECT * FROM `sanhaojieguo` WHERE ( `xueshengid` = 4 )  [ RunTime:0.000833s ]
SQL: SHOW COLUMNS FROM `term` [ RunTime:0.002161s ]
SQL: SELECT `name` FROM `term` WHERE ( `id` = 6 ) LIMIT 1   [ RunTime:0.000614s ]
SQL: SHOW COLUMNS FROM `sanhaoguize` [ RunTime:0.002545s ]
SQL: SELECT `mingcheng` FROM `sanhaoguize` WHERE ( `id` = 3 ) LIMIT 1   [ RunTime:0.000637s ]

[ 2016-04-19T11:27:25+08:00 ] 172.30.2.168 /ping/Home/Pingyou/ajaxPastResult.html
INFO: [ app_begin ] --START--
INFO: ReadHtmlCache Behavior ::run [ RunTime:0.000959s ]
INFO: [ app_begin ] --END-- [ RunTime:0.001071s ]
SQL: SHOW COLUMNS FROM `sanhaojieguo` [ RunTime:0.002391s ]
SQL: SELECT * FROM `sanhaojieguo` WHERE ( `xueshengid` = 4 )  [ RunTime:0.000844s ]
SQL: SHOW COLUMNS FROM `term` [ RunTime:0.002186s ]
SQL: SELECT `name` FROM `term` WHERE ( `id` = 6 ) LIMIT 1   [ RunTime:0.000621s ]
SQL: SHOW COLUMNS FROM `sanhaoguize` [ RunTime:0.002589s ]
SQL: SELECT `mingcheng` FROM `sanhaoguize` WHERE ( `id` = 3 ) LIMIT 1   [ RunTime:0.000620s ]

[ 2016-04-19T11:28:14+08:00 ] 172.30.2.168 /ping/Home/Pingyou/ajaxPastResult.html
INFO: [ app_begin ] --START--
INFO: ReadHtmlCache Behavior ::run [ RunTime:0.000962s ]
INFO: [ app_begin ] --END-- [ RunTime:0.001075s ]
SQL: SHOW COLUMNS FROM `sanhaojieguo` [ RunTime:0.002330s ]
SQL: SELECT * FROM `sanhaojieguo` WHERE ( `xueshengid` = 5 )  [ RunTime:0.000733s ]
SQL: SHOW COLUMNS FROM `term` [ RunTime:0.002163s ]
SQL: SELECT `name` FROM `term` WHERE ( `id` = 6 ) LIMIT 1   [ RunTime:0.000513s ]
SQL: SHOW COLUMNS FROM `sanhaoguize` [ RunTime:0.002533s ]
SQL: SELECT `mingcheng` FROM `sanhaoguize` WHERE ( `id` = 3 ) LIMIT 1   [ RunTime:0.000498s ]

[ 2016-04-19T11:28:15+08:00 ] 172.30.2.168 /ping/Home/Pingyou/ajaxPastResult.html
INFO: [ app_begin ] --START--
INFO: ReadHtmlCache Behavior ::run [ RunTime:0.000958s ]
INFO: [ app_begin ] --END-- [ RunTime:0.001070s ]
SQL: SHOW COLUMNS FROM `sanhaojieguo` [ RunTime:0.002209s ]
SQL: SELECT * FROM `sanhaojieguo` WHERE ( `xueshengid` = 5 )  [ RunTime:0.000833s ]
SQL: SHOW COLUMNS FROM `term` [ RunTime:0.002151s ]
SQL: SELECT `name` FROM `term` WHERE ( `id` = 6 ) LIMIT 1   [ RunTime:0.000624s ]
SQL: SHOW COLUMNS FROM `sanhaoguize` [ RunTime:0.002716s ]
SQL: SELECT `mingcheng` FROM `sanhaoguize` WHERE ( `id` = 3 ) LIMIT 1   [ RunTime:0.000601s ]

[ 2016-04-19T11:28:17+08:00 ] 172.30.2.168 /ping/Home/Pingyou/ajaxPastResult.html
INFO: [ app_begin ] --START--
INFO: ReadHtmlCache Behavior ::run [ RunTime:0.001067s ]
INFO: [ app_begin ] --END-- [ RunTime:0.001180s ]
SQL: SHOW COLUMNS FROM `sanhaojieguo` [ RunTime:0.002374s ]
SQL: SELECT * FROM `sanhaojieguo` WHERE ( `xueshengid` = 1 )  [ RunTime:0.000855s ]
SQL: SHOW COLUMNS FROM `term` [ RunTime:0.002204s ]
SQL: SELECT `name` FROM `term` WHERE ( `id` = 6 ) LIMIT 1   [ RunTime:0.000630s ]
SQL: SHOW COLUMNS FROM `sanhaoguize` [ RunTime:0.002647s ]
SQL: SELECT `mingcheng` FROM `sanhaoguize` WHERE ( `id` = 1 ) LIMIT 1   [ RunTime:0.000621s ]
SQL: SELECT `name` FROM `term` WHERE ( `id` = 6 ) LIMIT 1   [ RunTime:0.000635s ]
SQL: SELECT `mingcheng` FROM `sanhaoguize` WHERE ( `id` = 2 ) LIMIT 1   [ RunTime:0.000701s ]

[ 2016-04-19T11:28:17+08:00 ] 172.30.2.168 /ping/Home/Pingyou/ajaxPastResult.html
INFO: [ app_begin ] --START--
INFO: ReadHtmlCache Behavior ::run [ RunTime:0.000959s ]
INFO: [ app_begin ] --END-- [ RunTime:0.001070s ]
SQL: SHOW COLUMNS FROM `sanhaojieguo` [ RunTime:0.002368s ]
SQL: SELECT * FROM `sanhaojieguo` WHERE ( `xueshengid` = 1 )  [ RunTime:0.000853s ]
SQL: SHOW COLUMNS FROM `term` [ RunTime:0.002187s ]
SQL: SELECT `name` FROM `term` WHERE ( `id` = 6 ) LIMIT 1   [ RunTime:0.000633s ]
SQL: SHOW COLUMNS FROM `sanhaoguize` [ RunTime:0.002553s ]
SQL: SELECT `mingcheng` FROM `sanhaoguize` WHERE ( `id` = 1 ) LIMIT 1   [ RunTime:0.000625s ]
SQL: SELECT `name` FROM `term` WHERE ( `id` = 6 ) LIMIT 1   [ RunTime:0.000599s ]
SQL: SELECT `mingcheng` FROM `sanhaoguize` WHERE ( `id` = 2 ) LIMIT 1   [ RunTime:0.000692s ]

[ 2016-04-19T11:29:22+08:00 ] 172.30.2.168 /ping/Home/Pingyou/ajaxPastResult.html
INFO: [ app_begin ] --START--
INFO: ReadHtmlCache Behavior ::run [ RunTime:0.001076s ]
INFO: [ app_begin ] --END-- [ RunTime:0.001190s ]
SQL: SHOW COLUMNS FROM `sanhaojieguo` [ RunTime:0.002379s ]
SQL: SELECT * FROM `sanhaojieguo` WHERE ( `xueshengid` = 1 )  [ RunTime:0.000856s ]
SQL: SHOW COLUMNS FROM `term` [ RunTime:0.002122s ]
SQL: SELECT `name` FROM `term` WHERE ( `id` = 6 ) LIMIT 1   [ RunTime:0.000596s ]
SQL: SHOW COLUMNS FROM `sanhaoguize` [ RunTime:0.002586s ]
SQL: SELECT `mingcheng` FROM `sanhaoguize` WHERE ( `id` = 1 ) LIMIT 1   [ RunTime:0.000606s ]
SQL: SELECT `name` FROM `term` WHERE ( `id` = 6 ) LIMIT 1   [ RunTime:0.000594s ]
SQL: SELECT `mingcheng` FROM `sanhaoguize` WHERE ( `id` = 2 ) LIMIT 1   [ RunTime:0.000604s ]

[ 2016-04-19T11:29:22+08:00 ] 172.30.2.168 /ping/Home/Pingyou/ajaxPastResult.html
INFO: [ app_begin ] --START--
INFO: ReadHtmlCache Behavior ::run [ RunTime:0.000960s ]
INFO: [ app_begin ] --END-- [ RunTime:0.001072s ]
SQL: SHOW COLUMNS FROM `sanhaojieguo` [ RunTime:0.002297s ]
SQL: SELECT * FROM `sanhaojieguo` WHERE ( `xueshengid` = 1 )  [ RunTime:0.000831s ]
SQL: SHOW COLUMNS FROM `term` [ RunTime:0.002134s ]
SQL: SELECT `name` FROM `term` WHERE ( `id` = 6 ) LIMIT 1   [ RunTime:0.000600s ]
SQL: SHOW COLUMNS FROM `sanhaoguize` [ RunTime:0.002610s ]
SQL: SELECT `mingcheng` FROM `sanhaoguize` WHERE ( `id` = 1 ) LIMIT 1   [ RunTime:0.000605s ]
SQL: SELECT `name` FROM `term` WHERE ( `id` = 6 ) LIMIT 1   [ RunTime:0.000593s ]
SQL: SELECT `mingcheng` FROM `sanhaoguize` WHERE ( `id` = 2 ) LIMIT 1   [ RunTime:0.000594s ]

[ 2016-04-19T11:29:58+08:00 ] 172.30.2.168 /ping/Home/Pingyou/ajaxPastResult.html
INFO: [ app_begin ] --START--
INFO: ReadHtmlCache Behavior ::run [ RunTime:0.000959s ]
INFO: [ app_begin ] --END-- [ RunTime:0.001072s ]
SQL: SHOW COLUMNS FROM `sanhaojieguo` [ RunTime:0.002192s ]
SQL: SELECT * FROM `sanhaojieguo` WHERE ( `xueshengid` = 1 )  [ RunTime:0.000719s ]
SQL: SHOW COLUMNS FROM `term` [ RunTime:0.001986s ]
SQL: SELECT `name` FROM `term` WHERE ( `id` = 6 ) LIMIT 1   [ RunTime:0.000471s ]
SQL: SHOW COLUMNS FROM `sanhaoguize` [ RunTime:0.002374s ]
SQL: SELECT `mingcheng` FROM `sanhaoguize` WHERE ( `id` = 1 ) LIMIT 1   [ RunTime:0.000470s ]
SQL: SELECT `name` FROM `term` WHERE ( `id` = 6 ) LIMIT 1   [ RunTime:0.000456s ]
SQL: SELECT `mingcheng` FROM `sanhaoguize` WHERE ( `id` = 2 ) LIMIT 1   [ RunTime:0.000456s ]

[ 2016-04-19T11:29:58+08:00 ] 172.30.2.168 /ping/Home/Pingyou/ajaxPastResult.html
INFO: [ app_begin ] --START--
INFO: ReadHtmlCache Behavior ::run [ RunTime:0.000960s ]
INFO: [ app_begin ] --END-- [ RunTime:0.001072s ]
SQL: SHOW COLUMNS FROM `sanhaojieguo` [ RunTime:0.002368s ]
SQL: SELECT * FROM `sanhaojieguo` WHERE ( `xueshengid` = 1 )  [ RunTime:0.000802s ]
SQL: SHOW COLUMNS FROM `term` [ RunTime:0.002164s ]
SQL: SELECT `name` FROM `term` WHERE ( `id` = 6 ) LIMIT 1   [ RunTime:0.000646s ]
SQL: SHOW COLUMNS FROM `sanhaoguize` [ RunTime:0.002559s ]
SQL: SELECT `mingcheng` FROM `sanhaoguize` WHERE ( `id` = 1 ) LIMIT 1   [ RunTime:0.000653s ]
SQL: SELECT `name` FROM `term` WHERE ( `id` = 6 ) LIMIT 1   [ RunTime:0.000636s ]
SQL: SELECT `mingcheng` FROM `sanhaoguize` WHERE ( `id` = 2 ) LIMIT 1   [ RunTime:0.000845s ]

[ 2016-04-19T11:30:04+08:00 ] 172.30.2.168 /ping/Home/Pingyou/ajaxPastResult.html
INFO: [ app_begin ] --START--
INFO: ReadHtmlCache Behavior ::run [ RunTime:0.000959s ]
INFO: [ app_begin ] --END-- [ RunTime:0.001072s ]
SQL: SHOW COLUMNS FROM `sanhaojieguo` [ RunTime:0.002202s ]
SQL: SELECT * FROM `sanhaojieguo` WHERE ( `xueshengid` = 1 )  [ RunTime:0.000723s ]
SQL: SHOW COLUMNS FROM `term` [ RunTime:0.002019s ]
SQL: SELECT `name` FROM `term` WHERE ( `id` = 6 ) LIMIT 1   [ RunTime:0.000479s ]
SQL: SHOW COLUMNS FROM `sanhaoguize` [ RunTime:0.002480s ]
SQL: SELECT `mingcheng` FROM `sanhaoguize` WHERE ( `id` = 1 ) LIMIT 1   [ RunTime:0.000542s ]
SQL: SELECT `name` FROM `term` WHERE ( `id` = 6 ) LIMIT 1   [ RunTime:0.000558s ]
SQL: SELECT `mingcheng` FROM `sanhaoguize` WHERE ( `id` = 2 ) LIMIT 1   [ RunTime:0.000550s ]

[ 2016-04-19T11:30:04+08:00 ] 172.30.2.168 /ping/Home/Pingyou/ajaxPastResult.html
INFO: [ app_begin ] --START--
INFO: ReadHtmlCache Behavior ::run [ RunTime:0.001079s ]
INFO: [ app_begin ] --END-- [ RunTime:0.001193s ]
SQL: SHOW COLUMNS FROM `sanhaojieguo` [ RunTime:0.002070s ]
SQL: SELECT * FROM `sanhaojieguo` WHERE ( `xueshengid` = 1 )  [ RunTime:0.000751s ]
SQL: SHOW COLUMNS FROM `term` [ RunTime:0.002052s ]
SQL: SELECT `name` FROM `term` WHERE ( `id` = 6 ) LIMIT 1   [ RunTime:0.000429s ]
SQL: SHOW COLUMNS FROM `sanhaoguize` [ RunTime:0.002386s ]
SQL: SELECT `mingcheng` FROM `sanhaoguize` WHERE ( `id` = 1 ) LIMIT 1   [ RunTime:0.000470s ]
SQL: SELECT `name` FROM `term` WHERE ( `id` = 6 ) LIMIT 1   [ RunTime:0.000451s ]
SQL: SELECT `mingcheng` FROM `sanhaoguize` WHERE ( `id` = 2 ) LIMIT 1   [ RunTime:0.000454s ]

[ 2016-04-19T11:30:05+08:00 ] 172.30.2.168 /ping/Home/Pingyou/ajaxPastResult.html
INFO: [ app_begin ] --START--
INFO: ReadHtmlCache Behavior ::run [ RunTime:0.000958s ]
INFO: [ app_begin ] --END-- [ RunTime:0.001070s ]
SQL: SHOW COLUMNS FROM `sanhaojieguo` [ RunTime:0.002113s ]
SQL: SELECT * FROM `sanhaojieguo` WHERE ( `xueshengid` = 1 )  [ RunTime:0.000710s ]
SQL: SHOW COLUMNS FROM `term` [ RunTime:0.002001s ]
SQL: SELECT `name` FROM `term` WHERE ( `id` = 6 ) LIMIT 1   [ RunTime:0.000457s ]
SQL: SHOW COLUMNS FROM `sanhaoguize` [ RunTime:0.002446s ]
SQL: SELECT `mingcheng` FROM `sanhaoguize` WHERE ( `id` = 1 ) LIMIT 1   [ RunTime:0.000479s ]
SQL: SELECT `name` FROM `term` WHERE ( `id` = 6 ) LIMIT 1   [ RunTime:0.000457s ]
SQL: SELECT `mingcheng` FROM `sanhaoguize` WHERE ( `id` = 2 ) LIMIT 1   [ RunTime:0.000451s ]

[ 2016-04-19T13:59:07+08:00 ] 172.30.2.168 /ping/Admin/Project/modify/id/7.html
NOTIC: 建议使用I方法替代_param

