[ 2016-03-18T16:06:51+08:00 ] 172.30.2.66 /ping/index.php/Home/Enrollment/ajaxAdd.html
INFO: [ app_begin ] --START--
INFO: ReadHtmlCache Behavior ::run [ RunTime:0.001071s ]
INFO: [ app_begin ] --END-- [ RunTime:0.001186s ]
SQL: SHOW COLUMNS FROM `term` [ RunTime:0.002112s ]
SQL: SELECT * FROM `term` WHERE ( `status` = 1 ) LIMIT 1   [ RunTime:0.000625s ]
SQL: SHOW COLUMNS FROM `enrollment_list` [ RunTime:0.002394s ]
SQL: SELECT * FROM `enrollment_list` WHERE ( `eid` = 10 ) AND ( `cid` = 31 ) AND ( `sid` = 115 ) AND ( `tid` = 6 ) LIMIT 1   [ RunTime:0.000928s ]
SQL: SHOW COLUMNS FROM `enrollment` [ RunTime:0.002369s ]
SQL: SELECT * FROM `enrollment` WHERE ( `id` = 10 ) LIMIT 1   [ RunTime:0.000729s ]
SQL: SELECT COUNT(*) AS tp_count FROM `enrollment_list` WHERE ( `eid` = 10 ) AND ( `sid` = 115 ) AND ( `tid` = 6 ) LIMIT 1   [ RunTime:0.000801s ]
SQL: SHOW COLUMNS FROM `enrollment_content` [ RunTime:0.002800s ]
SQL: SELECT * FROM `enrollment_content` WHERE ( `id` = 31 ) LIMIT 1   [ RunTime:0.000773s ]
SQL: SELECT COUNT(*) AS tp_count FROM `enrollment_list` WHERE ( `cid` = 31 ) AND ( `bid` = 51 ) AND ( `tid` = 6 ) LIMIT 1   [ RunTime:0.000802s ]
SQL: SHOW COLUMNS FROM `student` [ RunTime:0.002381s ]
SQL: SELECT * FROM `student` WHERE ( `id` = 115 ) LIMIT 1   [ RunTime:0.000702s ]
SQL: SELECT `sid` FROM `enrollment_list` WHERE ( `cid` = 31 ) AND ( `bid` = 51 ) AND ( `tid` = 6 )  [ RunTime:0.000774s ]
NOTIC: [2] implode() [<a href='function.implode'>function.implode</a>]: Invalid arguments passed E:\wamp\www\ping\ThinkPHP\Lib\Core\Db.class.php 第 497 行.
SQL: SELECT COUNT(*) AS tp_count FROM `student` WHERE ( `id` IN () ) AND ( `xingbie` = 1 ) LIMIT 1   [ RunTime:0.000540s ]
ERR: 1064:You have an error in your SQL syntax; check the manual that corresponds to your MySQL server version for the right syntax to use near ') ) AND ( `xingbie` = 1 ) LIMIT 1' at line 1
 [ SQL语句 ] : SELECT COUNT(*) AS tp_count FROM `student` WHERE ( `id` IN () ) AND ( `xingbie` = 1 ) LIMIT 1  
NOTIC: [2] implode() [<a href='function.implode'>function.implode</a>]: Invalid arguments passed E:\wamp\www\ping\ThinkPHP\Lib\Core\Db.class.php 第 497 行.
SQL: SELECT COUNT(*) AS tp_count FROM `student` WHERE ( `id` IN () ) AND ( `xingbie` = 0 ) LIMIT 1   [ RunTime:0.000540s ]
ERR: 1064:You have an error in your SQL syntax; check the manual that corresponds to your MySQL server version for the right syntax to use near ') ) AND ( `xingbie` = 0 ) LIMIT 1' at line 1
 [ SQL语句 ] : SELECT COUNT(*) AS tp_count FROM `student` WHERE ( `id` IN () ) AND ( `xingbie` = 0 ) LIMIT 1  
SQL: INSERT INTO `enrollment_list` (`eid`,`cid`,`bid`,`sid`,`tid`) VALUES (10,31,51,115,6) [ RunTime:0.043980s ]

[ 2016-03-18T16:06:58+08:00 ] 172.30.2.66 /ping/index.php/Home/Enrollment/ajaxAdd.html
INFO: [ app_begin ] --START--
INFO: ReadHtmlCache Behavior ::run [ RunTime:0.000962s ]
INFO: [ app_begin ] --END-- [ RunTime:0.001076s ]
SQL: SHOW COLUMNS FROM `term` [ RunTime:0.002053s ]
SQL: SELECT * FROM `term` WHERE ( `status` = 1 ) LIMIT 1   [ RunTime:0.000522s ]
SQL: SHOW COLUMNS FROM `enrollment_list` [ RunTime:0.002217s ]
SQL: SELECT * FROM `enrollment_list` WHERE ( `eid` = 10 ) AND ( `cid` = 31 ) AND ( `sid` = 111 ) AND ( `tid` = 6 ) LIMIT 1   [ RunTime:0.000735s ]
SQL: SHOW COLUMNS FROM `enrollment` [ RunTime:0.002220s ]
SQL: SELECT * FROM `enrollment` WHERE ( `id` = 10 ) LIMIT 1   [ RunTime:0.000555s ]
SQL: SELECT COUNT(*) AS tp_count FROM `enrollment_list` WHERE ( `eid` = 10 ) AND ( `sid` = 111 ) AND ( `tid` = 6 ) LIMIT 1   [ RunTime:0.000637s ]
SQL: SHOW COLUMNS FROM `enrollment_content` [ RunTime:0.002505s ]
SQL: SELECT * FROM `enrollment_content` WHERE ( `id` = 31 ) LIMIT 1   [ RunTime:0.000613s ]
SQL: SELECT COUNT(*) AS tp_count FROM `enrollment_list` WHERE ( `cid` = 31 ) AND ( `bid` = 51 ) AND ( `tid` = 6 ) LIMIT 1   [ RunTime:0.000639s ]
SQL: SHOW COLUMNS FROM `student` [ RunTime:0.002228s ]
SQL: SELECT * FROM `student` WHERE ( `id` = 111 ) LIMIT 1   [ RunTime:0.000532s ]
SQL: SELECT `sid` FROM `enrollment_list` WHERE ( `cid` = 31 ) AND ( `bid` = 51 ) AND ( `tid` = 6 )  [ RunTime:0.000642s ]
SQL: SELECT COUNT(*) AS tp_count FROM `student` WHERE ( `id` IN ('115') ) AND ( `xingbie` = 1 ) LIMIT 1   [ RunTime:0.000506s ]
SQL: SELECT COUNT(*) AS tp_count FROM `student` WHERE ( `id` IN ('115') ) AND ( `xingbie` = 0 ) LIMIT 1   [ RunTime:0.000509s ]
SQL: INSERT INTO `enrollment_list` (`eid`,`cid`,`bid`,`sid`,`tid`) VALUES (10,31,51,111,6) [ RunTime:0.048475s ]

[ 2016-03-18T16:07:05+08:00 ] 172.30.2.66 /ping/index.php/Home/Enrollment/ajaxAdd.html
INFO: [ app_begin ] --START--
INFO: ReadHtmlCache Behavior ::run [ RunTime:0.000961s ]
INFO: [ app_begin ] --END-- [ RunTime:0.001073s ]
SQL: SHOW COLUMNS FROM `term` [ RunTime:0.002110s ]
SQL: SELECT * FROM `term` WHERE ( `status` = 1 ) LIMIT 1   [ RunTime:0.000598s ]
SQL: SHOW COLUMNS FROM `enrollment_list` [ RunTime:0.002290s ]
SQL: SELECT * FROM `enrollment_list` WHERE ( `eid` = 10 ) AND ( `cid` = 31 ) AND ( `sid` = 101 ) AND ( `tid` = 6 ) LIMIT 1   [ RunTime:0.000787s ]
SQL: SHOW COLUMNS FROM `enrollment` [ RunTime:0.002247s ]
SQL: SELECT * FROM `enrollment` WHERE ( `id` = 10 ) LIMIT 1   [ RunTime:0.000550s ]
SQL: SELECT COUNT(*) AS tp_count FROM `enrollment_list` WHERE ( `eid` = 10 ) AND ( `sid` = 101 ) AND ( `tid` = 6 ) LIMIT 1   [ RunTime:0.000649s ]
SQL: SHOW COLUMNS FROM `enrollment_content` [ RunTime:0.002566s ]
SQL: SELECT * FROM `enrollment_content` WHERE ( `id` = 31 ) LIMIT 1   [ RunTime:0.000611s ]
SQL: SELECT COUNT(*) AS tp_count FROM `enrollment_list` WHERE ( `cid` = 31 ) AND ( `bid` = 51 ) AND ( `tid` = 6 ) LIMIT 1   [ RunTime:0.000643s ]
SQL: SHOW COLUMNS FROM `student` [ RunTime:0.002255s ]
SQL: SELECT * FROM `student` WHERE ( `id` = 101 ) LIMIT 1   [ RunTime:0.000533s ]
SQL: SELECT `sid` FROM `enrollment_list` WHERE ( `cid` = 31 ) AND ( `bid` = 51 ) AND ( `tid` = 6 )  [ RunTime:0.000646s ]
SQL: SELECT COUNT(*) AS tp_count FROM `student` WHERE ( `id` IN ('115','111') ) AND ( `xingbie` = 1 ) LIMIT 1   [ RunTime:0.000559s ]
SQL: SELECT COUNT(*) AS tp_count FROM `student` WHERE ( `id` IN ('115','111') ) AND ( `xingbie` = 0 ) LIMIT 1   [ RunTime:0.000547s ]
SQL: INSERT INTO `enrollment_list` (`eid`,`cid`,`bid`,`sid`,`tid`) VALUES (10,31,51,101,6) [ RunTime:0.028758s ]

[ 2016-03-18T16:07:10+08:00 ] 172.30.2.66 /ping/index.php/Home/Enrollment/ajaxAdd.html
INFO: [ app_begin ] --START--
INFO: ReadHtmlCache Behavior ::run [ RunTime:0.000961s ]
INFO: [ app_begin ] --END-- [ RunTime:0.001075s ]
SQL: SHOW COLUMNS FROM `term` [ RunTime:0.002303s ]
SQL: SELECT * FROM `term` WHERE ( `status` = 1 ) LIMIT 1   [ RunTime:0.000710s ]
SQL: SHOW COLUMNS FROM `enrollment_list` [ RunTime:0.002426s ]
SQL: SELECT * FROM `enrollment_list` WHERE ( `eid` = 10 ) AND ( `cid` = 31 ) AND ( `sid` = 106 ) AND ( `tid` = 6 ) LIMIT 1   [ RunTime:0.000923s ]
SQL: SHOW COLUMNS FROM `enrollment` [ RunTime:0.002364s ]
SQL: SELECT * FROM `enrollment` WHERE ( `id` = 10 ) LIMIT 1   [ RunTime:0.000663s ]
SQL: SELECT COUNT(*) AS tp_count FROM `enrollment_list` WHERE ( `eid` = 10 ) AND ( `sid` = 106 ) AND ( `tid` = 6 ) LIMIT 1   [ RunTime:0.000757s ]
SQL: SHOW COLUMNS FROM `enrollment_content` [ RunTime:0.002635s ]
SQL: SELECT * FROM `enrollment_content` WHERE ( `id` = 31 ) LIMIT 1   [ RunTime:0.000726s ]
SQL: SELECT COUNT(*) AS tp_count FROM `enrollment_list` WHERE ( `cid` = 31 ) AND ( `bid` = 51 ) AND ( `tid` = 6 ) LIMIT 1   [ RunTime:0.000754s ]
SQL: SHOW COLUMNS FROM `student` [ RunTime:0.002355s ]
SQL: SELECT * FROM `student` WHERE ( `id` = 106 ) LIMIT 1   [ RunTime:0.000631s ]
SQL: SELECT `sid` FROM `enrollment_list` WHERE ( `cid` = 31 ) AND ( `bid` = 51 ) AND ( `tid` = 6 )  [ RunTime:0.000653s ]
SQL: SELECT COUNT(*) AS tp_count FROM `student` WHERE ( `id` IN ('115','111','101') ) AND ( `xingbie` = 1 ) LIMIT 1   [ RunTime:0.000584s ]
SQL: SELECT COUNT(*) AS tp_count FROM `student` WHERE ( `id` IN ('115','111','101') ) AND ( `xingbie` = 0 ) LIMIT 1   [ RunTime:0.000563s ]
SQL: INSERT INTO `enrollment_list` (`eid`,`cid`,`bid`,`sid`,`tid`) VALUES (10,31,51,106,6) [ RunTime:0.041204s ]

[ 2016-03-18T16:07:16+08:00 ] 172.30.2.66 /ping/index.php/Home/Enrollment/ajaxAdd.html
INFO: [ app_begin ] --START--
INFO: ReadHtmlCache Behavior ::run [ RunTime:0.000961s ]
INFO: [ app_begin ] --END-- [ RunTime:0.001075s ]
SQL: SHOW COLUMNS FROM `term` [ RunTime:0.002145s ]
SQL: SELECT * FROM `term` WHERE ( `status` = 1 ) LIMIT 1   [ RunTime:0.000560s ]
SQL: SHOW COLUMNS FROM `enrollment_list` [ RunTime:0.002385s ]
SQL: SELECT * FROM `enrollment_list` WHERE ( `eid` = 10 ) AND ( `cid` = 31 ) AND ( `sid` = 110 ) AND ( `tid` = 6 ) LIMIT 1   [ RunTime:0.000894s ]
SQL: SHOW COLUMNS FROM `enrollment` [ RunTime:0.002385s ]
SQL: SELECT * FROM `enrollment` WHERE ( `id` = 10 ) LIMIT 1   [ RunTime:0.000715s ]
SQL: SELECT COUNT(*) AS tp_count FROM `enrollment_list` WHERE ( `eid` = 10 ) AND ( `sid` = 110 ) AND ( `tid` = 6 ) LIMIT 1   [ RunTime:0.000801s ]
SQL: SHOW COLUMNS FROM `enrollment_content` [ RunTime:0.002728s ]
SQL: SELECT * FROM `enrollment_content` WHERE ( `id` = 31 ) LIMIT 1   [ RunTime:0.000770s ]
SQL: SELECT COUNT(*) AS tp_count FROM `enrollment_list` WHERE ( `cid` = 31 ) AND ( `bid` = 51 ) AND ( `tid` = 6 ) LIMIT 1   [ RunTime:0.000791s ]
SQL: SHOW COLUMNS FROM `student` [ RunTime:0.002398s ]
SQL: SELECT * FROM `student` WHERE ( `id` = 110 ) LIMIT 1   [ RunTime:0.000702s ]
SQL: SELECT `sid` FROM `enrollment_list` WHERE ( `cid` = 31 ) AND ( `bid` = 51 ) AND ( `tid` = 6 )  [ RunTime:0.000799s ]
SQL: SELECT COUNT(*) AS tp_count FROM `student` WHERE ( `id` IN ('115','111','101','106') ) AND ( `xingbie` = 1 ) LIMIT 1   [ RunTime:0.000745s ]
SQL: SELECT COUNT(*) AS tp_count FROM `student` WHERE ( `id` IN ('115','111','101','106') ) AND ( `xingbie` = 0 ) LIMIT 1   [ RunTime:0.000717s ]
SQL: INSERT INTO `enrollment_list` (`eid`,`cid`,`bid`,`sid`,`tid`) VALUES (10,31,51,110,6) [ RunTime:0.033734s ]

[ 2016-03-18T16:07:21+08:00 ] 172.30.2.66 /ping/index.php/Home/Enrollment/ajaxAdd.html
INFO: [ app_begin ] --START--
INFO: ReadHtmlCache Behavior ::run [ RunTime:0.000961s ]
INFO: [ app_begin ] --END-- [ RunTime:0.001074s ]
SQL: SHOW COLUMNS FROM `term` [ RunTime:0.002002s ]
SQL: SELECT * FROM `term` WHERE ( `status` = 1 ) LIMIT 1   [ RunTime:0.000590s ]
SQL: SHOW COLUMNS FROM `enrollment_list` [ RunTime:0.002263s ]
SQL: SELECT * FROM `enrollment_list` WHERE ( `eid` = 10 ) AND ( `cid` = 31 ) AND ( `sid` = 103 ) AND ( `tid` = 6 ) LIMIT 1   [ RunTime:0.000805s ]
SQL: SHOW COLUMNS FROM `enrollment` [ RunTime:0.002268s ]
SQL: SELECT * FROM `enrollment` WHERE ( `id` = 10 ) LIMIT 1   [ RunTime:0.000551s ]
SQL: SELECT COUNT(*) AS tp_count FROM `enrollment_list` WHERE ( `eid` = 10 ) AND ( `sid` = 103 ) AND ( `tid` = 6 ) LIMIT 1   [ RunTime:0.000644s ]
SQL: SHOW COLUMNS FROM `enrollment_content` [ RunTime:0.002516s ]
SQL: SELECT * FROM `enrollment_content` WHERE ( `id` = 31 ) LIMIT 1   [ RunTime:0.000613s ]
SQL: SELECT COUNT(*) AS tp_count FROM `enrollment_list` WHERE ( `cid` = 31 ) AND ( `bid` = 51 ) AND ( `tid` = 6 ) LIMIT 1   [ RunTime:0.000643s ]
SQL: SHOW COLUMNS FROM `student` [ RunTime:0.002220s ]
SQL: SELECT * FROM `student` WHERE ( `id` = 103 ) LIMIT 1   [ RunTime:0.000540s ]
SQL: SELECT `sid` FROM `enrollment_list` WHERE ( `cid` = 31 ) AND ( `bid` = 51 ) AND ( `tid` = 6 )  [ RunTime:0.000655s ]
SQL: SELECT COUNT(*) AS tp_count FROM `student` WHERE ( `id` IN ('115','111','101','106','110') ) AND ( `xingbie` = 1 ) LIMIT 1   [ RunTime:0.000602s ]
SQL: SELECT COUNT(*) AS tp_count FROM `student` WHERE ( `id` IN ('115','111','101','106','110') ) AND ( `xingbie` = 0 ) LIMIT 1   [ RunTime:0.000594s ]
SQL: INSERT INTO `enrollment_list` (`eid`,`cid`,`bid`,`sid`,`tid`) VALUES (10,31,51,103,6) [ RunTime:0.049511s ]

[ 2016-03-18T16:07:45+08:00 ] 172.30.2.66 /ping/index.php/Home/Enrollment/ajaxAdd.html
INFO: [ app_begin ] --START--
INFO: ReadHtmlCache Behavior ::run [ RunTime:0.000961s ]
INFO: [ app_begin ] --END-- [ RunTime:0.001075s ]
SQL: SHOW COLUMNS FROM `term` [ RunTime:0.002075s ]
SQL: SELECT * FROM `term` WHERE ( `status` = 1 ) LIMIT 1   [ RunTime:0.000583s ]
SQL: SHOW COLUMNS FROM `enrollment_list` [ RunTime:0.002223s ]
SQL: SELECT * FROM `enrollment_list` WHERE ( `eid` = 10 ) AND ( `cid` = 31 ) AND ( `sid` = 114 ) AND ( `tid` = 6 ) LIMIT 1   [ RunTime:0.000756s ]
SQL: SHOW COLUMNS FROM `enrollment` [ RunTime:0.002223s ]
SQL: SELECT * FROM `enrollment` WHERE ( `id` = 10 ) LIMIT 1   [ RunTime:0.000559s ]
SQL: SELECT COUNT(*) AS tp_count FROM `enrollment_list` WHERE ( `eid` = 10 ) AND ( `sid` = 114 ) AND ( `tid` = 6 ) LIMIT 1   [ RunTime:0.000646s ]
SQL: SHOW COLUMNS FROM `enrollment_content` [ RunTime:0.002613s ]
SQL: SELECT * FROM `enrollment_content` WHERE ( `id` = 31 ) LIMIT 1   [ RunTime:0.000611s ]
SQL: SELECT COUNT(*) AS tp_count FROM `enrollment_list` WHERE ( `cid` = 31 ) AND ( `bid` = 51 ) AND ( `tid` = 6 ) LIMIT 1   [ RunTime:0.000645s ]
SQL: SHOW COLUMNS FROM `student` [ RunTime:0.002258s ]
SQL: SELECT * FROM `student` WHERE ( `id` = 114 ) LIMIT 1   [ RunTime:0.000536s ]
SQL: SELECT `sid` FROM `enrollment_list` WHERE ( `cid` = 31 ) AND ( `bid` = 51 ) AND ( `tid` = 6 )  [ RunTime:0.000666s ]
SQL: SELECT COUNT(*) AS tp_count FROM `student` WHERE ( `id` IN ('115','111','101','106','110','103') ) AND ( `xingbie` = 1 ) LIMIT 1   [ RunTime:0.000614s ]
SQL: SELECT COUNT(*) AS tp_count FROM `student` WHERE ( `id` IN ('115','111','101','106','110','103') ) AND ( `xingbie` = 0 ) LIMIT 1   [ RunTime:0.000600s ]
SQL: INSERT INTO `enrollment_list` (`eid`,`cid`,`bid`,`sid`,`tid`) VALUES (10,31,51,114,6) [ RunTime:0.047739s ]

[ 2016-03-18T16:08:28+08:00 ] 172.30.2.66 /ping/index.php/Home/Enrollment/ajaxAdd.html
INFO: [ app_begin ] --START--
INFO: ReadHtmlCache Behavior ::run [ RunTime:0.000960s ]
INFO: [ app_begin ] --END-- [ RunTime:0.001073s ]
SQL: SHOW COLUMNS FROM `term` [ RunTime:0.002169s ]
SQL: SELECT * FROM `term` WHERE ( `status` = 1 ) LIMIT 1   [ RunTime:0.000596s ]
SQL: SHOW COLUMNS FROM `enrollment_list` [ RunTime:0.002341s ]
SQL: SELECT * FROM `enrollment_list` WHERE ( `eid` = 10 ) AND ( `cid` = 31 ) AND ( `sid` = 105 ) AND ( `tid` = 6 ) LIMIT 1   [ RunTime:0.000935s ]
SQL: SHOW COLUMNS FROM `enrollment` [ RunTime:0.002351s ]
SQL: SELECT * FROM `enrollment` WHERE ( `id` = 10 ) LIMIT 1   [ RunTime:0.000698s ]
SQL: SELECT COUNT(*) AS tp_count FROM `enrollment_list` WHERE ( `eid` = 10 ) AND ( `sid` = 105 ) AND ( `tid` = 6 ) LIMIT 1   [ RunTime:0.000811s ]
SQL: SHOW COLUMNS FROM `enrollment_content` [ RunTime:0.002832s ]
SQL: SELECT * FROM `enrollment_content` WHERE ( `id` = 31 ) LIMIT 1   [ RunTime:0.000757s ]
SQL: SELECT COUNT(*) AS tp_count FROM `enrollment_list` WHERE ( `cid` = 31 ) AND ( `bid` = 51 ) AND ( `tid` = 6 ) LIMIT 1   [ RunTime:0.000812s ]
SQL: SHOW COLUMNS FROM `student` [ RunTime:0.002384s ]
SQL: SELECT * FROM `student` WHERE ( `id` = 105 ) LIMIT 1   [ RunTime:0.000679s ]
SQL: SELECT `sid` FROM `enrollment_list` WHERE ( `cid` = 31 ) AND ( `bid` = 51 ) AND ( `tid` = 6 )  [ RunTime:0.000829s ]
SQL: SELECT COUNT(*) AS tp_count FROM `student` WHERE ( `id` IN ('115','111','101','106','110','103','114') ) AND ( `xingbie` = 1 ) LIMIT 1   [ RunTime:0.000783s ]
SQL: SELECT COUNT(*) AS tp_count FROM `student` WHERE ( `id` IN ('115','111','101','106','110','103','114') ) AND ( `xingbie` = 0 ) LIMIT 1   [ RunTime:0.000778s ]
SQL: INSERT INTO `enrollment_list` (`eid`,`cid`,`bid`,`sid`,`tid`) VALUES (10,31,51,105,6) [ RunTime:0.041885s ]

[ 2016-03-18T16:16:22+08:00 ] 172.30.2.66 /ping/index.php/Home/Enrollment/ajaxAdd.html
INFO: [ app_begin ] --START--
INFO: ReadHtmlCache Behavior ::run [ RunTime:0.001069s ]
INFO: [ app_begin ] --END-- [ RunTime:0.001184s ]
SQL: SHOW COLUMNS FROM `term` [ RunTime:0.002227s ]
SQL: SELECT * FROM `term` WHERE ( `status` = 1 ) LIMIT 1   [ RunTime:0.000521s ]
SQL: SHOW COLUMNS FROM `enrollment_list` [ RunTime:0.002267s ]
SQL: SELECT * FROM `enrollment_list` WHERE ( `eid` = 10 ) AND ( `cid` = 31 ) AND ( `sid` = 128 ) AND ( `tid` = 6 ) LIMIT 1   [ RunTime:0.000928s ]
SQL: SHOW COLUMNS FROM `enrollment` [ RunTime:0.002390s ]
SQL: SELECT * FROM `enrollment` WHERE ( `id` = 10 ) LIMIT 1   [ RunTime:0.000699s ]
SQL: SELECT COUNT(*) AS tp_count FROM `enrollment_list` WHERE ( `eid` = 10 ) AND ( `sid` = 128 ) AND ( `tid` = 6 ) LIMIT 1   [ RunTime:0.000820s ]
SQL: SHOW COLUMNS FROM `enrollment_content` [ RunTime:0.002750s ]
SQL: SELECT * FROM `enrollment_content` WHERE ( `id` = 31 ) LIMIT 1   [ RunTime:0.000754s ]
SQL: SELECT COUNT(*) AS tp_count FROM `enrollment_list` WHERE ( `cid` = 31 ) AND ( `bid` = 51 ) AND ( `tid` = 6 ) LIMIT 1   [ RunTime:0.000791s ]
SQL: SHOW COLUMNS FROM `student` [ RunTime:0.002305s ]
SQL: SELECT * FROM `student` WHERE ( `id` = 128 ) LIMIT 1   [ RunTime:0.000676s ]
SQL: SELECT `sid` FROM `enrollment_list` WHERE ( `cid` = 31 ) AND ( `bid` = 51 ) AND ( `tid` = 6 )  [ RunTime:0.000815s ]
SQL: SELECT COUNT(*) AS tp_count FROM `student` WHERE ( `id` IN ('115','111','101','106','110','103','114','105') ) AND ( `xingbie` = 1 ) LIMIT 1   [ RunTime:0.000782s ]
SQL: SELECT COUNT(*) AS tp_count FROM `student` WHERE ( `id` IN ('115','111','101','106','110','103','114','105') ) AND ( `xingbie` = 0 ) LIMIT 1   [ RunTime:0.000772s ]
SQL: INSERT INTO `enrollment_list` (`eid`,`cid`,`bid`,`sid`,`tid`) VALUES (10,31,51,128,6) [ RunTime:0.043920s ]

[ 2016-03-18T16:16:31+08:00 ] 172.30.2.66 /ping/index.php/Home/Enrollment/ajaxAdd.html
INFO: [ app_begin ] --START--
INFO: ReadHtmlCache Behavior ::run [ RunTime:0.000960s ]
INFO: [ app_begin ] --END-- [ RunTime:0.001075s ]
SQL: SHOW COLUMNS FROM `term` [ RunTime:0.002143s ]
SQL: SELECT * FROM `term` WHERE ( `status` = 1 ) LIMIT 1   [ RunTime:0.000545s ]
SQL: SHOW COLUMNS FROM `enrollment_list` [ RunTime:0.002298s ]
SQL: SELECT * FROM `enrollment_list` WHERE ( `eid` = 10 ) AND ( `cid` = 31 ) AND ( `sid` = 130 ) AND ( `tid` = 6 ) LIMIT 1   [ RunTime:0.000712s ]
SQL: SHOW COLUMNS FROM `enrollment` [ RunTime:0.002197s ]
SQL: SELECT * FROM `enrollment` WHERE ( `id` = 10 ) LIMIT 1   [ RunTime:0.000527s ]
SQL: SELECT COUNT(*) AS tp_count FROM `enrollment_list` WHERE ( `eid` = 10 ) AND ( `sid` = 130 ) AND ( `tid` = 6 ) LIMIT 1   [ RunTime:0.000626s ]
SQL: SHOW COLUMNS FROM `enrollment_content` [ RunTime:0.002531s ]
SQL: SELECT * FROM `enrollment_content` WHERE ( `id` = 31 ) LIMIT 1   [ RunTime:0.000579s ]
SQL: SELECT COUNT(*) AS tp_count FROM `enrollment_list` WHERE ( `cid` = 31 ) AND ( `bid` = 51 ) AND ( `tid` = 6 ) LIMIT 1   [ RunTime:0.000618s ]
SQL: SHOW COLUMNS FROM `student` [ RunTime:0.002212s ]
SQL: SELECT * FROM `student` WHERE ( `id` = 130 ) LIMIT 1   [ RunTime:0.000500s ]
SQL: SELECT `sid` FROM `enrollment_list` WHERE ( `cid` = 31 ) AND ( `bid` = 51 ) AND ( `tid` = 6 )  [ RunTime:0.000635s ]
SQL: SELECT COUNT(*) AS tp_count FROM `student` WHERE ( `id` IN ('115','111','101','106','110','103','114','105','128') ) AND ( `xingbie` = 1 ) LIMIT 1   [ RunTime:0.000617s ]
SQL: SELECT COUNT(*) AS tp_count FROM `student` WHERE ( `id` IN ('115','111','101','106','110','103','114','105','128') ) AND ( `xingbie` = 0 ) LIMIT 1   [ RunTime:0.000607s ]
SQL: INSERT INTO `enrollment_list` (`eid`,`cid`,`bid`,`sid`,`tid`) VALUES (10,31,51,130,6) [ RunTime:0.052490s ]

[ 2016-03-18T16:16:36+08:00 ] 172.30.2.66 /ping/index.php/Home/Enrollment/ajaxAdd.html
INFO: [ app_begin ] --START--
INFO: ReadHtmlCache Behavior ::run [ RunTime:0.000962s ]
INFO: [ app_begin ] --END-- [ RunTime:0.001076s ]
SQL: SHOW COLUMNS FROM `term` [ RunTime:0.002014s ]
SQL: SELECT * FROM `term` WHERE ( `status` = 1 ) LIMIT 1   [ RunTime:0.000552s ]
SQL: SHOW COLUMNS FROM `enrollment_list` [ RunTime:0.002250s ]
SQL: SELECT * FROM `enrollment_list` WHERE ( `eid` = 10 ) AND ( `cid` = 31 ) AND ( `sid` = 132 ) AND ( `tid` = 6 ) LIMIT 1   [ RunTime:0.000789s ]
SQL: SHOW COLUMNS FROM `enrollment` [ RunTime:0.002221s ]
SQL: SELECT * FROM `enrollment` WHERE ( `id` = 10 ) LIMIT 1   [ RunTime:0.000557s ]
SQL: SELECT COUNT(*) AS tp_count FROM `enrollment_list` WHERE ( `eid` = 10 ) AND ( `sid` = 132 ) AND ( `tid` = 6 ) LIMIT 1   [ RunTime:0.000652s ]
SQL: SHOW COLUMNS FROM `enrollment_content` [ RunTime:0.002574s ]
SQL: SELECT * FROM `enrollment_content` WHERE ( `id` = 31 ) LIMIT 1   [ RunTime:0.000618s ]
SQL: SELECT COUNT(*) AS tp_count FROM `enrollment_list` WHERE ( `cid` = 31 ) AND ( `bid` = 51 ) AND ( `tid` = 6 ) LIMIT 1   [ RunTime:0.000646s ]
SQL: SHOW COLUMNS FROM `student` [ RunTime:0.002219s ]
SQL: SELECT * FROM `student` WHERE ( `id` = 132 ) LIMIT 1   [ RunTime:0.000536s ]
SQL: SELECT `sid` FROM `enrollment_list` WHERE ( `cid` = 31 ) AND ( `bid` = 51 ) AND ( `tid` = 6 )  [ RunTime:0.000683s ]
SQL: SELECT COUNT(*) AS tp_count FROM `student` WHERE ( `id` IN ('115','111','101','106','110','103','114','105','128','130') ) AND ( `xingbie` = 1 ) LIMIT 1   [ RunTime:0.000659s ]
SQL: SELECT COUNT(*) AS tp_count FROM `student` WHERE ( `id` IN ('115','111','101','106','110','103','114','105','128','130') ) AND ( `xingbie` = 0 ) LIMIT 1   [ RunTime:0.000644s ]
SQL: INSERT INTO `enrollment_list` (`eid`,`cid`,`bid`,`sid`,`tid`) VALUES (10,31,51,132,6) [ RunTime:0.039082s ]

[ 2016-03-18T16:16:53+08:00 ] 172.30.2.66 /ping/index.php/Home/Enrollment/ajaxAdd.html
INFO: [ app_begin ] --START--
INFO: ReadHtmlCache Behavior ::run [ RunTime:0.000959s ]
INFO: [ app_begin ] --END-- [ RunTime:0.001073s ]
SQL: SHOW COLUMNS FROM `term` [ RunTime:0.002055s ]
SQL: SELECT * FROM `term` WHERE ( `status` = 1 ) LIMIT 1   [ RunTime:0.000612s ]
SQL: SHOW COLUMNS FROM `enrollment_list` [ RunTime:0.002293s ]
SQL: SELECT * FROM `enrollment_list` WHERE ( `eid` = 10 ) AND ( `cid` = 31 ) AND ( `sid` = 138 ) AND ( `tid` = 6 ) LIMIT 1   [ RunTime:0.000842s ]
SQL: SHOW COLUMNS FROM `enrollment` [ RunTime:0.002277s ]
SQL: SELECT * FROM `enrollment` WHERE ( `id` = 10 ) LIMIT 1   [ RunTime:0.000541s ]
SQL: SELECT COUNT(*) AS tp_count FROM `enrollment_list` WHERE ( `eid` = 10 ) AND ( `sid` = 138 ) AND ( `tid` = 6 ) LIMIT 1   [ RunTime:0.000633s ]
SQL: SHOW COLUMNS FROM `enrollment_content` [ RunTime:0.002976s ]
SQL: SELECT * FROM `enrollment_content` WHERE ( `id` = 31 ) LIMIT 1   [ RunTime:0.000600s ]
SQL: SELECT COUNT(*) AS tp_count FROM `enrollment_list` WHERE ( `cid` = 31 ) AND ( `bid` = 51 ) AND ( `tid` = 6 ) LIMIT 1   [ RunTime:0.000639s ]
SQL: SHOW COLUMNS FROM `student` [ RunTime:0.002214s ]
SQL: SELECT * FROM `student` WHERE ( `id` = 138 ) LIMIT 1   [ RunTime:0.000515s ]
SQL: SELECT `sid` FROM `enrollment_list` WHERE ( `cid` = 31 ) AND ( `bid` = 51 ) AND ( `tid` = 6 )  [ RunTime:0.000665s ]
SQL: SELECT COUNT(*) AS tp_count FROM `student` WHERE ( `id` IN ('115','111','101','106','110','103','114','105','128','130','132') ) AND ( `xingbie` = 1 ) LIMIT 1   [ RunTime:0.000652s ]
SQL: SELECT COUNT(*) AS tp_count FROM `student` WHERE ( `id` IN ('115','111','101','106','110','103','114','105','128','130','132') ) AND ( `xingbie` = 0 ) LIMIT 1   [ RunTime:0.000653s ]
SQL: INSERT INTO `enrollment_list` (`eid`,`cid`,`bid`,`sid`,`tid`) VALUES (10,31,51,138,6) [ RunTime:0.038212s ]

[ 2016-03-18T16:16:55+08:00 ] 172.30.2.66 /ping/index.php/Home/Enrollment/ajaxAdd.html
INFO: [ app_begin ] --START--
INFO: ReadHtmlCache Behavior ::run [ RunTime:0.000959s ]
INFO: [ app_begin ] --END-- [ RunTime:0.001072s ]
SQL: SHOW COLUMNS FROM `term` [ RunTime:0.002229s ]
SQL: SELECT * FROM `term` WHERE ( `status` = 1 ) LIMIT 1   [ RunTime:0.000602s ]
SQL: SHOW COLUMNS FROM `enrollment_list` [ RunTime:0.002364s ]
SQL: SELECT * FROM `enrollment_list` WHERE ( `eid` = 10 ) AND ( `cid` = 31 ) AND ( `sid` = 142 ) AND ( `tid` = 6 ) LIMIT 1   [ RunTime:0.000883s ]
SQL: SHOW COLUMNS FROM `enrollment` [ RunTime:0.002392s ]
SQL: SELECT * FROM `enrollment` WHERE ( `id` = 10 ) LIMIT 1   [ RunTime:0.000700s ]
SQL: SELECT COUNT(*) AS tp_count FROM `enrollment_list` WHERE ( `eid` = 10 ) AND ( `sid` = 142 ) AND ( `tid` = 6 ) LIMIT 1   [ RunTime:0.000798s ]
SQL: SHOW COLUMNS FROM `enrollment_content` [ RunTime:0.002775s ]
SQL: SELECT * FROM `enrollment_content` WHERE ( `id` = 31 ) LIMIT 1   [ RunTime:0.000760s ]
SQL: SELECT COUNT(*) AS tp_count FROM `enrollment_list` WHERE ( `cid` = 31 ) AND ( `bid` = 51 ) AND ( `tid` = 6 ) LIMIT 1   [ RunTime:0.000797s ]
SQL: SHOW COLUMNS FROM `student` [ RunTime:0.002417s ]
SQL: SELECT * FROM `student` WHERE ( `id` = 142 ) LIMIT 1   [ RunTime:0.000678s ]
SQL: SELECT `sid` FROM `enrollment_list` WHERE ( `cid` = 31 ) AND ( `bid` = 51 ) AND ( `tid` = 6 )  [ RunTime:0.000848s ]
SQL: SELECT COUNT(*) AS tp_count FROM `student` WHERE ( `id` IN ('115','111','101','106','110','103','114','105','128','130','132','138') ) AND ( `xingbie` = 1 ) LIMIT 1   [ RunTime:0.000827s ]
SQL: SELECT COUNT(*) AS tp_count FROM `student` WHERE ( `id` IN ('115','111','101','106','110','103','114','105','128','130','132','138') ) AND ( `xingbie` = 0 ) LIMIT 1   [ RunTime:0.000828s ]
SQL: INSERT INTO `enrollment_list` (`eid`,`cid`,`bid`,`sid`,`tid`) VALUES (10,31,51,142,6) [ RunTime:0.038493s ]

[ 2016-03-18T17:17:40+08:00 ] 172.30.1.23 /ping/index.php/Home/Enrollment/ajaxAdd.html
INFO: [ app_begin ] --START--
INFO: ReadHtmlCache Behavior ::run [ RunTime:0.000963s ]
INFO: [ app_begin ] --END-- [ RunTime:0.001076s ]
SQL: SHOW COLUMNS FROM `term` [ RunTime:0.002239s ]
SQL: SELECT * FROM `term` WHERE ( `status` = 1 ) LIMIT 1   [ RunTime:0.000484s ]
SQL: SHOW COLUMNS FROM `enrollment_list` [ RunTime:0.002206s ]
SQL: SELECT * FROM `enrollment_list` WHERE ( `eid` = 10 ) AND ( `cid` = 34 ) AND ( `sid` = 1032 ) AND ( `tid` = 6 ) LIMIT 1   [ RunTime:0.000760s ]
SQL: SHOW COLUMNS FROM `enrollment` [ RunTime:0.002201s ]
SQL: SELECT * FROM `enrollment` WHERE ( `id` = 10 ) LIMIT 1   [ RunTime:0.000632s ]
SQL: SELECT COUNT(*) AS tp_count FROM `enrollment_list` WHERE ( `eid` = 10 ) AND ( `sid` = 1032 ) AND ( `tid` = 6 ) LIMIT 1   [ RunTime:0.000725s ]
SQL: SHOW COLUMNS FROM `enrollment_content` [ RunTime:0.002813s ]
SQL: SELECT * FROM `enrollment_content` WHERE ( `id` = 34 ) LIMIT 1   [ RunTime:0.000682s ]
SQL: SELECT COUNT(*) AS tp_count FROM `enrollment_list` WHERE ( `cid` = 34 ) AND ( `bid` = 45 ) AND ( `tid` = 6 ) LIMIT 1   [ RunTime:0.000725s ]
SQL: SHOW COLUMNS FROM `student` [ RunTime:0.002384s ]
SQL: SELECT * FROM `student` WHERE ( `id` = 1032 ) LIMIT 1   [ RunTime:0.000680s ]
SQL: SELECT `sid` FROM `enrollment_list` WHERE ( `cid` = 34 ) AND ( `bid` = 45 ) AND ( `tid` = 6 )  [ RunTime:0.000822s ]
SQL: SELECT COUNT(*) AS tp_count FROM `student` WHERE ( `id` IN ('1029','1007','1008','1014') ) AND ( `xingbie` = 1 ) LIMIT 1   [ RunTime:0.000730s ]
SQL: SELECT COUNT(*) AS tp_count FROM `student` WHERE ( `id` IN ('1029','1007','1008','1014') ) AND ( `xingbie` = 0 ) LIMIT 1   [ RunTime:0.000738s ]
SQL: INSERT INTO `enrollment_list` (`eid`,`cid`,`bid`,`sid`,`tid`) VALUES (10,34,45,1032,6) [ RunTime:0.031564s ]

[ 2016-03-18T17:17:44+08:00 ] 172.30.1.23 /ping/index.php/Home/Enrollment/ajaxAdd.html
INFO: [ app_begin ] --START--
INFO: ReadHtmlCache Behavior ::run [ RunTime:0.000960s ]
INFO: [ app_begin ] --END-- [ RunTime:0.001073s ]
SQL: SHOW COLUMNS FROM `term` [ RunTime:0.002084s ]
SQL: SELECT * FROM `term` WHERE ( `status` = 1 ) LIMIT 1   [ RunTime:0.000474s ]
SQL: SHOW COLUMNS FROM `enrollment_list` [ RunTime:0.002284s ]
SQL: SELECT * FROM `enrollment_list` WHERE ( `eid` = 10 ) AND ( `cid` = 34 ) AND ( `sid` = 1041 ) AND ( `tid` = 6 ) LIMIT 1   [ RunTime:0.000736s ]
SQL: SHOW COLUMNS FROM `enrollment` [ RunTime:0.002221s ]
SQL: SELECT * FROM `enrollment` WHERE ( `id` = 10 ) LIMIT 1   [ RunTime:0.000539s ]
SQL: SELECT COUNT(*) AS tp_count FROM `enrollment_list` WHERE ( `eid` = 10 ) AND ( `sid` = 1041 ) AND ( `tid` = 6 ) LIMIT 1   [ RunTime:0.000643s ]
SQL: SHOW COLUMNS FROM `enrollment_content` [ RunTime:0.002545s ]
SQL: SELECT * FROM `enrollment_content` WHERE ( `id` = 34 ) LIMIT 1   [ RunTime:0.000598s ]
SQL: SELECT COUNT(*) AS tp_count FROM `enrollment_list` WHERE ( `cid` = 34 ) AND ( `bid` = 45 ) AND ( `tid` = 6 ) LIMIT 1   [ RunTime:0.000638s ]
SQL: SHOW COLUMNS FROM `student` [ RunTime:0.002245s ]
SQL: SELECT * FROM `student` WHERE ( `id` = 1041 ) LIMIT 1   [ RunTime:0.000518s ]
SQL: SELECT `sid` FROM `enrollment_list` WHERE ( `cid` = 34 ) AND ( `bid` = 45 ) AND ( `tid` = 6 )  [ RunTime:0.000651s ]
SQL: SELECT COUNT(*) AS tp_count FROM `student` WHERE ( `id` IN ('1029','1007','1008','1014','1032') ) AND ( `xingbie` = 1 ) LIMIT 1   [ RunTime:0.000594s ]
SQL: SELECT COUNT(*) AS tp_count FROM `student` WHERE ( `id` IN ('1029','1007','1008','1014','1032') ) AND ( `xingbie` = 0 ) LIMIT 1   [ RunTime:0.000572s ]
SQL: INSERT INTO `enrollment_list` (`eid`,`cid`,`bid`,`sid`,`tid`) VALUES (10,34,45,1041,6) [ RunTime:0.053668s ]

[ 2016-03-18T17:17:50+08:00 ] 172.30.1.23 /ping/index.php/Home/Enrollment/ajaxAdd.html
INFO: [ app_begin ] --START--
INFO: ReadHtmlCache Behavior ::run [ RunTime:0.000962s ]
INFO: [ app_begin ] --END-- [ RunTime:0.001076s ]
SQL: SHOW COLUMNS FROM `term` [ RunTime:0.002263s ]
SQL: SELECT * FROM `term` WHERE ( `status` = 1 ) LIMIT 1   [ RunTime:0.000669s ]
SQL: SHOW COLUMNS FROM `enrollment_list` [ RunTime:0.002423s ]
SQL: SELECT * FROM `enrollment_list` WHERE ( `eid` = 10 ) AND ( `cid` = 34 ) AND ( `sid` = 1054 ) AND ( `tid` = 6 ) LIMIT 1   [ RunTime:0.000833s ]
SQL: SHOW COLUMNS FROM `enrollment` [ RunTime:0.002321s ]
SQL: SELECT * FROM `enrollment` WHERE ( `id` = 10 ) LIMIT 1   [ RunTime:0.000650s ]
SQL: SELECT COUNT(*) AS tp_count FROM `enrollment_list` WHERE ( `eid` = 10 ) AND ( `sid` = 1054 ) AND ( `tid` = 6 ) LIMIT 1   [ RunTime:0.000733s ]
SQL: SHOW COLUMNS FROM `enrollment_content` [ RunTime:0.002661s ]
SQL: SELECT * FROM `enrollment_content` WHERE ( `id` = 34 ) LIMIT 1   [ RunTime:0.000697s ]
SQL: SELECT COUNT(*) AS tp_count FROM `enrollment_list` WHERE ( `cid` = 34 ) AND ( `bid` = 45 ) AND ( `tid` = 6 ) LIMIT 1   [ RunTime:0.000720s ]
SQL: SHOW COLUMNS FROM `student` [ RunTime:0.002229s ]
SQL: SELECT * FROM `student` WHERE ( `id` = 1054 ) LIMIT 1   [ RunTime:0.000507s ]
SQL: SELECT `sid` FROM `enrollment_list` WHERE ( `cid` = 34 ) AND ( `bid` = 45 ) AND ( `tid` = 6 )  [ RunTime:0.000641s ]
SQL: SELECT COUNT(*) AS tp_count FROM `student` WHERE ( `id` IN ('1029','1007','1008','1014','1032','1041') ) AND ( `xingbie` = 1 ) LIMIT 1   [ RunTime:0.000581s ]
SQL: SELECT COUNT(*) AS tp_count FROM `student` WHERE ( `id` IN ('1029','1007','1008','1014','1032','1041') ) AND ( `xingbie` = 0 ) LIMIT 1   [ RunTime:0.000577s ]
SQL: INSERT INTO `enrollment_list` (`eid`,`cid`,`bid`,`sid`,`tid`) VALUES (10,34,45,1054,6) [ RunTime:0.046251s ]

[ 2016-03-18T17:18:40+08:00 ] 172.30.1.23 /ping/index.php/Home/Enrollment/ajaxAdd.html
INFO: [ app_begin ] --START--
INFO: ReadHtmlCache Behavior ::run [ RunTime:0.000962s ]
INFO: [ app_begin ] --END-- [ RunTime:0.001076s ]
SQL: SHOW COLUMNS FROM `term` [ RunTime:0.002027s ]
SQL: SELECT * FROM `term` WHERE ( `status` = 1 ) LIMIT 1   [ RunTime:0.000580s ]
SQL: SHOW COLUMNS FROM `enrollment_list` [ RunTime:0.002226s ]
SQL: SELECT * FROM `enrollment_list` WHERE ( `eid` = 10 ) AND ( `cid` = 34 ) AND ( `sid` = 1036 ) AND ( `tid` = 6 ) LIMIT 1   [ RunTime:0.000903s ]
SQL: SHOW COLUMNS FROM `enrollment` [ RunTime:0.002219s ]
SQL: SELECT * FROM `enrollment` WHERE ( `id` = 10 ) LIMIT 1   [ RunTime:0.000526s ]
SQL: SELECT COUNT(*) AS tp_count FROM `enrollment_list` WHERE ( `eid` = 10 ) AND ( `sid` = 1036 ) AND ( `tid` = 6 ) LIMIT 1   [ RunTime:0.000627s ]
SQL: SHOW COLUMNS FROM `enrollment_content` [ RunTime:0.002539s ]
SQL: SELECT * FROM `enrollment_content` WHERE ( `id` = 34 ) LIMIT 1   [ RunTime:0.000575s ]
SQL: SELECT COUNT(*) AS tp_count FROM `enrollment_list` WHERE ( `cid` = 34 ) AND ( `bid` = 45 ) AND ( `tid` = 6 ) LIMIT 1   [ RunTime:0.000620s ]
SQL: SHOW COLUMNS FROM `student` [ RunTime:0.002200s ]
SQL: SELECT * FROM `student` WHERE ( `id` = 1036 ) LIMIT 1   [ RunTime:0.000503s ]
SQL: SELECT `sid` FROM `enrollment_list` WHERE ( `cid` = 34 ) AND ( `bid` = 45 ) AND ( `tid` = 6 )  [ RunTime:0.000641s ]
SQL: SELECT COUNT(*) AS tp_count FROM `student` WHERE ( `id` IN ('1029','1007','1008','1014','1032','1041','1054') ) AND ( `xingbie` = 1 ) LIMIT 1   [ RunTime:0.000592s ]
SQL: SELECT COUNT(*) AS tp_count FROM `student` WHERE ( `id` IN ('1029','1007','1008','1014','1032','1041','1054') ) AND ( `xingbie` = 0 ) LIMIT 1   [ RunTime:0.000578s ]
SQL: INSERT INTO `enrollment_list` (`eid`,`cid`,`bid`,`sid`,`tid`) VALUES (10,34,45,1036,6) [ RunTime:0.035752s ]

[ 2016-03-18T17:18:50+08:00 ] 172.30.1.23 /ping/index.php/Home/Enrollment/ajaxAdd.html
INFO: [ app_begin ] --START--
INFO: ReadHtmlCache Behavior ::run [ RunTime:0.000960s ]
INFO: [ app_begin ] --END-- [ RunTime:0.001074s ]
SQL: SHOW COLUMNS FROM `term` [ RunTime:0.001966s ]
SQL: SELECT * FROM `term` WHERE ( `status` = 1 ) LIMIT 1   [ RunTime:0.000505s ]
SQL: SHOW COLUMNS FROM `enrollment_list` [ RunTime:0.002191s ]
SQL: SELECT * FROM `enrollment_list` WHERE ( `eid` = 10 ) AND ( `cid` = 40 ) AND ( `sid` = 1010 ) AND ( `tid` = 6 ) LIMIT 1   [ RunTime:0.000726s ]
SQL: SHOW COLUMNS FROM `enrollment` [ RunTime:0.002196s ]
SQL: SELECT * FROM `enrollment` WHERE ( `id` = 10 ) LIMIT 1   [ RunTime:0.000527s ]
SQL: SELECT COUNT(*) AS tp_count FROM `enrollment_list` WHERE ( `eid` = 10 ) AND ( `sid` = 1010 ) AND ( `tid` = 6 ) LIMIT 1   [ RunTime:0.000628s ]
SQL: SHOW COLUMNS FROM `enrollment_content` [ RunTime:0.002533s ]
SQL: SELECT * FROM `enrollment_content` WHERE ( `id` = 40 ) LIMIT 1   [ RunTime:0.000587s ]
SQL: SELECT COUNT(*) AS tp_count FROM `enrollment_list` WHERE ( `cid` = 40 ) AND ( `bid` = 45 ) AND ( `tid` = 6 ) LIMIT 1   [ RunTime:0.000628s ]
SQL: SHOW COLUMNS FROM `student` [ RunTime:0.002211s ]
SQL: SELECT * FROM `student` WHERE ( `id` = 1010 ) LIMIT 1   [ RunTime:0.000505s ]
SQL: SELECT `sid` FROM `enrollment_list` WHERE ( `cid` = 40 ) AND ( `bid` = 45 ) AND ( `tid` = 6 )  [ RunTime:0.000629s ]
NOTIC: [2] implode() [<a href='function.implode'>function.implode</a>]: Invalid arguments passed E:\wamp\www\ping\ThinkPHP\Lib\Core\Db.class.php 第 497 行.
SQL: SELECT COUNT(*) AS tp_count FROM `student` WHERE ( `id` IN () ) AND ( `xingbie` = 1 ) LIMIT 1   [ RunTime:0.000334s ]
ERR: 1064:You have an error in your SQL syntax; check the manual that corresponds to your MySQL server version for the right syntax to use near ') ) AND ( `xingbie` = 1 ) LIMIT 1' at line 1
 [ SQL语句 ] : SELECT COUNT(*) AS tp_count FROM `student` WHERE ( `id` IN () ) AND ( `xingbie` = 1 ) LIMIT 1  
NOTIC: [2] implode() [<a href='function.implode'>function.implode</a>]: Invalid arguments passed E:\wamp\www\ping\ThinkPHP\Lib\Core\Db.class.php 第 497 行.
SQL: SELECT COUNT(*) AS tp_count FROM `student` WHERE ( `id` IN () ) AND ( `xingbie` = 0 ) LIMIT 1   [ RunTime:0.000345s ]
ERR: 1064:You have an error in your SQL syntax; check the manual that corresponds to your MySQL server version for the right syntax to use near ') ) AND ( `xingbie` = 0 ) LIMIT 1' at line 1
 [ SQL语句 ] : SELECT COUNT(*) AS tp_count FROM `student` WHERE ( `id` IN () ) AND ( `xingbie` = 0 ) LIMIT 1  
SQL: INSERT INTO `enrollment_list` (`eid`,`cid`,`bid`,`sid`,`tid`) VALUES (10,40,45,1010,6) [ RunTime:0.033423s ]

[ 2016-03-18T17:18:51+08:00 ] 172.30.1.23 /ping/index.php/Home/Enrollment/ajaxAdd.html
INFO: [ app_begin ] --START--
INFO: ReadHtmlCache Behavior ::run [ RunTime:0.000959s ]
INFO: [ app_begin ] --END-- [ RunTime:0.001072s ]
SQL: SHOW COLUMNS FROM `term` [ RunTime:0.002177s ]
SQL: SELECT * FROM `term` WHERE ( `status` = 1 ) LIMIT 1   [ RunTime:0.000656s ]
SQL: SHOW COLUMNS FROM `enrollment_list` [ RunTime:0.002374s ]
SQL: SELECT * FROM `enrollment_list` WHERE ( `eid` = 10 ) AND ( `cid` = 40 ) AND ( `sid` = 1012 ) AND ( `tid` = 6 ) LIMIT 1   [ RunTime:0.000930s ]
SQL: SHOW COLUMNS FROM `enrollment` [ RunTime:0.002369s ]
SQL: SELECT * FROM `enrollment` WHERE ( `id` = 10 ) LIMIT 1   [ RunTime:0.000696s ]
SQL: SELECT COUNT(*) AS tp_count FROM `enrollment_list` WHERE ( `eid` = 10 ) AND ( `sid` = 1012 ) AND ( `tid` = 6 ) LIMIT 1   [ RunTime:0.000805s ]
SQL: SHOW COLUMNS FROM `enrollment_content` [ RunTime:0.002708s ]
SQL: SELECT * FROM `enrollment_content` WHERE ( `id` = 40 ) LIMIT 1   [ RunTime:0.000754s ]
SQL: SELECT COUNT(*) AS tp_count FROM `enrollment_list` WHERE ( `cid` = 40 ) AND ( `bid` = 45 ) AND ( `tid` = 6 ) LIMIT 1   [ RunTime:0.000800s ]
SQL: SHOW COLUMNS FROM `student` [ RunTime:0.002409s ]
SQL: SELECT * FROM `student` WHERE ( `id` = 1012 ) LIMIT 1   [ RunTime:0.000682s ]
SQL: SELECT `sid` FROM `enrollment_list` WHERE ( `cid` = 40 ) AND ( `bid` = 45 ) AND ( `tid` = 6 )  [ RunTime:0.000808s ]
SQL: SELECT COUNT(*) AS tp_count FROM `student` WHERE ( `id` IN ('1010') ) AND ( `xingbie` = 1 ) LIMIT 1   [ RunTime:0.000646s ]
SQL: SELECT COUNT(*) AS tp_count FROM `student` WHERE ( `id` IN ('1010') ) AND ( `xingbie` = 0 ) LIMIT 1   [ RunTime:0.000668s ]
SQL: INSERT INTO `enrollment_list` (`eid`,`cid`,`bid`,`sid`,`tid`) VALUES (10,40,45,1012,6) [ RunTime:0.045218s ]

[ 2016-03-18T17:18:53+08:00 ] 172.30.1.23 /ping/index.php/Home/Enrollment/ajaxAdd.html
INFO: [ app_begin ] --START--
INFO: ReadHtmlCache Behavior ::run [ RunTime:0.000990s ]
INFO: [ app_begin ] --END-- [ RunTime:0.001104s ]
SQL: SHOW COLUMNS FROM `term` [ RunTime:0.002050s ]
SQL: SELECT * FROM `term` WHERE ( `status` = 1 ) LIMIT 1   [ RunTime:0.000602s ]
SQL: SHOW COLUMNS FROM `enrollment_list` [ RunTime:0.002211s ]
SQL: SELECT * FROM `enrollment_list` WHERE ( `eid` = 10 ) AND ( `cid` = 40 ) AND ( `sid` = 1024 ) AND ( `tid` = 6 ) LIMIT 1   [ RunTime:0.000725s ]
SQL: SHOW COLUMNS FROM `enrollment` [ RunTime:0.002206s ]
SQL: SELECT * FROM `enrollment` WHERE ( `id` = 10 ) LIMIT 1   [ RunTime:0.000524s ]
SQL: SELECT COUNT(*) AS tp_count FROM `enrollment_list` WHERE ( `eid` = 10 ) AND ( `sid` = 1024 ) AND ( `tid` = 6 ) LIMIT 1   [ RunTime:0.000640s ]
SQL: SHOW COLUMNS FROM `enrollment_content` [ RunTime:0.002466s ]
SQL: SELECT * FROM `enrollment_content` WHERE ( `id` = 40 ) LIMIT 1   [ RunTime:0.000582s ]
SQL: SELECT COUNT(*) AS tp_count FROM `enrollment_list` WHERE ( `cid` = 40 ) AND ( `bid` = 45 ) AND ( `tid` = 6 ) LIMIT 1   [ RunTime:0.000636s ]
SQL: SHOW COLUMNS FROM `student` [ RunTime:0.002215s ]
SQL: SELECT * FROM `student` WHERE ( `id` = 1024 ) LIMIT 1   [ RunTime:0.000505s ]
SQL: SELECT `sid` FROM `enrollment_list` WHERE ( `cid` = 40 ) AND ( `bid` = 45 ) AND ( `tid` = 6 )  [ RunTime:0.000629s ]
SQL: SELECT COUNT(*) AS tp_count FROM `student` WHERE ( `id` IN ('1010','1012') ) AND ( `xingbie` = 1 ) LIMIT 1   [ RunTime:0.000540s ]
SQL: SELECT COUNT(*) AS tp_count FROM `student` WHERE ( `id` IN ('1010','1012') ) AND ( `xingbie` = 0 ) LIMIT 1   [ RunTime:0.000519s ]
SQL: INSERT INTO `enrollment_list` (`eid`,`cid`,`bid`,`sid`,`tid`) VALUES (10,40,45,1024,6) [ RunTime:0.047990s ]

[ 2016-03-18T17:19:03+08:00 ] 172.30.1.23 /ping/index.php/Home/Enrollment/ajaxAdd.html
INFO: [ app_begin ] --START--
INFO: ReadHtmlCache Behavior ::run [ RunTime:0.000961s ]
INFO: [ app_begin ] --END-- [ RunTime:0.001075s ]
SQL: SHOW COLUMNS FROM `term` [ RunTime:0.002097s ]
SQL: SELECT * FROM `term` WHERE ( `status` = 1 ) LIMIT 1   [ RunTime:0.000655s ]
SQL: SHOW COLUMNS FROM `enrollment_list` [ RunTime:0.002421s ]
SQL: SELECT * FROM `enrollment_list` WHERE ( `eid` = 10 ) AND ( `cid` = 41 ) AND ( `sid` = 1026 ) AND ( `tid` = 6 ) LIMIT 1   [ RunTime:0.000970s ]
SQL: SHOW COLUMNS FROM `enrollment` [ RunTime:0.002405s ]
SQL: SELECT * FROM `enrollment` WHERE ( `id` = 10 ) LIMIT 1   [ RunTime:0.000717s ]
SQL: SELECT COUNT(*) AS tp_count FROM `enrollment_list` WHERE ( `eid` = 10 ) AND ( `sid` = 1026 ) AND ( `tid` = 6 ) LIMIT 1   [ RunTime:0.000828s ]
SQL: SHOW COLUMNS FROM `enrollment_content` [ RunTime:0.002767s ]
SQL: SELECT * FROM `enrollment_content` WHERE ( `id` = 41 ) LIMIT 1   [ RunTime:0.000770s ]
SQL: SELECT COUNT(*) AS tp_count FROM `enrollment_list` WHERE ( `cid` = 41 ) AND ( `bid` = 45 ) AND ( `tid` = 6 ) LIMIT 1   [ RunTime:0.000928s ]
SQL: SHOW COLUMNS FROM `student` [ RunTime:0.002425s ]
SQL: SELECT * FROM `student` WHERE ( `id` = 1026 ) LIMIT 1   [ RunTime:0.000696s ]
SQL: SELECT `sid` FROM `enrollment_list` WHERE ( `cid` = 41 ) AND ( `bid` = 45 ) AND ( `tid` = 6 )  [ RunTime:0.000825s ]
NOTIC: [2] implode() [<a href='function.implode'>function.implode</a>]: Invalid arguments passed E:\wamp\www\ping\ThinkPHP\Lib\Core\Db.class.php 第 497 行.
SQL: SELECT COUNT(*) AS tp_count FROM `student` WHERE ( `id` IN () ) AND ( `xingbie` = 1 ) LIMIT 1   [ RunTime:0.000541s ]
ERR: 1064:You have an error in your SQL syntax; check the manual that corresponds to your MySQL server version for the right syntax to use near ') ) AND ( `xingbie` = 1 ) LIMIT 1' at line 1
 [ SQL语句 ] : SELECT COUNT(*) AS tp_count FROM `student` WHERE ( `id` IN () ) AND ( `xingbie` = 1 ) LIMIT 1  
NOTIC: [2] implode() [<a href='function.implode'>function.implode</a>]: Invalid arguments passed E:\wamp\www\ping\ThinkPHP\Lib\Core\Db.class.php 第 497 行.
SQL: SELECT COUNT(*) AS tp_count FROM `student` WHERE ( `id` IN () ) AND ( `xingbie` = 0 ) LIMIT 1   [ RunTime:0.000536s ]
ERR: 1064:You have an error in your SQL syntax; check the manual that corresponds to your MySQL server version for the right syntax to use near ') ) AND ( `xingbie` = 0 ) LIMIT 1' at line 1
 [ SQL语句 ] : SELECT COUNT(*) AS tp_count FROM `student` WHERE ( `id` IN () ) AND ( `xingbie` = 0 ) LIMIT 1  
SQL: INSERT INTO `enrollment_list` (`eid`,`cid`,`bid`,`sid`,`tid`) VALUES (10,41,45,1026,6) [ RunTime:0.044293s ]

[ 2016-03-18T17:19:05+08:00 ] 172.30.1.23 /ping/index.php/Home/Enrollment/ajaxAdd.html
INFO: [ app_begin ] --START--
INFO: ReadHtmlCache Behavior ::run [ RunTime:0.000961s ]
INFO: [ app_begin ] --END-- [ RunTime:0.001075s ]
SQL: SHOW COLUMNS FROM `term` [ RunTime:0.002179s ]
SQL: SELECT * FROM `term` WHERE ( `status` = 1 ) LIMIT 1   [ RunTime:0.000669s ]
SQL: SHOW COLUMNS FROM `enrollment_list` [ RunTime:0.002381s ]
SQL: SELECT * FROM `enrollment_list` WHERE ( `eid` = 10 ) AND ( `cid` = 41 ) AND ( `sid` = 1015 ) AND ( `tid` = 6 ) LIMIT 1   [ RunTime:0.000836s ]
SQL: SHOW COLUMNS FROM `enrollment` [ RunTime:0.002342s ]
SQL: SELECT * FROM `enrollment` WHERE ( `id` = 10 ) LIMIT 1   [ RunTime:0.000642s ]
SQL: SELECT COUNT(*) AS tp_count FROM `enrollment_list` WHERE ( `eid` = 10 ) AND ( `sid` = 1015 ) AND ( `tid` = 6 ) LIMIT 1   [ RunTime:0.000745s ]
SQL: SHOW COLUMNS FROM `enrollment_content` [ RunTime:0.002642s ]
SQL: SELECT * FROM `enrollment_content` WHERE ( `id` = 41 ) LIMIT 1   [ RunTime:0.000698s ]
SQL: SELECT COUNT(*) AS tp_count FROM `enrollment_list` WHERE ( `cid` = 41 ) AND ( `bid` = 45 ) AND ( `tid` = 6 ) LIMIT 1   [ RunTime:0.000724s ]
SQL: SHOW COLUMNS FROM `student` [ RunTime:0.002216s ]
SQL: SELECT * FROM `student` WHERE ( `id` = 1015 ) LIMIT 1   [ RunTime:0.000504s ]
SQL: SELECT `sid` FROM `enrollment_list` WHERE ( `cid` = 41 ) AND ( `bid` = 45 ) AND ( `tid` = 6 )  [ RunTime:0.000627s ]
SQL: SELECT COUNT(*) AS tp_count FROM `student` WHERE ( `id` IN ('1026') ) AND ( `xingbie` = 1 ) LIMIT 1   [ RunTime:0.000470s ]
SQL: SELECT COUNT(*) AS tp_count FROM `student` WHERE ( `id` IN ('1026') ) AND ( `xingbie` = 0 ) LIMIT 1   [ RunTime:0.000485s ]
SQL: INSERT INTO `enrollment_list` (`eid`,`cid`,`bid`,`sid`,`tid`) VALUES (10,41,45,1015,6) [ RunTime:0.032283s ]

[ 2016-03-18T17:19:07+08:00 ] 172.30.1.23 /ping/index.php/Home/Enrollment/ajaxAdd.html
INFO: [ app_begin ] --START--
INFO: ReadHtmlCache Behavior ::run [ RunTime:0.000963s ]
INFO: [ app_begin ] --END-- [ RunTime:0.001076s ]
SQL: SHOW COLUMNS FROM `term` [ RunTime:0.001990s ]
SQL: SELECT * FROM `term` WHERE ( `status` = 1 ) LIMIT 1   [ RunTime:0.000763s ]
SQL: SHOW COLUMNS FROM `enrollment_list` [ RunTime:0.002299s ]
SQL: SELECT * FROM `enrollment_list` WHERE ( `eid` = 10 ) AND ( `cid` = 41 ) AND ( `sid` = 1018 ) AND ( `tid` = 6 ) LIMIT 1   [ RunTime:0.000781s ]
SQL: SHOW COLUMNS FROM `enrollment` [ RunTime:0.002212s ]
SQL: SELECT * FROM `enrollment` WHERE ( `id` = 10 ) LIMIT 1   [ RunTime:0.000522s ]
SQL: SELECT COUNT(*) AS tp_count FROM `enrollment_list` WHERE ( `eid` = 10 ) AND ( `sid` = 1018 ) AND ( `tid` = 6 ) LIMIT 1   [ RunTime:0.000631s ]
SQL: SHOW COLUMNS FROM `enrollment_content` [ RunTime:0.004324s ]
SQL: SELECT * FROM `enrollment_content` WHERE ( `id` = 41 ) LIMIT 1   [ RunTime:0.000580s ]
SQL: SELECT COUNT(*) AS tp_count FROM `enrollment_list` WHERE ( `cid` = 41 ) AND ( `bid` = 45 ) AND ( `tid` = 6 ) LIMIT 1   [ RunTime:0.000627s ]
SQL: SHOW COLUMNS FROM `student` [ RunTime:0.002251s ]
SQL: SELECT * FROM `student` WHERE ( `id` = 1018 ) LIMIT 1   [ RunTime:0.000506s ]
SQL: SELECT `sid` FROM `enrollment_list` WHERE ( `cid` = 41 ) AND ( `bid` = 45 ) AND ( `tid` = 6 )  [ RunTime:0.000638s ]
SQL: SELECT COUNT(*) AS tp_count FROM `student` WHERE ( `id` IN ('1026','1015') ) AND ( `xingbie` = 1 ) LIMIT 1   [ RunTime:0.000538s ]
SQL: SELECT COUNT(*) AS tp_count FROM `student` WHERE ( `id` IN ('1026','1015') ) AND ( `xingbie` = 0 ) LIMIT 1   [ RunTime:0.000510s ]
SQL: INSERT INTO `enrollment_list` (`eid`,`cid`,`bid`,`sid`,`tid`) VALUES (10,41,45,1018,6) [ RunTime:0.062985s ]

[ 2016-03-18T17:19:18+08:00 ] 172.30.1.23 /ping/index.php/Home/Enrollment/ajaxAdd.html
INFO: [ app_begin ] --START--
INFO: ReadHtmlCache Behavior ::run [ RunTime:0.000963s ]
INFO: [ app_begin ] --END-- [ RunTime:0.001076s ]
SQL: SHOW COLUMNS FROM `term` [ RunTime:0.002154s ]
SQL: SELECT * FROM `term` WHERE ( `status` = 1 ) LIMIT 1   [ RunTime:0.000573s ]
SQL: SHOW COLUMNS FROM `enrollment_list` [ RunTime:0.002307s ]
SQL: SELECT * FROM `enrollment_list` WHERE ( `eid` = 10 ) AND ( `cid` = 42 ) AND ( `sid` = 1034 ) AND ( `tid` = 6 ) LIMIT 1   [ RunTime:0.000841s ]
SQL: SHOW COLUMNS FROM `enrollment` [ RunTime:0.002271s ]
SQL: SELECT * FROM `enrollment` WHERE ( `id` = 10 ) LIMIT 1   [ RunTime:0.000525s ]
SQL: SELECT COUNT(*) AS tp_count FROM `enrollment_list` WHERE ( `eid` = 10 ) AND ( `sid` = 1034 ) AND ( `tid` = 6 ) LIMIT 1   [ RunTime:0.000637s ]
SQL: SHOW COLUMNS FROM `enrollment_content` [ RunTime:0.002515s ]
SQL: SELECT * FROM `enrollment_content` WHERE ( `id` = 42 ) LIMIT 1   [ RunTime:0.000578s ]
SQL: SELECT COUNT(*) AS tp_count FROM `enrollment_list` WHERE ( `cid` = 42 ) AND ( `bid` = 45 ) AND ( `tid` = 6 ) LIMIT 1   [ RunTime:0.000629s ]
SQL: SHOW COLUMNS FROM `student` [ RunTime:0.002220s ]
SQL: SELECT * FROM `student` WHERE ( `id` = 1034 ) LIMIT 1   [ RunTime:0.000505s ]
SQL: SELECT `sid` FROM `enrollment_list` WHERE ( `cid` = 42 ) AND ( `bid` = 45 ) AND ( `tid` = 6 )  [ RunTime:0.000632s ]
NOTIC: [2] implode() [<a href='function.implode'>function.implode</a>]: Invalid arguments passed E:\wamp\www\ping\ThinkPHP\Lib\Core\Db.class.php 第 497 行.
SQL: SELECT COUNT(*) AS tp_count FROM `student` WHERE ( `id` IN () ) AND ( `xingbie` = 1 ) LIMIT 1   [ RunTime:0.000422s ]
ERR: 1064:You have an error in your SQL syntax; check the manual that corresponds to your MySQL server version for the right syntax to use near ') ) AND ( `xingbie` = 1 ) LIMIT 1' at line 1
 [ SQL语句 ] : SELECT COUNT(*) AS tp_count FROM `student` WHERE ( `id` IN () ) AND ( `xingbie` = 1 ) LIMIT 1  
NOTIC: [2] implode() [<a href='function.implode'>function.implode</a>]: Invalid arguments passed E:\wamp\www\ping\ThinkPHP\Lib\Core\Db.class.php 第 497 行.
SQL: SELECT COUNT(*) AS tp_count FROM `student` WHERE ( `id` IN () ) AND ( `xingbie` = 0 ) LIMIT 1   [ RunTime:0.000360s ]
ERR: 1064:You have an error in your SQL syntax; check the manual that corresponds to your MySQL server version for the right syntax to use near ') ) AND ( `xingbie` = 0 ) LIMIT 1' at line 1
 [ SQL语句 ] : SELECT COUNT(*) AS tp_count FROM `student` WHERE ( `id` IN () ) AND ( `xingbie` = 0 ) LIMIT 1  
SQL: INSERT INTO `enrollment_list` (`eid`,`cid`,`bid`,`sid`,`tid`) VALUES (10,42,45,1034,6) [ RunTime:0.089467s ]

[ 2016-03-18T17:19:22+08:00 ] 172.30.1.23 /ping/index.php/Home/Enrollment/ajaxAdd.html
INFO: [ app_begin ] --START--
INFO: ReadHtmlCache Behavior ::run [ RunTime:0.000960s ]
INFO: [ app_begin ] --END-- [ RunTime:0.001074s ]
SQL: SHOW COLUMNS FROM `term` [ RunTime:0.002035s ]
SQL: SELECT * FROM `term` WHERE ( `status` = 1 ) LIMIT 1   [ RunTime:0.000562s ]
SQL: SHOW COLUMNS FROM `enrollment_list` [ RunTime:0.002197s ]
SQL: SELECT * FROM `enrollment_list` WHERE ( `eid` = 10 ) AND ( `cid` = 42 ) AND ( `sid` = 1028 ) AND ( `tid` = 6 ) LIMIT 1   [ RunTime:0.000722s ]
SQL: SHOW COLUMNS FROM `enrollment` [ RunTime:0.002212s ]
SQL: SELECT * FROM `enrollment` WHERE ( `id` = 10 ) LIMIT 1   [ RunTime:0.000524s ]
SQL: SELECT COUNT(*) AS tp_count FROM `enrollment_list` WHERE ( `eid` = 10 ) AND ( `sid` = 1028 ) AND ( `tid` = 6 ) LIMIT 1   [ RunTime:0.000637s ]
SQL: SHOW COLUMNS FROM `enrollment_content` [ RunTime:0.002582s ]
SQL: SELECT * FROM `enrollment_content` WHERE ( `id` = 42 ) LIMIT 1   [ RunTime:0.000540s ]
SQL: SELECT COUNT(*) AS tp_count FROM `enrollment_list` WHERE ( `cid` = 42 ) AND ( `bid` = 45 ) AND ( `tid` = 6 ) LIMIT 1   [ RunTime:0.000739s ]
SQL: SHOW COLUMNS FROM `student` [ RunTime:0.002280s ]
SQL: SELECT * FROM `student` WHERE ( `id` = 1028 ) LIMIT 1   [ RunTime:0.000598s ]
SQL: SELECT `sid` FROM `enrollment_list` WHERE ( `cid` = 42 ) AND ( `bid` = 45 ) AND ( `tid` = 6 )  [ RunTime:0.000737s ]
SQL: SELECT COUNT(*) AS tp_count FROM `student` WHERE ( `id` IN ('1034') ) AND ( `xingbie` = 1 ) LIMIT 1   [ RunTime:0.000567s ]
SQL: SELECT COUNT(*) AS tp_count FROM `student` WHERE ( `id` IN ('1034') ) AND ( `xingbie` = 0 ) LIMIT 1   [ RunTime:0.000670s ]
SQL: INSERT INTO `enrollment_list` (`eid`,`cid`,`bid`,`sid`,`tid`) VALUES (10,42,45,1028,6) [ RunTime:0.043535s ]

[ 2016-03-18T17:19:26+08:00 ] 172.30.1.23 /ping/index.php/Home/Enrollment/ajaxAdd.html
INFO: [ app_begin ] --START--
INFO: ReadHtmlCache Behavior ::run [ RunTime:0.000960s ]
INFO: [ app_begin ] --END-- [ RunTime:0.001073s ]
SQL: SHOW COLUMNS FROM `term` [ RunTime:0.002027s ]
SQL: SELECT * FROM `term` WHERE ( `status` = 1 ) LIMIT 1   [ RunTime:0.000500s ]
SQL: SHOW COLUMNS FROM `enrollment_list` [ RunTime:0.002196s ]
SQL: SELECT * FROM `enrollment_list` WHERE ( `eid` = 10 ) AND ( `cid` = 42 ) AND ( `sid` = 1050 ) AND ( `tid` = 6 ) LIMIT 1   [ RunTime:0.000723s ]
SQL: SHOW COLUMNS FROM `enrollment` [ RunTime:0.002194s ]
SQL: SELECT * FROM `enrollment` WHERE ( `id` = 10 ) LIMIT 1   [ RunTime:0.000529s ]
SQL: SELECT COUNT(*) AS tp_count FROM `enrollment_list` WHERE ( `eid` = 10 ) AND ( `sid` = 1050 ) AND ( `tid` = 6 ) LIMIT 1   [ RunTime:0.000635s ]
SQL: SHOW COLUMNS FROM `enrollment_content` [ RunTime:0.002495s ]
SQL: SELECT * FROM `enrollment_content` WHERE ( `id` = 42 ) LIMIT 1   [ RunTime:0.000580s ]
SQL: SELECT COUNT(*) AS tp_count FROM `enrollment_list` WHERE ( `cid` = 42 ) AND ( `bid` = 45 ) AND ( `tid` = 6 ) LIMIT 1   [ RunTime:0.000636s ]
SQL: SHOW COLUMNS FROM `student` [ RunTime:0.002190s ]
SQL: SELECT * FROM `student` WHERE ( `id` = 1050 ) LIMIT 1   [ RunTime:0.000502s ]
SQL: SELECT `sid` FROM `enrollment_list` WHERE ( `cid` = 42 ) AND ( `bid` = 45 ) AND ( `tid` = 6 )  [ RunTime:0.000636s ]
SQL: SELECT COUNT(*) AS tp_count FROM `student` WHERE ( `id` IN ('1034','1028') ) AND ( `xingbie` = 1 ) LIMIT 1   [ RunTime:0.000536s ]
SQL: SELECT COUNT(*) AS tp_count FROM `student` WHERE ( `id` IN ('1034','1028') ) AND ( `xingbie` = 0 ) LIMIT 1   [ RunTime:0.000516s ]
SQL: INSERT INTO `enrollment_list` (`eid`,`cid`,`bid`,`sid`,`tid`) VALUES (10,42,45,1050,6) [ RunTime:0.039477s ]

[ 2016-03-18T17:19:36+08:00 ] 172.30.1.23 /ping/index.php/Home/Enrollment/ajaxAdd.html
INFO: [ app_begin ] --START--
INFO: ReadHtmlCache Behavior ::run [ RunTime:0.001078s ]
INFO: [ app_begin ] --END-- [ RunTime:0.001194s ]
SQL: SHOW COLUMNS FROM `term` [ RunTime:0.002276s ]
SQL: SELECT * FROM `term` WHERE ( `status` = 1 ) LIMIT 1   [ RunTime:0.000649s ]
SQL: SHOW COLUMNS FROM `enrollment_list` [ RunTime:0.002420s ]
SQL: SELECT * FROM `enrollment_list` WHERE ( `eid` = 10 ) AND ( `cid` = 43 ) AND ( `sid` = 1031 ) AND ( `tid` = 6 ) LIMIT 1   [ RunTime:0.000891s ]
SQL: SHOW COLUMNS FROM `enrollment` [ RunTime:0.002361s ]
SQL: SELECT * FROM `enrollment` WHERE ( `id` = 10 ) LIMIT 1   [ RunTime:0.000636s ]
SQL: SELECT COUNT(*) AS tp_count FROM `enrollment_list` WHERE ( `eid` = 10 ) AND ( `sid` = 1031 ) AND ( `tid` = 6 ) LIMIT 1   [ RunTime:0.000747s ]
SQL: SHOW COLUMNS FROM `enrollment_content` [ RunTime:0.002766s ]
SQL: SELECT * FROM `enrollment_content` WHERE ( `id` = 43 ) LIMIT 1   [ RunTime:0.000695s ]
SQL: SELECT COUNT(*) AS tp_count FROM `enrollment_list` WHERE ( `cid` = 43 ) AND ( `bid` = 45 ) AND ( `tid` = 6 ) LIMIT 1   [ RunTime:0.000742s ]
SQL: SHOW COLUMNS FROM `student` [ RunTime:0.002292s ]
SQL: SELECT * FROM `student` WHERE ( `id` = 1031 ) LIMIT 1   [ RunTime:0.000567s ]
SQL: SELECT `sid` FROM `enrollment_list` WHERE ( `cid` = 43 ) AND ( `bid` = 45 ) AND ( `tid` = 6 )  [ RunTime:0.000635s ]
NOTIC: [2] implode() [<a href='function.implode'>function.implode</a>]: Invalid arguments passed E:\wamp\www\ping\ThinkPHP\Lib\Core\Db.class.php 第 497 行.
SQL: SELECT COUNT(*) AS tp_count FROM `student` WHERE ( `id` IN () ) AND ( `xingbie` = 1 ) LIMIT 1   [ RunTime:0.000352s ]
ERR: 1064:You have an error in your SQL syntax; check the manual that corresponds to your MySQL server version for the right syntax to use near ') ) AND ( `xingbie` = 1 ) LIMIT 1' at line 1
 [ SQL语句 ] : SELECT COUNT(*) AS tp_count FROM `student` WHERE ( `id` IN () ) AND ( `xingbie` = 1 ) LIMIT 1  
NOTIC: [2] implode() [<a href='function.implode'>function.implode</a>]: Invalid arguments passed E:\wamp\www\ping\ThinkPHP\Lib\Core\Db.class.php 第 497 行.
SQL: SELECT COUNT(*) AS tp_count FROM `student` WHERE ( `id` IN () ) AND ( `xingbie` = 0 ) LIMIT 1   [ RunTime:0.000344s ]
ERR: 1064:You have an error in your SQL syntax; check the manual that corresponds to your MySQL server version for the right syntax to use near ') ) AND ( `xingbie` = 0 ) LIMIT 1' at line 1
 [ SQL语句 ] : SELECT COUNT(*) AS tp_count FROM `student` WHERE ( `id` IN () ) AND ( `xingbie` = 0 ) LIMIT 1  
SQL: INSERT INTO `enrollment_list` (`eid`,`cid`,`bid`,`sid`,`tid`) VALUES (10,43,45,1031,6) [ RunTime:0.038568s ]

[ 2016-03-18T17:19:39+08:00 ] 172.30.1.23 /ping/index.php/Home/Enrollment/ajaxAdd.html
INFO: [ app_begin ] --START--
INFO: ReadHtmlCache Behavior ::run [ RunTime:0.000962s ]
INFO: [ app_begin ] --END-- [ RunTime:0.001075s ]
SQL: SHOW COLUMNS FROM `term` [ RunTime:0.002114s ]
SQL: SELECT * FROM `term` WHERE ( `status` = 1 ) LIMIT 1   [ RunTime:0.000656s ]
SQL: SHOW COLUMNS FROM `enrollment_list` [ RunTime:0.002395s ]
SQL: SELECT * FROM `enrollment_list` WHERE ( `eid` = 10 ) AND ( `cid` = 43 ) AND ( `sid` = 1038 ) AND ( `tid` = 6 ) LIMIT 1   [ RunTime:0.000860s ]
SQL: SHOW COLUMNS FROM `enrollment` [ RunTime:0.002350s ]
SQL: SELECT * FROM `enrollment` WHERE ( `id` = 10 ) LIMIT 1   [ RunTime:0.000655s ]
SQL: SELECT COUNT(*) AS tp_count FROM `enrollment_list` WHERE ( `eid` = 10 ) AND ( `sid` = 1038 ) AND ( `tid` = 6 ) LIMIT 1   [ RunTime:0.000779s ]
SQL: SHOW COLUMNS FROM `enrollment_content` [ RunTime:0.002691s ]
SQL: SELECT * FROM `enrollment_content` WHERE ( `id` = 43 ) LIMIT 1   [ RunTime:0.000706s ]
SQL: SELECT COUNT(*) AS tp_count FROM `enrollment_list` WHERE ( `cid` = 43 ) AND ( `bid` = 45 ) AND ( `tid` = 6 ) LIMIT 1   [ RunTime:0.000723s ]
SQL: SHOW COLUMNS FROM `student` [ RunTime:0.002327s ]
SQL: SELECT * FROM `student` WHERE ( `id` = 1038 ) LIMIT 1   [ RunTime:0.000588s ]
SQL: SELECT `sid` FROM `enrollment_list` WHERE ( `cid` = 43 ) AND ( `bid` = 45 ) AND ( `tid` = 6 )  [ RunTime:0.000667s ]
SQL: SELECT COUNT(*) AS tp_count FROM `student` WHERE ( `id` IN ('1031') ) AND ( `xingbie` = 1 ) LIMIT 1   [ RunTime:0.000508s ]
SQL: SELECT COUNT(*) AS tp_count FROM `student` WHERE ( `id` IN ('1031') ) AND ( `xingbie` = 0 ) LIMIT 1   [ RunTime:0.000525s ]
SQL: INSERT INTO `enrollment_list` (`eid`,`cid`,`bid`,`sid`,`tid`) VALUES (10,43,45,1038,6) [ RunTime:0.086088s ]

[ 2016-03-18T17:19:43+08:00 ] 172.30.1.23 /ping/index.php/Home/Enrollment/ajaxAdd.html
INFO: [ app_begin ] --START--
INFO: ReadHtmlCache Behavior ::run [ RunTime:0.000963s ]
INFO: [ app_begin ] --END-- [ RunTime:0.001076s ]
SQL: SHOW COLUMNS FROM `term` [ RunTime:0.002075s ]
SQL: SELECT * FROM `term` WHERE ( `status` = 1 ) LIMIT 1   [ RunTime:0.000503s ]
SQL: SHOW COLUMNS FROM `enrollment_list` [ RunTime:0.002194s ]
SQL: SELECT * FROM `enrollment_list` WHERE ( `eid` = 10 ) AND ( `cid` = 43 ) AND ( `sid` = 1035 ) AND ( `tid` = 6 ) LIMIT 1   [ RunTime:0.000735s ]
SQL: SHOW COLUMNS FROM `enrollment` [ RunTime:0.002213s ]
SQL: SELECT * FROM `enrollment` WHERE ( `id` = 10 ) LIMIT 1   [ RunTime:0.000527s ]
SQL: SELECT COUNT(*) AS tp_count FROM `enrollment_list` WHERE ( `eid` = 10 ) AND ( `sid` = 1035 ) AND ( `tid` = 6 ) LIMIT 1   [ RunTime:0.000639s ]
SQL: SHOW COLUMNS FROM `enrollment_content` [ RunTime:0.002506s ]
SQL: SELECT * FROM `enrollment_content` WHERE ( `id` = 43 ) LIMIT 1   [ RunTime:0.000584s ]
SQL: SELECT COUNT(*) AS tp_count FROM `enrollment_list` WHERE ( `cid` = 43 ) AND ( `bid` = 45 ) AND ( `tid` = 6 ) LIMIT 1   [ RunTime:0.000634s ]
SQL: SHOW COLUMNS FROM `student` [ RunTime:0.002223s ]
SQL: SELECT * FROM `student` WHERE ( `id` = 1035 ) LIMIT 1   [ RunTime:0.000505s ]
SQL: SELECT `sid` FROM `enrollment_list` WHERE ( `cid` = 43 ) AND ( `bid` = 45 ) AND ( `tid` = 6 )  [ RunTime:0.000647s ]
SQL: SELECT COUNT(*) AS tp_count FROM `student` WHERE ( `id` IN ('1031','1038') ) AND ( `xingbie` = 1 ) LIMIT 1   [ RunTime:0.000538s ]
SQL: SELECT COUNT(*) AS tp_count FROM `student` WHERE ( `id` IN ('1031','1038') ) AND ( `xingbie` = 0 ) LIMIT 1   [ RunTime:0.000509s ]
SQL: INSERT INTO `enrollment_list` (`eid`,`cid`,`bid`,`sid`,`tid`) VALUES (10,43,45,1035,6) [ RunTime:0.054621s ]

