[ 2016-03-29T15:37:55+08:00 ] 172.30.2.168 /ping/Admin/Login/checkusername.html
INFO: [ app_begin ] --START--
INFO: ReadHtmlCache Behavior ::run [ RunTime:0.000869s ]
INFO: [ app_begin ] --END-- [ RunTime:0.000973s ]
ERR: 非法操作:checkusername

[ 2016-03-29T15:37:56+08:00 ] 172.30.2.168 /ping/Admin/Login/checkpassword.html
INFO: [ app_begin ] --START--
INFO: ReadHtmlCache Behavior ::run [ RunTime:0.000864s ]
INFO: [ app_begin ] --END-- [ RunTime:0.000969s ]
ERR: 非法操作:checkpassword

[ 2016-03-29T15:40:30+08:00 ] 172.30.2.168 /ping/Home/Enrollment/ajaxAdd.html
INFO: [ app_begin ] --START--
INFO: ReadHtmlCache Behavior ::run [ RunTime:0.000867s ]
INFO: [ app_begin ] --END-- [ RunTime:0.000973s ]
SQL: SHOW COLUMNS FROM `term` [ RunTime:0.002020s ]
SQL: SELECT * FROM `term` WHERE ( `status` = 1 ) LIMIT 1   [ RunTime:0.000528s ]
SQL: SHOW COLUMNS FROM `enrollment_list` [ RunTime:0.002204s ]
SQL: SELECT * FROM `enrollment_list` WHERE ( `eid` = 10 ) AND ( `cid` = 31 ) AND ( `sid` = 63 ) AND ( `tid` = 6 ) LIMIT 1   [ RunTime:0.002144s ]
SQL: SHOW COLUMNS FROM `enrollment` [ RunTime:0.002201s ]
SQL: SELECT * FROM `enrollment` WHERE ( `id` = 10 ) LIMIT 1   [ RunTime:0.000550s ]
SQL: SELECT COUNT(*) AS tp_count FROM `enrollment_list` WHERE ( `eid` = 10 ) AND ( `sid` = 63 ) AND ( `tid` = 6 ) LIMIT 1   [ RunTime:0.001859s ]
SQL: SHOW COLUMNS FROM `enrollment_content` [ RunTime:0.002549s ]
SQL: SELECT * FROM `enrollment_content` WHERE ( `id` = 31 ) LIMIT 1   [ RunTime:0.000613s ]
SQL: SELECT COUNT(*) AS tp_count FROM `enrollment_list` WHERE ( `cid` = 31 ) AND ( `bid` = 50 ) AND ( `tid` = 6 ) LIMIT 1   [ RunTime:0.001819s ]
SQL: SHOW COLUMNS FROM `student` [ RunTime:0.002199s ]
SQL: SELECT * FROM `student` WHERE ( `id` = 63 ) LIMIT 1   [ RunTime:0.000524s ]
SQL: SELECT `sid` FROM `enrollment_list` WHERE ( `cid` = 31 ) AND ( `bid` = 50 ) AND ( `tid` = 6 )  [ RunTime:0.001880s ]
SQL: SELECT COUNT(*) AS tp_count FROM `student` WHERE ( `id` IN ('51','52','56','58','60','69','73','77','80','76') ) AND ( `xingbie` = 1 ) LIMIT 1   [ RunTime:0.000656s ]
SQL: SELECT COUNT(*) AS tp_count FROM `student` WHERE ( `id` IN ('51','52','56','58','60','69','73','77','80','76') ) AND ( `xingbie` = 0 ) LIMIT 1   [ RunTime:0.000642s ]
SQL: INSERT INTO `enrollment_list` (`eid`,`cid`,`bid`,`sid`,`tid`) VALUES (10,31,50,63,6) [ RunTime:0.047533s ]

[ 2016-03-29T15:40:32+08:00 ] 172.30.2.168 /ping/Home/Enrollment/ajaxAdd.html
INFO: [ app_begin ] --START--
INFO: ReadHtmlCache Behavior ::run [ RunTime:0.000865s ]
INFO: [ app_begin ] --END-- [ RunTime:0.000970s ]
SQL: SHOW COLUMNS FROM `term` [ RunTime:0.002013s ]
SQL: SELECT * FROM `term` WHERE ( `status` = 1 ) LIMIT 1   [ RunTime:0.000680s ]
SQL: SHOW COLUMNS FROM `enrollment_list` [ RunTime:0.002378s ]
SQL: DELETE FROM `enrollment_list` WHERE ( `eid` = 10 ) AND ( `cid` = 31 ) AND ( `sid` = 63 ) AND ( `tid` = 6 ) [ RunTime:0.054617s ]

[ 2016-03-29T15:41:35+08:00 ] 172.30.2.168 /ping/Home/Enrollment/ajaxAdd.html
INFO: [ app_begin ] --START--
INFO: ReadHtmlCache Behavior ::run [ RunTime:0.000867s ]
INFO: [ app_begin ] --END-- [ RunTime:0.000971s ]
SQL: SHOW COLUMNS FROM `term` [ RunTime:0.002026s ]
SQL: SELECT * FROM `term` WHERE ( `status` = 1 ) LIMIT 1   [ RunTime:0.000627s ]
SQL: SHOW COLUMNS FROM `enrollment_list` [ RunTime:0.002240s ]
SQL: SELECT * FROM `enrollment_list` WHERE ( `eid` = 10 ) AND ( `cid` = 35 ) AND ( `sid` = 51 ) AND ( `tid` = 6 ) LIMIT 1   [ RunTime:0.002267s ]
SQL: SHOW COLUMNS FROM `enrollment` [ RunTime:0.002412s ]
SQL: SELECT * FROM `enrollment` WHERE ( `id` = 10 ) LIMIT 1   [ RunTime:0.000724s ]
SQL: SELECT COUNT(*) AS tp_count FROM `enrollment_list` WHERE ( `eid` = 10 ) AND ( `sid` = 51 ) AND ( `tid` = 6 ) LIMIT 1   [ RunTime:0.002008s ]
SQL: SHOW COLUMNS FROM `enrollment_content` [ RunTime:0.002697s ]
SQL: SELECT * FROM `enrollment_content` WHERE ( `id` = 35 ) LIMIT 1   [ RunTime:0.000788s ]
SQL: SELECT COUNT(*) AS tp_count FROM `enrollment_list` WHERE ( `cid` = 35 ) AND ( `bid` = 50 ) AND ( `tid` = 6 ) LIMIT 1   [ RunTime:0.002008s ]
SQL: SHOW COLUMNS FROM `student` [ RunTime:0.002364s ]
SQL: SELECT * FROM `student` WHERE ( `id` = 51 ) LIMIT 1   [ RunTime:0.000703s ]
SQL: SELECT `sid` FROM `enrollment_list` WHERE ( `cid` = 35 ) AND ( `bid` = 50 ) AND ( `tid` = 6 )  [ RunTime:0.002032s ]
SQL: SELECT COUNT(*) AS tp_count FROM `student` WHERE ( `id` IN ('63','98','55') ) AND ( `xingbie` = 1 ) LIMIT 1   [ RunTime:0.000738s ]
SQL: SELECT COUNT(*) AS tp_count FROM `student` WHERE ( `id` IN ('63','98','55') ) AND ( `xingbie` = 0 ) LIMIT 1   [ RunTime:0.000725s ]
SQL: INSERT INTO `enrollment_list` (`eid`,`cid`,`bid`,`sid`,`tid`) VALUES (10,35,50,51,6) [ RunTime:0.054937s ]

[ 2016-03-29T15:41:41+08:00 ] 172.30.2.168 /ping/Home/Enrollment/ajaxAdd.html
INFO: [ app_begin ] --START--
INFO: ReadHtmlCache Behavior ::run [ RunTime:0.000866s ]
INFO: [ app_begin ] --END-- [ RunTime:0.000972s ]
SQL: SHOW COLUMNS FROM `term` [ RunTime:0.002110s ]
SQL: SELECT * FROM `term` WHERE ( `status` = 1 ) LIMIT 1   [ RunTime:0.000638s ]
SQL: SHOW COLUMNS FROM `enrollment_list` [ RunTime:0.002328s ]
SQL: DELETE FROM `enrollment_list` WHERE ( `eid` = 10 ) AND ( `cid` = 35 ) AND ( `sid` = 51 ) AND ( `tid` = 6 ) [ RunTime:0.044487s ]

[ 2016-03-29T15:41:45+08:00 ] 172.30.2.168 /ping/Home/Enrollment/ajaxAdd.html
INFO: [ app_begin ] --START--
INFO: ReadHtmlCache Behavior ::run [ RunTime:0.000867s ]
INFO: [ app_begin ] --END-- [ RunTime:0.000973s ]
SQL: SHOW COLUMNS FROM `term` [ RunTime:0.002132s ]
SQL: SELECT * FROM `term` WHERE ( `status` = 1 ) LIMIT 1   [ RunTime:0.000631s ]
SQL: SHOW COLUMNS FROM `enrollment_list` [ RunTime:0.002388s ]
SQL: DELETE FROM `enrollment_list` WHERE ( `eid` = 10 ) AND ( `cid` = 35 ) AND ( `sid` = 51 ) AND ( `tid` = 6 ) [ RunTime:0.003433s ]

[ 2016-03-29T15:51:24+08:00 ] 172.30.2.168 /ping/Home/Enrollment/ajaxAdd.html
INFO: [ app_begin ] --START--
INFO: ReadHtmlCache Behavior ::run [ RunTime:0.000982s ]
INFO: [ app_begin ] --END-- [ RunTime:0.001090s ]
SQL: SHOW COLUMNS FROM `term` [ RunTime:0.001988s ]
SQL: SELECT * FROM `term` WHERE ( `status` = 1 ) LIMIT 1   [ RunTime:0.000648s ]
SQL: SHOW COLUMNS FROM `enrollment_list` [ RunTime:0.002317s ]
SQL: SELECT * FROM `enrollment_list` WHERE ( `eid` = 10 ) AND ( `cid` = 32 ) AND ( `sid` = 51 ) AND ( `tid` = 6 ) LIMIT 1   [ RunTime:0.002149s ]
SQL: SHOW COLUMNS FROM `enrollment` [ RunTime:0.002238s ]
SQL: SELECT * FROM `enrollment` WHERE ( `id` = 10 ) LIMIT 1   [ RunTime:0.000553s ]
SQL: SELECT COUNT(*) AS tp_count FROM `enrollment_list` WHERE ( `eid` = 10 ) AND ( `sid` = 51 ) AND ( `tid` = 6 ) LIMIT 1   [ RunTime:0.001828s ]
SQL: SHOW COLUMNS FROM `enrollment_content` [ RunTime:0.002568s ]
SQL: SELECT * FROM `enrollment_content` WHERE ( `id` = 32 ) LIMIT 1   [ RunTime:0.000613s ]
SQL: SELECT COUNT(*) AS tp_count FROM `enrollment_list` WHERE ( `cid` = 32 ) AND ( `bid` = 50 ) AND ( `tid` = 6 ) LIMIT 1   [ RunTime:0.001825s ]

[ 2016-03-29T15:51:34+08:00 ] 172.30.2.168 /ping/Home/Enrollment/ajaxAdd.html
INFO: [ app_begin ] --START--
INFO: ReadHtmlCache Behavior ::run [ RunTime:0.000867s ]
INFO: [ app_begin ] --END-- [ RunTime:0.000973s ]
SQL: SHOW COLUMNS FROM `term` [ RunTime:0.002050s ]
SQL: SELECT * FROM `term` WHERE ( `status` = 1 ) LIMIT 1   [ RunTime:0.000531s ]
SQL: SHOW COLUMNS FROM `enrollment_list` [ RunTime:0.002287s ]
SQL: SELECT * FROM `enrollment_list` WHERE ( `eid` = 10 ) AND ( `cid` = 31 ) AND ( `sid` = 51 ) AND ( `tid` = 6 ) LIMIT 1   [ RunTime:0.002046s ]

