[ 2016-04-13T11:27:06+08:00 ] 172.30.2.168 /ping/Admin/Login/checkusername.html
INFO: [ app_begin ] --START--
INFO: ReadHtmlCache Behavior ::run [ RunTime:0.000857s ]
INFO: [ app_begin ] --END-- [ RunTime:0.000961s ]
ERR: 非法操作:checkusername

[ 2016-04-13T11:27:08+08:00 ] 172.30.2.168 /ping/Admin/Login/checkpassword.html
INFO: [ app_begin ] --START--
INFO: ReadHtmlCache Behavior ::run [ RunTime:0.000860s ]
INFO: [ app_begin ] --END-- [ RunTime:0.000965s ]
ERR: 非法操作:checkpassword

[ 2016-04-13T11:27:19+08:00 ] 172.30.2.168 /ping/Admin/Login/checkpassword.html
INFO: [ app_begin ] --START--
INFO: ReadHtmlCache Behavior ::run [ RunTime:0.000859s ]
INFO: [ app_begin ] --END-- [ RunTime:0.000964s ]
ERR: 非法操作:checkpassword

[ 2016-04-13T11:30:11+08:00 ] 172.30.2.168 /ping/Admin/Student/daochu.html
ERR: 非法操作:daochu

[ 2016-04-13T14:35:28+08:00 ] 172.30.2.168 /ping/Admin/Login/checkusername.html
INFO: [ app_begin ] --START--
INFO: ReadHtmlCache Behavior ::run [ RunTime:0.000885s ]
INFO: [ app_begin ] --END-- [ RunTime:0.000990s ]
ERR: 非法操作:checkusername

[ 2016-04-13T14:35:30+08:00 ] 172.30.2.168 /ping/Admin/Login/checkpassword.html
INFO: [ app_begin ] --START--
INFO: ReadHtmlCache Behavior ::run [ RunTime:0.000915s ]
INFO: [ app_begin ] --END-- [ RunTime:0.001020s ]
ERR: 非法操作:checkpassword

[ 2016-04-13T16:26:51+08:00 ] 172.30.2.168 /ping/Admin/Login/checkusername.html
INFO: [ app_begin ] --START--
INFO: ReadHtmlCache Behavior ::run [ RunTime:0.000860s ]
INFO: [ app_begin ] --END-- [ RunTime:0.000965s ]
ERR: 非法操作:checkusername

[ 2016-04-13T16:26:52+08:00 ] 172.30.2.168 /ping/Admin/Login/checkpassword.html
INFO: [ app_begin ] --START--
INFO: ReadHtmlCache Behavior ::run [ RunTime:0.000861s ]
INFO: [ app_begin ] --END-- [ RunTime:0.000965s ]
ERR: 非法操作:checkpassword

[ 2016-04-13T16:35:31+08:00 ] 172.30.2.168 /ping/Admin/Admin/repassword.html
ERR: 非法操作:repassword

[ 2016-04-13T17:33:19+08:00 ] 172.30.2.168 /ping/Admin/Admin/repassword/id/1.html
ERR: 非法操作:repassword

[ 2016-04-13T18:09:33+08:00 ] 172.30.2.168 /ping/Admin/Login/checkusername.html
INFO: [ app_begin ] --START--
INFO: ReadHtmlCache Behavior ::run [ RunTime:0.000862s ]
INFO: [ app_begin ] --END-- [ RunTime:0.000967s ]
ERR: 非法操作:checkusername

[ 2016-04-13T18:09:35+08:00 ] 172.30.2.168 /ping/Admin/Login/checkpassword.html
INFO: [ app_begin ] --START--
INFO: ReadHtmlCache Behavior ::run [ RunTime:0.000863s ]
INFO: [ app_begin ] --END-- [ RunTime:0.000968s ]
ERR: 非法操作:checkpassword

