[ 2016-10-08T08:57:51+08:00 ] 172.30.2.160 /fuzhong/
INFO: [ app_begin ] --START--
INFO: ReadHtmlCache Behavior ::run [ RunTime:0.001269s ]
INFO: [ app_begin ] --END-- [ RunTime:0.001432s ]
SQL: SHOW COLUMNS FROM `term` [ RunTime:0.004178s ]
SQL: SELECT * FROM `term` WHERE ( `status` = 1 ) LIMIT 1   [ RunTime:0.000612s ]
INFO: [ view_parse ] --START--
INFO: ParseTemplate Behavior ::run [ RunTime:0.015113s ]
INFO: [ view_parse ] --END-- [ RunTime:0.015251s ]
INFO: [ view_filter ] --START--
INFO: ContentReplace Behavior ::run [ RunTime:0.000778s ]
INFO: TokenBuild Behavior ::run [ RunTime:0.000791s ]
INFO: WriteHtmlCache Behavior ::run [ RunTime:0.000591s ]
INFO: ShowRuntime Behavior ::run [ RunTime:0.000940s ]
INFO: [ view_filter ] --END-- [ RunTime:0.003419s ]
INFO: [ view_end ] --START--
INFO: ShowPageTrace Behavior ::run [ RunTime:0.001219s ]
INFO: [ view_end ] --END-- [ RunTime:0.001331s ]

[ 2016-10-08T09:01:30+08:00 ] 172.30.2.160 /fuzhong/
INFO: [ app_begin ] --START--
INFO: ReadHtmlCache Behavior ::run [ RunTime:0.001278s ]
INFO: [ app_begin ] --END-- [ RunTime:0.001436s ]
SQL: SHOW COLUMNS FROM `term` [ RunTime:0.003625s ]
SQL: SELECT * FROM `term` WHERE ( `status` = 1 ) LIMIT 1   [ RunTime:0.000472s ]
INFO: [ view_parse ] --START--
INFO: ParseTemplate Behavior ::run [ RunTime:0.016468s ]
INFO: [ view_parse ] --END-- [ RunTime:0.016610s ]
INFO: [ view_filter ] --START--
INFO: ContentReplace Behavior ::run [ RunTime:0.000803s ]
INFO: TokenBuild Behavior ::run [ RunTime:0.000803s ]
INFO: WriteHtmlCache Behavior ::run [ RunTime:0.000608s ]
INFO: ShowRuntime Behavior ::run [ RunTime:0.000982s ]
INFO: [ view_filter ] --END-- [ RunTime:0.003505s ]
INFO: [ view_end ] --START--
INFO: ShowPageTrace Behavior ::run [ RunTime:0.001225s ]
INFO: [ view_end ] --END-- [ RunTime:0.001336s ]

[ 2016-10-08T09:01:31+08:00 ] 172.30.2.160 /fuzhong/
INFO: [ app_begin ] --START--
INFO: ReadHtmlCache Behavior ::run [ RunTime:0.001002s ]
INFO: [ app_begin ] --END-- [ RunTime:0.001140s ]
SQL: SHOW COLUMNS FROM `term` [ RunTime:0.003384s ]
SQL: SELECT * FROM `term` WHERE ( `status` = 1 ) LIMIT 1   [ RunTime:0.000475s ]
INFO: [ view_parse ] --START--
INFO: ParseTemplate Behavior ::run [ RunTime:0.014617s ]
INFO: [ view_parse ] --END-- [ RunTime:0.014750s ]
INFO: [ view_filter ] --START--
INFO: ContentReplace Behavior ::run [ RunTime:0.000655s ]
INFO: TokenBuild Behavior ::run [ RunTime:0.000655s ]
INFO: WriteHtmlCache Behavior ::run [ RunTime:0.000453s ]
INFO: ShowRuntime Behavior ::run [ RunTime:0.000858s ]
INFO: [ view_filter ] --END-- [ RunTime:0.002926s ]
INFO: [ view_end ] --START--
INFO: ShowPageTrace Behavior ::run [ RunTime:0.001094s ]
INFO: [ view_end ] --END-- [ RunTime:0.001205s ]

[ 2016-10-08T10:37:28+08:00 ] 172.30.2.160 /fuzhong/Home/Login/loginHandle.html
INFO: [ route_check ] --START--
INFO: CheckRoute Behavior ::run [ RunTime:0.001805s ]
INFO: [ route_check ] --END-- [ RunTime:0.001971s ]
INFO: [ app_begin ] --START--
INFO: ReadHtmlCache Behavior ::run [ RunTime:0.001225s ]
INFO: [ app_begin ] --END-- [ RunTime:0.001356s ]
SQL: SHOW COLUMNS FROM `banji` [ RunTime:0.004268s ]
SQL: SELECT * FROM `banji` WHERE ( `username` = '201501' ) AND ( `password` = 'e10adc3949ba59abbe56e057f20f883e' ) LIMIT 1   [ RunTime:0.000701s ]
INFO: [ view_parse ] --START--
INFO: ParseTemplate Behavior ::run [ RunTime:0.014414s ]
INFO: [ view_parse ] --END-- [ RunTime:0.014557s ]
INFO: [ view_filter ] --START--
INFO: ContentReplace Behavior ::run [ RunTime:0.000770s ]
INFO: TokenBuild Behavior ::run [ RunTime:0.000817s ]
INFO: WriteHtmlCache Behavior ::run [ RunTime:0.000587s ]
INFO: ShowRuntime Behavior ::run [ RunTime:0.000959s ]
INFO: [ view_filter ] --END-- [ RunTime:0.003443s ]
INFO: [ view_end ] --START--
INFO: ShowPageTrace Behavior ::run [ RunTime:0.001235s ]
INFO: [ view_end ] --END-- [ RunTime:0.001348s ]

[ 2016-10-08T10:37:29+08:00 ] 172.30.2.160 /fuzhong/Home/Jiaodaochu/index.html
INFO: [ route_check ] --START--
INFO: CheckRoute Behavior ::run [ RunTime:0.001611s ]
INFO: [ route_check ] --END-- [ RunTime:0.001780s ]
INFO: [ app_begin ] --START--
INFO: ReadHtmlCache Behavior ::run [ RunTime:0.000997s ]
INFO: [ app_begin ] --END-- [ RunTime:0.001119s ]
SQL: SHOW COLUMNS FROM `banji` [ RunTime:0.003502s ]
SQL: SELECT * FROM `banji` WHERE ( `id` = 19 ) LIMIT 1   [ RunTime:0.000493s ]
SQL: SHOW COLUMNS FROM `term` [ RunTime:0.003707s ]
SQL: SELECT * FROM `term` WHERE ( `status` = 1 ) LIMIT 1   [ RunTime:0.000491s ]
SQL: SHOW COLUMNS FROM `nianji` [ RunTime:0.003582s ]
SQL: SELECT * FROM `nianji` WHERE ( `ruxuenian` = 2015 ) LIMIT 1   [ RunTime:0.000560s ]
SQL: SHOW COLUMNS FROM `enrollment` [ RunTime:0.003773s ]
SQL: SELECT * FROM `enrollment` WHERE ( `status` = 1 )  [ RunTime:0.000657s ]
SQL: SHOW COLUMNS FROM `nianji` [ RunTime:0.003455s ]
NOTIC: [8] Undefined index: mapping_order E:\wamp\www\fuzhong\ThinkPHP\Extend\Model\RelationModel.class.php 第 188 行.
NOTIC: [8] Undefined index: mapping_limit E:\wamp\www\fuzhong\ThinkPHP\Extend\Model\RelationModel.class.php 第 189 行.
SQL: SELECT b.* FROM enrollment_nianji AS a, nianji AS b WHERE a.nianji_id = b.id AND a. enrollment_id='11' AND nianji_id=2 [ RunTime:0.000750s ]
INFO: [ view_parse ] --START--
SQL: SELECT * FROM `banji` WHERE ( `id` = 19 ) LIMIT 1   [ RunTime:0.000543s ]
SQL: SELECT * FROM `term` WHERE ( `status` = 1 ) LIMIT 1   [ RunTime:0.000463s ]
INFO: ParseTemplate Behavior ::run [ RunTime:0.025500s ]
INFO: [ view_parse ] --END-- [ RunTime:0.025642s ]
INFO: [ view_filter ] --START--
INFO: ContentReplace Behavior ::run [ RunTime:0.000668s ]
INFO: TokenBuild Behavior ::run [ RunTime:0.000663s ]
INFO: WriteHtmlCache Behavior ::run [ RunTime:0.000476s ]
INFO: ShowRuntime Behavior ::run [ RunTime:0.000854s ]
INFO: [ view_filter ] --END-- [ RunTime:0.002966s ]
INFO: [ view_end ] --START--
INFO: ShowPageTrace Behavior ::run [ RunTime:0.001111s ]
INFO: [ view_end ] --END-- [ RunTime:0.001221s ]

[ 2016-10-08T10:37:38+08:00 ] 172.30.2.160 /fuzhong/Home/class
INFO: [ route_check ] --START--
INFO: CheckRoute Behavior ::run [ RunTime:0.001503s ]
INFO: [ route_check ] --END-- [ RunTime:0.001652s ]
INFO: [ app_begin ] --START--
INFO: ReadHtmlCache Behavior ::run [ RunTime:0.000979s ]
INFO: [ app_begin ] --END-- [ RunTime:0.001104s ]
ERR: 无法加载模块:class

[ 2016-10-08T10:37:43+08:00 ] 172.30.2.160 /fuzhong/Home/Chengji
INFO: [ route_check ] --START--
INFO: CheckRoute Behavior ::run [ RunTime:0.001481s ]
INFO: [ route_check ] --END-- [ RunTime:0.001625s ]
INFO: [ app_begin ] --START--
INFO: ReadHtmlCache Behavior ::run [ RunTime:0.000986s ]
INFO: [ app_begin ] --END-- [ RunTime:0.001110s ]
SQL: SHOW COLUMNS FROM `kaoshi` [ RunTime:0.003763s ]
SQL: SELECT COUNT(*) AS tp_count FROM `kaoshi` WHERE ( `status` = 1 ) AND ( `banji` = 19 ) LIMIT 1   [ RunTime:0.000572s ]
SQL: SHOW COLUMNS FROM `kaoshi` [ RunTime:0.003706s ]
SQL: SELECT * FROM `kaoshi` WHERE ( `status` = 1 ) AND ( `banji` = 19 ) ORDER BY id DESC LIMIT 0,10   [ RunTime:0.000630s ]
SQL: SHOW COLUMNS FROM `xueke` [ RunTime:0.003978s ]
SQL: SELECT `xueke` FROM `xueke` WHERE ( 1=1 AND id='6' ) LIMIT 1   [ RunTime:0.000535s ]
SQL: SHOW COLUMNS FROM `term` [ RunTime:0.003553s ]
SQL: SELECT `name` FROM `term` WHERE ( 1=1 AND id='8' ) LIMIT 1   [ RunTime:0.000437s ]
SQL: SHOW COLUMNS FROM `banji` [ RunTime:0.003532s ]
SQL: SELECT `ruxuenian`,`banji` FROM `banji` WHERE ( 1=1 AND id='19' ) LIMIT 1   [ RunTime:0.000466s ]
SQL: SHOW COLUMNS FROM `kaoshichengji` [ RunTime:0.003625s ]
SQL: SELECT * FROM `kaoshichengji` WHERE ( 1=1 AND kaoshiid='2' )  [ RunTime:0.000761s ]
SQL: SELECT `xueke` FROM `xueke` WHERE ( 1=1 AND id='2' ) LIMIT 1   [ RunTime:0.000431s ]
SQL: SELECT `name` FROM `term` WHERE ( 1=1 AND id='8' ) LIMIT 1   [ RunTime:0.000401s ]
SQL: SELECT `ruxuenian`,`banji` FROM `banji` WHERE ( 1=1 AND id='19' ) LIMIT 1   [ RunTime:0.000435s ]
SQL: SELECT * FROM `kaoshichengji` WHERE ( 1=1 AND kaoshiid='1' )  [ RunTime:0.000708s ]
INFO: [ view_parse ] --START--
SQL: SHOW COLUMNS FROM `banji` [ RunTime:0.003564s ]
SQL: SELECT * FROM `banji` WHERE ( `id` = 19 ) LIMIT 1   [ RunTime:0.000455s ]
SQL: SHOW COLUMNS FROM `term` [ RunTime:0.003479s ]
SQL: SELECT * FROM `term` WHERE ( `status` = 1 ) LIMIT 1   [ RunTime:0.000438s ]
INFO: ParseTemplate Behavior ::run [ RunTime:0.038793s ]
INFO: [ view_parse ] --END-- [ RunTime:0.038963s ]
INFO: [ view_filter ] --START--
INFO: ContentReplace Behavior ::run [ RunTime:0.000702s ]
INFO: TokenBuild Behavior ::run [ RunTime:0.000661s ]
INFO: WriteHtmlCache Behavior ::run [ RunTime:0.000453s ]
INFO: ShowRuntime Behavior ::run [ RunTime:0.000845s ]
INFO: [ view_filter ] --END-- [ RunTime:0.002961s ]
INFO: [ view_end ] --START--
INFO: ShowPageTrace Behavior ::run [ RunTime:0.001097s ]
INFO: [ view_end ] --END-- [ RunTime:0.001209s ]

[ 2016-10-08T10:45:19+08:00 ] 172.30.2.160 /fuzhong/Home/Notice
INFO: [ route_check ] --START--
INFO: CheckRoute Behavior ::run [ RunTime:0.001889s ]
INFO: [ route_check ] --END-- [ RunTime:0.002054s ]
INFO: [ app_begin ] --START--
INFO: ReadHtmlCache Behavior ::run [ RunTime:0.001121s ]
INFO: [ app_begin ] --END-- [ RunTime:0.001249s ]

[ 2016-10-08T10:45:36+08:00 ] 172.30.2.160 /fuzhong/Home/Notice
INFO: [ route_check ] --START--
INFO: CheckRoute Behavior ::run [ RunTime:0.001514s ]
INFO: [ route_check ] --END-- [ RunTime:0.001662s ]
INFO: [ app_begin ] --START--
INFO: ReadHtmlCache Behavior ::run [ RunTime:0.001000s ]
INFO: [ app_begin ] --END-- [ RunTime:0.001123s ]
INFO: [ view_parse ] --START--
SQL: SHOW COLUMNS FROM `banji` [ RunTime:0.003919s ]
SQL: SELECT * FROM `banji` WHERE ( `id` = 19 ) LIMIT 1   [ RunTime:0.000518s ]
SQL: SHOW COLUMNS FROM `term` [ RunTime:0.003413s ]
SQL: SELECT * FROM `term` WHERE ( `status` = 1 ) LIMIT 1   [ RunTime:0.000461s ]
NOTIC: [8] Undefined variable: kaoshi E:\wamp\www\fuzhong\App\Runtime\Cache\Home\de7373f0c7178a4aae0497ca95e5d0b1.php 第 74 行.
NOTIC: [8] Undefined variable: show E:\wamp\www\fuzhong\App\Runtime\Cache\Home\de7373f0c7178a4aae0497ca95e5d0b1.php 第 104 行.
INFO: ParseTemplate Behavior ::run [ RunTime:0.054600s ]
INFO: [ view_parse ] --END-- [ RunTime:0.054745s ]
INFO: [ view_filter ] --START--
INFO: ContentReplace Behavior ::run [ RunTime:0.000808s ]
INFO: TokenBuild Behavior ::run [ RunTime:0.000813s ]
INFO: WriteHtmlCache Behavior ::run [ RunTime:0.000587s ]
INFO: ShowRuntime Behavior ::run [ RunTime:0.000977s ]
INFO: [ view_filter ] --END-- [ RunTime:0.003495s ]
INFO: [ view_end ] --START--
INFO: ShowPageTrace Behavior ::run [ RunTime:0.001263s ]
INFO: [ view_end ] --END-- [ RunTime:0.001378s ]

[ 2016-10-08T10:46:13+08:00 ] 172.30.2.160 /fuzhong/Home/Notice
INFO: [ route_check ] --START--
INFO: CheckRoute Behavior ::run [ RunTime:0.001499s ]
INFO: [ route_check ] --END-- [ RunTime:0.001649s ]
INFO: [ app_begin ] --START--
INFO: ReadHtmlCache Behavior ::run [ RunTime:0.000989s ]
INFO: [ app_begin ] --END-- [ RunTime:0.001113s ]
INFO: [ view_parse ] --START--
SQL: SHOW COLUMNS FROM `banji` [ RunTime:0.003755s ]
SQL: SELECT * FROM `banji` WHERE ( `id` = 19 ) LIMIT 1   [ RunTime:0.000490s ]
SQL: SHOW COLUMNS FROM `term` [ RunTime:0.003500s ]
SQL: SELECT * FROM `term` WHERE ( `status` = 1 ) LIMIT 1   [ RunTime:0.000459s ]
NOTIC: [8] Undefined variable: kaoshi E:\wamp\www\fuzhong\App\Runtime\Cache\Home\de7373f0c7178a4aae0497ca95e5d0b1.php 第 74 行.
NOTIC: [8] Undefined variable: show E:\wamp\www\fuzhong\App\Runtime\Cache\Home\de7373f0c7178a4aae0497ca95e5d0b1.php 第 104 行.
INFO: ParseTemplate Behavior ::run [ RunTime:0.066394s ]
INFO: [ view_parse ] --END-- [ RunTime:0.066532s ]
INFO: [ view_filter ] --START--
INFO: ContentReplace Behavior ::run [ RunTime:0.000654s ]
INFO: TokenBuild Behavior ::run [ RunTime:0.000771s ]
INFO: WriteHtmlCache Behavior ::run [ RunTime:0.000457s ]
INFO: ShowRuntime Behavior ::run [ RunTime:0.000833s ]
INFO: [ view_filter ] --END-- [ RunTime:0.003020s ]
INFO: [ view_end ] --START--
INFO: ShowPageTrace Behavior ::run [ RunTime:0.001141s ]
INFO: [ view_end ] --END-- [ RunTime:0.001257s ]

[ 2016-10-08T10:53:19+08:00 ] 172.30.2.160 /fuzhong/Home/Notice
INFO: [ route_check ] --START--
INFO: CheckRoute Behavior ::run [ RunTime:0.001776s ]
INFO: [ route_check ] --END-- [ RunTime:0.001942s ]
INFO: [ app_begin ] --START--
INFO: ReadHtmlCache Behavior ::run [ RunTime:0.001116s ]
INFO: [ app_begin ] --END-- [ RunTime:0.001243s ]
INFO: [ view_parse ] --START--
SQL: SHOW COLUMNS FROM `banji` [ RunTime:0.003783s ]
SQL: SELECT * FROM `banji` WHERE ( `id` = 19 ) LIMIT 1   [ RunTime:0.000463s ]
SQL: SHOW COLUMNS FROM `term` [ RunTime:0.003456s ]
SQL: SELECT * FROM `term` WHERE ( `status` = 1 ) LIMIT 1   [ RunTime:0.000433s ]
NOTIC: [8] Undefined variable: kaoshi E:\wamp\www\fuzhong\App\Runtime\Cache\Home\de7373f0c7178a4aae0497ca95e5d0b1.php 第 74 行.
NOTIC: [8] Undefined variable: show E:\wamp\www\fuzhong\App\Runtime\Cache\Home\de7373f0c7178a4aae0497ca95e5d0b1.php 第 104 行.
INFO: ParseTemplate Behavior ::run [ RunTime:0.054353s ]
INFO: [ view_parse ] --END-- [ RunTime:0.054493s ]
INFO: [ view_filter ] --START--
INFO: ContentReplace Behavior ::run [ RunTime:0.000793s ]
INFO: TokenBuild Behavior ::run [ RunTime:0.000811s ]
INFO: WriteHtmlCache Behavior ::run [ RunTime:0.000612s ]
INFO: ShowRuntime Behavior ::run [ RunTime:0.000945s ]
INFO: [ view_filter ] --END-- [ RunTime:0.003470s ]
INFO: [ view_end ] --START--
INFO: ShowPageTrace Behavior ::run [ RunTime:0.001262s ]
INFO: [ view_end ] --END-- [ RunTime:0.001378s ]

[ 2016-10-08T10:53:25+08:00 ] 172.30.2.160 /fuzhong/Home/Notice/add.html
INFO: [ route_check ] --START--
INFO: CheckRoute Behavior ::run [ RunTime:0.001513s ]
INFO: [ route_check ] --END-- [ RunTime:0.001664s ]
INFO: [ app_begin ] --START--
INFO: ReadHtmlCache Behavior ::run [ RunTime:0.000986s ]
INFO: [ app_begin ] --END-- [ RunTime:0.001109s ]
ERR: 模板不存在[./App/Application/Home/Tpl/Notice/add.html]

[ 2016-10-08T10:54:35+08:00 ] 172.30.2.160 /fuzhong/Home/Notice/add.html
INFO: [ route_check ] --START--
INFO: CheckRoute Behavior ::run [ RunTime:0.001496s ]
INFO: [ route_check ] --END-- [ RunTime:0.001648s ]
INFO: [ app_begin ] --START--
INFO: ReadHtmlCache Behavior ::run [ RunTime:0.000997s ]
INFO: [ app_begin ] --END-- [ RunTime:0.001121s ]
INFO: [ view_parse ] --START--
SQL: SHOW COLUMNS FROM `banji` [ RunTime:0.003909s ]
SQL: SELECT * FROM `banji` WHERE ( `id` = 19 ) LIMIT 1   [ RunTime:0.000603s ]
SQL: SHOW COLUMNS FROM `term` [ RunTime:0.003805s ]
SQL: SELECT * FROM `term` WHERE ( `status` = 1 ) LIMIT 1   [ RunTime:0.000571s ]
NOTIC: [8] Undefined variable: xueke E:\wamp\www\fuzhong\App\Runtime\Cache\Home\648f371056b9652041d33c5b24f3a358.php 第 64 行.
INFO: ParseTemplate Behavior ::run [ RunTime:0.057762s ]
INFO: [ view_parse ] --END-- [ RunTime:0.057901s ]
INFO: [ view_filter ] --START--
INFO: ContentReplace Behavior ::run [ RunTime:0.000785s ]
INFO: TokenBuild Behavior ::run [ RunTime:0.000683s ]
INFO: WriteHtmlCache Behavior ::run [ RunTime:0.000458s ]
INFO: ShowRuntime Behavior ::run [ RunTime:0.000830s ]
INFO: [ view_filter ] --END-- [ RunTime:0.003066s ]
INFO: [ view_end ] --START--
INFO: ShowPageTrace Behavior ::run [ RunTime:0.001149s ]
INFO: [ view_end ] --END-- [ RunTime:0.001255s ]

[ 2016-10-08T10:55:49+08:00 ] 172.30.2.160 /fuzhong/Home/Notice/add.html
INFO: [ route_check ] --START--
INFO: CheckRoute Behavior ::run [ RunTime:0.001903s ]
INFO: [ route_check ] --END-- [ RunTime:0.002065s ]
INFO: [ app_begin ] --START--
INFO: ReadHtmlCache Behavior ::run [ RunTime:0.001118s ]
INFO: [ app_begin ] --END-- [ RunTime:0.001246s ]
INFO: [ view_parse ] --START--
SQL: SHOW COLUMNS FROM `banji` [ RunTime:0.003880s ]
SQL: SELECT * FROM `banji` WHERE ( `id` = 19 ) LIMIT 1   [ RunTime:0.000526s ]
SQL: SHOW COLUMNS FROM `term` [ RunTime:0.003497s ]
SQL: SELECT * FROM `term` WHERE ( `status` = 1 ) LIMIT 1   [ RunTime:0.000452s ]
NOTIC: [8] Undefined variable: xueke E:\wamp\www\fuzhong\App\Runtime\Cache\Home\648f371056b9652041d33c5b24f3a358.php 第 64 行.
INFO: ParseTemplate Behavior ::run [ RunTime:0.055762s ]
INFO: [ view_parse ] --END-- [ RunTime:0.055901s ]
INFO: [ view_filter ] --START--
INFO: ContentReplace Behavior ::run [ RunTime:0.000925s ]
INFO: TokenBuild Behavior ::run [ RunTime:0.000802s ]
INFO: WriteHtmlCache Behavior ::run [ RunTime:0.000595s ]
INFO: ShowRuntime Behavior ::run [ RunTime:0.000954s ]
INFO: [ view_filter ] --END-- [ RunTime:0.003593s ]
INFO: [ view_end ] --START--
INFO: ShowPageTrace Behavior ::run [ RunTime:0.001283s ]
INFO: [ view_end ] --END-- [ RunTime:0.001389s ]

[ 2016-10-08T10:55:55+08:00 ] 172.30.2.160 /fuzhong/Home/Notice/index.html
INFO: [ route_check ] --START--
INFO: CheckRoute Behavior ::run [ RunTime:0.001516s ]
INFO: [ route_check ] --END-- [ RunTime:0.001667s ]
INFO: [ app_begin ] --START--
INFO: ReadHtmlCache Behavior ::run [ RunTime:0.000996s ]
INFO: [ app_begin ] --END-- [ RunTime:0.001119s ]
INFO: [ view_parse ] --START--
SQL: SHOW COLUMNS FROM `banji` [ RunTime:0.003483s ]
SQL: SELECT * FROM `banji` WHERE ( `id` = 19 ) LIMIT 1   [ RunTime:0.000470s ]
SQL: SHOW COLUMNS FROM `term` [ RunTime:0.003341s ]
SQL: SELECT * FROM `term` WHERE ( `status` = 1 ) LIMIT 1   [ RunTime:0.000446s ]
NOTIC: [8] Undefined variable: kaoshi E:\wamp\www\fuzhong\App\Runtime\Cache\Home\de7373f0c7178a4aae0497ca95e5d0b1.php 第 74 行.
NOTIC: [8] Undefined variable: show E:\wamp\www\fuzhong\App\Runtime\Cache\Home\de7373f0c7178a4aae0497ca95e5d0b1.php 第 104 行.
INFO: ParseTemplate Behavior ::run [ RunTime:0.064593s ]
INFO: [ view_parse ] --END-- [ RunTime:0.064742s ]
INFO: [ view_filter ] --START--
INFO: ContentReplace Behavior ::run [ RunTime:0.000711s ]
INFO: TokenBuild Behavior ::run [ RunTime:0.000663s ]
INFO: WriteHtmlCache Behavior ::run [ RunTime:0.000447s ]
INFO: ShowRuntime Behavior ::run [ RunTime:0.000842s ]
INFO: [ view_filter ] --END-- [ RunTime:0.002969s ]
INFO: [ view_end ] --START--
INFO: ShowPageTrace Behavior ::run [ RunTime:0.001121s ]
INFO: [ view_end ] --END-- [ RunTime:0.001235s ]

[ 2016-10-08T10:55:56+08:00 ] 172.30.2.160 /fuzhong/Home/Notice/add.html
INFO: [ route_check ] --START--
INFO: CheckRoute Behavior ::run [ RunTime:0.001497s ]
INFO: [ route_check ] --END-- [ RunTime:0.001645s ]
INFO: [ app_begin ] --START--
INFO: ReadHtmlCache Behavior ::run [ RunTime:0.000980s ]
INFO: [ app_begin ] --END-- [ RunTime:0.001103s ]
INFO: [ view_parse ] --START--
SQL: SHOW COLUMNS FROM `banji` [ RunTime:0.003549s ]
SQL: SELECT * FROM `banji` WHERE ( `id` = 19 ) LIMIT 1   [ RunTime:0.000495s ]
SQL: SHOW COLUMNS FROM `term` [ RunTime:0.003588s ]
SQL: SELECT * FROM `term` WHERE ( `status` = 1 ) LIMIT 1   [ RunTime:0.000552s ]
NOTIC: [8] Undefined variable: xueke E:\wamp\www\fuzhong\App\Runtime\Cache\Home\648f371056b9652041d33c5b24f3a358.php 第 64 行.
INFO: ParseTemplate Behavior ::run [ RunTime:0.050009s ]
INFO: [ view_parse ] --END-- [ RunTime:0.050148s ]
INFO: [ view_filter ] --START--
INFO: ContentReplace Behavior ::run [ RunTime:0.000761s ]
INFO: TokenBuild Behavior ::run [ RunTime:0.000673s ]
INFO: WriteHtmlCache Behavior ::run [ RunTime:0.000446s ]
INFO: ShowRuntime Behavior ::run [ RunTime:0.000821s ]
INFO: [ view_filter ] --END-- [ RunTime:0.003006s ]
INFO: [ view_end ] --START--
INFO: ShowPageTrace Behavior ::run [ RunTime:0.001145s ]
INFO: [ view_end ] --END-- [ RunTime:0.001249s ]

[ 2016-10-08T10:56:56+08:00 ] 172.30.2.160 /fuzhong/Home/Notice/add.html
INFO: [ route_check ] --START--
INFO: CheckRoute Behavior ::run [ RunTime:0.001515s ]
INFO: [ route_check ] --END-- [ RunTime:0.001670s ]
INFO: [ app_begin ] --START--
INFO: ReadHtmlCache Behavior ::run [ RunTime:0.000998s ]
INFO: [ app_begin ] --END-- [ RunTime:0.001122s ]
INFO: [ view_parse ] --START--

[ 2016-10-08T10:57:04+08:00 ] 172.30.2.160 /fuzhong/Home/Notice/add.html
INFO: [ route_check ] --START--
INFO: CheckRoute Behavior ::run [ RunTime:0.001484s ]
INFO: [ route_check ] --END-- [ RunTime:0.001631s ]
INFO: [ app_begin ] --START--
INFO: ReadHtmlCache Behavior ::run [ RunTime:0.000984s ]
INFO: [ app_begin ] --END-- [ RunTime:0.001107s ]
INFO: [ view_parse ] --START--

[ 2016-10-08T10:57:26+08:00 ] 172.30.2.160 /fuzhong/Home/Notice/add.html
INFO: [ route_check ] --START--
INFO: CheckRoute Behavior ::run [ RunTime:0.001508s ]
INFO: [ route_check ] --END-- [ RunTime:0.001657s ]
INFO: [ app_begin ] --START--
INFO: ReadHtmlCache Behavior ::run [ RunTime:0.000990s ]
INFO: [ app_begin ] --END-- [ RunTime:0.001114s ]
INFO: [ view_parse ] --START--
SQL: SHOW COLUMNS FROM `banji` [ RunTime:0.003571s ]
SQL: SELECT * FROM `banji` WHERE ( `id` = 19 ) LIMIT 1   [ RunTime:0.000580s ]
SQL: SHOW COLUMNS FROM `term` [ RunTime:0.003738s ]
SQL: SELECT * FROM `term` WHERE ( `status` = 1 ) LIMIT 1   [ RunTime:0.000541s ]
NOTIC: [8] Undefined variable: xueke E:\wamp\www\fuzhong\App\Runtime\Cache\Home\648f371056b9652041d33c5b24f3a358.php 第 64 行.
INFO: ParseTemplate Behavior ::run [ RunTime:0.048616s ]
INFO: [ view_parse ] --END-- [ RunTime:0.048755s ]
INFO: [ view_filter ] --START--
INFO: ContentReplace Behavior ::run [ RunTime:0.000806s ]
INFO: TokenBuild Behavior ::run [ RunTime:0.000697s ]
INFO: WriteHtmlCache Behavior ::run [ RunTime:0.000452s ]
INFO: ShowRuntime Behavior ::run [ RunTime:0.000825s ]
INFO: [ view_filter ] --END-- [ RunTime:0.003086s ]
INFO: [ view_end ] --START--
INFO: ShowPageTrace Behavior ::run [ RunTime:0.001142s ]
INFO: [ view_end ] --END-- [ RunTime:0.001248s ]

[ 2016-10-08T10:58:09+08:00 ] 172.30.2.160 /fuzhong/Home/Notice/add.html
INFO: [ route_check ] --START--
INFO: CheckRoute Behavior ::run [ RunTime:0.001773s ]
INFO: [ route_check ] --END-- [ RunTime:0.001928s ]
INFO: [ app_begin ] --START--
INFO: ReadHtmlCache Behavior ::run [ RunTime:0.001120s ]
INFO: [ app_begin ] --END-- [ RunTime:0.001247s ]
INFO: [ view_parse ] --START--

[ 2016-10-08T10:59:19+08:00 ] 172.30.2.160 /fuzhong/Home/Notice/add.html
INFO: [ route_check ] --START--
INFO: CheckRoute Behavior ::run [ RunTime:0.001504s ]
INFO: [ route_check ] --END-- [ RunTime:0.001659s ]
INFO: [ app_begin ] --START--
INFO: ReadHtmlCache Behavior ::run [ RunTime:0.000995s ]
INFO: [ app_begin ] --END-- [ RunTime:0.001119s ]
INFO: [ view_parse ] --START--
SQL: SHOW COLUMNS FROM `banji` [ RunTime:0.003771s ]
SQL: SELECT * FROM `banji` WHERE ( `id` = 19 ) LIMIT 1   [ RunTime:0.000496s ]
SQL: SHOW COLUMNS FROM `term` [ RunTime:0.003666s ]
SQL: SELECT * FROM `term` WHERE ( `status` = 1 ) LIMIT 1   [ RunTime:0.000469s ]
NOTIC: [8] Undefined variable: xueke E:\wamp\www\fuzhong\App\Runtime\Cache\Home\648f371056b9652041d33c5b24f3a358.php 第 64 行.
INFO: ParseTemplate Behavior ::run [ RunTime:0.053325s ]
INFO: [ view_parse ] --END-- [ RunTime:0.053465s ]
INFO: [ view_filter ] --START--
INFO: ContentReplace Behavior ::run [ RunTime:0.000925s ]
INFO: TokenBuild Behavior ::run [ RunTime:0.000843s ]
INFO: WriteHtmlCache Behavior ::run [ RunTime:0.000575s ]
INFO: ShowRuntime Behavior ::run [ RunTime:0.000955s ]
INFO: [ view_filter ] --END-- [ RunTime:0.003611s ]
INFO: [ view_end ] --START--
INFO: ShowPageTrace Behavior ::run [ RunTime:0.001284s ]
INFO: [ view_end ] --END-- [ RunTime:0.001389s ]

[ 2016-10-08T11:00:19+08:00 ] 172.30.2.160 /fuzhong/Home/Notice/add.html
INFO: [ route_check ] --START--
INFO: CheckRoute Behavior ::run [ RunTime:0.001785s ]
INFO: [ route_check ] --END-- [ RunTime:0.001943s ]
INFO: [ app_begin ] --START--
INFO: ReadHtmlCache Behavior ::run [ RunTime:0.001129s ]
INFO: [ app_begin ] --END-- [ RunTime:0.001257s ]
INFO: [ view_parse ] --START--

[ 2016-10-08T11:01:03+08:00 ] 172.30.2.160 /fuzhong/Home/Notice/add.html
INFO: [ route_check ] --START--
INFO: CheckRoute Behavior ::run [ RunTime:0.001491s ]
INFO: [ route_check ] --END-- [ RunTime:0.001643s ]
INFO: [ app_begin ] --START--
INFO: ReadHtmlCache Behavior ::run [ RunTime:0.000994s ]
INFO: [ app_begin ] --END-- [ RunTime:0.001157s ]
INFO: [ view_parse ] --START--
SQL: SHOW COLUMNS FROM `banji` [ RunTime:0.003528s ]
SQL: SELECT * FROM `banji` WHERE ( `id` = 19 ) LIMIT 1   [ RunTime:0.000497s ]
SQL: SHOW COLUMNS FROM `term` [ RunTime:0.003442s ]
SQL: SELECT * FROM `term` WHERE ( `status` = 1 ) LIMIT 1   [ RunTime:0.000473s ]
NOTIC: [8] Undefined variable: xueke E:\wamp\www\fuzhong\App\Runtime\Cache\Home\648f371056b9652041d33c5b24f3a358.php 第 64 行.
NOTIC: [8] Use of undefined constant time - assumed 'time' E:\wamp\www\fuzhong\App\Runtime\Cache\Home\648f371056b9652041d33c5b24f3a358.php 第 78 行.
INFO: ParseTemplate Behavior ::run [ RunTime:0.059017s ]
INFO: [ view_parse ] --END-- [ RunTime:0.059156s ]
INFO: [ view_filter ] --START--
INFO: ContentReplace Behavior ::run [ RunTime:0.000704s ]
INFO: TokenBuild Behavior ::run [ RunTime:0.000743s ]
INFO: WriteHtmlCache Behavior ::run [ RunTime:0.000458s ]
INFO: ShowRuntime Behavior ::run [ RunTime:0.000825s ]
INFO: [ view_filter ] --END-- [ RunTime:0.003040s ]
INFO: [ view_end ] --START--
INFO: ShowPageTrace Behavior ::run [ RunTime:0.001196s ]
INFO: [ view_end ] --END-- [ RunTime:0.001300s ]

[ 2016-10-08T11:01:09+08:00 ] 172.30.2.160 /fuzhong/Home/Notice/add.html
INFO: [ route_check ] --START--
INFO: CheckRoute Behavior ::run [ RunTime:0.001502s ]
INFO: [ route_check ] --END-- [ RunTime:0.001655s ]
INFO: [ app_begin ] --START--
INFO: ReadHtmlCache Behavior ::run [ RunTime:0.000997s ]
INFO: [ app_begin ] --END-- [ RunTime:0.001124s ]
INFO: [ view_parse ] --START--
SQL: SHOW COLUMNS FROM `banji` [ RunTime:0.003702s ]
SQL: SELECT * FROM `banji` WHERE ( `id` = 19 ) LIMIT 1   [ RunTime:0.000474s ]
SQL: SHOW COLUMNS FROM `term` [ RunTime:0.003529s ]
SQL: SELECT * FROM `term` WHERE ( `status` = 1 ) LIMIT 1   [ RunTime:0.000451s ]
NOTIC: [8] Undefined variable: xueke E:\wamp\www\fuzhong\App\Runtime\Cache\Home\648f371056b9652041d33c5b24f3a358.php 第 64 行.
INFO: ParseTemplate Behavior ::run [ RunTime:0.051414s ]
INFO: [ view_parse ] --END-- [ RunTime:0.051555s ]
INFO: [ view_filter ] --START--
INFO: ContentReplace Behavior ::run [ RunTime:0.000714s ]
INFO: TokenBuild Behavior ::run [ RunTime:0.000669s ]
INFO: WriteHtmlCache Behavior ::run [ RunTime:0.000487s ]
INFO: ShowRuntime Behavior ::run [ RunTime:0.000841s ]
INFO: [ view_filter ] --END-- [ RunTime:0.003022s ]
INFO: [ view_end ] --START--
INFO: ShowPageTrace Behavior ::run [ RunTime:0.001168s ]
INFO: [ view_end ] --END-- [ RunTime:0.001273s ]

[ 2016-10-08T11:01:24+08:00 ] 172.30.2.160 /fuzhong/Home/Notice/add.html
INFO: [ route_check ] --START--
INFO: CheckRoute Behavior ::run [ RunTime:0.001508s ]
INFO: [ route_check ] --END-- [ RunTime:0.001660s ]
INFO: [ app_begin ] --START--
INFO: ReadHtmlCache Behavior ::run [ RunTime:0.000992s ]
INFO: [ app_begin ] --END-- [ RunTime:0.001116s ]
INFO: [ view_parse ] --START--

[ 2016-10-08T11:02:10+08:00 ] 172.30.2.160 /fuzhong/Home/Notice/add.html
INFO: [ route_check ] --START--
INFO: CheckRoute Behavior ::run [ RunTime:0.001498s ]
INFO: [ route_check ] --END-- [ RunTime:0.001652s ]
INFO: [ app_begin ] --START--
INFO: ReadHtmlCache Behavior ::run [ RunTime:0.000993s ]
INFO: [ app_begin ] --END-- [ RunTime:0.001118s ]
INFO: [ view_parse ] --START--
SQL: SHOW COLUMNS FROM `banji` [ RunTime:0.003760s ]
SQL: SELECT * FROM `banji` WHERE ( `id` = 19 ) LIMIT 1   [ RunTime:0.000468s ]
SQL: SHOW COLUMNS FROM `term` [ RunTime:0.003451s ]
SQL: SELECT * FROM `term` WHERE ( `status` = 1 ) LIMIT 1   [ RunTime:0.000428s ]
NOTIC: [8] Undefined variable: xueke E:\wamp\www\fuzhong\App\Runtime\Cache\Home\648f371056b9652041d33c5b24f3a358.php 第 64 行.
INFO: ParseTemplate Behavior ::run [ RunTime:0.064940s ]
INFO: [ view_parse ] --END-- [ RunTime:0.065084s ]
INFO: [ view_filter ] --START--
INFO: ContentReplace Behavior ::run [ RunTime:0.000845s ]
INFO: TokenBuild Behavior ::run [ RunTime:0.000836s ]
INFO: WriteHtmlCache Behavior ::run [ RunTime:0.000611s ]
INFO: ShowRuntime Behavior ::run [ RunTime:0.000963s ]
INFO: [ view_filter ] --END-- [ RunTime:0.003568s ]
INFO: [ view_end ] --START--
INFO: ShowPageTrace Behavior ::run [ RunTime:0.001330s ]
INFO: [ view_end ] --END-- [ RunTime:0.001437s ]

[ 2016-10-08T11:02:19+08:00 ] 172.30.2.160 /fuzhong/Home/Notice/add.html
INFO: [ route_check ] --START--
INFO: CheckRoute Behavior ::run [ RunTime:0.001506s ]
INFO: [ route_check ] --END-- [ RunTime:0.001659s ]
INFO: [ app_begin ] --START--
INFO: ReadHtmlCache Behavior ::run [ RunTime:0.000985s ]
INFO: [ app_begin ] --END-- [ RunTime:0.001109s ]
INFO: [ view_parse ] --START--
SQL: SHOW COLUMNS FROM `banji` [ RunTime:0.003549s ]
SQL: SELECT * FROM `banji` WHERE ( `id` = 19 ) LIMIT 1   [ RunTime:0.000469s ]
SQL: SHOW COLUMNS FROM `term` [ RunTime:0.003551s ]
SQL: SELECT * FROM `term` WHERE ( `status` = 1 ) LIMIT 1   [ RunTime:0.000447s ]
NOTIC: [8] Undefined variable: xueke E:\wamp\www\fuzhong\App\Runtime\Cache\Home\648f371056b9652041d33c5b24f3a358.php 第 64 行.
INFO: ParseTemplate Behavior ::run [ RunTime:0.051205s ]
INFO: [ view_parse ] --END-- [ RunTime:0.051345s ]
INFO: [ view_filter ] --START--
INFO: ContentReplace Behavior ::run [ RunTime:0.000820s ]
INFO: TokenBuild Behavior ::run [ RunTime:0.000675s ]
INFO: WriteHtmlCache Behavior ::run [ RunTime:0.000449s ]
INFO: ShowRuntime Behavior ::run [ RunTime:0.000823s ]
INFO: [ view_filter ] --END-- [ RunTime:0.003073s ]
INFO: [ view_end ] --START--
INFO: ShowPageTrace Behavior ::run [ RunTime:0.001161s ]
INFO: [ view_end ] --END-- [ RunTime:0.001266s ]

[ 2016-10-08T11:03:29+08:00 ] 172.30.2.160 /fuzhong/Home/Notice/add.html
INFO: [ route_check ] --START--
INFO: CheckRoute Behavior ::run [ RunTime:0.001778s ]
INFO: [ route_check ] --END-- [ RunTime:0.001937s ]
INFO: [ app_begin ] --START--
INFO: ReadHtmlCache Behavior ::run [ RunTime:0.001119s ]
INFO: [ app_begin ] --END-- [ RunTime:0.001248s ]
SQL: SHOW COLUMNS FROM `xueke` [ RunTime:0.003972s ]
SQL: SELECT * FROM `xueke`  [ RunTime:0.000588s ]
INFO: [ view_parse ] --START--
SQL: SHOW COLUMNS FROM `banji` [ RunTime:0.003548s ]
SQL: SELECT * FROM `banji` WHERE ( `id` = 19 ) LIMIT 1   [ RunTime:0.000480s ]
SQL: SHOW COLUMNS FROM `term` [ RunTime:0.003475s ]
SQL: SELECT * FROM `term` WHERE ( `status` = 1 ) LIMIT 1   [ RunTime:0.000446s ]
INFO: ParseTemplate Behavior ::run [ RunTime:0.033261s ]
INFO: [ view_parse ] --END-- [ RunTime:0.033391s ]
INFO: [ view_filter ] --START--
INFO: ContentReplace Behavior ::run [ RunTime:0.000736s ]
INFO: TokenBuild Behavior ::run [ RunTime:0.000682s ]
INFO: WriteHtmlCache Behavior ::run [ RunTime:0.000458s ]
INFO: ShowRuntime Behavior ::run [ RunTime:0.000819s ]
INFO: [ view_filter ] --END-- [ RunTime:0.003029s ]
INFO: [ view_end ] --START--
INFO: ShowPageTrace Behavior ::run [ RunTime:0.001124s ]
INFO: [ view_end ] --END-- [ RunTime:0.001240s ]

[ 2016-10-08T11:04:10+08:00 ] 172.30.2.160 /fuzhong/Home/Notice/index.html
INFO: [ route_check ] --START--
INFO: CheckRoute Behavior ::run [ RunTime:0.001653s ]
INFO: [ route_check ] --END-- [ RunTime:0.001815s ]
INFO: [ app_begin ] --START--
INFO: ReadHtmlCache Behavior ::run [ RunTime:0.001009s ]
INFO: [ app_begin ] --END-- [ RunTime:0.001133s ]
INFO: [ view_parse ] --START--
SQL: SHOW COLUMNS FROM `banji` [ RunTime:0.003843s ]
SQL: SELECT * FROM `banji` WHERE ( `id` = 19 ) LIMIT 1   [ RunTime:0.000537s ]
SQL: SHOW COLUMNS FROM `term` [ RunTime:0.003383s ]
SQL: SELECT * FROM `term` WHERE ( `status` = 1 ) LIMIT 1   [ RunTime:0.000443s ]
NOTIC: [8] Undefined variable: kaoshi E:\wamp\www\fuzhong\App\Runtime\Cache\Home\de7373f0c7178a4aae0497ca95e5d0b1.php 第 74 行.
NOTIC: [8] Undefined variable: show E:\wamp\www\fuzhong\App\Runtime\Cache\Home\de7373f0c7178a4aae0497ca95e5d0b1.php 第 104 行.
INFO: ParseTemplate Behavior ::run [ RunTime:0.055434s ]
INFO: [ view_parse ] --END-- [ RunTime:0.055580s ]
INFO: [ view_filter ] --START--
INFO: ContentReplace Behavior ::run [ RunTime:0.000663s ]
INFO: TokenBuild Behavior ::run [ RunTime:0.000751s ]
INFO: WriteHtmlCache Behavior ::run [ RunTime:0.000460s ]
INFO: ShowRuntime Behavior ::run [ RunTime:0.000849s ]
INFO: [ view_filter ] --END-- [ RunTime:0.003025s ]
INFO: [ view_end ] --START--
INFO: ShowPageTrace Behavior ::run [ RunTime:0.001115s ]
INFO: [ view_end ] --END-- [ RunTime:0.001229s ]

[ 2016-10-08T11:04:13+08:00 ] 172.30.2.160 /fuzhong/Home/Notice/add.html
INFO: [ route_check ] --START--
INFO: CheckRoute Behavior ::run [ RunTime:0.001499s ]
INFO: [ route_check ] --END-- [ RunTime:0.001648s ]
INFO: [ app_begin ] --START--
INFO: ReadHtmlCache Behavior ::run [ RunTime:0.001173s ]
INFO: [ app_begin ] --END-- [ RunTime:0.001309s ]
SQL: SHOW COLUMNS FROM `xueke` [ RunTime:0.003425s ]
SQL: SELECT * FROM `xueke`  [ RunTime:0.000564s ]
INFO: [ view_parse ] --START--
SQL: SHOW COLUMNS FROM `banji` [ RunTime:0.003789s ]
SQL: SELECT * FROM `banji` WHERE ( `id` = 19 ) LIMIT 1   [ RunTime:0.000553s ]
SQL: SHOW COLUMNS FROM `term` [ RunTime:0.003582s ]
SQL: SELECT * FROM `term` WHERE ( `status` = 1 ) LIMIT 1   [ RunTime:0.000535s ]
INFO: ParseTemplate Behavior ::run [ RunTime:0.035522s ]
INFO: [ view_parse ] --END-- [ RunTime:0.035652s ]
INFO: [ view_filter ] --START--
INFO: ContentReplace Behavior ::run [ RunTime:0.000886s ]
INFO: TokenBuild Behavior ::run [ RunTime:0.000819s ]
INFO: WriteHtmlCache Behavior ::run [ RunTime:0.000571s ]
INFO: ShowRuntime Behavior ::run [ RunTime:0.000940s ]
INFO: [ view_filter ] --END-- [ RunTime:0.003552s ]
INFO: [ view_end ] --START--
INFO: ShowPageTrace Behavior ::run [ RunTime:0.001255s ]
INFO: [ view_end ] --END-- [ RunTime:0.001372s ]

[ 2016-10-08T11:04:36+08:00 ] 172.30.2.160 /fuzhong/Home/Notice/add.html
INFO: [ route_check ] --START--
INFO: CheckRoute Behavior ::run [ RunTime:0.001500s ]
INFO: [ route_check ] --END-- [ RunTime:0.001652s ]
INFO: [ app_begin ] --START--
INFO: ReadHtmlCache Behavior ::run [ RunTime:0.000985s ]
INFO: [ app_begin ] --END-- [ RunTime:0.001109s ]
SQL: SHOW COLUMNS FROM `xueke` [ RunTime:0.003312s ]
SQL: SELECT * FROM `xueke`  [ RunTime:0.000465s ]
INFO: [ view_parse ] --START--
SQL: SHOW COLUMNS FROM `banji` [ RunTime:0.003700s ]
SQL: SELECT * FROM `banji` WHERE ( `id` = 19 ) LIMIT 1   [ RunTime:0.000497s ]
SQL: SHOW COLUMNS FROM `term` [ RunTime:0.003649s ]
SQL: SELECT * FROM `term` WHERE ( `status` = 1 ) LIMIT 1   [ RunTime:0.000557s ]
INFO: ParseTemplate Behavior ::run [ RunTime:0.033022s ]
INFO: [ view_parse ] --END-- [ RunTime:0.033151s ]
INFO: [ view_filter ] --START--
INFO: ContentReplace Behavior ::run [ RunTime:0.000709s ]
INFO: TokenBuild Behavior ::run [ RunTime:0.000667s ]
INFO: WriteHtmlCache Behavior ::run [ RunTime:0.000464s ]
INFO: ShowRuntime Behavior ::run [ RunTime:0.000816s ]
INFO: [ view_filter ] --END-- [ RunTime:0.002992s ]
INFO: [ view_end ] --START--
INFO: ShowPageTrace Behavior ::run [ RunTime:0.001170s ]
INFO: [ view_end ] --END-- [ RunTime:0.001290s ]

[ 2016-10-08T11:06:26+08:00 ] 172.30.2.160 /fuzhong/Home/Notice/add.html
INFO: [ route_check ] --START--
INFO: CheckRoute Behavior ::run [ RunTime:0.001883s ]
INFO: [ route_check ] --END-- [ RunTime:0.002047s ]
INFO: [ app_begin ] --START--
INFO: ReadHtmlCache Behavior ::run [ RunTime:0.001126s ]
INFO: [ app_begin ] --END-- [ RunTime:0.001253s ]
SQL: SHOW COLUMNS FROM `xueke` [ RunTime:0.003647s ]
SQL: SELECT * FROM `xueke`  [ RunTime:0.000515s ]
INFO: [ view_parse ] --START--
SQL: SHOW COLUMNS FROM `banji` [ RunTime:0.003719s ]
SQL: SELECT * FROM `banji` WHERE ( `id` = 19 ) LIMIT 1   [ RunTime:0.000577s ]
SQL: SHOW COLUMNS FROM `term` [ RunTime:0.003652s ]
SQL: SELECT * FROM `term` WHERE ( `status` = 1 ) LIMIT 1   [ RunTime:0.000546s ]
INFO: ParseTemplate Behavior ::run [ RunTime:0.035837s ]
INFO: [ view_parse ] --END-- [ RunTime:0.035969s ]
INFO: [ view_filter ] --START--
INFO: ContentReplace Behavior ::run [ RunTime:0.000872s ]
INFO: TokenBuild Behavior ::run [ RunTime:0.000801s ]
INFO: WriteHtmlCache Behavior ::run [ RunTime:0.000605s ]
INFO: ShowRuntime Behavior ::run [ RunTime:0.000950s ]
INFO: [ view_filter ] --END-- [ RunTime:0.003567s ]
INFO: [ view_end ] --START--
INFO: ShowPageTrace Behavior ::run [ RunTime:0.001354s ]
INFO: [ view_end ] --END-- [ RunTime:0.001471s ]

[ 2016-10-08T11:06:27+08:00 ] 172.30.2.160 /fuzhong/Home/Notice/add.html
INFO: [ route_check ] --START--
INFO: CheckRoute Behavior ::run [ RunTime:0.001515s ]
INFO: [ route_check ] --END-- [ RunTime:0.001660s ]
INFO: [ app_begin ] --START--
INFO: ReadHtmlCache Behavior ::run [ RunTime:0.000983s ]
INFO: [ app_begin ] --END-- [ RunTime:0.001107s ]
SQL: SHOW COLUMNS FROM `xueke` [ RunTime:0.003416s ]
SQL: SELECT * FROM `xueke`  [ RunTime:0.000544s ]
INFO: [ view_parse ] --START--
SQL: SHOW COLUMNS FROM `banji` [ RunTime:0.003740s ]
SQL: SELECT * FROM `banji` WHERE ( `id` = 19 ) LIMIT 1   [ RunTime:0.000478s ]
SQL: SHOW COLUMNS FROM `term` [ RunTime:0.003675s ]
SQL: SELECT * FROM `term` WHERE ( `status` = 1 ) LIMIT 1   [ RunTime:0.000446s ]
INFO: ParseTemplate Behavior ::run [ RunTime:0.033093s ]
INFO: [ view_parse ] --END-- [ RunTime:0.033221s ]
INFO: [ view_filter ] --START--
INFO: ContentReplace Behavior ::run [ RunTime:0.000738s ]
INFO: TokenBuild Behavior ::run [ RunTime:0.000680s ]
INFO: WriteHtmlCache Behavior ::run [ RunTime:0.000471s ]
INFO: ShowRuntime Behavior ::run [ RunTime:0.000838s ]
INFO: [ view_filter ] --END-- [ RunTime:0.003059s ]
INFO: [ view_end ] --START--
INFO: ShowPageTrace Behavior ::run [ RunTime:0.001123s ]
INFO: [ view_end ] --END-- [ RunTime:0.001237s ]

[ 2016-10-08T11:06:57+08:00 ] 172.30.2.160 /fuzhong/Home/Notice/add.html
INFO: [ route_check ] --START--
INFO: CheckRoute Behavior ::run [ RunTime:0.001506s ]
INFO: [ route_check ] --END-- [ RunTime:0.001661s ]
INFO: [ app_begin ] --START--
INFO: ReadHtmlCache Behavior ::run [ RunTime:0.001009s ]
INFO: [ app_begin ] --END-- [ RunTime:0.001134s ]
SQL: SHOW COLUMNS FROM `xueke` [ RunTime:0.003266s ]
SQL: SELECT * FROM `xueke`  [ RunTime:0.000481s ]
INFO: [ view_parse ] --START--
SQL: SHOW COLUMNS FROM `banji` [ RunTime:0.003633s ]
SQL: SELECT * FROM `banji` WHERE ( `id` = 19 ) LIMIT 1   [ RunTime:0.000497s ]
SQL: SHOW COLUMNS FROM `term` [ RunTime:0.003472s ]
SQL: SELECT * FROM `term` WHERE ( `status` = 1 ) LIMIT 1   [ RunTime:0.000467s ]
INFO: ParseTemplate Behavior ::run [ RunTime:0.033201s ]
INFO: [ view_parse ] --END-- [ RunTime:0.033330s ]
INFO: [ view_filter ] --START--
INFO: ContentReplace Behavior ::run [ RunTime:0.000738s ]
INFO: TokenBuild Behavior ::run [ RunTime:0.000656s ]
INFO: WriteHtmlCache Behavior ::run [ RunTime:0.000468s ]
INFO: ShowRuntime Behavior ::run [ RunTime:0.000852s ]
INFO: [ view_filter ] --END-- [ RunTime:0.003050s ]
INFO: [ view_end ] --START--
INFO: ShowPageTrace Behavior ::run [ RunTime:0.001146s ]
INFO: [ view_end ] --END-- [ RunTime:0.001260s ]

[ 2016-10-08T11:07:21+08:00 ] 172.30.2.160 /fuzhong/Home/Notice/add.html
INFO: [ route_check ] --START--
INFO: CheckRoute Behavior ::run [ RunTime:0.001924s ]
INFO: [ route_check ] --END-- [ RunTime:0.002079s ]
INFO: [ app_begin ] --START--
INFO: ReadHtmlCache Behavior ::run [ RunTime:0.001117s ]
INFO: [ app_begin ] --END-- [ RunTime:0.001244s ]
SQL: SHOW COLUMNS FROM `xueke` [ RunTime:0.003317s ]
SQL: SELECT * FROM `xueke`  [ RunTime:0.000472s ]
INFO: [ view_parse ] --START--
SQL: SHOW COLUMNS FROM `banji` [ RunTime:0.003632s ]
SQL: SELECT * FROM `banji` WHERE ( `id` = 19 ) LIMIT 1   [ RunTime:0.000574s ]
SQL: SHOW COLUMNS FROM `term` [ RunTime:0.003599s ]
SQL: SELECT * FROM `term` WHERE ( `status` = 1 ) LIMIT 1   [ RunTime:0.000540s ]
INFO: ParseTemplate Behavior ::run [ RunTime:0.035627s ]
INFO: [ view_parse ] --END-- [ RunTime:0.035767s ]
INFO: [ view_filter ] --START--
INFO: ContentReplace Behavior ::run [ RunTime:0.000909s ]
INFO: TokenBuild Behavior ::run [ RunTime:0.000808s ]
INFO: WriteHtmlCache Behavior ::run [ RunTime:0.000611s ]
INFO: ShowRuntime Behavior ::run [ RunTime:0.000989s ]
INFO: [ view_filter ] --END-- [ RunTime:0.003664s ]
INFO: [ view_end ] --START--
INFO: ShowPageTrace Behavior ::run [ RunTime:0.001272s ]
INFO: [ view_end ] --END-- [ RunTime:0.001391s ]

[ 2016-10-08T11:07:23+08:00 ] 172.30.2.160 /fuzhong/Home/Notice/add.html
INFO: [ route_check ] --START--
INFO: CheckRoute Behavior ::run [ RunTime:0.001486s ]
INFO: [ route_check ] --END-- [ RunTime:0.001634s ]
INFO: [ app_begin ] --START--
INFO: ReadHtmlCache Behavior ::run [ RunTime:0.000976s ]
INFO: [ app_begin ] --END-- [ RunTime:0.001099s ]
SQL: SHOW COLUMNS FROM `xueke` [ RunTime:0.003236s ]
SQL: SELECT * FROM `xueke`  [ RunTime:0.000489s ]
INFO: [ view_parse ] --START--
SQL: SHOW COLUMNS FROM `banji` [ RunTime:0.003689s ]
SQL: SELECT * FROM `banji` WHERE ( `id` = 19 ) LIMIT 1   [ RunTime:0.000617s ]
SQL: SHOW COLUMNS FROM `term` [ RunTime:0.003522s ]
SQL: SELECT * FROM `term` WHERE ( `status` = 1 ) LIMIT 1   [ RunTime:0.000543s ]
INFO: ParseTemplate Behavior ::run [ RunTime:0.035209s ]
INFO: [ view_parse ] --END-- [ RunTime:0.035340s ]
INFO: [ view_filter ] --START--
INFO: ContentReplace Behavior ::run [ RunTime:0.000752s ]
INFO: TokenBuild Behavior ::run [ RunTime:0.000691s ]
INFO: WriteHtmlCache Behavior ::run [ RunTime:0.000460s ]
INFO: ShowRuntime Behavior ::run [ RunTime:0.000860s ]
INFO: [ view_filter ] --END-- [ RunTime:0.003105s ]
INFO: [ view_end ] --START--
INFO: ShowPageTrace Behavior ::run [ RunTime:0.001149s ]
INFO: [ view_end ] --END-- [ RunTime:0.001267s ]

[ 2016-10-08T11:07:25+08:00 ] 172.30.2.160 /fuzhong/Home/Notice/add.html
INFO: [ route_check ] --START--
INFO: CheckRoute Behavior ::run [ RunTime:0.001519s ]
INFO: [ route_check ] --END-- [ RunTime:0.001668s ]
INFO: [ app_begin ] --START--
INFO: ReadHtmlCache Behavior ::run [ RunTime:0.000976s ]
INFO: [ app_begin ] --END-- [ RunTime:0.001099s ]
SQL: SHOW COLUMNS FROM `xueke` [ RunTime:0.003382s ]
SQL: SELECT * FROM `xueke`  [ RunTime:0.000467s ]
INFO: [ view_parse ] --START--
SQL: SHOW COLUMNS FROM `banji` [ RunTime:0.003877s ]
SQL: SELECT * FROM `banji` WHERE ( `id` = 19 ) LIMIT 1   [ RunTime:0.000483s ]
SQL: SHOW COLUMNS FROM `term` [ RunTime:0.003509s ]
SQL: SELECT * FROM `term` WHERE ( `status` = 1 ) LIMIT 1   [ RunTime:0.000446s ]
INFO: ParseTemplate Behavior ::run [ RunTime:0.034093s ]
INFO: [ view_parse ] --END-- [ RunTime:0.034231s ]
INFO: [ view_filter ] --START--
INFO: ContentReplace Behavior ::run [ RunTime:0.000728s ]
INFO: TokenBuild Behavior ::run [ RunTime:0.000669s ]
INFO: WriteHtmlCache Behavior ::run [ RunTime:0.000464s ]
INFO: ShowRuntime Behavior ::run [ RunTime:0.000840s ]
INFO: [ view_filter ] --END-- [ RunTime:0.003045s ]
INFO: [ view_end ] --START--
INFO: ShowPageTrace Behavior ::run [ RunTime:0.001127s ]
INFO: [ view_end ] --END-- [ RunTime:0.001245s ]

[ 2016-10-08T11:08:34+08:00 ] 172.30.2.160 /fuzhong/Home/Notice/add.html
INFO: [ route_check ] --START--
INFO: CheckRoute Behavior ::run [ RunTime:0.001515s ]
INFO: [ route_check ] --END-- [ RunTime:0.001675s ]
INFO: [ app_begin ] --START--
INFO: ReadHtmlCache Behavior ::run [ RunTime:0.000996s ]
INFO: [ app_begin ] --END-- [ RunTime:0.001121s ]
SQL: SHOW COLUMNS FROM `xueke` [ RunTime:0.003488s ]
SQL: SELECT * FROM `xueke`  [ RunTime:0.000463s ]
INFO: [ view_parse ] --START--
SQL: SHOW COLUMNS FROM `banji` [ RunTime:0.003714s ]
SQL: SELECT * FROM `banji` WHERE ( `id` = 19 ) LIMIT 1   [ RunTime:0.000572s ]
SQL: SHOW COLUMNS FROM `term` [ RunTime:0.003480s ]
SQL: SELECT * FROM `term` WHERE ( `status` = 1 ) LIMIT 1   [ RunTime:0.000446s ]
INFO: ParseTemplate Behavior ::run [ RunTime:0.033700s ]
INFO: [ view_parse ] --END-- [ RunTime:0.033830s ]
INFO: [ view_filter ] --START--
INFO: ContentReplace Behavior ::run [ RunTime:0.000730s ]
INFO: TokenBuild Behavior ::run [ RunTime:0.000670s ]
INFO: WriteHtmlCache Behavior ::run [ RunTime:0.000479s ]
INFO: ShowRuntime Behavior ::run [ RunTime:0.000868s ]
INFO: [ view_filter ] --END-- [ RunTime:0.003099s ]
INFO: [ view_end ] --START--
INFO: ShowPageTrace Behavior ::run [ RunTime:0.001141s ]
INFO: [ view_end ] --END-- [ RunTime:0.001263s ]

[ 2016-10-08T11:08:52+08:00 ] 172.30.2.160 /fuzhong/Home/Notice/add.html
INFO: [ route_check ] --START--
INFO: CheckRoute Behavior ::run [ RunTime:0.001509s ]
INFO: [ route_check ] --END-- [ RunTime:0.001663s ]
INFO: [ app_begin ] --START--
INFO: ReadHtmlCache Behavior ::run [ RunTime:0.000974s ]
INFO: [ app_begin ] --END-- [ RunTime:0.001099s ]
SQL: SHOW COLUMNS FROM `xueke` [ RunTime:0.003305s ]
SQL: SELECT * FROM `xueke`  [ RunTime:0.000464s ]
INFO: [ view_parse ] --START--
SQL: SHOW COLUMNS FROM `banji` [ RunTime:0.003641s ]
SQL: SELECT * FROM `banji` WHERE ( `id` = 19 ) LIMIT 1   [ RunTime:0.000484s ]
SQL: SHOW COLUMNS FROM `term` [ RunTime:0.003424s ]
SQL: SELECT * FROM `term` WHERE ( `status` = 1 ) LIMIT 1   [ RunTime:0.000449s ]
INFO: ParseTemplate Behavior ::run [ RunTime:0.032848s ]
INFO: [ view_parse ] --END-- [ RunTime:0.032980s ]
INFO: [ view_filter ] --START--
INFO: ContentReplace Behavior ::run [ RunTime:0.000711s ]
INFO: TokenBuild Behavior ::run [ RunTime:0.000665s ]
INFO: WriteHtmlCache Behavior ::run [ RunTime:0.000459s ]
INFO: ShowRuntime Behavior ::run [ RunTime:0.000881s ]
INFO: [ view_filter ] --END-- [ RunTime:0.003061s ]
INFO: [ view_end ] --START--
INFO: ShowPageTrace Behavior ::run [ RunTime:0.001128s ]
INFO: [ view_end ] --END-- [ RunTime:0.001249s ]

[ 2016-10-08T11:08:58+08:00 ] 172.30.2.160 /fuzhong/Home/Notice/add.html
INFO: [ route_check ] --START--
INFO: CheckRoute Behavior ::run [ RunTime:0.001494s ]
INFO: [ route_check ] --END-- [ RunTime:0.001646s ]
INFO: [ app_begin ] --START--
INFO: ReadHtmlCache Behavior ::run [ RunTime:0.000979s ]
INFO: [ app_begin ] --END-- [ RunTime:0.001103s ]
SQL: SHOW COLUMNS FROM `xueke` [ RunTime:0.003296s ]
SQL: SELECT * FROM `xueke`  [ RunTime:0.000488s ]
INFO: [ view_parse ] --START--
SQL: SHOW COLUMNS FROM `banji` [ RunTime:0.003855s ]
SQL: SELECT * FROM `banji` WHERE ( `id` = 19 ) LIMIT 1   [ RunTime:0.000452s ]
SQL: SHOW COLUMNS FROM `term` [ RunTime:0.003846s ]
SQL: SELECT * FROM `term` WHERE ( `status` = 1 ) LIMIT 1   [ RunTime:0.000491s ]
INFO: ParseTemplate Behavior ::run [ RunTime:0.037009s ]
INFO: [ view_parse ] --END-- [ RunTime:0.037140s ]
INFO: [ view_filter ] --START--
INFO: ContentReplace Behavior ::run [ RunTime:0.000759s ]
INFO: TokenBuild Behavior ::run [ RunTime:0.000693s ]
INFO: WriteHtmlCache Behavior ::run [ RunTime:0.000488s ]
INFO: ShowRuntime Behavior ::run [ RunTime:0.000893s ]
INFO: [ view_filter ] --END-- [ RunTime:0.003180s ]
INFO: [ view_end ] --START--
INFO: ShowPageTrace Behavior ::run [ RunTime:0.001186s ]
INFO: [ view_end ] --END-- [ RunTime:0.001304s ]

[ 2016-10-08T11:09:10+08:00 ] 172.30.2.160 /fuzhong/Home/Notice/add.html
INFO: [ route_check ] --START--
INFO: CheckRoute Behavior ::run [ RunTime:0.001489s ]
INFO: [ route_check ] --END-- [ RunTime:0.001639s ]
INFO: [ app_begin ] --START--
INFO: ReadHtmlCache Behavior ::run [ RunTime:0.000973s ]
INFO: [ app_begin ] --END-- [ RunTime:0.001097s ]
SQL: SHOW COLUMNS FROM `xueke` [ RunTime:0.003413s ]
SQL: SELECT * FROM `xueke`  [ RunTime:0.000470s ]
INFO: [ view_parse ] --START--
SQL: SHOW COLUMNS FROM `banji` [ RunTime:0.003673s ]
SQL: SELECT * FROM `banji` WHERE ( `id` = 19 ) LIMIT 1   [ RunTime:0.000741s ]
SQL: SHOW COLUMNS FROM `term` [ RunTime:0.003582s ]
SQL: SELECT * FROM `term` WHERE ( `status` = 1 ) LIMIT 1   [ RunTime:0.000437s ]
INFO: ParseTemplate Behavior ::run [ RunTime:0.035443s ]
INFO: [ view_parse ] --END-- [ RunTime:0.035574s ]
INFO: [ view_filter ] --START--
INFO: ContentReplace Behavior ::run [ RunTime:0.000740s ]
INFO: TokenBuild Behavior ::run [ RunTime:0.000672s ]
INFO: WriteHtmlCache Behavior ::run [ RunTime:0.000482s ]
INFO: ShowRuntime Behavior ::run [ RunTime:0.000852s ]
INFO: [ view_filter ] --END-- [ RunTime:0.003092s ]
INFO: [ view_end ] --START--
INFO: ShowPageTrace Behavior ::run [ RunTime:0.001122s ]
INFO: [ view_end ] --END-- [ RunTime:0.001241s ]

[ 2016-10-08T11:18:47+08:00 ] 172.30.2.160 /fuzhong/Home/Notice/add.html
INFO: [ route_check ] --START--
INFO: CheckRoute Behavior ::run [ RunTime:0.001812s ]
INFO: [ route_check ] --END-- [ RunTime:0.001992s ]
INFO: [ app_begin ] --START--
INFO: ReadHtmlCache Behavior ::run [ RunTime:0.001123s ]
INFO: [ app_begin ] --END-- [ RunTime:0.001250s ]
SQL: SHOW COLUMNS FROM `xueke` [ RunTime:0.003668s ]
SQL: SELECT * FROM `xueke`  [ RunTime:0.000515s ]
INFO: [ view_parse ] --START--
SQL: SHOW COLUMNS FROM `banji` [ RunTime:0.003762s ]
SQL: SELECT * FROM `banji` WHERE ( `id` = 19 ) LIMIT 1   [ RunTime:0.000590s ]
SQL: SHOW COLUMNS FROM `term` [ RunTime:0.003586s ]
SQL: SELECT * FROM `term` WHERE ( `status` = 1 ) LIMIT 1   [ RunTime:0.000490s ]
INFO: ParseTemplate Behavior ::run [ RunTime:0.035975s ]
INFO: [ view_parse ] --END-- [ RunTime:0.036110s ]
INFO: [ view_filter ] --START--
INFO: ContentReplace Behavior ::run [ RunTime:0.000876s ]
INFO: TokenBuild Behavior ::run [ RunTime:0.000827s ]
INFO: WriteHtmlCache Behavior ::run [ RunTime:0.000606s ]
INFO: ShowRuntime Behavior ::run [ RunTime:0.000989s ]
INFO: [ view_filter ] --END-- [ RunTime:0.003628s ]
INFO: [ view_end ] --START--
INFO: ShowPageTrace Behavior ::run [ RunTime:0.001259s ]
INFO: [ view_end ] --END-- [ RunTime:0.001379s ]

[ 2016-10-08T11:20:36+08:00 ] 172.30.2.160 /fuzhong/Home/Notice/add.html
INFO: [ route_check ] --START--
INFO: CheckRoute Behavior ::run [ RunTime:0.002038s ]
INFO: [ route_check ] --END-- [ RunTime:0.002263s ]
INFO: [ app_begin ] --START--
INFO: ReadHtmlCache Behavior ::run [ RunTime:0.001180s ]
INFO: [ app_begin ] --END-- [ RunTime:0.001307s ]
SQL: SHOW COLUMNS FROM `xueke` [ RunTime:0.003518s ]
SQL: SELECT * FROM `xueke`  [ RunTime:0.000475s ]
INFO: [ view_parse ] --START--
SQL: SHOW COLUMNS FROM `banji` [ RunTime:0.003923s ]
SQL: SELECT * FROM `banji` WHERE ( `id` = 19 ) LIMIT 1   [ RunTime:0.000486s ]
SQL: SHOW COLUMNS FROM `term` [ RunTime:0.003549s ]
SQL: SELECT * FROM `term` WHERE ( `status` = 1 ) LIMIT 1   [ RunTime:0.000449s ]
INFO: ParseTemplate Behavior ::run [ RunTime:0.037020s ]
INFO: [ view_parse ] --END-- [ RunTime:0.037158s ]
INFO: [ view_filter ] --START--
INFO: ContentReplace Behavior ::run [ RunTime:0.000974s ]
INFO: TokenBuild Behavior ::run [ RunTime:0.000895s ]
INFO: WriteHtmlCache Behavior ::run [ RunTime:0.000674s ]
INFO: ShowRuntime Behavior ::run [ RunTime:0.001028s ]
INFO: [ view_filter ] --END-- [ RunTime:0.003887s ]
INFO: [ view_end ] --START--
INFO: ShowPageTrace Behavior ::run [ RunTime:0.001366s ]
INFO: [ view_end ] --END-- [ RunTime:0.001482s ]

[ 2016-10-08T11:22:20+08:00 ] 172.30.2.160 /fuzhong/Home/Notice/add.html
INFO: [ route_check ] --START--
INFO: CheckRoute Behavior ::run [ RunTime:0.001943s ]
INFO: [ route_check ] --END-- [ RunTime:0.002104s ]
INFO: [ app_begin ] --START--
INFO: ReadHtmlCache Behavior ::run [ RunTime:0.001194s ]
INFO: [ app_begin ] --END-- [ RunTime:0.001322s ]
SQL: SHOW COLUMNS FROM `xueke` [ RunTime:0.003491s ]
SQL: SELECT * FROM `xueke`  [ RunTime:0.000486s ]
INFO: [ view_parse ] --START--
SQL: SHOW COLUMNS FROM `banji` [ RunTime:0.004074s ]
SQL: SELECT * FROM `banji` WHERE ( `id` = 19 ) LIMIT 1   [ RunTime:0.000576s ]
SQL: SHOW COLUMNS FROM `term` [ RunTime:0.003438s ]
SQL: SELECT * FROM `term` WHERE ( `status` = 1 ) LIMIT 1   [ RunTime:0.000546s ]
INFO: ParseTemplate Behavior ::run [ RunTime:0.038165s ]
INFO: [ view_parse ] --END-- [ RunTime:0.038297s ]
INFO: [ view_filter ] --START--
INFO: ContentReplace Behavior ::run [ RunTime:0.000996s ]
INFO: TokenBuild Behavior ::run [ RunTime:0.000909s ]
INFO: WriteHtmlCache Behavior ::run [ RunTime:0.000690s ]
INFO: ShowRuntime Behavior ::run [ RunTime:0.001064s ]
INFO: [ view_filter ] --END-- [ RunTime:0.003980s ]
INFO: [ view_end ] --START--
INFO: ShowPageTrace Behavior ::run [ RunTime:0.001350s ]
INFO: [ view_end ] --END-- [ RunTime:0.001469s ]

[ 2016-10-08T11:22:34+08:00 ] 172.30.2.160 /fuzhong/Home/Notice/add.html
INFO: [ route_check ] --START--
INFO: CheckRoute Behavior ::run [ RunTime:0.001824s ]
INFO: [ route_check ] --END-- [ RunTime:0.001977s ]
INFO: [ app_begin ] --START--
INFO: ReadHtmlCache Behavior ::run [ RunTime:0.001134s ]
INFO: [ app_begin ] --END-- [ RunTime:0.001262s ]
SQL: SHOW COLUMNS FROM `xueke` [ RunTime:0.003317s ]
SQL: SELECT * FROM `xueke`  [ RunTime:0.000461s ]
INFO: [ view_parse ] --START--
SQL: SHOW COLUMNS FROM `banji` [ RunTime:0.003863s ]
SQL: SELECT * FROM `banji` WHERE ( `id` = 19 ) LIMIT 1   [ RunTime:0.000507s ]
SQL: SHOW COLUMNS FROM `term` [ RunTime:0.003590s ]
SQL: SELECT * FROM `term` WHERE ( `status` = 1 ) LIMIT 1   [ RunTime:0.000465s ]
INFO: ParseTemplate Behavior ::run [ RunTime:0.035391s ]
INFO: [ view_parse ] --END-- [ RunTime:0.035520s ]
INFO: [ view_filter ] --START--
INFO: ContentReplace Behavior ::run [ RunTime:0.000891s ]
INFO: TokenBuild Behavior ::run [ RunTime:0.000811s ]
INFO: WriteHtmlCache Behavior ::run [ RunTime:0.000600s ]
INFO: ShowRuntime Behavior ::run [ RunTime:0.000962s ]
INFO: [ view_filter ] --END-- [ RunTime:0.003574s ]
INFO: [ view_end ] --START--
INFO: ShowPageTrace Behavior ::run [ RunTime:0.001258s ]
INFO: [ view_end ] --END-- [ RunTime:0.001403s ]

[ 2016-10-08T11:23:15+08:00 ] 172.30.2.160 /fuzhong/Home/Notice/add.html
INFO: [ route_check ] --START--
INFO: CheckRoute Behavior ::run [ RunTime:0.001790s ]
INFO: [ route_check ] --END-- [ RunTime:0.001946s ]
INFO: [ app_begin ] --START--
INFO: ReadHtmlCache Behavior ::run [ RunTime:0.001126s ]
INFO: [ app_begin ] --END-- [ RunTime:0.001255s ]
SQL: SHOW COLUMNS FROM `xueke` [ RunTime:0.003237s ]
SQL: SELECT * FROM `xueke`  [ RunTime:0.000513s ]
INFO: [ view_parse ] --START--
SQL: SHOW COLUMNS FROM `banji` [ RunTime:0.003710s ]
SQL: SELECT * FROM `banji` WHERE ( `id` = 19 ) LIMIT 1   [ RunTime:0.000582s ]
SQL: SHOW COLUMNS FROM `term` [ RunTime:0.003387s ]
SQL: SELECT * FROM `term` WHERE ( `status` = 1 ) LIMIT 1   [ RunTime:0.000473s ]
INFO: ParseTemplate Behavior ::run [ RunTime:0.035358s ]
INFO: [ view_parse ] --END-- [ RunTime:0.035493s ]
INFO: [ view_filter ] --START--
INFO: ContentReplace Behavior ::run [ RunTime:0.000885s ]
INFO: TokenBuild Behavior ::run [ RunTime:0.000822s ]
INFO: WriteHtmlCache Behavior ::run [ RunTime:0.000590s ]
INFO: ShowRuntime Behavior ::run [ RunTime:0.000996s ]
INFO: [ view_filter ] --END-- [ RunTime:0.003615s ]
INFO: [ view_end ] --START--
INFO: ShowPageTrace Behavior ::run [ RunTime:0.001285s ]
INFO: [ view_end ] --END-- [ RunTime:0.001403s ]

[ 2016-10-08T11:30:06+08:00 ] 172.30.2.160 /fuzhong/Home/Notice/add.html
INFO: [ route_check ] --START--
INFO: CheckRoute Behavior ::run [ RunTime:0.001933s ]
INFO: [ route_check ] --END-- [ RunTime:0.002105s ]
INFO: [ app_begin ] --START--
INFO: ReadHtmlCache Behavior ::run [ RunTime:0.001202s ]
INFO: [ app_begin ] --END-- [ RunTime:0.001329s ]
SQL: SHOW COLUMNS FROM `xueke` [ RunTime:0.003756s ]
SQL: SELECT * FROM `xueke`  [ RunTime:0.000510s ]
INFO: [ view_parse ] --START--
SQL: SHOW COLUMNS FROM `banji` [ RunTime:0.004165s ]
SQL: SELECT * FROM `banji` WHERE ( `id` = 19 ) LIMIT 1   [ RunTime:0.000544s ]
SQL: SHOW COLUMNS FROM `term` [ RunTime:0.003758s ]
SQL: SELECT * FROM `term` WHERE ( `status` = 1 ) LIMIT 1   [ RunTime:0.000573s ]
INFO: ParseTemplate Behavior ::run [ RunTime:0.038365s ]
INFO: [ view_parse ] --END-- [ RunTime:0.038497s ]
INFO: [ view_filter ] --START--
INFO: ContentReplace Behavior ::run [ RunTime:0.000977s ]
INFO: TokenBuild Behavior ::run [ RunTime:0.000879s ]
INFO: WriteHtmlCache Behavior ::run [ RunTime:0.000671s ]
INFO: ShowRuntime Behavior ::run [ RunTime:0.001047s ]
INFO: [ view_filter ] --END-- [ RunTime:0.003886s ]
INFO: [ view_end ] --START--
INFO: ShowPageTrace Behavior ::run [ RunTime:0.001352s ]
INFO: [ view_end ] --END-- [ RunTime:0.001466s ]

[ 2016-10-08T11:30:20+08:00 ] 172.30.2.160 /fuzhong/Home/Notice/add.html
INFO: [ route_check ] --START--
INFO: CheckRoute Behavior ::run [ RunTime:0.001752s ]
INFO: [ route_check ] --END-- [ RunTime:0.001908s ]
INFO: [ app_begin ] --START--
INFO: ReadHtmlCache Behavior ::run [ RunTime:0.001190s ]
INFO: [ app_begin ] --END-- [ RunTime:0.001316s ]
SQL: SHOW COLUMNS FROM `xueke` [ RunTime:0.003193s ]
SQL: SELECT * FROM `xueke`  [ RunTime:0.000459s ]
INFO: [ view_parse ] --START--
SQL: SHOW COLUMNS FROM `banji` [ RunTime:0.003690s ]
SQL: SELECT * FROM `banji` WHERE ( `id` = 19 ) LIMIT 1   [ RunTime:0.000476s ]
SQL: SHOW COLUMNS FROM `term` [ RunTime:0.003644s ]
SQL: SELECT * FROM `term` WHERE ( `status` = 1 ) LIMIT 1   [ RunTime:0.000439s ]
INFO: ParseTemplate Behavior ::run [ RunTime:0.037424s ]
INFO: [ view_parse ] --END-- [ RunTime:0.037556s ]
INFO: [ view_filter ] --START--
INFO: ContentReplace Behavior ::run [ RunTime:0.000975s ]
INFO: TokenBuild Behavior ::run [ RunTime:0.000887s ]
INFO: WriteHtmlCache Behavior ::run [ RunTime:0.000672s ]
INFO: ShowRuntime Behavior ::run [ RunTime:0.001002s ]
INFO: [ view_filter ] --END-- [ RunTime:0.003853s ]
INFO: [ view_end ] --START--
INFO: ShowPageTrace Behavior ::run [ RunTime:0.001378s ]
INFO: [ view_end ] --END-- [ RunTime:0.001495s ]

[ 2016-10-08T11:30:31+08:00 ] 172.30.2.160 /fuzhong/Home/Notice/add.html
INFO: [ route_check ] --START--
INFO: CheckRoute Behavior ::run [ RunTime:0.001537s ]
INFO: [ route_check ] --END-- [ RunTime:0.001688s ]
INFO: [ app_begin ] --START--
INFO: ReadHtmlCache Behavior ::run [ RunTime:0.001151s ]
INFO: [ app_begin ] --END-- [ RunTime:0.001275s ]
SQL: SHOW COLUMNS FROM `xueke` [ RunTime:0.003224s ]
SQL: SELECT * FROM `xueke`  [ RunTime:0.000459s ]
INFO: [ view_parse ] --START--
SQL: SHOW COLUMNS FROM `banji` [ RunTime:0.003714s ]
SQL: SELECT * FROM `banji` WHERE ( `id` = 19 ) LIMIT 1   [ RunTime:0.000468s ]
SQL: SHOW COLUMNS FROM `term` [ RunTime:0.003596s ]
SQL: SELECT * FROM `term` WHERE ( `status` = 1 ) LIMIT 1   [ RunTime:0.000448s ]
INFO: ParseTemplate Behavior ::run [ RunTime:0.040045s ]
INFO: [ view_parse ] --END-- [ RunTime:0.040180s ]
INFO: [ view_filter ] --START--
INFO: ContentReplace Behavior ::run [ RunTime:0.001046s ]
INFO: TokenBuild Behavior ::run [ RunTime:0.000893s ]
INFO: WriteHtmlCache Behavior ::run [ RunTime:0.000670s ]
INFO: ShowRuntime Behavior ::run [ RunTime:0.000923s ]
INFO: [ view_filter ] --END-- [ RunTime:0.003851s ]
INFO: [ view_end ] --START--
INFO: ShowPageTrace Behavior ::run [ RunTime:0.001376s ]
INFO: [ view_end ] --END-- [ RunTime:0.001492s ]

[ 2016-10-08T11:37:47+08:00 ] 172.30.2.160 /fuzhong/Home/Notice/add.html
INFO: [ route_check ] --START--
INFO: CheckRoute Behavior ::run [ RunTime:0.001837s ]
INFO: [ route_check ] --END-- [ RunTime:0.002057s ]
INFO: [ app_begin ] --START--
INFO: ReadHtmlCache Behavior ::run [ RunTime:0.001150s ]
INFO: [ app_begin ] --END-- [ RunTime:0.001278s ]
SQL: SHOW COLUMNS FROM `xueke` [ RunTime:0.016335s ]
SQL: SELECT * FROM `xueke`  [ RunTime:0.000582s ]
INFO: [ view_parse ] --START--
SQL: SHOW COLUMNS FROM `banji` [ RunTime:0.016736s ]
SQL: SELECT * FROM `banji` WHERE ( `id` = 19 ) LIMIT 1   [ RunTime:0.000599s ]
SQL: SHOW COLUMNS FROM `term` [ RunTime:0.015605s ]
SQL: SELECT * FROM `term` WHERE ( `status` = 1 ) LIMIT 1   [ RunTime:0.000639s ]
INFO: ParseTemplate Behavior ::run [ RunTime:0.070292s ]
INFO: [ view_parse ] --END-- [ RunTime:0.070464s ]
INFO: [ view_filter ] --START--
INFO: ContentReplace Behavior ::run [ RunTime:0.001006s ]
INFO: TokenBuild Behavior ::run [ RunTime:0.000928s ]
INFO: WriteHtmlCache Behavior ::run [ RunTime:0.000674s ]
INFO: ShowRuntime Behavior ::run [ RunTime:0.000974s ]
INFO: [ view_filter ] --END-- [ RunTime:0.003899s ]
INFO: [ view_end ] --START--
INFO: ShowPageTrace Behavior ::run [ RunTime:0.001361s ]
INFO: [ view_end ] --END-- [ RunTime:0.001476s ]

